INFO: [COSIM-47] Using XSIM for RTL simulation.
INFO: [COSIM-14] Instrumenting C test bench ...
   Build using "C:/Xilinx/Vivado/2018.2/msys64/mingw64/bin/g++"
   Compiling apatb_sample.cpp
   Compiling (apcc) sample.c_pre.c.tb.c
INFO: [HLS 200-10] Running 'C:/Xilinx/Vivado/2018.2/bin/unwrapped/win64.o/apcc.exe'
INFO: [HLS 200-10] For user 'Ritik' on host 'ritik' (Windows NT_amd64 version 6.2) on Tue Apr 23 20:58:57 +0530 2024
INFO: [HLS 200-10] In directory 'C:/Users/Ritik/OneDrive/Desktop/Group_5_final/Opti/Group_5/Resource_optimized/sim/wrapc'
clang: warning: argument unused during compilation: '-fno-builtin-isinf'
clang: warning: argument unused during compilation: '-fno-builtin-isnan'
INFO: [APCC 202-3] Tmp directory is apcc_db
INFO: [APCC 202-1] APCC is done.
   Compiling (apcc) sample_test_suite.c_pre.c.tb.c
INFO: [HLS 200-10] Running 'C:/Xilinx/Vivado/2018.2/bin/unwrapped/win64.o/apcc.exe'
INFO: [HLS 200-10] For user 'Ritik' on host 'ritik' (Windows NT_amd64 version 6.2) on Tue Apr 23 20:59:08 +0530 2024
INFO: [HLS 200-10] In directory 'C:/Users/Ritik/OneDrive/Desktop/Group_5_final/Opti/Group_5/Resource_optimized/sim/wrapc'
clang: warning: argument unused during compilation: '-fno-builtin-isinf'
clang: warning: argument unused during compilation: '-fno-builtin-isnan'
INFO: [APCC 202-3] Tmp directory is apcc_db
INFO: [APCC 202-1] APCC is done.
   Generating cosim.tv.exe
INFO: [COSIM-302] Starting C TB testing ... 
INFO: [COSIM-333] Generating C post check test bench ...
INFO: [COSIM-12] Generating RTL test bench ...
INFO: [COSIM-323] Starting verilog simulation. 
INFO: [COSIM-15] Starting XSIM ...
