

================================================================
== Vivado HLS Report for 'k2c_dense_2'
================================================================
* Date:           Wed Apr 24 12:32:54 2024

* Version:        2018.2 (Build 2258646 on Thu Jun 14 20:25:20 MDT 2018)
* Project:        Group_5
* Solution:       Resource_optimized
* Product family: artix7
* Target device:  xc7a200tfbg676-2


================================================================
== Performance Estimates
================================================================
+ Timing (ns): 
    * Summary: 
    +--------+-------+----------+------------+
    |  Clock | Target| Estimated| Uncertainty|
    +--------+-------+----------+------------+
    |ap_clk  |  10.00|     8.609|        1.25|
    +--------+-------+----------+------------+

+ Latency (clock cycles): 
    * Summary: 
    +-----+-----+-----+-----+---------+
    |  Latency  |  Interval | Pipeline|
    | min | max | min | max |   Type  |
    +-----+-----+-----+-----+---------+
    |    ?|    ?|    ?|    ?|   none  |
    +-----+-----+-----+-----+---------+

    + Detail: 
        * Instance: 
        +--------------------------------+---------------------+-------+---------+-------+---------+---------+
        |                                |                     |     Latency     |     Interval    | Pipeline|
        |            Instance            |        Module       |  min  |   max   |  min  |   max   |   Type  |
        +--------------------------------+---------------------+-------+---------+-------+---------+---------+
        |grp_k2c_dot_1_fu_192            |k2c_dot_1            |      ?|        ?|      ?|        ?|   none  |
        |grp_k2c_affine_matmul_1_fu_216  |k2c_affine_matmul_1  |  24291|  3109121|  24291|  3109121|   none  |
        +--------------------------------+---------------------+-------+---------+-------+---------+---------+

        * Loop: 
        +-------------+-----+-------+----------+-----------+-----------+-----------+----------+
        |             |   Latency   | Iteration|  Initiation Interval  |    Trip   |          |
        |  Loop Name  | min |  max  |  Latency |  achieved |   target  |   Count   | Pipelined|
        +-------------+-----+-------+----------+-----------+-----------+-----------+----------+
        |- Loop 1     |   96|  12288|         3|          -|          -| 32 ~ 4096 |    no    |
        |- Loop 2     |    ?|      ?|         ?|          -|          -|          ?|    no    |
        | + Loop 2.1  |    ?|      ?|         8|          -|          -|          ?|    no    |
        |- Loop 3     |    ?|      ?|         3|          -|          -|          ?|    no    |
        +-------------+-----+-------+----------+-----------+-----------+-----------+----------+



================================================================
== Utilization Estimates
================================================================
* Summary: 
+-----------------+---------+-------+--------+--------+
|       Name      | BRAM_18K| DSP48E|   FF   |   LUT  |
+-----------------+---------+-------+--------+--------+
|DSP              |        -|      -|       -|       -|
|Expression       |        -|      -|       0|     565|
|FIFO             |        -|      -|       -|       -|
|Instance         |       28|     65|   10982|    9777|
|Memory           |        9|      -|       0|       0|
|Multiplexer      |        -|      -|       -|     344|
|Register         |        -|      -|     553|       -|
+-----------------+---------+-------+--------+--------+
|Total            |       37|     65|   11535|   10686|
+-----------------+---------+-------+--------+--------+
|Available        |      730|    740|  269200|  129000|
+-----------------+---------+-------+--------+--------+
|Utilization (%)  |        5|      8|       4|       8|
+-----------------+---------+-------+--------+--------+

+ Detail: 
    * Instance: 
    +--------------------------------+----------------------+---------+-------+------+------+
    |            Instance            |        Module        | BRAM_18K| DSP48E|  FF  |  LUT |
    +--------------------------------+----------------------+---------+-------+------+------+
    |grp_k2c_affine_matmul_1_fu_216  |k2c_affine_matmul_1   |        0|      8|   931|  1406|
    |grp_k2c_dot_1_fu_192            |k2c_dot_1             |       28|     55|  9780|  8101|
    |sample_fadd_32ns_hbi_U93        |sample_fadd_32ns_hbi  |        0|      2|   205|   203|
    |sample_fcmp_32ns_pcA_U94        |sample_fcmp_32ns_pcA  |        0|      0|    66|    67|
    +--------------------------------+----------------------+---------+-------+------+------+
    |Total                           |                      |       28|     65| 10982|  9777|
    +--------------------------------+----------------------+---------+-------+------+------+

    * DSP48: 
    N/A

    * Memory: 
    +------------------------+----------------------+---------+---+----+------+-----+------+-------------+
    |         Memory         |        Module        | BRAM_18K| FF| LUT| Words| Bits| Banks| W*Bits*Banks|
    +------------------------+----------------------+---------+---+----+------+-----+------+-------------+
    |dense_14_kernel_arra_U  |k2c_dense_2_denseyd2  |        8|  0|   0|  4096|   32|     1|       131072|
    |dense_14_bias_array_U   |k2c_dense_2_densezec  |        1|  0|   0|    32|   32|     1|         1024|
    +------------------------+----------------------+---------+---+----+------+-----+------+-------------+
    |Total                   |                      |        9|  0|   0|  4128|   64|     2|       132096|
    +------------------------+----------------------+---------+---+----+------+-----+------+-------------+

    * FIFO: 
    N/A

    * Expression: 
    +----------------------------+----------+-------+---+----+------------+------------+
    |        Variable Name       | Operation| DSP48E| FF| LUT| Bitwidth P0| Bitwidth P1|
    +----------------------------+----------+-------+---+----+------------+------------+
    |i_30_fu_321_p2              |     +    |      0|  0|  71|           6|          64|
    |i_31_fu_397_p2              |     +    |      0|  0|  20|          13|           1|
    |i_32_fu_331_p2              |     +    |      0|  0|  71|          64|           1|
    |j_fu_300_p2                 |     +    |      0|  0|  71|           1|          64|
    |sum_i_fu_310_p2             |     +    |      0|  0|  15|           7|           7|
    |tmp_s_fu_245_p2             |     +    |      0|  0|  71|          64|           2|
    |tmp_13_fu_437_p2            |    and   |      0|  0|   2|           1|           1|
    |tmp_17_fu_371_p2            |    and   |      0|  0|   2|           1|           1|
    |exitcond1_fu_392_p2         |   icmp   |      0|  0|  13|          14|          14|
    |exitcond4_fu_326_p2         |   icmp   |      0|  0|  29|          64|          64|
    |exitcond_i_fu_295_p2        |   icmp   |      0|  0|  29|          64|           6|
    |icmp_fu_267_p2              |   icmp   |      0|  0|  29|          63|           1|
    |notlhs3_fu_421_p2           |   icmp   |      0|  0|  11|           8|           2|
    |notlhs_fu_355_p2            |   icmp   |      0|  0|  11|           8|           2|
    |notrhs4_fu_427_p2           |   icmp   |      0|  0|  18|          23|           1|
    |notrhs_fu_361_p2            |   icmp   |      0|  0|  18|          23|           1|
    |tmp_fu_239_p2               |   icmp   |      0|  0|  29|          64|           2|
    |tmp_i_fu_286_p2             |   icmp   |      0|  0|  29|          64|          64|
    |tmp_11_fu_433_p2            |    or    |      0|  0|   2|           1|           1|
    |tmp_15_fu_367_p2            |    or    |      0|  0|   2|           1|           1|
    |p_s_fu_273_p3               |  select  |      0|  0|   9|           1|           9|
    |tmp_18_cast_cast_fu_376_p3  |  select  |      0|  0|  13|           1|          13|
    +----------------------------+----------+-------+---+----+------------+------------+
    |Total                       |          |      0|  0| 565|         556|         322|
    +----------------------------+----------+-------+---+----+------------+------------+

    * Multiplexer: 
    +-------------------------------+----+-----------+-----+-----------+
    |              Name             | LUT| Input Size| Bits| Total Bits|
    +-------------------------------+----+-----------+-----+-----------+
    |ap_NS_fsm                      |  93|         19|    1|         19|
    |dense_13_output_arra_address0  |  15|          3|    7|         21|
    |dense_13_output_arra_ce0       |  15|          3|    1|          3|
    |dense_13_output_arra_ce1       |   9|          2|    1|          2|
    |dense_14_bias_array_address0   |  15|          3|    5|         15|
    |dense_14_bias_array_ce0        |  15|          3|    1|          3|
    |dense_14_kernel_arra_address0  |  15|          3|   12|         36|
    |dense_14_kernel_arra_ce0       |   9|          2|    1|          2|
    |dense_14_kernel_arra_ce1       |   9|          2|    1|          2|
    |dense_14_output_arra_address0  |  44|          9|    5|         45|
    |dense_14_output_arra_ce0       |  21|          4|    1|          4|
    |dense_14_output_arra_d0        |  27|          5|   32|        160|
    |dense_14_output_arra_we0       |  21|          4|    1|          4|
    |i_2_reg_169                    |   9|          2|   64|        128|
    |i_i_reg_145                    |   9|          2|   64|        128|
    |i_reg_181                      |   9|          2|   13|         26|
    |j_i_reg_157                    |   9|          2|   64|        128|
    +-------------------------------+----+-----------+-----+-----------+
    |Total                          | 344|         70|  274|        726|
    +-------------------------------+----+-----------+-----+-----------+

    * Register: 
    +---------------------------------------------+----+----+-----+-----------+
    |                     Name                    | FF | LUT| Bits| Const Bits|
    +---------------------------------------------+----+----+-----+-----------+
    |ap_CS_fsm                                    |  18|   0|   18|          0|
    |dense_14_bias_array_1_reg_519                |  32|   0|   32|          0|
    |dense_14_bias_numel                          |   0|   0|   64|         64|
    |dense_14_kernel_nume                         |   0|   0|   64|         64|
    |dense_14_output_arra_1_reg_578               |   5|   0|    5|          0|
    |dense_14_output_arra_4_reg_509               |   5|   0|    5|          0|
    |dense_14_output_arra_5_reg_524               |  32|   0|   32|          0|
    |dense_14_output_arra_6_reg_542               |   5|   0|    5|          0|
    |grp_k2c_affine_matmul_1_fu_216_ap_start_reg  |   1|   0|    1|          0|
    |grp_k2c_dot_1_fu_192_ap_start_reg            |   1|   0|    1|          0|
    |i_2_reg_169                                  |  64|   0|   64|          0|
    |i_31_reg_573                                 |  13|   0|   13|          0|
    |i_32_reg_537                                 |  64|   0|   64|          0|
    |i_i_reg_145                                  |  64|   0|   64|          0|
    |i_reg_181                                    |  13|   0|   13|          0|
    |icmp_reg_477                                 |   1|   0|    1|          0|
    |j_i_reg_157                                  |  64|   0|   64|          0|
    |j_reg_499                                    |  64|   0|   64|          0|
    |notlhs3_reg_583                              |   1|   0|    1|          0|
    |notlhs_reg_547                               |   1|   0|    1|          0|
    |notrhs4_reg_588                              |   1|   0|    1|          0|
    |notrhs_reg_552                               |   1|   0|    1|          0|
    |p_s_reg_482                                  |   2|   0|    8|          6|
    |tmp_12_reg_593                               |   1|   0|    1|          0|
    |tmp_16_reg_557                               |   1|   0|    1|          0|
    |tmp_18_cast_cast_reg_565                     |   2|   0|   14|         12|
    |tmp_i_14_reg_529                             |  32|   0|   32|          0|
    |tmp_reg_463                                  |   1|   0|    1|          0|
    |tmp_s_reg_467                                |  64|   0|   64|          0|
    +---------------------------------------------+----+----+-----+-----------+
    |Total                                        | 553|   0|  699|        146|
    +---------------------------------------------+----+----+-----+-----------+



================================================================
== Interface
================================================================
* Summary: 
+-------------------------------+-----+-----+------------+----------------------+--------------+
|           RTL Ports           | Dir | Bits|  Protocol  |     Source Object    |    C Type    |
+-------------------------------+-----+-----+------------+----------------------+--------------+
|ap_clk                         |  in |    1| ap_ctrl_hs |      k2c_dense.2     | return value |
|ap_rst                         |  in |    1| ap_ctrl_hs |      k2c_dense.2     | return value |
|ap_start                       |  in |    1| ap_ctrl_hs |      k2c_dense.2     | return value |
|ap_done                        | out |    1| ap_ctrl_hs |      k2c_dense.2     | return value |
|ap_idle                        | out |    1| ap_ctrl_hs |      k2c_dense.2     | return value |
|ap_ready                       | out |    1| ap_ctrl_hs |      k2c_dense.2     | return value |
|output_numel_read              |  in |   64|   ap_none  |   output_numel_read  |    scalar    |
|input_dim                      |  in |   64|   ap_none  |       input_dim      |    scalar    |
|input_numel_read               |  in |   64|   ap_none  |   input_numel_read   |    scalar    |
|kernel_dim                     |  in |   64|   ap_none  |      kernel_dim      |    scalar    |
|dense_14_output_arra_address0  | out |    5|  ap_memory | dense_14_output_arra |     array    |
|dense_14_output_arra_ce0       | out |    1|  ap_memory | dense_14_output_arra |     array    |
|dense_14_output_arra_we0       | out |    1|  ap_memory | dense_14_output_arra |     array    |
|dense_14_output_arra_d0        | out |   32|  ap_memory | dense_14_output_arra |     array    |
|dense_14_output_arra_q0        |  in |   32|  ap_memory | dense_14_output_arra |     array    |
|dense_13_output_arra_address0  | out |    7|  ap_memory | dense_13_output_arra |     array    |
|dense_13_output_arra_ce0       | out |    1|  ap_memory | dense_13_output_arra |     array    |
|dense_13_output_arra_q0        |  in |   32|  ap_memory | dense_13_output_arra |     array    |
|dense_13_output_arra_address1  | out |    7|  ap_memory | dense_13_output_arra |     array    |
|dense_13_output_arra_ce1       | out |    1|  ap_memory | dense_13_output_arra |     array    |
|dense_13_output_arra_q1        |  in |   32|  ap_memory | dense_13_output_arra |     array    |
+-------------------------------+-----+-----+------------+----------------------+--------------+

