

================================================================
== Vivado HLS Report for 'k2c_affine_matmul_3'
================================================================
* Date:           Wed Apr 24 12:33:06 2024

* Version:        2018.2 (Build 2258646 on Thu Jun 14 20:25:20 MDT 2018)
* Project:        Group_5
* Solution:       Resource_optimized
* Product family: artix7
* Target device:  xc7a200tfbg676-2


================================================================
== Performance Estimates
================================================================
+ Timing (ns): 
    * Summary: 
    +--------+-------+----------+------------+
    |  Clock | Target| Estimated| Uncertainty|
    +--------+-------+----------+------------+
    |ap_clk  |  10.00|     9.597|        1.25|
    +--------+-------+----------+------------+

+ Latency (clock cycles): 
    * Summary: 
    +-----+------+-----+------+---------+
    |   Latency  |  Interval  | Pipeline|
    | min |  max | min |  max |   Type  |
    +-----+------+-----+------+---------+
    |  135|  2145|  135|  2145|   none  |
    +-----+------+-----+------+---------+

    + Detail: 
        * Instance: 
        N/A

        * Loop: 
        +-----------------+-----+------+----------+-----------+-----------+--------+----------+
        |                 |   Latency  | Iteration|  Initiation Interval  |  Trip  |          |
        |    Loop Name    | min |  max |  Latency |  achieved |   target  |  Count | Pipelined|
        +-----------------+-----+------+----------+-----------+-----------+--------+----------+
        |- Loop 1         |  134|  2144|       134|          -|          -| 1 ~ 16 |    no    |
        | + Loop 1.1      |  132|   132|       132|          -|          -|       1|    no    |
        |  ++ Loop 1.1.1  |   45|    45|        45|          -|          -|       1|    no    |
        |  ++ Loop 1.1.2  |   80|    80|        10|          -|          -|       8|    no    |
        +-----------------+-----+------+----------+-----------+-----------+--------+----------+



================================================================
== Utilization Estimates
================================================================
* Summary: 
+-----------------+---------+-------+--------+--------+
|       Name      | BRAM_18K| DSP48E|   FF   |   LUT  |
+-----------------+---------+-------+--------+--------+
|DSP              |        -|      -|       -|       -|
|Expression       |        -|      -|       0|     135|
|FIFO             |        -|      -|       -|       -|
|Instance         |        -|      8|     461|     461|
|Memory           |        -|      -|       -|       -|
|Multiplexer      |        -|      -|       -|     618|
|Register         |        -|      -|     774|       -|
+-----------------+---------+-------+--------+--------+
|Total            |        0|      8|    1235|    1214|
+-----------------+---------+-------+--------+--------+
|Available        |      730|    740|  269200|  129000|
+-----------------+---------+-------+--------+--------+
|Utilization (%)  |        0|      1|   ~0   |   ~0   |
+-----------------+---------+-------+--------+--------+

+ Detail: 
    * Instance: 
    +---------------------------+----------------------+---------+-------+-----+-----+
    |          Instance         |        Module        | BRAM_18K| DSP48E|  FF | LUT |
    +---------------------------+----------------------+---------+-------+-----+-----+
    |sample_fadd_32ns_hbi_U157  |sample_fadd_32ns_hbi  |        0|      2|  205|  203|
    |sample_fmul_32ns_ibs_U158  |sample_fmul_32ns_ibs  |        0|      3|  128|  129|
    |sample_fmul_32ns_ibs_U159  |sample_fmul_32ns_ibs  |        0|      3|  128|  129|
    +---------------------------+----------------------+---------+-------+-----+-----+
    |Total                      |                      |        0|      8|  461|  461|
    +---------------------------+----------------------+---------+-------+-----+-----+

    * DSP48: 
    N/A

    * Memory: 
    N/A

    * FIFO: 
    N/A

    * Expression: 
    +---------------------+----------+-------+---+----+------------+------------+
    |    Variable Name    | Operation| DSP48E| FF| LUT| Bitwidth P0| Bitwidth P1|
    +---------------------+----------+-------+---+----+------------+------------+
    |i_fu_376_p2          |     +    |      0|  0|  15|           1|           5|
    |k_3_fu_519_p2        |     +    |      0|  0|  15|           5|           1|
    |sum6_fu_504_p2       |     +    |      0|  0|  15|           6|           6|
    |sum_fu_525_p2        |     +    |      0|  0|  10|           2|           2|
    |exitcond1_fu_371_p2  |   icmp   |      0|  0|  11|           5|           5|
    |exitcond8_fu_498_p2  |   icmp   |      0|  0|  11|           5|           6|
    |tmp_s_fu_394_p2      |   icmp   |      0|  0|  11|           4|           5|
    |sum1_fu_464_p2       |    or    |      0|  0|   6|           6|           3|
    |sum2_fu_474_p2       |    or    |      0|  0|   6|           6|           3|
    |sum4_fu_484_p2       |    or    |      0|  0|   6|           6|           3|
    |sum5_fu_417_p2       |    or    |      0|  0|   6|           6|           1|
    |sum7_fu_434_p2       |    or    |      0|  0|   6|           6|           2|
    |sum8_fu_454_p2       |    or    |      0|  0|   6|           6|           3|
    |sum9_fu_444_p2       |    or    |      0|  0|   6|           6|           2|
    |k_2_fu_428_p2        |    xor   |      0|  0|   5|           4|           5|
    +---------------------+----------+-------+---+----+------------+------------+
    |Total                |          |      0|  0| 135|          74|          52|
    +---------------------+----------+-------+---+----+------------+------------+

    * Multiplexer: 
    +-------------------+-----+-----------+-----+-----------+
    |        Name       | LUT | Input Size| Bits| Total Bits|
    +-------------------+-----+-----------+-----+-----------+
    |A_address0         |   33|          6|    4|         24|
    |A_address1         |   27|          5|    4|         20|
    |B_address0         |   33|          6|    4|         24|
    |B_address1         |   27|          5|    4|         20|
    |ap_NS_fsm          |  269|         63|    1|         63|
    |grp_fu_317_p0      |   27|          5|   32|        160|
    |grp_fu_317_p1      |   38|          7|   32|        224|
    |grp_fu_323_p0      |   21|          4|   32|        128|
    |grp_fu_323_p1      |   38|          7|   32|        224|
    |grp_fu_327_p0      |   21|          4|   32|        128|
    |grp_fu_327_p1      |   21|          4|   32|        128|
    |k_1_reg_306        |    9|          2|    5|         10|
    |k_reg_283          |    9|          2|    4|          8|
    |outrowidx_reg_247  |    9|          2|    5|         10|
    |reg_337            |    9|          2|   32|         64|
    |reg_343            |    9|          2|   32|         64|
    |temp3_reg_271      |    9|          2|   32|         64|
    |temp_1_reg_294     |    9|          2|   32|         64|
    +-------------------+-----+-----------+-----+-----------+
    |Total              |  618|        130|  351|       1427|
    +-------------------+-----+-----------+-----+-----------+

    * Register: 
    +-------------------+----+----+-----+-----------+
    |        Name       | FF | LUT| Bits| Const Bits|
    +-------------------+----+----+-----+-----------+
    |a5_reg_686         |  32|   0|   32|          0|
    |a6_reg_701         |  32|   0|   32|          0|
    |a7_reg_706         |  32|   0|   32|          0|
    |ap_CS_fsm          |  62|   0|   62|          0|
    |b0_reg_661         |  32|   0|   32|          0|
    |b2_reg_598         |  32|   0|   32|          0|
    |b3_reg_603         |  32|   0|   32|          0|
    |b4_reg_608         |  32|   0|   32|          0|
    |b5_reg_613         |  32|   0|   32|          0|
    |b6_reg_618         |  32|   0|   32|          0|
    |b7_reg_623         |  32|   0|   32|          0|
    |i_reg_583          |   5|   0|    5|          0|
    |inneridx_reg_588   |   2|   0|    6|          4|
    |j_cast_reg_593     |   1|   0|    2|          1|
    |j_reg_258          |   1|   0|    1|          0|
    |k_1_reg_306        |   5|   0|    5|          0|
    |k_2_reg_656        |   4|   0|    4|          0|
    |k_3_reg_744        |   5|   0|    5|          0|
    |k_reg_283          |   4|   0|    4|          0|
    |outrowidx_reg_247  |   5|   0|    5|          0|
    |reg_331            |  32|   0|   32|          0|
    |reg_337            |  32|   0|   32|          0|
    |reg_343            |  32|   0|   32|          0|
    |reg_350            |  32|   0|   32|          0|
    |reg_356            |  32|   0|   32|          0|
    |reg_361            |  32|   0|   32|          0|
    |sum3_reg_631       |   6|   0|    6|          0|
    |temp3_reg_271      |  32|   0|   32|          0|
    |temp_1_reg_294     |  32|   0|   32|          0|
    |tmp_32_reg_711     |  32|   0|   32|          0|
    |tmp_36_reg_716     |  32|   0|   32|          0|
    |tmp_38_reg_721     |  32|   0|   32|          0|
    |tmp_reg_574        |   2|   0|    2|          0|
    +-------------------+----+----+-----+-----------+
    |Total              | 774|   0|  779|          5|
    +-------------------+----+----+-----+-----------+



================================================================
== Interface
================================================================
* Summary: 
+------------+-----+-----+------------+---------------------+--------------+
|  RTL Ports | Dir | Bits|  Protocol  |    Source Object    |    C Type    |
+------------+-----+-----+------------+---------------------+--------------+
|ap_clk      |  in |    1| ap_ctrl_hs | k2c_affine_matmul.3 | return value |
|ap_rst      |  in |    1| ap_ctrl_hs | k2c_affine_matmul.3 | return value |
|ap_start    |  in |    1| ap_ctrl_hs | k2c_affine_matmul.3 | return value |
|ap_done     | out |    1| ap_ctrl_hs | k2c_affine_matmul.3 | return value |
|ap_idle     | out |    1| ap_ctrl_hs | k2c_affine_matmul.3 | return value |
|ap_ready    | out |    1| ap_ctrl_hs | k2c_affine_matmul.3 | return value |
|C_address0  | out |    1|  ap_memory |          C          |     array    |
|C_ce0       | out |    1|  ap_memory |          C          |     array    |
|C_we0       | out |    1|  ap_memory |          C          |     array    |
|C_d0        | out |   32|  ap_memory |          C          |     array    |
|A_address0  | out |    4|  ap_memory |          A          |     array    |
|A_ce0       | out |    1|  ap_memory |          A          |     array    |
|A_q0        |  in |   32|  ap_memory |          A          |     array    |
|A_address1  | out |    4|  ap_memory |          A          |     array    |
|A_ce1       | out |    1|  ap_memory |          A          |     array    |
|A_q1        |  in |   32|  ap_memory |          A          |     array    |
|B_address0  | out |    4|  ap_memory |          B          |     array    |
|B_ce0       | out |    1|  ap_memory |          B          |     array    |
|B_q0        |  in |   32|  ap_memory |          B          |     array    |
|B_address1  | out |    4|  ap_memory |          B          |     array    |
|B_ce1       | out |    1|  ap_memory |          B          |     array    |
|B_q1        |  in |   32|  ap_memory |          B          |     array    |
|outrows     |  in |    5|   ap_none  |       outrows       |    scalar    |
+------------+-----+-----+------------+---------------------+--------------+

