

================================================================
== Vivado HLS Report for 'k2c_sub2idx'
================================================================
* Date:           Wed Apr 24 12:32:42 2024

* Version:        2018.2 (Build 2258646 on Thu Jun 14 20:25:20 MDT 2018)
* Project:        Group_5
* Solution:       Resource_optimized
* Product family: artix7
* Target device:  xc7a200tfbg676-2


================================================================
== Performance Estimates
================================================================
+ Timing (ns): 
    * Summary: 
    +--------+-------+----------+------------+
    |  Clock | Target| Estimated| Uncertainty|
    +--------+-------+----------+------------+
    |ap_clk  |  10.00|     8.609|        1.25|
    +--------+-------+----------+------------+

+ Latency (clock cycles): 
    * Summary: 
    +-----+-----+-----+-----+---------+
    |  Latency  |  Interval | Pipeline|
    | min | max | min | max |   Type  |
    +-----+-----+-----+-----+---------+
    |    ?|    ?|    ?|    ?|   none  |
    +-----+-----+-----+-----+---------+

    + Detail: 
        * Instance: 
        N/A

        * Loop: 
        +-------------+-----+-----+----------+-----------+-----------+------+----------+
        |             |  Latency  | Iteration|  Initiation Interval  | Trip |          |
        |  Loop Name  | min | max |  Latency |  achieved |   target  | Count| Pipelined|
        +-------------+-----+-----+----------+-----------+-----------+------+----------+
        |- Loop 1     |    ?|    ?|         ?|          -|          -|     ?|    no    |
        | + Loop 1.1  |    ?|    ?|         4|          -|          -|     ?|    no    |
        | + Loop 1.2  |    ?|    ?|         4|          -|          -|     ?|    no    |
        +-------------+-----+-----+----------+-----------+-----------+------+----------+



================================================================
== Utilization Estimates
================================================================
* Summary: 
+-----------------+---------+-------+--------+--------+
|       Name      | BRAM_18K| DSP48E|   FF   |   LUT  |
+-----------------+---------+-------+--------+--------+
|DSP              |        -|      -|       -|       -|
|Expression       |        -|      -|       0|     535|
|FIFO             |        -|      -|       -|       -|
|Instance         |        -|     32|     722|     390|
|Memory           |        -|      -|       -|       -|
|Multiplexer      |        -|      -|       -|     161|
|Register         |        -|      -|     844|       -|
+-----------------+---------+-------+--------+--------+
|Total            |        0|     32|    1566|    1086|
+-----------------+---------+-------+--------+--------+
|Available        |      730|    740|  269200|  129000|
+-----------------+---------+-------+--------+--------+
|Utilization (%)  |        0|      4|   ~0   |   ~0   |
+-----------------+---------+-------+--------+--------+

+ Detail: 
    * Instance: 
    +--------------------------+----------------------+---------+-------+-----+-----+
    |         Instance         |        Module        | BRAM_18K| DSP48E|  FF | LUT |
    +--------------------------+----------------------+---------+-------+-----+-----+
    |sample_mul_64s_64dEe_U11  |sample_mul_64s_64dEe  |        0|     16|  361|  195|
    |sample_mul_64s_64dEe_U12  |sample_mul_64s_64dEe  |        0|     16|  361|  195|
    +--------------------------+----------------------+---------+-------+-----+-----+
    |Total                     |                      |        0|     32|  722|  390|
    +--------------------------+----------------------+---------+-------+-----+-----+

    * DSP48: 
    N/A

    * Memory: 
    N/A

    * FIFO: 
    N/A

    * Expression: 
    +----------------------+----------+-------+---+----+------------+------------+
    |     Variable Name    | Operation| DSP48E| FF| LUT| Bitwidth P0| Bitwidth P1|
    +----------------------+----------+-------+---+----+------------+------------+
    |i_1_1_fu_200_p2       |     +    |      0|  0|  71|          64|           2|
    |idx_1_1_fu_195_p2     |     +    |      0|  0|  71|          64|          64|
    |idx_1_fu_159_p2       |     +    |      0|  0|  71|          64|          64|
    |j_1_fu_183_p2         |     +    |      0|  0|  71|          64|           2|
    |j_fu_146_p2           |     +    |      0|  0|  71|          64|           2|
    |exitcond_1_fu_172_p2  |   icmp   |      0|  0|  29|          64|          64|
    |exitcond_fu_141_p2    |   icmp   |      0|  0|  29|          64|          64|
    |tmp_1_fu_190_p2       |   icmp   |      0|  0|  29|          64|          64|
    |tmp_fu_153_p2         |   icmp   |      0|  0|  29|          64|          64|
    |i_1_s_fu_165_p2       |    or    |      0|  0|  64|          64|           1|
    +----------------------+----------+-------+---+----+------------+------------+
    |Total                 |          |      0|  0| 535|         640|         391|
    +----------------------+----------+-------+---+----+------------+------------+

    * Multiplexer: 
    +-------------------+----+-----------+-----+-----------+
    |        Name       | LUT| Input Size| Bits| Total Bits|
    +-------------------+----+-----------+-----+-----------+
    |ap_NS_fsm          |  59|         14|    1|         14|
    |ap_return          |   9|          2|   64|        128|
    |i_reg_76           |   9|          2|   64|        128|
    |idx_lcssa_reg_127  |   9|          2|   64|        128|
    |idx_reg_64         |   9|          2|   64|        128|
    |j_0_in_1_reg_118   |   9|          2|   64|        128|
    |j_0_in_reg_99      |   9|          2|   64|        128|
    |shape_address0     |  15|          3|    3|          9|
    |sub_address0       |  15|          3|    3|          9|
    |temp1_1_reg_108    |   9|          2|   64|        128|
    |temp1_reg_89       |   9|          2|   64|        128|
    +-------------------+----+-----------+-----+-----------+
    |Total              | 161|         36|  519|       1056|
    +-------------------+----+-----------+-----+-----------+

    * Register: 
    +-------------------+----+----+-----+-----------+
    |        Name       | FF | LUT| Bits| Const Bits|
    +-------------------+----+----+-----+-----------+
    |ap_CS_fsm          |  13|   0|   13|          0|
    |ap_return_preg     |  64|   0|   64|          0|
    |i_1_s_reg_252      |  63|   0|   64|          1|
    |i_reg_76           |  64|   0|   64|          0|
    |idx_1_reg_246      |  64|   0|   64|          0|
    |idx_lcssa_reg_127  |  64|   0|   64|          0|
    |idx_reg_64         |  64|   0|   64|          0|
    |j_0_in_1_reg_118   |  64|   0|   64|          0|
    |j_0_in_reg_99      |  64|   0|   64|          0|
    |j_1_reg_275        |  64|   0|   64|          0|
    |j_reg_233          |  64|   0|   64|          0|
    |reg_137            |  64|   0|   64|          0|
    |temp1_1_reg_108    |  64|   0|   64|          0|
    |temp1_reg_89       |  64|   0|   64|          0|
    +-------------------+----+----+-----+-----------+
    |Total              | 844|   0|  845|          1|
    +-------------------+----+----+-----+-----------+



================================================================
== Interface
================================================================
* Summary: 
+----------------+-----+-----+------------+--------------+--------------+
|    RTL Ports   | Dir | Bits|  Protocol  | Source Object|    C Type    |
+----------------+-----+-----+------------+--------------+--------------+
|ap_clk          |  in |    1| ap_ctrl_hs |  k2c_sub2idx | return value |
|ap_rst          |  in |    1| ap_ctrl_hs |  k2c_sub2idx | return value |
|ap_start        |  in |    1| ap_ctrl_hs |  k2c_sub2idx | return value |
|ap_done         | out |    1| ap_ctrl_hs |  k2c_sub2idx | return value |
|ap_idle         | out |    1| ap_ctrl_hs |  k2c_sub2idx | return value |
|ap_ready        | out |    1| ap_ctrl_hs |  k2c_sub2idx | return value |
|ap_return       | out |   64| ap_ctrl_hs |  k2c_sub2idx | return value |
|sub_address0    | out |    3|  ap_memory |      sub     |     array    |
|sub_ce0         | out |    1|  ap_memory |      sub     |     array    |
|sub_q0          |  in |   64|  ap_memory |      sub     |     array    |
|shape_address0  | out |    3|  ap_memory |     shape    |     array    |
|shape_ce0       | out |    1|  ap_memory |     shape    |     array    |
|shape_q0        |  in |   64|  ap_memory |     shape    |     array    |
|ndim            |  in |   64|   ap_none  |     ndim     |    scalar    |
+----------------+-----+-----+------------+--------------+--------------+

