

================================================================
== Vivado HLS Report for 'k2c_dense_1'
================================================================
* Date:           Wed Apr 24 12:33:01 2024

* Version:        2018.2 (Build 2258646 on Thu Jun 14 20:25:20 MDT 2018)
* Project:        Group_5
* Solution:       Resource_optimized
* Product family: artix7
* Target device:  xc7a200tfbg676-2


================================================================
== Performance Estimates
================================================================
+ Timing (ns): 
    * Summary: 
    +--------+-------+----------+------------+
    |  Clock | Target| Estimated| Uncertainty|
    +--------+-------+----------+------------+
    |ap_clk  |  10.00|     8.609|        1.25|
    +--------+-------+----------+------------+

+ Latency (clock cycles): 
    * Summary: 
    +-----+-----+-----+-----+---------+
    |  Latency  |  Interval | Pipeline|
    | min | max | min | max |   Type  |
    +-----+-----+-----+-----+---------+
    |    ?|    ?|    ?|    ?|   none  |
    +-----+-----+-----+-----+---------+

    + Detail: 
        * Instance: 
        +--------------------------------+---------------------+------+--------+------+--------+---------+
        |                                |                     |    Latency    |    Interval   | Pipeline|
        |            Instance            |        Module       |  min |   max  |  min |   max  |   Type  |
        +--------------------------------+---------------------+------+--------+------+--------+---------+
        |grp_k2c_dot_2_fu_191            |k2c_dot_2            |     ?|       ?|     ?|       ?|   none  |
        |grp_k2c_affine_matmul_2_fu_215  |k2c_affine_matmul_2  |  3507|  112193|  3507|  112193|   none  |
        +--------------------------------+---------------------+------+--------+------+--------+---------+

        * Loop: 
        +-------------+-----+------+----------+-----------+-----------+----------+----------+
        |             |   Latency  | Iteration|  Initiation Interval  |   Trip   |          |
        |  Loop Name  | min |  max |  Latency |  achieved |   target  |   Count  | Pipelined|
        +-------------+-----+------+----------+-----------+-----------+----------+----------+
        |- Loop 1     |   32|  1024|         2|          -|          -| 16 ~ 512 |    no    |
        |- Loop 2     |    ?|     ?|         ?|          -|          -|         ?|    no    |
        | + Loop 2.1  |    ?|     ?|         7|          -|          -|         ?|    no    |
        |- Loop 3     |    ?|     ?|         2|          -|          -|         ?|    no    |
        +-------------+-----+------+----------+-----------+-----------+----------+----------+



================================================================
== Utilization Estimates
================================================================
* Summary: 
+-----------------+---------+-------+--------+--------+
|       Name      | BRAM_18K| DSP48E|   FF   |   LUT  |
+-----------------+---------+-------+--------+--------+
|DSP              |        -|      -|       -|       -|
|Expression       |        -|      -|       0|     557|
|FIFO             |        -|      -|       -|       -|
|Instance         |        7|     65|   10869|    9699|
|Memory           |        1|      -|      64|       8|
|Multiplexer      |        -|      -|       -|     313|
|Register         |        -|      -|     471|       -|
+-----------------+---------+-------+--------+--------+
|Total            |        8|     65|   11404|   10577|
+-----------------+---------+-------+--------+--------+
|Available        |      730|    740|  269200|  129000|
+-----------------+---------+-------+--------+--------+
|Utilization (%)  |        1|      8|       4|       8|
+-----------------+---------+-------+--------+--------+

+ Detail: 
    * Instance: 
    +--------------------------------+----------------------+---------+-------+------+------+
    |            Instance            |        Module        | BRAM_18K| DSP48E|  FF  |  LUT |
    +--------------------------------+----------------------+---------+-------+------+------+
    |grp_k2c_affine_matmul_2_fu_215  |k2c_affine_matmul_2   |        0|      8|   903|  1345|
    |grp_k2c_dot_2_fu_191            |k2c_dot_2             |        7|     55|  9695|  8084|
    |sample_fadd_32ns_hbi_U132       |sample_fadd_32ns_hbi  |        0|      2|   205|   203|
    |sample_fcmp_32ns_pcA_U133       |sample_fcmp_32ns_pcA  |        0|      0|    66|    67|
    +--------------------------------+----------------------+---------+-------+------+------+
    |Total                           |                      |        7|     65| 10869|  9699|
    +--------------------------------+----------------------+---------+-------+------+------+

    * DSP48: 
    N/A

    * Memory: 
    +------------------------+----------------------+---------+----+----+------+-----+------+-------------+
    |         Memory         |        Module        | BRAM_18K| FF | LUT| Words| Bits| Banks| W*Bits*Banks|
    +------------------------+----------------------+---------+----+----+------+-----+------+-------------+
    |dense_15_kernel_arra_U  |k2c_dense_1_denseIfE  |        1|   0|   0|   512|   32|     1|        16384|
    |dense_15_bias_array_U   |k2c_dense_1_denseJfO  |        0|  64|   8|    16|   32|     1|          512|
    +------------------------+----------------------+---------+----+----+------+-----+------+-------------+
    |Total                   |                      |        1|  64|   8|   528|   64|     2|        16896|
    +------------------------+----------------------+---------+----+----+------+-----+------+-------------+

    * FIFO: 
    N/A

    * Expression: 
    +----------------------------+----------+-------+---+----+------------+------------+
    |        Variable Name       | Operation| DSP48E| FF| LUT| Bitwidth P0| Bitwidth P1|
    +----------------------------+----------+-------+---+----+------------+------------+
    |i_31_fu_322_p2              |     +    |      0|  0|  71|           5|          64|
    |i_33_fu_401_p2              |     +    |      0|  0|  17|          10|           1|
    |i_34_fu_332_p2              |     +    |      0|  0|  71|          64|           1|
    |j_fu_301_p2                 |     +    |      0|  0|  71|           1|          64|
    |sum_i_fu_311_p2             |     +    |      0|  0|  15|           6|           6|
    |tmp_16_fu_246_p2            |     +    |      0|  0|  71|          64|           2|
    |tmp_20_fu_443_p2            |    and   |      0|  0|   2|           1|           1|
    |tmp_24_fu_374_p2            |    and   |      0|  0|   2|           1|           1|
    |exitcond1_fu_396_p2         |   icmp   |      0|  0|  13|          11|          11|
    |exitcond4_fu_327_p2         |   icmp   |      0|  0|  29|          64|          64|
    |exitcond_i_fu_296_p2        |   icmp   |      0|  0|  29|          64|           5|
    |icmp_fu_268_p2              |   icmp   |      0|  0|  29|          63|           1|
    |notlhs3_fu_425_p2           |   icmp   |      0|  0|  11|           8|           2|
    |notlhs_fu_356_p2            |   icmp   |      0|  0|  11|           8|           2|
    |notrhs4_fu_431_p2           |   icmp   |      0|  0|  18|          23|           1|
    |notrhs_fu_362_p2            |   icmp   |      0|  0|  18|          23|           1|
    |tmp_fu_240_p2               |   icmp   |      0|  0|  29|          64|           2|
    |tmp_i_fu_287_p2             |   icmp   |      0|  0|  29|          64|          64|
    |tmp_18_fu_437_p2            |    or    |      0|  0|   2|           1|           1|
    |tmp_22_fu_368_p2            |    or    |      0|  0|   2|           1|           1|
    |p_s_fu_274_p3               |  select  |      0|  0|   7|           1|           7|
    |tmp_19_cast_cast_fu_380_p3  |  select  |      0|  0|  10|           1|          10|
    +----------------------------+----------+-------+---+----+------------+------------+
    |Total                       |          |      0|  0| 557|         548|         312|
    +----------------------------+----------+-------+---+----+------------+------------+

    * Multiplexer: 
    +-------------------------------+----+-----------+-----+-----------+
    |              Name             | LUT| Input Size| Bits| Total Bits|
    +-------------------------------+----+-----------+-----+-----------+
    |ap_NS_fsm                      |  65|         16|    1|         16|
    |dense_14_output_arra_address0  |  15|          3|    5|         15|
    |dense_14_output_arra_ce0       |  15|          3|    1|          3|
    |dense_14_output_arra_ce1       |   9|          2|    1|          2|
    |dense_15_bias_array_address0   |  15|          3|    4|         12|
    |dense_15_bias_array_ce0        |  15|          3|    1|          3|
    |dense_15_kernel_arra_address0  |  15|          3|    9|         27|
    |dense_15_kernel_arra_ce0       |   9|          2|    1|          2|
    |dense_15_kernel_arra_ce1       |   9|          2|    1|          2|
    |dense_15_output_arra_address0  |  41|          8|    4|         32|
    |dense_15_output_arra_ce0       |  21|          4|    1|          4|
    |dense_15_output_arra_d0        |  27|          5|   32|        160|
    |dense_15_output_arra_we0       |  21|          4|    1|          4|
    |i_2_reg_168                    |   9|          2|   64|        128|
    |i_i_reg_144                    |   9|          2|   64|        128|
    |i_reg_180                      |   9|          2|   10|         20|
    |j_i_reg_156                    |   9|          2|   64|        128|
    +-------------------------------+----+-----------+-----+-----------+
    |Total                          | 313|         66|  264|        686|
    +-------------------------------+----+-----------+-----+-----------+

    * Register: 
    +---------------------------------------------+----+----+-----+-----------+
    |                     Name                    | FF | LUT| Bits| Const Bits|
    +---------------------------------------------+----+----+-----+-----------+
    |ap_CS_fsm                                    |  15|   0|   15|          0|
    |dense_15_bias_array_1_reg_526                |  32|   0|   32|          0|
    |dense_15_bias_numel                          |   0|   0|   64|         64|
    |dense_15_kernel_nume                         |   0|   0|   64|         64|
    |dense_15_output_arra_1_reg_565               |   4|   0|    4|          0|
    |dense_15_output_arra_4_reg_516               |   4|   0|    4|          0|
    |dense_15_output_arra_6_reg_544               |   4|   0|    4|          0|
    |grp_k2c_affine_matmul_2_fu_215_ap_start_reg  |   1|   0|    1|          0|
    |grp_k2c_dot_2_fu_191_ap_start_reg            |   1|   0|    1|          0|
    |i_2_reg_168                                  |  64|   0|   64|          0|
    |i_33_reg_560                                 |  10|   0|   10|          0|
    |i_34_reg_539                                 |  64|   0|   64|          0|
    |i_i_reg_144                                  |  64|   0|   64|          0|
    |i_reg_180                                    |  10|   0|   10|          0|
    |icmp_reg_484                                 |   1|   0|    1|          0|
    |j_i_reg_156                                  |  64|   0|   64|          0|
    |j_reg_506                                    |  64|   0|   64|          0|
    |p_s_reg_489                                  |   2|   0|    6|          4|
    |tmp_16_reg_474                               |  64|   0|   64|          0|
    |tmp_19_cast_cast_reg_552                     |   2|   0|   11|          9|
    |tmp_reg_470                                  |   1|   0|    1|          0|
    +---------------------------------------------+----+----+-----+-----------+
    |Total                                        | 471|   0|  612|        141|
    +---------------------------------------------+----+----+-----+-----------+



================================================================
== Interface
================================================================
* Summary: 
+-------------------------------+-----+-----+------------+----------------------+--------------+
|           RTL Ports           | Dir | Bits|  Protocol  |     Source Object    |    C Type    |
+-------------------------------+-----+-----+------------+----------------------+--------------+
|ap_clk                         |  in |    1| ap_ctrl_hs |      k2c_dense.1     | return value |
|ap_rst                         |  in |    1| ap_ctrl_hs |      k2c_dense.1     | return value |
|ap_start                       |  in |    1| ap_ctrl_hs |      k2c_dense.1     | return value |
|ap_done                        | out |    1| ap_ctrl_hs |      k2c_dense.1     | return value |
|ap_idle                        | out |    1| ap_ctrl_hs |      k2c_dense.1     | return value |
|ap_ready                       | out |    1| ap_ctrl_hs |      k2c_dense.1     | return value |
|output_numel_read              |  in |   64|   ap_none  |   output_numel_read  |    scalar    |
|input_dim                      |  in |   64|   ap_none  |       input_dim      |    scalar    |
|input_numel_read               |  in |   64|   ap_none  |   input_numel_read   |    scalar    |
|kernel_dim                     |  in |   64|   ap_none  |      kernel_dim      |    scalar    |
|dense_15_output_arra_address0  | out |    4|  ap_memory | dense_15_output_arra |     array    |
|dense_15_output_arra_ce0       | out |    1|  ap_memory | dense_15_output_arra |     array    |
|dense_15_output_arra_we0       | out |    1|  ap_memory | dense_15_output_arra |     array    |
|dense_15_output_arra_d0        | out |   32|  ap_memory | dense_15_output_arra |     array    |
|dense_15_output_arra_q0        |  in |   32|  ap_memory | dense_15_output_arra |     array    |
|dense_14_output_arra_address0  | out |    5|  ap_memory | dense_14_output_arra |     array    |
|dense_14_output_arra_ce0       | out |    1|  ap_memory | dense_14_output_arra |     array    |
|dense_14_output_arra_q0        |  in |   32|  ap_memory | dense_14_output_arra |     array    |
|dense_14_output_arra_address1  | out |    5|  ap_memory | dense_14_output_arra |     array    |
|dense_14_output_arra_ce1       | out |    1|  ap_memory | dense_14_output_arra |     array    |
|dense_14_output_arra_q1        |  in |   32|  ap_memory | dense_14_output_arra |     array    |
+-------------------------------+-----+-----+------------+----------------------+--------------+

