

================================================================
== Vivado HLS Report for 'k2c_affine_matmul'
================================================================
* Date:           Wed Apr 24 12:32:46 2024

* Version:        2018.2 (Build 2258646 on Thu Jun 14 20:25:20 MDT 2018)
* Project:        Group_5
* Solution:       Resource_optimized
* Product family: artix7
* Target device:  xc7a200tfbg676-2


================================================================
== Performance Estimates
================================================================
+ Timing (ns): 
    * Summary: 
    +--------+-------+----------+------------+
    |  Clock | Target| Estimated| Uncertainty|
    +--------+-------+----------+------------+
    |ap_clk  |  10.00|     8.543|        1.25|
    +--------+-------+----------+------------+

+ Latency (clock cycles): 
    * Summary: 
    +-----+-----+-----+-----+---------+
    |  Latency  |  Interval | Pipeline|
    | min | max | min | max |   Type  |
    +-----+-----+-----+-----+---------+
    |    ?|    ?|    ?|    ?|   none  |
    +-----+-----+-----+-----+---------+

    + Detail: 
        * Instance: 
        N/A

        * Loop: 
        +-----------------+-------+-------+----------+-----------+-----------+------+----------+
        |                 |    Latency    | Iteration|  Initiation Interval  | Trip |          |
        |    Loop Name    |  min  |  max  |  Latency |  achieved |   target  | Count| Pipelined|
        +-----------------+-------+-------+----------+-----------+-----------+------+----------+
        |- Loop 1         |      ?|      ?|     17154|          -|          -|     ?|    no    |
        | + Loop 1.1      |  17152|  17152|       134|          -|          -|   128|    no    |
        |  ++ Loop 1.1.1  |     90|     90|        45|          -|          -|     2|    no    |
        |  ++ Loop 1.1.2  |     40|     40|        10|          -|          -|     4|    no    |
        +-----------------+-------+-------+----------+-----------+-----------+------+----------+



================================================================
== Utilization Estimates
================================================================
* Summary: 
+-----------------+---------+-------+--------+--------+
|       Name      | BRAM_18K| DSP48E|   FF   |   LUT  |
+-----------------+---------+-------+--------+--------+
|DSP              |        -|      1|       -|       -|
|Expression       |        -|      -|       0|     591|
|FIFO             |        -|      -|       -|       -|
|Instance         |        -|      8|     461|     461|
|Memory           |        -|      -|       -|       -|
|Multiplexer      |        -|      -|       -|     497|
|Register         |        -|      -|     617|       -|
+-----------------+---------+-------+--------+--------+
|Total            |        0|      9|    1078|    1549|
+-----------------+---------+-------+--------+--------+
|Available        |      730|    740|  269200|  129000|
+-----------------+---------+-------+--------+--------+
|Utilization (%)  |        0|      1|   ~0   |       1|
+-----------------+---------+-------+--------+--------+

+ Detail: 
    * Instance: 
    +--------------------------+----------------------+---------+-------+-----+-----+
    |         Instance         |        Module        | BRAM_18K| DSP48E|  FF | LUT |
    +--------------------------+----------------------+---------+-------+-----+-----+
    |sample_fadd_32ns_hbi_U42  |sample_fadd_32ns_hbi  |        0|      2|  205|  203|
    |sample_fmul_32ns_ibs_U43  |sample_fmul_32ns_ibs  |        0|      3|  128|  129|
    |sample_fmul_32ns_ibs_U44  |sample_fmul_32ns_ibs  |        0|      3|  128|  129|
    +--------------------------+----------------------+---------+-------+-----+-----+
    |Total                     |                      |        0|      8|  461|  461|
    +--------------------------+----------------------+---------+-------+-----+-----+

    * DSP48: 
    +--------------------------+----------------------+-----------+
    |         Instance         |        Module        | Expression|
    +--------------------------+----------------------+-----------+
    |sample_mul_mul_8nmb6_U45  |sample_mul_mul_8nmb6  |  i0 * i1  |
    +--------------------------+----------------------+-----------+

    * Memory: 
    N/A

    * FIFO: 
    N/A

    * Expression: 
    +---------------------+----------+-------+---+----+------------+------------+
    |    Variable Name    | Operation| DSP48E| FF| LUT| Bitwidth P0| Bitwidth P1|
    +---------------------+----------+-------+---+----+------------+------------+
    |i_39_fu_381_p2       |     +    |      0|  0|  71|          64|           1|
    |inneridx_fu_423_p2   |     +    |      0|  0|  16|           9|           9|
    |j_3_fu_466_p2        |     +    |      0|  0|  15|           8|           1|
    |k_2_fu_550_p2        |     +    |      0|  0|  15|           4|           5|
    |k_3_fu_766_p2        |     +    |      0|  0|  15|           5|           1|
    |sum11_fu_611_p2      |     +    |      0|  0|  16|           9|           9|
    |sum13_fu_644_p2      |     +    |      0|  0|  16|           9|           9|
    |sum15_fu_677_p2      |     +    |      0|  0|  16|           9|           9|
    |sum17_fu_710_p2      |     +    |      0|  0|  16|           9|           9|
    |sum19_fu_746_p2      |     +    |      0|  0|  16|           9|           9|
    |sum22_fu_496_p2      |     +    |      0|  0|  20|          13|          13|
    |sum24_fu_530_p2      |     +    |      0|  0|  20|          13|          13|
    |sum26_fu_569_p2      |     +    |      0|  0|  20|          13|          13|
    |sum28_fu_592_p2      |     +    |      0|  0|  20|          13|          13|
    |sum29_fu_625_p2      |     +    |      0|  0|  20|          13|          13|
    |sum30_fu_658_p2      |     +    |      0|  0|  20|          13|          13|
    |sum31_fu_691_p2      |     +    |      0|  0|  20|          13|          13|
    |sum32_fu_719_p2      |     +    |      0|  0|  20|          13|          13|
    |sum33_fu_756_p2      |     +    |      0|  0|  20|          13|          13|
    |sum3_fu_486_p2       |     +    |      0|  0|  16|           9|           9|
    |sum5_fu_506_p2       |     +    |      0|  0|  16|           9|           9|
    |sum7_fu_540_p2       |     +    |      0|  0|  16|           9|           9|
    |sum9_fu_545_p2       |     +    |      0|  0|  16|           9|           9|
    |sum_fu_772_p2        |     +    |      0|  0|  16|           9|           9|
    |exitcond1_fu_376_p2  |   icmp   |      0|  0|  29|          64|          64|
    |exitcond5_fu_740_p2  |   icmp   |      0|  0|  11|           5|           5|
    |exitcond_fu_460_p2   |   icmp   |      0|  0|  13|           8|           9|
    |tmp_s_fu_480_p2      |   icmp   |      0|  0|  11|           5|           4|
    |tmp11_fu_520_p2      |    or    |      0|  0|   4|           4|           1|
    |tmp39_fu_583_p2      |    or    |      0|  0|   4|           4|           2|
    |tmp40_fu_602_p2      |    or    |      0|  0|   4|           4|           3|
    |tmp41_fu_635_p2      |    or    |      0|  0|   4|           4|           3|
    |tmp42_fu_668_p2      |    or    |      0|  0|   4|           4|           3|
    |tmp43_fu_701_p2      |    or    |      0|  0|   4|           4|           3|
    |tmp_81_fu_429_p2     |    or    |      0|  0|   9|           9|           1|
    |tmp_82_fu_435_p2     |    or    |      0|  0|   9|           9|           2|
    |tmp_84_fu_441_p2     |    or    |      0|  0|   9|           9|           2|
    |tmp_fu_560_p2        |    or    |      0|  0|   4|           4|           2|
    +---------------------+----------+-------+---+----+------------+------------+
    |Total                |          |      0|  0| 591|         434|         328|
    +---------------------+----------+-------+---+----+------------+------------+

    * Multiplexer: 
    +----------------+-----+-----------+-----+-----------+
    |      Name      | LUT | Input Size| Bits| Total Bits|
    +----------------+-----+-----------+-----+-----------+
    |A_address0      |   33|          6|    7|         42|
    |A_address1      |   27|          5|    7|         35|
    |B_address0      |   33|          6|   12|         72|
    |B_address1      |   27|          5|   12|         60|
    |ap_NS_fsm       |  257|         60|    1|         60|
    |grp_fu_334_p0   |   27|          5|   32|        160|
    |grp_fu_334_p1   |   21|          4|   32|        128|
    |i_reg_268       |    9|          2|   64|        128|
    |j_reg_279       |    9|          2|    8|         16|
    |k_1_reg_323     |    9|          2|    5|         10|
    |k_reg_300       |    9|          2|    5|         10|
    |reg_348         |    9|          2|   32|         64|
    |reg_354         |    9|          2|   32|         64|
    |temp3_reg_290   |    9|          2|   32|         64|
    |temp_1_reg_311  |    9|          2|   32|         64|
    +----------------+-----+-----------+-----+-----------+
    |Total           |  497|        107|  313|        977|
    +----------------+-----+-----------+-----+-----------+

    * Register: 
    +-------------------+----+----+-----+-----------+
    |        Name       | FF | LUT| Bits| Const Bits|
    +-------------------+----+----+-----+-----------+
    |a1_reg_918         |  32|   0|   32|          0|
    |ap_CS_fsm          |  59|   0|   59|          0|
    |b1_reg_923         |  32|   0|   32|          0|
    |boffset_reg_852    |  13|   0|   13|          0|
    |i_39_reg_799       |  64|   0|   64|          0|
    |i_reg_268          |  64|   0|   64|          0|
    |inneridx_reg_809   |   7|   0|    9|          2|
    |j_3_reg_842        |   8|   0|    8|          0|
    |j_cast_reg_834     |   8|   0|    9|          1|
    |j_reg_279          |   8|   0|    8|          0|
    |k_1_reg_323        |   5|   0|    5|          0|
    |k_2_reg_913        |   5|   0|    5|          0|
    |k_3_reg_1021       |   5|   0|    5|          0|
    |k_reg_300          |   5|   0|    5|          0|
    |outrowidx_reg_804  |   2|   0|    9|          7|
    |reg_348            |  32|   0|   32|          0|
    |reg_354            |  32|   0|   32|          0|
    |reg_360            |  32|   0|   32|          0|
    |reg_366            |  32|   0|   32|          0|
    |sum17_reg_983      |   7|   0|    9|          2|
    |sum32_reg_988      |  13|   0|   13|          0|
    |sum7_reg_903       |   9|   0|    9|          0|
    |sum9_reg_908       |   9|   0|    9|          0|
    |temp3_reg_290      |  32|   0|   32|          0|
    |temp_1_reg_311     |  32|   0|   32|          0|
    |tmp_66_reg_928     |  32|   0|   32|          0|
    |tmp_80_reg_791     |  13|   0|   13|          0|
    |tmp_81_reg_819     |   7|   0|    9|          2|
    |tmp_82_reg_824     |   7|   0|    9|          2|
    |tmp_84_reg_829     |   7|   0|    9|          2|
    |tmp_88_reg_888     |   4|   0|    4|          0|
    +-------------------+----+----+-----+-----------+
    |Total              | 617|   0|  635|         18|
    +-------------------+----+----+-----+-----------+



================================================================
== Interface
================================================================
* Summary: 
+------------+-----+-----+------------+-------------------+--------------+
|  RTL Ports | Dir | Bits|  Protocol  |   Source Object   |    C Type    |
+------------+-----+-----+------------+-------------------+--------------+
|ap_clk      |  in |    1| ap_ctrl_hs | k2c_affine_matmul | return value |
|ap_rst      |  in |    1| ap_ctrl_hs | k2c_affine_matmul | return value |
|ap_start    |  in |    1| ap_ctrl_hs | k2c_affine_matmul | return value |
|ap_done     | out |    1| ap_ctrl_hs | k2c_affine_matmul | return value |
|ap_idle     | out |    1| ap_ctrl_hs | k2c_affine_matmul | return value |
|ap_ready    | out |    1| ap_ctrl_hs | k2c_affine_matmul | return value |
|C_address0  | out |    7|  ap_memory |         C         |     array    |
|C_ce0       | out |    1|  ap_memory |         C         |     array    |
|C_we0       | out |    1|  ap_memory |         C         |     array    |
|C_d0        | out |   32|  ap_memory |         C         |     array    |
|A_address0  | out |    7|  ap_memory |         A         |     array    |
|A_ce0       | out |    1|  ap_memory |         A         |     array    |
|A_q0        |  in |   32|  ap_memory |         A         |     array    |
|A_address1  | out |    7|  ap_memory |         A         |     array    |
|A_ce1       | out |    1|  ap_memory |         A         |     array    |
|A_q1        |  in |   32|  ap_memory |         A         |     array    |
|B_address0  | out |   12|  ap_memory |         B         |     array    |
|B_ce0       | out |    1|  ap_memory |         B         |     array    |
|B_q0        |  in |   32|  ap_memory |         B         |     array    |
|B_address1  | out |   12|  ap_memory |         B         |     array    |
|B_ce1       | out |    1|  ap_memory |         B         |     array    |
|B_q1        |  in |   32|  ap_memory |         B         |     array    |
|d_address0  | out |    7|  ap_memory |         d         |     array    |
|d_ce0       | out |    1|  ap_memory |         d         |     array    |
|d_q0        |  in |   32|  ap_memory |         d         |     array    |
|outrows     |  in |   64|   ap_none  |      outrows      |    scalar    |
+------------+-----+-----+------------+-------------------+--------------+

