

================================================================
== Vivado HLS Report for 'sample'
================================================================
* Date:           Wed Apr 24 12:33:14 2024

* Version:        2018.2 (Build 2258646 on Thu Jun 14 20:25:20 MDT 2018)
* Project:        Group_5
* Solution:       Resource_optimized
* Product family: artix7
* Target device:  xc7a200tfbg676-2


================================================================
== Performance Estimates
================================================================
+ Timing (ns): 
    * Summary: 
    +--------+-------+----------+------------+
    |  Clock | Target| Estimated| Uncertainty|
    +--------+-------+----------+------------+
    |ap_clk  |  10.00|     9.597|        1.25|
    +--------+-------+----------+------------+

+ Latency (clock cycles): 
    * Summary: 
    +-----+-----+-----+-----+---------+
    |  Latency  |  Interval | Pipeline|
    | min | max | min | max |   Type  |
    +-----+-----+-----+-----+---------+
    |    ?|    ?|    ?|    ?|   none  |
    +-----+-----+-----+-----+---------+

    + Detail: 
        * Instance: 
        +------------------------+-------------+-----+-----+-----+-----+---------+
        |                        |             |  Latency  |  Interval | Pipeline|
        |        Instance        |    Module   | min | max | min | max |   Type  |
        +------------------------+-------------+-----+-----+-----+-----+---------+
        |grp_k2c_dense_fu_176    |k2c_dense    |    ?|    ?|    ?|    ?|   none  |
        |grp_k2c_dense_3_fu_200  |k2c_dense_3  |    ?|    ?|    ?|    ?|   none  |
        |grp_k2c_dense_2_fu_227  |k2c_dense_2  |    ?|    ?|    ?|    ?|   none  |
        |grp_k2c_dense_1_fu_253  |k2c_dense_1  |    ?|    ?|    ?|    ?|   none  |
        +------------------------+-------------+-----+-----+-----+-----+---------+

        * Loop: 
        +-------------------------+-----+-----+----------+-----------+-----------+------+----------+
        |                         |  Latency  | Iteration|  Initiation Interval  | Trip |          |
        |        Loop Name        | min | max |  Latency |  achieved |   target  | Count| Pipelined|
        +-------------------------+-----+-----+----------+-----------+-----------+------+----------+
        |- memset_dense_16_fwork  |   31|   31|         1|          -|          -|    32|    no    |
        +-------------------------+-----+-----+----------+-----------+-----------+------+----------+



================================================================
== Utilization Estimates
================================================================
* Summary: 
+-----------------+---------+-------+--------+--------+
|       Name      | BRAM_18K| DSP48E|   FF   |   LUT  |
+-----------------+---------+-------+--------+--------+
|DSP              |        -|      -|       -|       -|
|Expression       |        -|      -|       0|      26|
|FIFO             |        -|      -|       -|       -|
|Instance         |       78|    282|   47810|   44793|
|Memory           |        6|      -|      64|       8|
|Multiplexer      |        -|      -|       -|     269|
|Register         |        -|      -|      18|       -|
+-----------------+---------+-------+--------+--------+
|Total            |       84|    282|   47892|   45096|
+-----------------+---------+-------+--------+--------+
|Available        |      730|    740|  269200|  129000|
+-----------------+---------+-------+--------+--------+
|Utilization (%)  |       11|     38|      17|      34|
+-----------------+---------+-------+--------+--------+

+ Detail: 
    * Instance: 
    +------------------------+-------------+---------+-------+-------+-------+
    |        Instance        |    Module   | BRAM_18K| DSP48E|   FF  |  LUT  |
    +------------------------+-------------+---------+-------+-------+-------+
    |grp_k2c_dense_fu_176    |k2c_dense    |        4|     70|  12550|  12280|
    |grp_k2c_dense_1_fu_253  |k2c_dense_1  |        8|     65|  11404|  10577|
    |grp_k2c_dense_2_fu_227  |k2c_dense_2  |       37|     65|  11535|  10686|
    |grp_k2c_dense_3_fu_200  |k2c_dense_3  |       29|     82|  12321|  11250|
    +------------------------+-------------+---------+-------+-------+-------+
    |Total                   |             |       78|    282|  47810|  44793|
    +------------------------+-------------+---------+-------+-------+-------+

    * DSP48: 
    N/A

    * Memory: 
    +------------------------+----------------------+---------+----+----+------+-----+------+-------------+
    |         Memory         |        Module        | BRAM_18K| FF | LUT| Words| Bits| Banks| W*Bits*Banks|
    +------------------------+----------------------+---------+----+----+------+-----+------+-------------+
    |dense_13_output_arra_U  |sample_dense_13_oRg6  |        2|   0|   0|   128|   32|     1|         4096|
    |dense_14_output_arra_U  |sample_dense_14_oShg  |        2|   0|   0|    32|   32|     1|         1024|
    |dense_15_output_arra_U  |sample_dense_15_oThq  |        0|  64|   8|    16|   32|     1|          512|
    |dense_16_fwork_U        |sample_dense_16_fUhA  |        2|   0|   0|    32|   32|     1|         1024|
    +------------------------+----------------------+---------+----+----+------+-----+------+-------------+
    |Total                   |                      |        6|  64|   8|   208|  128|     4|         6656|
    +------------------------+----------------------+---------+----+----+------+-----+------+-------------+

    * FIFO: 
    N/A

    * Expression: 
    +---------------------+----------+-------+---+----+------------+------------+
    |    Variable Name    | Operation| DSP48E| FF| LUT| Bitwidth P0| Bitwidth P1|
    +---------------------+----------+-------+---+----+------------+------------+
    |indvarinc_fu_315_p2  |     +    |      0|  0|  15|           5|           1|
    |tmp_1_fu_326_p2      |   icmp   |      0|  0|  11|           5|           2|
    +---------------------+----------+-------+---+----+------------+------------+
    |Total                |          |      0|  0|  26|          10|           3|
    +---------------------+----------+-------+---+----+------------+------------+

    * Multiplexer: 
    +-------------------------------+----+-----------+-----+-----------+
    |              Name             | LUT| Input Size| Bits| Total Bits|
    +-------------------------------+----+-----------+-----+-----------+
    |ap_NS_fsm                      |  47|         10|    1|         10|
    |dense_13_output_arra_address0  |  15|          3|    7|         21|
    |dense_13_output_arra_ce0       |  15|          3|    1|          3|
    |dense_13_output_arra_ce1       |   9|          2|    1|          2|
    |dense_13_output_arra_we0       |   9|          2|    1|          2|
    |dense_14_output_arra_address0  |  15|          3|    5|         15|
    |dense_14_output_arra_ce0       |  15|          3|    1|          3|
    |dense_14_output_arra_ce1       |   9|          2|    1|          2|
    |dense_14_output_arra_we0       |   9|          2|    1|          2|
    |dense_15_output_arra_address0  |  15|          3|    4|         12|
    |dense_15_output_arra_ce0       |  15|          3|    1|          3|
    |dense_15_output_arra_ce1       |   9|          2|    1|          2|
    |dense_15_output_arra_we0       |   9|          2|    1|          2|
    |dense_16_fwork_address0        |  15|          3|    5|         15|
    |dense_16_fwork_ce0             |  15|          3|    1|          3|
    |dense_16_fwork_ce1             |   9|          2|    1|          2|
    |dense_16_fwork_d0              |  15|          3|   32|         96|
    |dense_16_fwork_we0             |  15|          3|    1|          3|
    |invdar_reg_165                 |   9|          2|    5|         10|
    +-------------------------------+----+-----------+-----+-----------+
    |Total                          | 269|         56|   71|        208|
    +-------------------------------+----+-----------+-----+-----------+

    * Register: 
    +-------------------------------------+---+----+-----+-----------+
    |                 Name                | FF| LUT| Bits| Const Bits|
    +-------------------------------------+---+----+-----+-----------+
    |ap_CS_fsm                            |  9|   0|    9|          0|
    |dense_13_kernel_dim                  |  0|   0|   64|         64|
    |dense_13_output_dim                  |  0|   0|   64|         64|
    |dense_13_output_nume                 |  0|   0|   64|         64|
    |dense_14_kernel_dim                  |  0|   0|   64|         64|
    |dense_14_output_dim                  |  0|   0|   64|         64|
    |dense_14_output_nume                 |  0|   0|   64|         64|
    |dense_15_kernel_dim                  |  0|   0|   64|         64|
    |dense_15_output_dim                  |  0|   0|   64|         64|
    |dense_15_output_nume                 |  0|   0|   64|         64|
    |dense_16_kernel_dim                  |  0|   0|   64|         64|
    |grp_k2c_dense_1_fu_253_ap_start_reg  |  1|   0|    1|          0|
    |grp_k2c_dense_2_fu_227_ap_start_reg  |  1|   0|    1|          0|
    |grp_k2c_dense_3_fu_200_ap_start_reg  |  1|   0|    1|          0|
    |grp_k2c_dense_fu_176_ap_start_reg    |  1|   0|    1|          0|
    |invdar_reg_165                       |  5|   0|    5|          0|
    |reg_297                              |  0|   0|   64|         64|
    |reg_303                              |  0|   0|   64|         64|
    |reg_309                              |  0|   0|   64|         64|
    +-------------------------------------+---+----+-----+-----------+
    |Total                                | 18|   0|  850|        832|
    +-------------------------------------+---+----+-----+-----------+



================================================================
== Interface
================================================================
* Summary: 
+-------------------------------------+-----+-----+------------+----------------------------+--------------+
|              RTL Ports              | Dir | Bits|  Protocol  |        Source Object       |    C Type    |
+-------------------------------------+-----+-----+------------+----------------------------+--------------+
|ap_clk                               |  in |    1| ap_ctrl_hs |           sample           | return value |
|ap_rst                               |  in |    1| ap_ctrl_hs |           sample           | return value |
|ap_start                             |  in |    1| ap_ctrl_hs |           sample           | return value |
|ap_done                              | out |    1| ap_ctrl_hs |           sample           | return value |
|ap_idle                              | out |    1| ap_ctrl_hs |           sample           | return value |
|ap_ready                             | out |    1| ap_ctrl_hs |           sample           | return value |
|dense_13_input_input_array_address0  | out |    7|  ap_memory | dense_13_input_input_array |     array    |
|dense_13_input_input_array_ce0       | out |    1|  ap_memory | dense_13_input_input_array |     array    |
|dense_13_input_input_array_q0        |  in |   32|  ap_memory | dense_13_input_input_array |     array    |
|dense_13_input_input_array_address1  | out |    7|  ap_memory | dense_13_input_input_array |     array    |
|dense_13_input_input_array_ce1       | out |    1|  ap_memory | dense_13_input_input_array |     array    |
|dense_13_input_input_array_q1        |  in |   32|  ap_memory | dense_13_input_input_array |     array    |
|dense_13_input_input_dim             |  in |   64|   ap_none  |  dense_13_input_input_dim  |    scalar    |
|dense_13_input_input_numel           |  in |   64|   ap_none  | dense_13_input_input_numel |    pointer   |
|dense_13_input_input_shape_address0  | out |    3|  ap_memory | dense_13_input_input_shape |     array    |
|dense_13_input_input_shape_ce0       | out |    1|  ap_memory | dense_13_input_input_shape |     array    |
|dense_13_input_input_shape_q0        |  in |   64|  ap_memory | dense_13_input_input_shape |     array    |
|dense_16_output_arrray_address0      | out |    1|  ap_memory |   dense_16_output_arrray   |     array    |
|dense_16_output_arrray_ce0           | out |    1|  ap_memory |   dense_16_output_arrray   |     array    |
|dense_16_output_arrray_we0           | out |    1|  ap_memory |   dense_16_output_arrray   |     array    |
|dense_16_output_arrray_d0            | out |   32|  ap_memory |   dense_16_output_arrray   |     array    |
|dense_16_output_arrray_q0            |  in |   32|  ap_memory |   dense_16_output_arrray   |     array    |
|dense_16_output_dim                  |  in |   64|   ap_none  |     dense_16_output_dim    |    scalar    |
|dense_16_output_numel                |  in |   64|   ap_none  |    dense_16_output_numel   |    pointer   |
|dense_16_output_shape_address0       | out |    3|  ap_memory |    dense_16_output_shape   |     array    |
|dense_16_output_shape_ce0            | out |    1|  ap_memory |    dense_16_output_shape   |     array    |
|dense_16_output_shape_we0            | out |    1|  ap_memory |    dense_16_output_shape   |     array    |
|dense_16_output_shape_d0             | out |   64|  ap_memory |    dense_16_output_shape   |     array    |
|dense_16_output_shape_q0             |  in |   64|  ap_memory |    dense_16_output_shape   |     array    |
|dense_16_output_shape_address1       | out |    3|  ap_memory |    dense_16_output_shape   |     array    |
|dense_16_output_shape_ce1            | out |    1|  ap_memory |    dense_16_output_shape   |     array    |
|dense_16_output_shape_we1            | out |    1|  ap_memory |    dense_16_output_shape   |     array    |
|dense_16_output_shape_d1             | out |   64|  ap_memory |    dense_16_output_shape   |     array    |
|dense_16_output_shape_q1             |  in |   64|  ap_memory |    dense_16_output_shape   |     array    |
+-------------------------------------+-----+-----+------------+----------------------------+--------------+

