

================================================================
== Vivado HLS Report for 'k2c_sub2idx'
================================================================
* Date:           Wed Apr 24 12:32:42 2024

* Version:        2018.2 (Build 2258646 on Thu Jun 14 20:25:20 MDT 2018)
* Project:        Group_5
* Solution:       Resource_optimized
* Product family: artix7
* Target device:  xc7a200tfbg676-2


================================================================
== Performance Estimates
================================================================
+ Timing (ns): 
    * Summary: 
    +--------+-------+----------+------------+
    |  Clock | Target| Estimated| Uncertainty|
    +--------+-------+----------+------------+
    |ap_clk  |  10.00|     8.609|        1.25|
    +--------+-------+----------+------------+

+ Latency (clock cycles): 
    * Summary: 
    +-----+-----+-----+-----+---------+
    |  Latency  |  Interval | Pipeline|
    | min | max | min | max |   Type  |
    +-----+-----+-----+-----+---------+
    |    ?|    ?|    ?|    ?|   none  |
    +-----+-----+-----+-----+---------+

    + Detail: 
        * Instance: 
        N/A

        * Loop: 
        +-------------+-----+-----+----------+-----------+-----------+------+----------+
        |             |  Latency  | Iteration|  Initiation Interval  | Trip |          |
        |  Loop Name  | min | max |  Latency |  achieved |   target  | Count| Pipelined|
        +-------------+-----+-----+----------+-----------+-----------+------+----------+
        |- Loop 1     |    ?|    ?|         ?|          -|          -|     ?|    no    |
        | + Loop 1.1  |    ?|    ?|         4|          -|          -|     ?|    no    |
        | + Loop 1.2  |    ?|    ?|         4|          -|          -|     ?|    no    |
        +-------------+-----+-----+----------+-----------+-----------+------+----------+



================================================================
== Utilization Estimates
================================================================
* Summary: 
+-----------------+---------+-------+--------+--------+
|       Name      | BRAM_18K| DSP48E|   FF   |   LUT  |
+-----------------+---------+-------+--------+--------+
|DSP              |        -|      -|       -|       -|
|Expression       |        -|      -|       0|     535|
|FIFO             |        -|      -|       -|       -|
|Instance         |        -|     32|     722|     390|
|Memory           |        -|      -|       -|       -|
|Multiplexer      |        -|      -|       -|     161|
|Register         |        -|      -|     844|       -|
+-----------------+---------+-------+--------+--------+
|Total            |        0|     32|    1566|    1086|
+-----------------+---------+-------+--------+--------+
|Available        |      730|    740|  269200|  129000|
+-----------------+---------+-------+--------+--------+
|Utilization (%)  |        0|      4|   ~0   |   ~0   |
+-----------------+---------+-------+--------+--------+

+ Detail: 
    * Instance: 
    +--------------------------+----------------------+---------+-------+-----+-----+
    |         Instance         |        Module        | BRAM_18K| DSP48E|  FF | LUT |
    +--------------------------+----------------------+---------+-------+-----+-----+
    |sample_mul_64s_64dEe_U11  |sample_mul_64s_64dEe  |        0|     16|  361|  195|
    |sample_mul_64s_64dEe_U12  |sample_mul_64s_64dEe  |        0|     16|  361|  195|
    +--------------------------+----------------------+---------+-------+-----+-----+
    |Total                     |                      |        0|     32|  722|  390|
    +--------------------------+----------------------+---------+-------+-----+-----+

    * DSP48: 
    N/A

    * Memory: 
    N/A

    * FIFO: 
    N/A

    * Expression: 
    +----------------------+----------+-------+---+----+------------+------------+
    |     Variable Name    | Operation| DSP48E| FF| LUT| Bitwidth P0| Bitwidth P1|
    +----------------------+----------+-------+---+----+------------+------------+
    |i_1_1_fu_200_p2       |     +    |      0|  0|  71|          64|           2|
    |idx_1_1_fu_195_p2     |     +    |      0|  0|  71|          64|          64|
    |idx_1_fu_159_p2       |     +    |      0|  0|  71|          64|          64|
    |j_1_fu_183_p2         |     +    |      0|  0|  71|          64|           2|
    |j_fu_146_p2           |     +    |      0|  0|  71|          64|           2|
    |exitcond_1_fu_172_p2  |   icmp   |      0|  0|  29|          64|          64|
    |exitcond_fu_141_p2    |   icmp   |      0|  0|  29|          64|          64|
    |tmp_1_fu_190_p2       |   icmp   |      0|  0|  29|          64|          64|
    |tmp_fu_153_p2         |   icmp   |      0|  0|  29|          64|          64|
    |i_1_s_fu_165_p2       |    or    |      0|  0|  64|          64|           1|
    +----------------------+----------+-------+---+----+------------+------------+
    |Total                 |          |      0|  0| 535|         640|         391|
    +----------------------+----------+-------+---+----+------------+------------+

    * Multiplexer: 
    +-------------------+----+-----------+-----+-----------+
    |        Name       | LUT| Input Size| Bits| Total Bits|
    +-------------------+----+-----------+-----+-----------+
    |ap_NS_fsm          |  59|         14|    1|         14|
    |ap_return          |   9|          2|   64|        128|
    |i_reg_76           |   9|          2|   64|        128|
    |idx_lcssa_reg_127  |   9|          2|   64|        128|
    |idx_reg_64         |   9|          2|   64|        128|
    |j_0_in_1_reg_118   |   9|          2|   64|        128|
    |j_0_in_reg_99      |   9|          2|   64|        128|
    |shape_address0     |  15|          3|    3|          9|
    |sub_address0       |  15|          3|    3|          9|
    |temp1_1_reg_108    |   9|          2|   64|        128|
    |temp1_reg_89       |   9|          2|   64|        128|
    +-------------------+----+-----------+-----+-----------+
    |Total              | 161|         36|  519|       1056|
    +-------------------+----+-----------+-----+-----------+

    * Register: 
    +-------------------+----+----+-----+-----------+
    |        Name       | FF | LUT| Bits| Const Bits|
    +-------------------+----+----+-----+-----------+
    |ap_CS_fsm          |  13|   0|   13|          0|
    |ap_return_preg     |  64|   0|   64|          0|
    |i_1_s_reg_252      |  63|   0|   64|          1|
    |i_reg_76           |  64|   0|   64|          0|
    |idx_1_reg_246      |  64|   0|   64|          0|
    |idx_lcssa_reg_127  |  64|   0|   64|          0|
    |idx_reg_64         |  64|   0|   64|          0|
    |j_0_in_1_reg_118   |  64|   0|   64|          0|
    |j_0_in_reg_99      |  64|   0|   64|          0|
    |j_1_reg_275        |  64|   0|   64|          0|
    |j_reg_233          |  64|   0|   64|          0|
    |reg_137            |  64|   0|   64|          0|
    |temp1_1_reg_108    |  64|   0|   64|          0|
    |temp1_reg_89       |  64|   0|   64|          0|
    +-------------------+----+----+-----+-----------+
    |Total              | 844|   0|  845|          1|
    +-------------------+----+----+-----+-----------+



================================================================
== Interface
================================================================
* Summary: 
+----------------+-----+-----+------------+--------------+--------------+
|    RTL Ports   | Dir | Bits|  Protocol  | Source Object|    C Type    |
+----------------+-----+-----+------------+--------------+--------------+
|ap_clk          |  in |    1| ap_ctrl_hs |  k2c_sub2idx | return value |
|ap_rst          |  in |    1| ap_ctrl_hs |  k2c_sub2idx | return value |
|ap_start        |  in |    1| ap_ctrl_hs |  k2c_sub2idx | return value |
|ap_done         | out |    1| ap_ctrl_hs |  k2c_sub2idx | return value |
|ap_idle         | out |    1| ap_ctrl_hs |  k2c_sub2idx | return value |
|ap_ready        | out |    1| ap_ctrl_hs |  k2c_sub2idx | return value |
|ap_return       | out |   64| ap_ctrl_hs |  k2c_sub2idx | return value |
|sub_address0    | out |    3|  ap_memory |      sub     |     array    |
|sub_ce0         | out |    1|  ap_memory |      sub     |     array    |
|sub_q0          |  in |   64|  ap_memory |      sub     |     array    |
|shape_address0  | out |    3|  ap_memory |     shape    |     array    |
|shape_ce0       | out |    1|  ap_memory |     shape    |     array    |
|shape_q0        |  in |   64|  ap_memory |     shape    |     array    |
|ndim            |  in |   64|   ap_none  |     ndim     |    scalar    |
+----------------+-----+-----+------------+--------------+--------------+

============================================================
+ Verbose Summary: Synthesis Manager
============================================================
InlineROM: 1
ExposeGlobal: 0
============================================================
+ Verbose Summary: CDFG Model
============================================================
IsTopModel: 0
ResetActiveHigh: 1
IsCombinational: 2
IsDatapathOnly: 2
HasWiredReturn: 1
HasMFsm: 0
HasVarLatency: 1
IsPipeline: 0
IsRtlPipelined: 0
IsInstanceOverlapped: 0
IsDontTouch: 0
HasImplIP: 0
IsGatedGlobalClock: 0


============================================================
+ Verbose Summary: Schedule
============================================================
* Number of FSM states : 13
* Pipeline : 0
* Dataflow Pipeline: 0

* FSM state transitions: 
1 --> 
	2  / true
2 --> 
	3  / (!exitcond)
	13  / (exitcond)
3 --> 
	4  / true
4 --> 
	5  / (tmp)
	8  / (!tmp & !exitcond_1)
	13  / (!tmp & exitcond_1)
5 --> 
	6  / true
6 --> 
	7  / true
7 --> 
	4  / true
8 --> 
	9  / true
9 --> 
	10  / (tmp_1)
	2  / (!tmp_1)
10 --> 
	11  / true
11 --> 
	12  / true
12 --> 
	9  / true
13 --> 

* FSM state operations: 

State 1 <SV = 0> <Delay = 1.35>
ST_1 : Operation 14 [1/1] (0.00ns)   --->   "%ndim_read = call i64 @_ssdm_op_Read.ap_auto.i64(i64 %ndim)"   --->   Operation 14 'read' 'ndim_read' <Predicate = true> <Delay = 0.00>
ST_1 : Operation 15 [1/1] (1.35ns)   --->   "br label %1" [Group_5/sample.c:1574]   --->   Operation 15 'br' <Predicate = true> <Delay = 1.35>

State 2 <SV = 1> <Delay = 3.69>
ST_2 : Operation 16 [1/1] (0.00ns)   --->   "%idx = phi i64 [ 0, %0 ], [ %idx_1_1, %6 ]" [Group_5/sample.c:1580]   --->   Operation 16 'phi' 'idx' <Predicate = true> <Delay = 0.00>
ST_2 : Operation 17 [1/1] (0.00ns)   --->   "%i = phi i64 [ 0, %0 ], [ %i_1_1, %6 ]" [Group_5/sample.c:1574]   --->   Operation 17 'phi' 'i' <Predicate = true> <Delay = 0.00>
ST_2 : Operation 18 [1/1] (2.34ns)   --->   "%exitcond = icmp eq i64 %i, %ndim_read" [Group_5/sample.c:1574]   --->   Operation 18 'icmp' 'exitcond' <Predicate = true> <Delay = 2.34> <Core = "Cmp">   --->   Core 25 'Cmp' <Latency = 0> <II = 1> <Delay = 2.34> <FuncUnit> <Opcode : 'icmp'> <InPorts = 2> <OutPorts = 1>
ST_2 : Operation 19 [1/1] (1.35ns)   --->   "br i1 %exitcond, label %10, label %4" [Group_5/sample.c:1574]   --->   Operation 19 'br' <Predicate = true> <Delay = 1.35>
ST_2 : Operation 20 [1/1] (0.00ns)   --->   "%sub_addr = getelementptr [5 x i64]* %sub, i64 0, i64 %i" [Group_5/sample.c:1576]   --->   Operation 20 'getelementptr' 'sub_addr' <Predicate = (!exitcond)> <Delay = 0.00>
ST_2 : Operation 21 [2/2] (1.75ns)   --->   "%sub_load = load i64* %sub_addr, align 8" [Group_5/sample.c:1576]   --->   Operation 21 'load' 'sub_load' <Predicate = (!exitcond)> <Delay = 1.75> <Core = "RAM">   --->   Core 37 'RAM' <Latency = 1> <II = 1> <Delay = 1.75> <Storage> <Opcode : 'load' 'store'> <Ports = 2> <Width = 32> <Depth = 16> <RAM>

State 3 <SV = 2> <Delay = 1.75>
ST_3 : Operation 22 [1/2] (1.75ns)   --->   "%sub_load = load i64* %sub_addr, align 8" [Group_5/sample.c:1576]   --->   Operation 22 'load' 'sub_load' <Predicate = true> <Delay = 1.75> <Core = "RAM">   --->   Core 37 'RAM' <Latency = 1> <II = 1> <Delay = 1.75> <Storage> <Opcode : 'load' 'store'> <Ports = 2> <Width = 32> <Depth = 16> <RAM>
ST_3 : Operation 23 [1/1] (1.35ns)   --->   "br label %3" [Group_5/sample.c:1577]   --->   Operation 23 'br' <Predicate = true> <Delay = 1.35>

State 4 <SV = 3> <Delay = 5.33>
ST_4 : Operation 24 [1/1] (0.00ns)   --->   "%temp1 = phi i64 [ %sub_load, %4 ], [ %temp_1, %5 ]" [Group_5/sample.c:1576]   --->   Operation 24 'phi' 'temp1' <Predicate = true> <Delay = 0.00>
ST_4 : Operation 25 [1/1] (0.00ns)   --->   "%j_0_in = phi i64 [ %ndim_read, %4 ], [ %j, %5 ]" [Group_5/sample.c:1577]   --->   Operation 25 'phi' 'j_0_in' <Predicate = true> <Delay = 0.00>
ST_4 : Operation 26 [1/1] (2.99ns)   --->   "%j = add i64 %j_0_in, -1" [Group_5/sample.c:1577]   --->   Operation 26 'add' 'j' <Predicate = true> <Delay = 2.99> <Core = "AddSub">   --->   Core 14 'AddSub' <Latency = 0> <II = 1> <Delay = 2.99> <FuncUnit> <Opcode : 'add' 'sub'> <InPorts = 2> <OutPorts = 1>
ST_4 : Operation 27 [1/1] (2.34ns)   --->   "%tmp = icmp ugt i64 %j, %i" [Group_5/sample.c:1577]   --->   Operation 27 'icmp' 'tmp' <Predicate = true> <Delay = 2.34> <Core = "Cmp">   --->   Core 25 'Cmp' <Latency = 0> <II = 1> <Delay = 2.34> <FuncUnit> <Opcode : 'icmp'> <InPorts = 2> <OutPorts = 1>
ST_4 : Operation 28 [1/1] (0.00ns)   --->   "br i1 %tmp, label %5, label %2" [Group_5/sample.c:1577]   --->   Operation 28 'br' <Predicate = true> <Delay = 0.00>
ST_4 : Operation 29 [1/1] (0.00ns)   --->   "%shape_addr = getelementptr [5 x i64]* %shape, i64 0, i64 %j" [Group_5/sample.c:1578]   --->   Operation 29 'getelementptr' 'shape_addr' <Predicate = (tmp)> <Delay = 0.00>
ST_4 : Operation 30 [2/2] (1.75ns)   --->   "%shape_load = load i64* %shape_addr, align 8" [Group_5/sample.c:1578]   --->   Operation 30 'load' 'shape_load' <Predicate = (tmp)> <Delay = 1.75> <Core = "RAM">   --->   Core 37 'RAM' <Latency = 1> <II = 1> <Delay = 1.75> <Storage> <Opcode : 'load' 'store'> <Ports = 2> <Width = 32> <Depth = 16> <RAM>
ST_4 : Operation 31 [1/1] (2.99ns)   --->   "%idx_1 = add i64 %temp1, %idx" [Group_5/sample.c:1580]   --->   Operation 31 'add' 'idx_1' <Predicate = (!tmp)> <Delay = 2.99> <Core = "AddSub">   --->   Core 14 'AddSub' <Latency = 0> <II = 1> <Delay = 2.99> <FuncUnit> <Opcode : 'add' 'sub'> <InPorts = 2> <OutPorts = 1>
ST_4 : Operation 32 [1/1] (0.00ns)   --->   "%i_1_s = or i64 %i, 1" [Group_5/sample.c:1574]   --->   Operation 32 'or' 'i_1_s' <Predicate = (!tmp)> <Delay = 0.00>
ST_4 : Operation 33 [1/1] (2.34ns)   --->   "%exitcond_1 = icmp eq i64 %i_1_s, %ndim_read" [Group_5/sample.c:1574]   --->   Operation 33 'icmp' 'exitcond_1' <Predicate = (!tmp)> <Delay = 2.34> <Core = "Cmp">   --->   Core 25 'Cmp' <Latency = 0> <II = 1> <Delay = 2.34> <FuncUnit> <Opcode : 'icmp'> <InPorts = 2> <OutPorts = 1>
ST_4 : Operation 34 [1/1] (1.35ns)   --->   "br i1 %exitcond_1, label %10, label %8" [Group_5/sample.c:1574]   --->   Operation 34 'br' <Predicate = (!tmp)> <Delay = 1.35>
ST_4 : Operation 35 [1/1] (0.00ns)   --->   "%sub_addr_1 = getelementptr [5 x i64]* %sub, i64 0, i64 %i_1_s" [Group_5/sample.c:1576]   --->   Operation 35 'getelementptr' 'sub_addr_1' <Predicate = (!tmp & !exitcond_1)> <Delay = 0.00>
ST_4 : Operation 36 [2/2] (1.75ns)   --->   "%sub_load_1 = load i64* %sub_addr_1, align 8" [Group_5/sample.c:1576]   --->   Operation 36 'load' 'sub_load_1' <Predicate = (!tmp & !exitcond_1)> <Delay = 1.75> <Core = "RAM">   --->   Core 37 'RAM' <Latency = 1> <II = 1> <Delay = 1.75> <Storage> <Opcode : 'load' 'store'> <Ports = 2> <Width = 32> <Depth = 16> <RAM>

State 5 <SV = 4> <Delay = 1.75>
ST_5 : Operation 37 [1/2] (1.75ns)   --->   "%shape_load = load i64* %shape_addr, align 8" [Group_5/sample.c:1578]   --->   Operation 37 'load' 'shape_load' <Predicate = true> <Delay = 1.75> <Core = "RAM">   --->   Core 37 'RAM' <Latency = 1> <II = 1> <Delay = 1.75> <Storage> <Opcode : 'load' 'store'> <Ports = 2> <Width = 32> <Depth = 16> <RAM>

State 6 <SV = 5> <Delay = 8.60>
ST_6 : Operation 38 [2/2] (8.60ns)   --->   "%temp_1 = mul i64 %shape_load, %temp1" [Group_5/sample.c:1578]   --->   Operation 38 'mul' 'temp_1' <Predicate = true> <Delay = 8.60> <Core = "MulnS">   --->   Core 17 'MulnS' <Latency = 1> <II = 1> <Delay = 8.60> <FuncUnit> <Opcode : 'mul'> <InPorts = 2> <OutPorts = 1>

State 7 <SV = 6> <Delay = 8.60>
ST_7 : Operation 39 [1/2] (8.60ns)   --->   "%temp_1 = mul i64 %shape_load, %temp1" [Group_5/sample.c:1578]   --->   Operation 39 'mul' 'temp_1' <Predicate = true> <Delay = 8.60> <Core = "MulnS">   --->   Core 17 'MulnS' <Latency = 1> <II = 1> <Delay = 8.60> <FuncUnit> <Opcode : 'mul'> <InPorts = 2> <OutPorts = 1>
ST_7 : Operation 40 [1/1] (0.00ns)   --->   "br label %3" [Group_5/sample.c:1577]   --->   Operation 40 'br' <Predicate = true> <Delay = 0.00>

State 8 <SV = 4> <Delay = 1.75>
ST_8 : Operation 41 [1/2] (1.75ns)   --->   "%sub_load_1 = load i64* %sub_addr_1, align 8" [Group_5/sample.c:1576]   --->   Operation 41 'load' 'sub_load_1' <Predicate = true> <Delay = 1.75> <Core = "RAM">   --->   Core 37 'RAM' <Latency = 1> <II = 1> <Delay = 1.75> <Storage> <Opcode : 'load' 'store'> <Ports = 2> <Width = 32> <Depth = 16> <RAM>
ST_8 : Operation 42 [1/1] (1.35ns)   --->   "br label %7" [Group_5/sample.c:1577]   --->   Operation 42 'br' <Predicate = true> <Delay = 1.35>

State 9 <SV = 5> <Delay = 5.33>
ST_9 : Operation 43 [1/1] (0.00ns)   --->   "%temp1_1 = phi i64 [ %sub_load_1, %8 ], [ %temp_1_1, %9 ]" [Group_5/sample.c:1576]   --->   Operation 43 'phi' 'temp1_1' <Predicate = true> <Delay = 0.00>
ST_9 : Operation 44 [1/1] (0.00ns)   --->   "%j_0_in_1 = phi i64 [ %ndim_read, %8 ], [ %j_1, %9 ]" [Group_5/sample.c:1577]   --->   Operation 44 'phi' 'j_0_in_1' <Predicate = true> <Delay = 0.00>
ST_9 : Operation 45 [1/1] (2.99ns)   --->   "%j_1 = add i64 %j_0_in_1, -1" [Group_5/sample.c:1577]   --->   Operation 45 'add' 'j_1' <Predicate = true> <Delay = 2.99> <Core = "AddSub">   --->   Core 14 'AddSub' <Latency = 0> <II = 1> <Delay = 2.99> <FuncUnit> <Opcode : 'add' 'sub'> <InPorts = 2> <OutPorts = 1>
ST_9 : Operation 46 [1/1] (2.34ns)   --->   "%tmp_1 = icmp ugt i64 %j_1, %i_1_s" [Group_5/sample.c:1577]   --->   Operation 46 'icmp' 'tmp_1' <Predicate = true> <Delay = 2.34> <Core = "Cmp">   --->   Core 25 'Cmp' <Latency = 0> <II = 1> <Delay = 2.34> <FuncUnit> <Opcode : 'icmp'> <InPorts = 2> <OutPorts = 1>
ST_9 : Operation 47 [1/1] (0.00ns)   --->   "br i1 %tmp_1, label %9, label %6" [Group_5/sample.c:1577]   --->   Operation 47 'br' <Predicate = true> <Delay = 0.00>
ST_9 : Operation 48 [1/1] (0.00ns)   --->   "%shape_addr_1 = getelementptr [5 x i64]* %shape, i64 0, i64 %j_1" [Group_5/sample.c:1578]   --->   Operation 48 'getelementptr' 'shape_addr_1' <Predicate = (tmp_1)> <Delay = 0.00>
ST_9 : Operation 49 [2/2] (1.75ns)   --->   "%shape_load_1 = load i64* %shape_addr_1, align 8" [Group_5/sample.c:1578]   --->   Operation 49 'load' 'shape_load_1' <Predicate = (tmp_1)> <Delay = 1.75> <Core = "RAM">   --->   Core 37 'RAM' <Latency = 1> <II = 1> <Delay = 1.75> <Storage> <Opcode : 'load' 'store'> <Ports = 2> <Width = 32> <Depth = 16> <RAM>
ST_9 : Operation 50 [1/1] (2.99ns)   --->   "%idx_1_1 = add i64 %temp1_1, %idx_1" [Group_5/sample.c:1580]   --->   Operation 50 'add' 'idx_1_1' <Predicate = (!tmp_1)> <Delay = 2.99> <Core = "AddSub">   --->   Core 14 'AddSub' <Latency = 0> <II = 1> <Delay = 2.99> <FuncUnit> <Opcode : 'add' 'sub'> <InPorts = 2> <OutPorts = 1>
ST_9 : Operation 51 [1/1] (2.99ns)   --->   "%i_1_1 = add i64 %i, 2" [Group_5/sample.c:1574]   --->   Operation 51 'add' 'i_1_1' <Predicate = (!tmp_1)> <Delay = 2.99> <Core = "AddSub">   --->   Core 14 'AddSub' <Latency = 0> <II = 1> <Delay = 2.99> <FuncUnit> <Opcode : 'add' 'sub'> <InPorts = 2> <OutPorts = 1>
ST_9 : Operation 52 [1/1] (0.00ns)   --->   "br label %1" [Group_5/sample.c:1574]   --->   Operation 52 'br' <Predicate = (!tmp_1)> <Delay = 0.00>

State 10 <SV = 6> <Delay = 1.75>
ST_10 : Operation 53 [1/2] (1.75ns)   --->   "%shape_load_1 = load i64* %shape_addr_1, align 8" [Group_5/sample.c:1578]   --->   Operation 53 'load' 'shape_load_1' <Predicate = true> <Delay = 1.75> <Core = "RAM">   --->   Core 37 'RAM' <Latency = 1> <II = 1> <Delay = 1.75> <Storage> <Opcode : 'load' 'store'> <Ports = 2> <Width = 32> <Depth = 16> <RAM>

State 11 <SV = 7> <Delay = 8.60>
ST_11 : Operation 54 [2/2] (8.60ns)   --->   "%temp_1_1 = mul i64 %shape_load_1, %temp1_1" [Group_5/sample.c:1578]   --->   Operation 54 'mul' 'temp_1_1' <Predicate = true> <Delay = 8.60> <Core = "MulnS">   --->   Core 17 'MulnS' <Latency = 1> <II = 1> <Delay = 8.60> <FuncUnit> <Opcode : 'mul'> <InPorts = 2> <OutPorts = 1>

State 12 <SV = 8> <Delay = 8.60>
ST_12 : Operation 55 [1/2] (8.60ns)   --->   "%temp_1_1 = mul i64 %shape_load_1, %temp1_1" [Group_5/sample.c:1578]   --->   Operation 55 'mul' 'temp_1_1' <Predicate = true> <Delay = 8.60> <Core = "MulnS">   --->   Core 17 'MulnS' <Latency = 1> <II = 1> <Delay = 8.60> <FuncUnit> <Opcode : 'mul'> <InPorts = 2> <OutPorts = 1>
ST_12 : Operation 56 [1/1] (0.00ns)   --->   "br label %7" [Group_5/sample.c:1577]   --->   Operation 56 'br' <Predicate = true> <Delay = 0.00>

State 13 <SV = 4> <Delay = 0.00>
ST_13 : Operation 57 [1/1] (0.00ns)   --->   "%idx_lcssa = phi i64 [ %idx, %1 ], [ %idx_1, %2 ]" [Group_5/sample.c:1580]   --->   Operation 57 'phi' 'idx_lcssa' <Predicate = true> <Delay = 0.00>
ST_13 : Operation 58 [1/1] (0.00ns)   --->   "ret i64 %idx_lcssa" [Group_5/sample.c:1582]   --->   Operation 58 'ret' <Predicate = true> <Delay = 0.00>


============================================================
+ Verbose Summary: Binding
============================================================
STG Binding: 
---------------- STG Properties BEGIN ----------------
- Is combinational: 0
- Is one-state seq: 0
- Is datapath-only: 0
- Is pipelined: 0
- Is top level: 0
Port [ Return ] is wired: 1; IO mode=ap_ctrl_hs:ce=0
Port [ sub]:  wired=1; compound=1; hidden=0; nouse=0; global=0; static=0; extern=0; dir=0; type=1; pingpong=0; private_global=0; MemPort=[13]; IO mode=ap_memory:ce=0
Port [ shape]:  wired=1; compound=1; hidden=0; nouse=0; global=0; static=0; extern=0; dir=0; type=1; pingpong=0; private_global=0; MemPort=[13]; IO mode=ap_memory:ce=0
Port [ ndim]:  wired=1; compound=0; hidden=0; nouse=0; global=0; static=0; extern=0; dir=0; type=0; pingpong=0; private_global=0; IO mode=ap_none:ce=0
---------------- STG Properties END ------------------

---------------- Datapath Model BEGIN ----------------

<LifeTime>
<method=bitvector/>
ndim_read    (read         ) [ 00111111111110]
StgValue_15  (br           ) [ 01111111111110]
idx          (phi          ) [ 00111111000001]
i            (phi          ) [ 00111111111110]
exitcond     (icmp         ) [ 00111111111110]
StgValue_19  (br           ) [ 00111111111111]
sub_addr     (getelementptr) [ 00010000000000]
sub_load     (load         ) [ 00111111111110]
StgValue_23  (br           ) [ 00111111111110]
temp1        (phi          ) [ 00001111000000]
j_0_in       (phi          ) [ 00001000000000]
j            (add          ) [ 00111111111110]
tmp          (icmp         ) [ 00111111111110]
StgValue_28  (br           ) [ 00000000000000]
shape_addr   (getelementptr) [ 00000100000000]
idx_1        (add          ) [ 00111111111111]
i_1_s        (or           ) [ 00000000111110]
exitcond_1   (icmp         ) [ 00111111111110]
StgValue_34  (br           ) [ 00111111111111]
sub_addr_1   (getelementptr) [ 00000000100000]
shape_load   (load         ) [ 00000011000000]
temp_1       (mul          ) [ 00111111111110]
StgValue_40  (br           ) [ 00111111111110]
sub_load_1   (load         ) [ 00111111111110]
StgValue_42  (br           ) [ 00111111111110]
temp1_1      (phi          ) [ 00000000011110]
j_0_in_1     (phi          ) [ 00000000010000]
j_1          (add          ) [ 00111111111110]
tmp_1        (icmp         ) [ 00111111111110]
StgValue_47  (br           ) [ 00000000000000]
shape_addr_1 (getelementptr) [ 00000000001000]
idx_1_1      (add          ) [ 01111111111110]
i_1_1        (add          ) [ 01111111111110]
StgValue_52  (br           ) [ 01111111111110]
shape_load_1 (load         ) [ 00000000000110]
temp_1_1     (mul          ) [ 00111111111110]
StgValue_56  (br           ) [ 00111111111110]
idx_lcssa    (phi          ) [ 00000000000001]
StgValue_58  (ret          ) [ 00000000000000]
</LifeTime>

<model>

<comp_list>
<comp id="0" class="1000" name="sub">
<pin_list>
<pin id="1" dir="1" index="0" bw="1" slack="0"/>
</pin_list>
<bind>
<StgValue><ssdm name="sub"/><MemPortTyVec>1 3 </MemPortTyVec>
</StgValue>
</bind>
</comp>

<comp id="2" class="1000" name="shape">
<pin_list>
<pin id="3" dir="1" index="0" bw="1" slack="0"/>
</pin_list>
<bind>
<StgValue><ssdm name="shape"/><MemPortTyVec>1 3 </MemPortTyVec>
</StgValue>
</bind>
</comp>

<comp id="4" class="1000" name="ndim">
<pin_list>
<pin id="5" dir="1" index="0" bw="1" slack="0"/>
</pin_list>
<bind>
<StgValue><ssdm name="ndim"/></StgValue>
</bind>
</comp>

<comp id="6" class="1001" name="const_6">
<pin_list>
<pin id="7" dir="1" index="0" bw="1" slack="0"/>
</pin_list>
<bind>
<StgValue><ssdm name="_ssdm_op_Read.ap_auto.i64"/></StgValue>
</bind>
</comp>

<comp id="8" class="1001" name="const_8">
<pin_list>
<pin id="9" dir="1" index="0" bw="1" slack="0"/>
</pin_list>
<bind>
<StgValue><ssdm name=""/></StgValue>
</bind>
</comp>

<comp id="10" class="1001" name="const_10">
<pin_list>
<pin id="11" dir="1" index="0" bw="1" slack="0"/>
</pin_list>
<bind>
<StgValue><ssdm name=""/></StgValue>
</bind>
</comp>

<comp id="12" class="1001" name="const_12">
<pin_list>
<pin id="13" dir="1" index="0" bw="1" slack="0"/>
</pin_list>
<bind>
<StgValue><ssdm name=""/></StgValue>
</bind>
</comp>

<comp id="14" class="1001" name="const_14">
<pin_list>
<pin id="15" dir="1" index="0" bw="1" slack="0"/>
</pin_list>
<bind>
<StgValue><ssdm name=""/></StgValue>
</bind>
</comp>

<comp id="16" class="1004" name="ndim_read_read_fu_16">
<pin_list>
<pin id="17" dir="0" index="0" bw="64" slack="0"/>
<pin id="18" dir="0" index="1" bw="64" slack="0"/>
<pin id="19" dir="1" index="2" bw="64" slack="1"/>
</pin_list>
<bind>
<opcode="read(1150) " fcode="read"/>
<opset="ndim_read/1 "/>
</bind>
</comp>

<comp id="22" class="1004" name="sub_addr_gep_fu_22">
<pin_list>
<pin id="23" dir="0" index="0" bw="64" slack="0"/>
<pin id="24" dir="0" index="1" bw="1" slack="0"/>
<pin id="25" dir="0" index="2" bw="64" slack="0"/>
<pin id="26" dir="1" index="3" bw="3" slack="0"/>
</pin_list>
<bind>
<opcode="getelementptr(29) " fcode="getelementptr"/>
<opset="sub_addr/2 "/>
</bind>
</comp>

<comp id="29" class="1004" name="grp_access_fu_29">
<pin_list>
<pin id="30" dir="0" index="0" bw="3" slack="0"/>
<pin id="31" dir="0" index="1" bw="64" slack="2147483647"/>
<pin id="32" dir="0" index="2" bw="0" slack="2147483647"/>
<pin id="33" dir="1" index="3" bw="64" slack="1"/>
</pin_list>
<bind>
<opcode="load(27) " fcode="load"/>
<opset="sub_load/2 sub_load_1/4 "/>
</bind>
</comp>

<comp id="35" class="1004" name="shape_addr_gep_fu_35">
<pin_list>
<pin id="36" dir="0" index="0" bw="64" slack="0"/>
<pin id="37" dir="0" index="1" bw="1" slack="0"/>
<pin id="38" dir="0" index="2" bw="64" slack="0"/>
<pin id="39" dir="1" index="3" bw="3" slack="0"/>
</pin_list>
<bind>
<opcode="getelementptr(29) " fcode="getelementptr"/>
<opset="shape_addr/4 "/>
</bind>
</comp>

<comp id="42" class="1004" name="grp_access_fu_42">
<pin_list>
<pin id="43" dir="0" index="0" bw="3" slack="0"/>
<pin id="44" dir="0" index="1" bw="64" slack="2147483647"/>
<pin id="45" dir="0" index="2" bw="0" slack="2147483647"/>
<pin id="46" dir="1" index="3" bw="64" slack="1"/>
</pin_list>
<bind>
<opcode="load(27) " fcode="load"/>
<opset="shape_load/4 shape_load_1/9 "/>
</bind>
</comp>

<comp id="48" class="1004" name="sub_addr_1_gep_fu_48">
<pin_list>
<pin id="49" dir="0" index="0" bw="64" slack="0"/>
<pin id="50" dir="0" index="1" bw="1" slack="0"/>
<pin id="51" dir="0" index="2" bw="64" slack="0"/>
<pin id="52" dir="1" index="3" bw="3" slack="0"/>
</pin_list>
<bind>
<opcode="getelementptr(29) " fcode="getelementptr"/>
<opset="sub_addr_1/4 "/>
</bind>
</comp>

<comp id="56" class="1004" name="shape_addr_1_gep_fu_56">
<pin_list>
<pin id="57" dir="0" index="0" bw="64" slack="0"/>
<pin id="58" dir="0" index="1" bw="1" slack="0"/>
<pin id="59" dir="0" index="2" bw="64" slack="0"/>
<pin id="60" dir="1" index="3" bw="3" slack="0"/>
</pin_list>
<bind>
<opcode="getelementptr(29) " fcode="getelementptr"/>
<opset="shape_addr_1/9 "/>
</bind>
</comp>

<comp id="64" class="1005" name="idx_reg_64">
<pin_list>
<pin id="65" dir="0" index="0" bw="64" slack="1"/>
<pin id="66" dir="1" index="1" bw="64" slack="1"/>
</pin_list>
<bind>
<opset="idx (phireg) "/>
</bind>
</comp>

<comp id="68" class="1004" name="idx_phi_fu_68">
<pin_list>
<pin id="69" dir="0" index="0" bw="1" slack="1"/>
<pin id="70" dir="0" index="1" bw="0" slack="2147483647"/>
<pin id="71" dir="0" index="2" bw="64" slack="1"/>
<pin id="72" dir="0" index="3" bw="0" slack="2147483647"/>
<pin id="73" dir="1" index="4" bw="64" slack="2"/>
</pin_list>
<bind>
<opcode="phi(47) " fcode="phi"/>
<opset="idx/2 "/>
</bind>
</comp>

<comp id="76" class="1005" name="i_reg_76">
<pin_list>
<pin id="77" dir="0" index="0" bw="64" slack="1"/>
<pin id="78" dir="1" index="1" bw="64" slack="1"/>
</pin_list>
<bind>
<opset="i (phireg) "/>
</bind>
</comp>

<comp id="80" class="1004" name="i_phi_fu_80">
<pin_list>
<pin id="81" dir="0" index="0" bw="1" slack="1"/>
<pin id="82" dir="0" index="1" bw="0" slack="2147483647"/>
<pin id="83" dir="0" index="2" bw="64" slack="1"/>
<pin id="84" dir="0" index="3" bw="0" slack="2147483647"/>
<pin id="85" dir="1" index="4" bw="64" slack="0"/>
</pin_list>
<bind>
<opcode="phi(47) " fcode="phi"/>
<opset="i/2 "/>
</bind>
</comp>

<comp id="89" class="1005" name="temp1_reg_89">
<pin_list>
<pin id="90" dir="0" index="0" bw="64" slack="2"/>
<pin id="91" dir="1" index="1" bw="64" slack="2"/>
</pin_list>
<bind>
<opset="temp1 (phireg) "/>
</bind>
</comp>

<comp id="92" class="1004" name="temp1_phi_fu_92">
<pin_list>
<pin id="93" dir="0" index="0" bw="64" slack="1"/>
<pin id="94" dir="0" index="1" bw="0" slack="2147483647"/>
<pin id="95" dir="0" index="2" bw="64" slack="1"/>
<pin id="96" dir="0" index="3" bw="0" slack="2147483647"/>
<pin id="97" dir="1" index="4" bw="64" slack="0"/>
</pin_list>
<bind>
<opcode="phi(47) " fcode="phi"/>
<opset="temp1/4 "/>
</bind>
</comp>

<comp id="99" class="1005" name="j_0_in_reg_99">
<pin_list>
<pin id="100" dir="0" index="0" bw="64" slack="2147483647"/>
<pin id="101" dir="1" index="1" bw="64" slack="2147483647"/>
</pin_list>
<bind>
<opset="j_0_in (phireg) "/>
</bind>
</comp>

<comp id="102" class="1004" name="j_0_in_phi_fu_102">
<pin_list>
<pin id="103" dir="0" index="0" bw="64" slack="3"/>
<pin id="104" dir="0" index="1" bw="0" slack="2147483647"/>
<pin id="105" dir="0" index="2" bw="64" slack="0"/>
<pin id="106" dir="0" index="3" bw="0" slack="2147483647"/>
<pin id="107" dir="1" index="4" bw="64" slack="0"/>
</pin_list>
<bind>
<opcode="phi(47) " fcode="phi"/>
<opset="j_0_in/4 "/>
</bind>
</comp>

<comp id="108" class="1005" name="temp1_1_reg_108">
<pin_list>
<pin id="109" dir="0" index="0" bw="64" slack="2"/>
<pin id="110" dir="1" index="1" bw="64" slack="2"/>
</pin_list>
<bind>
<opset="temp1_1 (phireg) "/>
</bind>
</comp>

<comp id="111" class="1004" name="temp1_1_phi_fu_111">
<pin_list>
<pin id="112" dir="0" index="0" bw="64" slack="1"/>
<pin id="113" dir="0" index="1" bw="0" slack="2147483647"/>
<pin id="114" dir="0" index="2" bw="64" slack="1"/>
<pin id="115" dir="0" index="3" bw="0" slack="2147483647"/>
<pin id="116" dir="1" index="4" bw="64" slack="0"/>
</pin_list>
<bind>
<opcode="phi(47) " fcode="phi"/>
<opset="temp1_1/9 "/>
</bind>
</comp>

<comp id="118" class="1005" name="j_0_in_1_reg_118">
<pin_list>
<pin id="119" dir="0" index="0" bw="64" slack="2147483647"/>
<pin id="120" dir="1" index="1" bw="64" slack="2147483647"/>
</pin_list>
<bind>
<opset="j_0_in_1 (phireg) "/>
</bind>
</comp>

<comp id="121" class="1004" name="j_0_in_1_phi_fu_121">
<pin_list>
<pin id="122" dir="0" index="0" bw="64" slack="5"/>
<pin id="123" dir="0" index="1" bw="0" slack="2147483647"/>
<pin id="124" dir="0" index="2" bw="64" slack="0"/>
<pin id="125" dir="0" index="3" bw="0" slack="2147483647"/>
<pin id="126" dir="1" index="4" bw="64" slack="0"/>
</pin_list>
<bind>
<opcode="phi(47) " fcode="phi"/>
<opset="j_0_in_1/9 "/>
</bind>
</comp>

<comp id="127" class="1005" name="idx_lcssa_reg_127">
<pin_list>
<pin id="128" dir="0" index="0" bw="64" slack="2147483647"/>
<pin id="129" dir="1" index="1" bw="64" slack="2147483647"/>
</pin_list>
<bind>
<opset="idx_lcssa (phireg) "/>
</bind>
</comp>

<comp id="130" class="1004" name="idx_lcssa_phi_fu_130">
<pin_list>
<pin id="131" dir="0" index="0" bw="64" slack="3"/>
<pin id="132" dir="0" index="1" bw="0" slack="2147483647"/>
<pin id="133" dir="0" index="2" bw="64" slack="1"/>
<pin id="134" dir="0" index="3" bw="0" slack="2147483647"/>
<pin id="135" dir="1" index="4" bw="64" slack="2147483647"/>
</pin_list>
<bind>
<opcode="phi(47) " fcode="phi"/>
<opset="idx_lcssa/13 "/>
</bind>
</comp>

<comp id="137" class="1005" name="reg_137">
<pin_list>
<pin id="138" dir="0" index="0" bw="64" slack="1"/>
<pin id="139" dir="1" index="1" bw="64" slack="1"/>
</pin_list>
<bind>
<opset="shape_load shape_load_1 "/>
</bind>
</comp>

<comp id="141" class="1004" name="exitcond_fu_141">
<pin_list>
<pin id="142" dir="0" index="0" bw="64" slack="0"/>
<pin id="143" dir="0" index="1" bw="64" slack="1"/>
<pin id="144" dir="1" index="2" bw="1" slack="2147483647"/>
</pin_list>
<bind>
<opcode="icmp(45) " fcode="icmp"/>
<opset="exitcond/2 "/>
</bind>
</comp>

<comp id="146" class="1004" name="j_fu_146">
<pin_list>
<pin id="147" dir="0" index="0" bw="64" slack="0"/>
<pin id="148" dir="0" index="1" bw="1" slack="0"/>
<pin id="149" dir="1" index="2" bw="64" slack="0"/>
</pin_list>
<bind>
<opcode="add(8) " fcode="add"/>
<opset="j/4 "/>
</bind>
</comp>

<comp id="153" class="1004" name="tmp_fu_153">
<pin_list>
<pin id="154" dir="0" index="0" bw="64" slack="0"/>
<pin id="155" dir="0" index="1" bw="64" slack="2"/>
<pin id="156" dir="1" index="2" bw="1" slack="2147483647"/>
</pin_list>
<bind>
<opcode="icmp(45) " fcode="icmp"/>
<opset="tmp/4 "/>
</bind>
</comp>

<comp id="159" class="1004" name="idx_1_fu_159">
<pin_list>
<pin id="160" dir="0" index="0" bw="64" slack="0"/>
<pin id="161" dir="0" index="1" bw="64" slack="2"/>
<pin id="162" dir="1" index="2" bw="64" slack="1"/>
</pin_list>
<bind>
<opcode="add(8) " fcode="add"/>
<opset="idx_1/4 "/>
</bind>
</comp>

<comp id="165" class="1004" name="i_1_s_fu_165">
<pin_list>
<pin id="166" dir="0" index="0" bw="64" slack="2"/>
<pin id="167" dir="0" index="1" bw="64" slack="0"/>
<pin id="168" dir="1" index="2" bw="64" slack="0"/>
</pin_list>
<bind>
<opcode="or(24) " fcode="or"/>
<opset="i_1_s/4 "/>
</bind>
</comp>

<comp id="172" class="1004" name="exitcond_1_fu_172">
<pin_list>
<pin id="173" dir="0" index="0" bw="64" slack="0"/>
<pin id="174" dir="0" index="1" bw="64" slack="3"/>
<pin id="175" dir="1" index="2" bw="1" slack="2147483647"/>
</pin_list>
<bind>
<opcode="icmp(45) " fcode="icmp"/>
<opset="exitcond_1/4 "/>
</bind>
</comp>

<comp id="177" class="1004" name="grp_fu_177">
<pin_list>
<pin id="178" dir="0" index="0" bw="64" slack="1"/>
<pin id="179" dir="0" index="1" bw="64" slack="2"/>
<pin id="180" dir="1" index="2" bw="64" slack="1"/>
</pin_list>
<bind>
<opcode="mul(12) " fcode="mul"/>
<opset="temp_1/6 "/>
</bind>
</comp>

<comp id="183" class="1004" name="j_1_fu_183">
<pin_list>
<pin id="184" dir="0" index="0" bw="64" slack="0"/>
<pin id="185" dir="0" index="1" bw="1" slack="0"/>
<pin id="186" dir="1" index="2" bw="64" slack="0"/>
</pin_list>
<bind>
<opcode="add(8) " fcode="add"/>
<opset="j_1/9 "/>
</bind>
</comp>

<comp id="190" class="1004" name="tmp_1_fu_190">
<pin_list>
<pin id="191" dir="0" index="0" bw="64" slack="0"/>
<pin id="192" dir="0" index="1" bw="64" slack="2"/>
<pin id="193" dir="1" index="2" bw="1" slack="2147483647"/>
</pin_list>
<bind>
<opcode="icmp(45) " fcode="icmp"/>
<opset="tmp_1/9 "/>
</bind>
</comp>

<comp id="195" class="1004" name="idx_1_1_fu_195">
<pin_list>
<pin id="196" dir="0" index="0" bw="64" slack="0"/>
<pin id="197" dir="0" index="1" bw="64" slack="2"/>
<pin id="198" dir="1" index="2" bw="64" slack="1"/>
</pin_list>
<bind>
<opcode="add(8) " fcode="add"/>
<opset="idx_1_1/9 "/>
</bind>
</comp>

<comp id="200" class="1004" name="i_1_1_fu_200">
<pin_list>
<pin id="201" dir="0" index="0" bw="64" slack="4"/>
<pin id="202" dir="0" index="1" bw="3" slack="0"/>
<pin id="203" dir="1" index="2" bw="64" slack="1"/>
</pin_list>
<bind>
<opcode="add(8) " fcode="add"/>
<opset="i_1_1/9 "/>
</bind>
</comp>

<comp id="206" class="1004" name="grp_fu_206">
<pin_list>
<pin id="207" dir="0" index="0" bw="64" slack="1"/>
<pin id="208" dir="0" index="1" bw="64" slack="2"/>
<pin id="209" dir="1" index="2" bw="64" slack="1"/>
</pin_list>
<bind>
<opcode="mul(12) " fcode="mul"/>
<opset="temp_1_1/11 "/>
</bind>
</comp>

<comp id="212" class="1005" name="ndim_read_reg_212">
<pin_list>
<pin id="213" dir="0" index="0" bw="64" slack="1"/>
<pin id="214" dir="1" index="1" bw="64" slack="1"/>
</pin_list>
<bind>
<opset="ndim_read "/>
</bind>
</comp>

<comp id="223" class="1005" name="sub_addr_reg_223">
<pin_list>
<pin id="224" dir="0" index="0" bw="3" slack="1"/>
<pin id="225" dir="1" index="1" bw="3" slack="1"/>
</pin_list>
<bind>
<opset="sub_addr "/>
</bind>
</comp>

<comp id="228" class="1005" name="sub_load_reg_228">
<pin_list>
<pin id="229" dir="0" index="0" bw="64" slack="1"/>
<pin id="230" dir="1" index="1" bw="64" slack="1"/>
</pin_list>
<bind>
<opset="sub_load "/>
</bind>
</comp>

<comp id="233" class="1005" name="j_reg_233">
<pin_list>
<pin id="234" dir="0" index="0" bw="64" slack="0"/>
<pin id="235" dir="1" index="1" bw="64" slack="0"/>
</pin_list>
<bind>
<opset="j "/>
</bind>
</comp>

<comp id="241" class="1005" name="shape_addr_reg_241">
<pin_list>
<pin id="242" dir="0" index="0" bw="3" slack="1"/>
<pin id="243" dir="1" index="1" bw="3" slack="1"/>
</pin_list>
<bind>
<opset="shape_addr "/>
</bind>
</comp>

<comp id="246" class="1005" name="idx_1_reg_246">
<pin_list>
<pin id="247" dir="0" index="0" bw="64" slack="1"/>
<pin id="248" dir="1" index="1" bw="64" slack="1"/>
</pin_list>
<bind>
<opset="idx_1 "/>
</bind>
</comp>

<comp id="252" class="1005" name="i_1_s_reg_252">
<pin_list>
<pin id="253" dir="0" index="0" bw="64" slack="2"/>
<pin id="254" dir="1" index="1" bw="64" slack="2"/>
</pin_list>
<bind>
<opset="i_1_s "/>
</bind>
</comp>

<comp id="260" class="1005" name="sub_addr_1_reg_260">
<pin_list>
<pin id="261" dir="0" index="0" bw="3" slack="1"/>
<pin id="262" dir="1" index="1" bw="3" slack="1"/>
</pin_list>
<bind>
<opset="sub_addr_1 "/>
</bind>
</comp>

<comp id="265" class="1005" name="temp_1_reg_265">
<pin_list>
<pin id="266" dir="0" index="0" bw="64" slack="1"/>
<pin id="267" dir="1" index="1" bw="64" slack="1"/>
</pin_list>
<bind>
<opset="temp_1 "/>
</bind>
</comp>

<comp id="270" class="1005" name="sub_load_1_reg_270">
<pin_list>
<pin id="271" dir="0" index="0" bw="64" slack="1"/>
<pin id="272" dir="1" index="1" bw="64" slack="1"/>
</pin_list>
<bind>
<opset="sub_load_1 "/>
</bind>
</comp>

<comp id="275" class="1005" name="j_1_reg_275">
<pin_list>
<pin id="276" dir="0" index="0" bw="64" slack="0"/>
<pin id="277" dir="1" index="1" bw="64" slack="0"/>
</pin_list>
<bind>
<opset="j_1 "/>
</bind>
</comp>

<comp id="283" class="1005" name="shape_addr_1_reg_283">
<pin_list>
<pin id="284" dir="0" index="0" bw="3" slack="1"/>
<pin id="285" dir="1" index="1" bw="3" slack="1"/>
</pin_list>
<bind>
<opset="shape_addr_1 "/>
</bind>
</comp>

<comp id="288" class="1005" name="idx_1_1_reg_288">
<pin_list>
<pin id="289" dir="0" index="0" bw="64" slack="1"/>
<pin id="290" dir="1" index="1" bw="64" slack="1"/>
</pin_list>
<bind>
<opset="idx_1_1 "/>
</bind>
</comp>

<comp id="293" class="1005" name="i_1_1_reg_293">
<pin_list>
<pin id="294" dir="0" index="0" bw="64" slack="1"/>
<pin id="295" dir="1" index="1" bw="64" slack="1"/>
</pin_list>
<bind>
<opset="i_1_1 "/>
</bind>
</comp>

<comp id="298" class="1005" name="temp_1_1_reg_298">
<pin_list>
<pin id="299" dir="0" index="0" bw="64" slack="1"/>
<pin id="300" dir="1" index="1" bw="64" slack="1"/>
</pin_list>
<bind>
<opset="temp_1_1 "/>
</bind>
</comp>

</comp_list>

<net_list>
<net id="20"><net_src comp="6" pin="0"/><net_sink comp="16" pin=0"/></net>

<net id="21"><net_src comp="4" pin="0"/><net_sink comp="16" pin=1"/></net>

<net id="27"><net_src comp="0" pin="0"/><net_sink comp="22" pin=0"/></net>

<net id="28"><net_src comp="8" pin="0"/><net_sink comp="22" pin=1"/></net>

<net id="34"><net_src comp="22" pin="3"/><net_sink comp="29" pin=0"/></net>

<net id="40"><net_src comp="2" pin="0"/><net_sink comp="35" pin=0"/></net>

<net id="41"><net_src comp="8" pin="0"/><net_sink comp="35" pin=1"/></net>

<net id="47"><net_src comp="35" pin="3"/><net_sink comp="42" pin=0"/></net>

<net id="53"><net_src comp="0" pin="0"/><net_sink comp="48" pin=0"/></net>

<net id="54"><net_src comp="8" pin="0"/><net_sink comp="48" pin=1"/></net>

<net id="55"><net_src comp="48" pin="3"/><net_sink comp="29" pin=0"/></net>

<net id="61"><net_src comp="2" pin="0"/><net_sink comp="56" pin=0"/></net>

<net id="62"><net_src comp="8" pin="0"/><net_sink comp="56" pin=1"/></net>

<net id="63"><net_src comp="56" pin="3"/><net_sink comp="42" pin=0"/></net>

<net id="67"><net_src comp="8" pin="0"/><net_sink comp="64" pin=0"/></net>

<net id="74"><net_src comp="64" pin="1"/><net_sink comp="68" pin=0"/></net>

<net id="75"><net_src comp="68" pin="4"/><net_sink comp="64" pin=0"/></net>

<net id="79"><net_src comp="8" pin="0"/><net_sink comp="76" pin=0"/></net>

<net id="86"><net_src comp="76" pin="1"/><net_sink comp="80" pin=0"/></net>

<net id="87"><net_src comp="80" pin="4"/><net_sink comp="22" pin=2"/></net>

<net id="88"><net_src comp="80" pin="4"/><net_sink comp="76" pin=0"/></net>

<net id="98"><net_src comp="92" pin="4"/><net_sink comp="89" pin=0"/></net>

<net id="117"><net_src comp="111" pin="4"/><net_sink comp="108" pin=0"/></net>

<net id="136"><net_src comp="64" pin="1"/><net_sink comp="130" pin=0"/></net>

<net id="140"><net_src comp="42" pin="3"/><net_sink comp="137" pin=0"/></net>

<net id="145"><net_src comp="80" pin="4"/><net_sink comp="141" pin=0"/></net>

<net id="150"><net_src comp="102" pin="4"/><net_sink comp="146" pin=0"/></net>

<net id="151"><net_src comp="10" pin="0"/><net_sink comp="146" pin=1"/></net>

<net id="152"><net_src comp="146" pin="2"/><net_sink comp="35" pin=2"/></net>

<net id="157"><net_src comp="146" pin="2"/><net_sink comp="153" pin=0"/></net>

<net id="158"><net_src comp="76" pin="1"/><net_sink comp="153" pin=1"/></net>

<net id="163"><net_src comp="92" pin="4"/><net_sink comp="159" pin=0"/></net>

<net id="164"><net_src comp="64" pin="1"/><net_sink comp="159" pin=1"/></net>

<net id="169"><net_src comp="76" pin="1"/><net_sink comp="165" pin=0"/></net>

<net id="170"><net_src comp="12" pin="0"/><net_sink comp="165" pin=1"/></net>

<net id="171"><net_src comp="165" pin="2"/><net_sink comp="48" pin=2"/></net>

<net id="176"><net_src comp="165" pin="2"/><net_sink comp="172" pin=0"/></net>

<net id="181"><net_src comp="137" pin="1"/><net_sink comp="177" pin=0"/></net>

<net id="182"><net_src comp="89" pin="1"/><net_sink comp="177" pin=1"/></net>

<net id="187"><net_src comp="121" pin="4"/><net_sink comp="183" pin=0"/></net>

<net id="188"><net_src comp="10" pin="0"/><net_sink comp="183" pin=1"/></net>

<net id="189"><net_src comp="183" pin="2"/><net_sink comp="56" pin=2"/></net>

<net id="194"><net_src comp="183" pin="2"/><net_sink comp="190" pin=0"/></net>

<net id="199"><net_src comp="111" pin="4"/><net_sink comp="195" pin=0"/></net>

<net id="204"><net_src comp="76" pin="1"/><net_sink comp="200" pin=0"/></net>

<net id="205"><net_src comp="14" pin="0"/><net_sink comp="200" pin=1"/></net>

<net id="210"><net_src comp="137" pin="1"/><net_sink comp="206" pin=0"/></net>

<net id="211"><net_src comp="108" pin="1"/><net_sink comp="206" pin=1"/></net>

<net id="215"><net_src comp="16" pin="2"/><net_sink comp="212" pin=0"/></net>

<net id="216"><net_src comp="212" pin="1"/><net_sink comp="141" pin=1"/></net>

<net id="217"><net_src comp="212" pin="1"/><net_sink comp="102" pin=0"/></net>

<net id="218"><net_src comp="212" pin="1"/><net_sink comp="172" pin=1"/></net>

<net id="219"><net_src comp="212" pin="1"/><net_sink comp="121" pin=0"/></net>

<net id="226"><net_src comp="22" pin="3"/><net_sink comp="223" pin=0"/></net>

<net id="227"><net_src comp="223" pin="1"/><net_sink comp="29" pin=0"/></net>

<net id="231"><net_src comp="29" pin="3"/><net_sink comp="228" pin=0"/></net>

<net id="232"><net_src comp="228" pin="1"/><net_sink comp="92" pin=0"/></net>

<net id="236"><net_src comp="146" pin="2"/><net_sink comp="233" pin=0"/></net>

<net id="237"><net_src comp="233" pin="1"/><net_sink comp="102" pin=2"/></net>

<net id="244"><net_src comp="35" pin="3"/><net_sink comp="241" pin=0"/></net>

<net id="245"><net_src comp="241" pin="1"/><net_sink comp="42" pin=0"/></net>

<net id="249"><net_src comp="159" pin="2"/><net_sink comp="246" pin=0"/></net>

<net id="250"><net_src comp="246" pin="1"/><net_sink comp="195" pin=1"/></net>

<net id="251"><net_src comp="246" pin="1"/><net_sink comp="130" pin=2"/></net>

<net id="255"><net_src comp="165" pin="2"/><net_sink comp="252" pin=0"/></net>

<net id="256"><net_src comp="252" pin="1"/><net_sink comp="190" pin=1"/></net>

<net id="263"><net_src comp="48" pin="3"/><net_sink comp="260" pin=0"/></net>

<net id="264"><net_src comp="260" pin="1"/><net_sink comp="29" pin=0"/></net>

<net id="268"><net_src comp="177" pin="2"/><net_sink comp="265" pin=0"/></net>

<net id="269"><net_src comp="265" pin="1"/><net_sink comp="92" pin=2"/></net>

<net id="273"><net_src comp="29" pin="3"/><net_sink comp="270" pin=0"/></net>

<net id="274"><net_src comp="270" pin="1"/><net_sink comp="111" pin=0"/></net>

<net id="278"><net_src comp="183" pin="2"/><net_sink comp="275" pin=0"/></net>

<net id="279"><net_src comp="275" pin="1"/><net_sink comp="121" pin=2"/></net>

<net id="286"><net_src comp="56" pin="3"/><net_sink comp="283" pin=0"/></net>

<net id="287"><net_src comp="283" pin="1"/><net_sink comp="42" pin=0"/></net>

<net id="291"><net_src comp="195" pin="2"/><net_sink comp="288" pin=0"/></net>

<net id="292"><net_src comp="288" pin="1"/><net_sink comp="68" pin=2"/></net>

<net id="296"><net_src comp="200" pin="2"/><net_sink comp="293" pin=0"/></net>

<net id="297"><net_src comp="293" pin="1"/><net_sink comp="80" pin=2"/></net>

<net id="301"><net_src comp="206" pin="2"/><net_sink comp="298" pin=0"/></net>

<net id="302"><net_src comp="298" pin="1"/><net_sink comp="111" pin=2"/></net>

</net_list>

</model> 
---------------- Datapath Model END ------------------

* FSMD analyzer results:
  - Output states:
 - Input state : 
	Port: k2c_sub2idx : sub | {2 3 4 8 }
	Port: k2c_sub2idx : shape | {4 5 9 10 }
	Port: k2c_sub2idx : ndim | {1 }
  - Chain level:
	State 1
	State 2
		exitcond : 1
		StgValue_19 : 2
		sub_addr : 1
		sub_load : 2
	State 3
	State 4
		j : 1
		tmp : 2
		StgValue_28 : 3
		shape_addr : 2
		shape_load : 3
		idx_1 : 1
		StgValue_34 : 1
		sub_load_1 : 1
	State 5
	State 6
	State 7
	State 8
	State 9
		j_1 : 1
		tmp_1 : 2
		StgValue_47 : 3
		shape_addr_1 : 2
		shape_load_1 : 3
		idx_1_1 : 1
	State 10
	State 11
	State 12
	State 13
		StgValue_58 : 1


============================================================
+ Verbose Summary: Datapath Resource usage 
============================================================

* Functional unit list:
|----------|----------------------|---------|---------|---------|
| Operation|    Functional Unit   |  DSP48E |    FF   |   LUT   |
|----------|----------------------|---------|---------|---------|
|    mul   |      grp_fu_177      |    16   |   361   |   195   |
|          |      grp_fu_206      |    16   |   361   |   195   |
|----------|----------------------|---------|---------|---------|
|          |       j_fu_146       |    0    |    0    |    71   |
|          |     idx_1_fu_159     |    0    |    0    |    71   |
|    add   |      j_1_fu_183      |    0    |    0    |    71   |
|          |    idx_1_1_fu_195    |    0    |    0    |    71   |
|          |     i_1_1_fu_200     |    0    |    0    |    71   |
|----------|----------------------|---------|---------|---------|
|          |    exitcond_fu_141   |    0    |    0    |    29   |
|   icmp   |      tmp_fu_153      |    0    |    0    |    29   |
|          |   exitcond_1_fu_172  |    0    |    0    |    29   |
|          |     tmp_1_fu_190     |    0    |    0    |    29   |
|----------|----------------------|---------|---------|---------|
|   read   | ndim_read_read_fu_16 |    0    |    0    |    0    |
|----------|----------------------|---------|---------|---------|
|    or    |     i_1_s_fu_165     |    0    |    0    |    0    |
|----------|----------------------|---------|---------|---------|
|   Total  |                      |    32   |   722   |   861   |
|----------|----------------------|---------|---------|---------|

Memories:
N/A

* Register list:
+--------------------+--------+
|                    |   FF   |
+--------------------+--------+
|    i_1_1_reg_293   |   64   |
|    i_1_s_reg_252   |   64   |
|      i_reg_76      |   64   |
|   idx_1_1_reg_288  |   64   |
|    idx_1_reg_246   |   64   |
|  idx_lcssa_reg_127 |   64   |
|     idx_reg_64     |   64   |
|  j_0_in_1_reg_118  |   64   |
|    j_0_in_reg_99   |   64   |
|     j_1_reg_275    |   64   |
|      j_reg_233     |   64   |
|  ndim_read_reg_212 |   64   |
|       reg_137      |   64   |
|shape_addr_1_reg_283|    3   |
| shape_addr_reg_241 |    3   |
| sub_addr_1_reg_260 |    3   |
|  sub_addr_reg_223  |    3   |
| sub_load_1_reg_270 |   64   |
|  sub_load_reg_228  |   64   |
|   temp1_1_reg_108  |   64   |
|    temp1_reg_89    |   64   |
|  temp_1_1_reg_298  |   64   |
|   temp_1_reg_265   |   64   |
+--------------------+--------+
|        Total       |  1228  |
+--------------------+--------+

* Multiplexer (MUX) list: 
|------------------|------|------|------|--------||---------||---------|
|       Comp       |  Pin | Size |  BW  | S x BW ||  Delay  ||   LUT   |
|------------------|------|------|------|--------||---------||---------|
| grp_access_fu_29 |  p0  |   4  |   3  |   12   ||    21   |
| grp_access_fu_42 |  p0  |   4  |   3  |   12   ||    21   |
|    idx_reg_64    |  p0  |   2  |  64  |   128  ||    9    |
|     i_reg_76     |  p0  |   2  |  64  |   128  ||    9    |
|------------------|------|------|------|--------||---------||---------|
|       Total      |      |      |      |   280  ||  5.807  ||    60   |
|------------------|------|------|------|--------||---------||---------|



* Summary:
+-----------+--------+--------+--------+--------+
|           | DSP48E |  Delay |   FF   |   LUT  |
+-----------+--------+--------+--------+--------+
|  Function |   32   |    -   |   722  |   861  |
|   Memory  |    -   |    -   |    -   |    -   |
|Multiplexer|    -   |    5   |    -   |   60   |
|  Register |    -   |    -   |  1228  |    -   |
+-----------+--------+--------+--------+--------+
|   Total   |   32   |    5   |  1950  |   921  |
+-----------+--------+--------+--------+--------+
