

================================================================
== Vivado HLS Report for 'k2c_affine_matmul_1'
================================================================
* Date:           Tue Apr 23 22:37:58 2024

* Version:        2018.2 (Build 2258646 on Thu Jun 14 20:25:20 MDT 2018)
* Project:        Group_5
* Solution:       Latency_3
* Product family: artix7
* Target device:  xc7a200tfbg676-2


================================================================
== Performance Estimates
================================================================
+ Timing (ns): 
    * Summary: 
    +--------+-------+----------+------------+
    |  Clock | Target| Estimated| Uncertainty|
    +--------+-------+----------+------------+
    |ap_clk  |   5.00|     4.442|        0.62|
    +--------+-------+----------+------------+

+ Latency (clock cycles): 
    * Summary: 
    +-----+-----+-----+-----+---------+
    |  Latency  |  Interval | Pipeline|
    | min | max | min | max |   Type  |
    +-----+-----+-----+-----+---------+
    |    ?|    ?|    ?|    ?|   none  |
    +-----+-----+-----+-----+---------+

    + Detail: 
        * Instance: 
        N/A

        * Loop: 
        +-----------------+-----+-----+----------+-----------+-----------+------+----------+
        |                 |  Latency  | Iteration|  Initiation Interval  | Trip |          |
        |    Loop Name    | min | max |  Latency |  achieved |   target  | Count| Pipelined|
        +-----------------+-----+-----+----------+-----------+-----------+------+----------+
        |- Loop 1         |    ?|    ?|         ?|          -|          -|    32|    no    |
        | + Loop 1.1      |    ?|    ?|       354|          -|          -|     ?|    no    |
        |  ++ Loop 1.1.1  |   42|   42|        11|          1|          1|    32|    yes   |
        |  ++ Loop 1.1.2  |   42|   42|        11|          1|          1|    32|    yes   |
        |  ++ Loop 1.1.3  |   42|   42|        11|          1|          1|    32|    yes   |
        |  ++ Loop 1.1.4  |   42|   42|        11|          1|          1|    32|    yes   |
        |  ++ Loop 1.1.5  |   42|   42|        11|          1|          1|    32|    yes   |
        |  ++ Loop 1.1.6  |   42|   42|        11|          1|          1|    32|    yes   |
        |  ++ Loop 1.1.7  |   42|   42|        11|          1|          1|    32|    yes   |
        |  ++ Loop 1.1.8  |   42|   42|        11|          1|          1|    32|    yes   |
        | + Loop 1.2      |    ?|    ?|       354|          -|          -|     ?|    no    |
        |  ++ Loop 1.2.1  |   42|   42|        11|          1|          1|    32|    yes   |
        |  ++ Loop 1.2.2  |   42|   42|        11|          1|          1|    32|    yes   |
        |  ++ Loop 1.2.3  |   42|   42|        11|          1|          1|    32|    yes   |
        |  ++ Loop 1.2.4  |   42|   42|        11|          1|          1|    32|    yes   |
        |  ++ Loop 1.2.5  |   42|   42|        11|          1|          1|    32|    yes   |
        |  ++ Loop 1.2.6  |   42|   42|        11|          1|          1|    32|    yes   |
        |  ++ Loop 1.2.7  |   42|   42|        11|          1|          1|    32|    yes   |
        |  ++ Loop 1.2.8  |   42|   42|        11|          1|          1|    32|    yes   |
        | + Loop 1.3      |    ?|    ?|       354|          -|          -|     ?|    no    |
        |  ++ Loop 1.3.1  |   42|   42|        11|          1|          1|    32|    yes   |
        |  ++ Loop 1.3.2  |   42|   42|        11|          1|          1|    32|    yes   |
        |  ++ Loop 1.3.3  |   42|   42|        11|          1|          1|    32|    yes   |
        |  ++ Loop 1.3.4  |   42|   42|        11|          1|          1|    32|    yes   |
        |  ++ Loop 1.3.5  |   42|   42|        11|          1|          1|    32|    yes   |
        |  ++ Loop 1.3.6  |   42|   42|        11|          1|          1|    32|    yes   |
        |  ++ Loop 1.3.7  |   42|   42|        11|          1|          1|    32|    yes   |
        |  ++ Loop 1.3.8  |   42|   42|        11|          1|          1|    32|    yes   |
        | + Loop 1.4      |    ?|    ?|       353|          -|          -|     ?|    no    |
        |  ++ Loop 1.4.1  |   42|   42|        11|          1|          1|    32|    yes   |
        |  ++ Loop 1.4.2  |   42|   42|        11|          1|          1|    32|    yes   |
        |  ++ Loop 1.4.3  |   42|   42|        11|          1|          1|    32|    yes   |
        |  ++ Loop 1.4.4  |   42|   42|        11|          1|          1|    32|    yes   |
        |  ++ Loop 1.4.5  |   42|   42|        11|          1|          1|    32|    yes   |
        |  ++ Loop 1.4.6  |   42|   42|        11|          1|          1|    32|    yes   |
        |  ++ Loop 1.4.7  |   42|   42|        11|          1|          1|    32|    yes   |
        |  ++ Loop 1.4.8  |   42|   42|        11|          1|          1|    32|    yes   |
        +-----------------+-----+-----+----------+-----------+-----------+------+----------+



================================================================
== Utilization Estimates
================================================================
* Summary: 
+-----------------+---------+-------+--------+--------+
|       Name      | BRAM_18K| DSP48E|   FF   |   LUT  |
+-----------------+---------+-------+--------+--------+
|DSP              |        -|      -|       -|       -|
|Expression       |        -|      -|       0|    5278|
|FIFO             |        -|      -|       -|       -|
|Instance         |        -|      5|     475|     544|
|Memory           |        8|      -|       0|       0|
|Multiplexer      |        -|      -|       -|    3712|
|Register         |        0|      -|    7297|    1024|
+-----------------+---------+-------+--------+--------+
|Total            |        8|      5|    7772|   10558|
+-----------------+---------+-------+--------+--------+
|Available        |      730|    740|  269200|  129000|
+-----------------+---------+-------+--------+--------+
|Utilization (%)  |        1|   ~0  |       2|       8|
+-----------------+---------+-------+--------+--------+

+ Detail: 
    * Instance: 
    +---------------------------+----------------------+---------+-------+-----+-----+
    |          Instance         |        Module        | BRAM_18K| DSP48E|  FF | LUT |
    +---------------------------+----------------------+---------+-------+-----+-----+
    |sample_fadd_32ns_ocq_U190  |sample_fadd_32ns_ocq  |        0|      2|  324|  236|
    |sample_fmul_32ns_pcA_U191  |sample_fmul_32ns_pcA  |        0|      3|  151|  144|
    |sample_mux_864_32rcU_U192  |sample_mux_864_32rcU  |        0|      0|    0|   41|
    |sample_mux_864_32rcU_U193  |sample_mux_864_32rcU  |        0|      0|    0|   41|
    |sample_mux_864_32rcU_U194  |sample_mux_864_32rcU  |        0|      0|    0|   41|
    |sample_mux_864_32rcU_U195  |sample_mux_864_32rcU  |        0|      0|    0|   41|
    +---------------------------+----------------------+---------+-------+-----+-----+
    |Total                      |                      |        0|      5|  475|  544|
    +---------------------------+----------------------+---------+-------+-----+-----+

    * DSP48: 
    N/A

    * Memory: 
    +--------------------------+----------------------+---------+---+----+------+-----+------+-------------+
    |          Memory          |        Module        | BRAM_18K| FF| LUT| Words| Bits| Banks| W*Bits*Banks|
    +--------------------------+----------------------+---------+---+----+------+-----+------+-------------+
    |dense_14_kernel_arra_U    |k2c_dot_1_dense_1JfO  |        1|  0|   0|   512|   32|     1|        16384|
    |dense_14_kernel_arra_7_U  |k2c_dot_1_dense_1KfY  |        1|  0|   0|   512|   32|     1|        16384|
    |dense_14_kernel_arra_6_U  |k2c_dot_1_dense_1Lf8  |        1|  0|   0|   512|   32|     1|        16384|
    |dense_14_kernel_arra_5_U  |k2c_dot_1_dense_1Mgi  |        1|  0|   0|   512|   32|     1|        16384|
    |dense_14_kernel_arra_4_U  |k2c_dot_1_dense_1Ngs  |        1|  0|   0|   512|   32|     1|        16384|
    |dense_14_kernel_arra_3_U  |k2c_dot_1_dense_1OgC  |        1|  0|   0|   512|   32|     1|        16384|
    |dense_14_kernel_arra_2_U  |k2c_dot_1_dense_1PgM  |        1|  0|   0|   512|   32|     1|        16384|
    |dense_14_kernel_arra_1_U  |k2c_dot_1_dense_1QgW  |        1|  0|   0|   512|   32|     1|        16384|
    +--------------------------+----------------------+---------+---+----+------+-----+------+-------------+
    |Total                     |                      |        8|  0|   0|  4096|  256|     8|       131072|
    +--------------------------+----------------------+---------+---+----+------+-----+------+-------------+

    * FIFO: 
    N/A

    * Expression: 
    +-----------------------------+----------+-------+---+----+------------+------------+
    |        Variable Name        | Operation| DSP48E| FF| LUT| Bitwidth P0| Bitwidth P1|
    +-----------------------------+----------+-------+---+----+------------+------------+
    |arrayNo_trunc6_fu_3219_p2    |     +    |      0|  0|  12|           3|           3|
    |arrayNo_trunc7_fu_3705_p2    |     +    |      0|  0|  12|           3|           3|
    |arrayNo_trunc8_fu_4191_p2    |     +    |      0|  0|  12|           3|           3|
    |arrayNo_trunc_fu_2841_p2     |     +    |      0|  0|  12|           3|           3|
    |i_33_0_7_fu_3181_p2          |     +    |      0|  0|  71|          64|           4|
    |i_33_1_7_fu_3667_p2          |     +    |      0|  0|  71|          64|           4|
    |i_33_2_7_fu_4153_p2          |     +    |      0|  0|  71|          64|           4|
    |i_33_3_7_fu_4639_p2          |     +    |      0|  0|  71|          64|           4|
    |k_2_3_fu_4645_p2             |     +    |      0|  0|  15|           8|           3|
    |sum3_1_fu_3213_p2            |     +    |      0|  0|  16|           9|           9|
    |sum3_2_fu_3699_p2            |     +    |      0|  0|  16|           9|           9|
    |sum3_3_fu_4185_p2            |     +    |      0|  0|  16|           9|           9|
    |sum3_fu_2745_p2              |     +    |      0|  0|  16|           9|           9|
    |sum6_1_fu_3251_p2            |     +    |      0|  0|  20|          13|          13|
    |sum6_2_fu_3737_p2            |     +    |      0|  0|  20|          13|          13|
    |sum6_3_fu_4223_p2            |     +    |      0|  0|  20|          13|          13|
    |tmp_37_0_1_fu_2966_p2        |     +    |      0|  0|  15|           6|           1|
    |tmp_37_0_2_fu_3000_p2        |     +    |      0|  0|  15|           6|           1|
    |tmp_37_0_3_fu_3034_p2        |     +    |      0|  0|  15|           6|           1|
    |tmp_37_0_4_fu_3068_p2        |     +    |      0|  0|  15|           6|           1|
    |tmp_37_0_5_fu_3102_p2        |     +    |      0|  0|  15|           6|           1|
    |tmp_37_0_6_fu_3136_p2        |     +    |      0|  0|  15|           6|           1|
    |tmp_37_0_7_fu_3170_p2        |     +    |      0|  0|  15|           6|           1|
    |tmp_37_1_1_fu_3452_p2        |     +    |      0|  0|  15|           6|           1|
    |tmp_37_1_2_fu_3486_p2        |     +    |      0|  0|  15|           6|           1|
    |tmp_37_1_3_fu_3520_p2        |     +    |      0|  0|  15|           6|           1|
    |tmp_37_1_4_fu_3554_p2        |     +    |      0|  0|  15|           6|           1|
    |tmp_37_1_5_fu_3588_p2        |     +    |      0|  0|  15|           6|           1|
    |tmp_37_1_6_fu_3622_p2        |     +    |      0|  0|  15|           6|           1|
    |tmp_37_1_7_fu_3656_p2        |     +    |      0|  0|  15|           6|           1|
    |tmp_37_1_fu_3418_p2          |     +    |      0|  0|  15|           6|           1|
    |tmp_37_2_1_fu_3938_p2        |     +    |      0|  0|  15|           6|           1|
    |tmp_37_2_2_fu_3972_p2        |     +    |      0|  0|  15|           6|           1|
    |tmp_37_2_3_fu_4006_p2        |     +    |      0|  0|  15|           6|           1|
    |tmp_37_2_4_fu_4040_p2        |     +    |      0|  0|  15|           6|           1|
    |tmp_37_2_5_fu_4074_p2        |     +    |      0|  0|  15|           6|           1|
    |tmp_37_2_6_fu_4108_p2        |     +    |      0|  0|  15|           6|           1|
    |tmp_37_2_7_fu_4142_p2        |     +    |      0|  0|  15|           6|           1|
    |tmp_37_2_fu_3904_p2          |     +    |      0|  0|  15|           6|           1|
    |tmp_37_3_1_fu_4424_p2        |     +    |      0|  0|  15|           6|           1|
    |tmp_37_3_2_fu_4458_p2        |     +    |      0|  0|  15|           6|           1|
    |tmp_37_3_3_fu_4492_p2        |     +    |      0|  0|  15|           6|           1|
    |tmp_37_3_4_fu_4526_p2        |     +    |      0|  0|  15|           6|           1|
    |tmp_37_3_5_fu_4560_p2        |     +    |      0|  0|  15|           6|           1|
    |tmp_37_3_6_fu_4594_p2        |     +    |      0|  0|  15|           6|           1|
    |tmp_37_3_7_fu_4628_p2        |     +    |      0|  0|  15|           6|           1|
    |tmp_37_3_fu_4390_p2          |     +    |      0|  0|  15|           6|           1|
    |tmp_37_fu_2932_p2            |     +    |      0|  0|  15|           6|           1|
    |exitcond1_0_1_fu_2949_p2     |   icmp   |      0|  0|  29|          64|          64|
    |exitcond1_0_2_fu_2983_p2     |   icmp   |      0|  0|  29|          64|          64|
    |exitcond1_0_3_fu_3017_p2     |   icmp   |      0|  0|  29|          64|          64|
    |exitcond1_0_4_fu_3051_p2     |   icmp   |      0|  0|  29|          64|          64|
    |exitcond1_0_5_fu_3085_p2     |   icmp   |      0|  0|  29|          64|          64|
    |exitcond1_0_6_fu_3119_p2     |   icmp   |      0|  0|  29|          64|          64|
    |exitcond1_0_7_fu_3153_p2     |   icmp   |      0|  0|  29|          64|          64|
    |exitcond1_1_1_fu_3435_p2     |   icmp   |      0|  0|  29|          64|          64|
    |exitcond1_1_2_fu_3469_p2     |   icmp   |      0|  0|  29|          64|          64|
    |exitcond1_1_3_fu_3503_p2     |   icmp   |      0|  0|  29|          64|          64|
    |exitcond1_1_4_fu_3537_p2     |   icmp   |      0|  0|  29|          64|          64|
    |exitcond1_1_5_fu_3571_p2     |   icmp   |      0|  0|  29|          64|          64|
    |exitcond1_1_6_fu_3605_p2     |   icmp   |      0|  0|  29|          64|          64|
    |exitcond1_1_7_fu_3639_p2     |   icmp   |      0|  0|  29|          64|          64|
    |exitcond1_1_fu_3401_p2       |   icmp   |      0|  0|  29|          64|          64|
    |exitcond1_2_1_fu_3921_p2     |   icmp   |      0|  0|  29|          64|          64|
    |exitcond1_2_2_fu_3955_p2     |   icmp   |      0|  0|  29|          64|          64|
    |exitcond1_2_3_fu_3989_p2     |   icmp   |      0|  0|  29|          64|          64|
    |exitcond1_2_4_fu_4023_p2     |   icmp   |      0|  0|  29|          64|          64|
    |exitcond1_2_5_fu_4057_p2     |   icmp   |      0|  0|  29|          64|          64|
    |exitcond1_2_6_fu_4091_p2     |   icmp   |      0|  0|  29|          64|          64|
    |exitcond1_2_7_fu_4125_p2     |   icmp   |      0|  0|  29|          64|          64|
    |exitcond1_2_fu_3887_p2       |   icmp   |      0|  0|  29|          64|          64|
    |exitcond1_3_1_fu_4407_p2     |   icmp   |      0|  0|  29|          64|          64|
    |exitcond1_3_2_fu_4441_p2     |   icmp   |      0|  0|  29|          64|          64|
    |exitcond1_3_3_fu_4475_p2     |   icmp   |      0|  0|  29|          64|          64|
    |exitcond1_3_4_fu_4509_p2     |   icmp   |      0|  0|  29|          64|          64|
    |exitcond1_3_5_fu_4543_p2     |   icmp   |      0|  0|  29|          64|          64|
    |exitcond1_3_6_fu_4577_p2     |   icmp   |      0|  0|  29|          64|          64|
    |exitcond1_3_7_fu_4611_p2     |   icmp   |      0|  0|  29|          64|          64|
    |exitcond1_3_fu_4373_p2       |   icmp   |      0|  0|  29|          64|          64|
    |exitcond1_fu_2915_p2         |   icmp   |      0|  0|  29|          64|          64|
    |exitcond2_fu_2694_p2         |   icmp   |      0|  0|  13|           8|           9|
    |exitcond_0_1_fu_2960_p2      |   icmp   |      0|  0|  11|           6|           7|
    |exitcond_0_2_fu_2994_p2      |   icmp   |      0|  0|  11|           6|           7|
    |exitcond_0_3_fu_3028_p2      |   icmp   |      0|  0|  11|           6|           7|
    |exitcond_0_4_fu_3062_p2      |   icmp   |      0|  0|  11|           6|           7|
    |exitcond_0_5_fu_3096_p2      |   icmp   |      0|  0|  11|           6|           7|
    |exitcond_0_6_fu_3130_p2      |   icmp   |      0|  0|  11|           6|           7|
    |exitcond_0_7_fu_3164_p2      |   icmp   |      0|  0|  11|           6|           7|
    |exitcond_1_1_fu_3446_p2      |   icmp   |      0|  0|  11|           6|           7|
    |exitcond_1_2_fu_3480_p2      |   icmp   |      0|  0|  11|           6|           7|
    |exitcond_1_3_fu_3514_p2      |   icmp   |      0|  0|  11|           6|           7|
    |exitcond_1_4_fu_3548_p2      |   icmp   |      0|  0|  11|           6|           7|
    |exitcond_1_5_fu_3582_p2      |   icmp   |      0|  0|  11|           6|           7|
    |exitcond_1_6_fu_3616_p2      |   icmp   |      0|  0|  11|           6|           7|
    |exitcond_1_7_fu_3650_p2      |   icmp   |      0|  0|  11|           6|           7|
    |exitcond_1_fu_3412_p2        |   icmp   |      0|  0|  11|           6|           7|
    |exitcond_2_1_fu_3932_p2      |   icmp   |      0|  0|  11|           6|           7|
    |exitcond_2_2_fu_3966_p2      |   icmp   |      0|  0|  11|           6|           7|
    |exitcond_2_3_fu_4000_p2      |   icmp   |      0|  0|  11|           6|           7|
    |exitcond_2_4_fu_4034_p2      |   icmp   |      0|  0|  11|           6|           7|
    |exitcond_2_5_fu_4068_p2      |   icmp   |      0|  0|  11|           6|           7|
    |exitcond_2_6_fu_4102_p2      |   icmp   |      0|  0|  11|           6|           7|
    |exitcond_2_7_fu_4136_p2      |   icmp   |      0|  0|  11|           6|           7|
    |exitcond_2_fu_3898_p2        |   icmp   |      0|  0|  11|           6|           7|
    |exitcond_3_1_fu_4418_p2      |   icmp   |      0|  0|  11|           6|           7|
    |exitcond_3_2_fu_4452_p2      |   icmp   |      0|  0|  11|           6|           7|
    |exitcond_3_3_fu_4486_p2      |   icmp   |      0|  0|  11|           6|           7|
    |exitcond_3_4_fu_4520_p2      |   icmp   |      0|  0|  11|           6|           7|
    |exitcond_3_5_fu_4554_p2      |   icmp   |      0|  0|  11|           6|           7|
    |exitcond_3_6_fu_4588_p2      |   icmp   |      0|  0|  11|           6|           7|
    |exitcond_3_7_fu_4622_p2      |   icmp   |      0|  0|  11|           6|           7|
    |exitcond_3_fu_4384_p2        |   icmp   |      0|  0|  11|           6|           7|
    |exitcond_fu_2926_p2          |   icmp   |      0|  0|  11|           6|           7|
    |sel_tmp10_i4_fu_2885_p2      |   icmp   |      0|  0|   9|           3|           3|
    |sel_tmp10_i5_fu_3861_p2      |   icmp   |      0|  0|   9|           3|           3|
    |sel_tmp10_i6_fu_4347_p2      |   icmp   |      0|  0|   9|           3|           3|
    |sel_tmp10_i_fu_3375_p2       |   icmp   |      0|  0|   9|           3|           3|
    |sel_tmp12_i4_fu_2898_p2      |   icmp   |      0|  0|   9|           3|           3|
    |sel_tmp12_i5_fu_3874_p2      |   icmp   |      0|  0|   9|           3|           3|
    |sel_tmp12_i6_fu_4360_p2      |   icmp   |      0|  0|   9|           3|           3|
    |sel_tmp12_i_fu_3388_p2       |   icmp   |      0|  0|   9|           3|           3|
    |sel_tmp2_i4_fu_2791_p2       |   icmp   |      0|  0|   9|           3|           1|
    |sel_tmp2_i5_fu_3785_p2       |   icmp   |      0|  0|   9|           3|           1|
    |sel_tmp2_i6_fu_4271_p2       |   icmp   |      0|  0|   9|           3|           1|
    |sel_tmp2_i_fu_3299_p2        |   icmp   |      0|  0|   9|           3|           1|
    |sel_tmp4_i4_fu_2805_p2       |   icmp   |      0|  0|   9|           3|           2|
    |sel_tmp4_i5_fu_3798_p2       |   icmp   |      0|  0|   9|           3|           2|
    |sel_tmp4_i6_fu_4284_p2       |   icmp   |      0|  0|   9|           3|           2|
    |sel_tmp4_i_fu_3312_p2        |   icmp   |      0|  0|   9|           3|           2|
    |sel_tmp6_i4_fu_2819_p2       |   icmp   |      0|  0|   9|           3|           2|
    |sel_tmp6_i5_fu_3811_p2       |   icmp   |      0|  0|   9|           3|           2|
    |sel_tmp6_i6_fu_4297_p2       |   icmp   |      0|  0|   9|           3|           2|
    |sel_tmp6_i_fu_3325_p2        |   icmp   |      0|  0|   9|           3|           2|
    |sel_tmp8_i4_fu_2873_p2       |   icmp   |      0|  0|   9|           3|           4|
    |sel_tmp8_i5_fu_3849_p2       |   icmp   |      0|  0|   9|           3|           4|
    |sel_tmp8_i6_fu_4335_p2       |   icmp   |      0|  0|   9|           3|           4|
    |sel_tmp8_i_fu_3363_p2        |   icmp   |      0|  0|   9|           3|           4|
    |sel_tmp_i4_fu_2777_p2        |   icmp   |      0|  0|   9|           3|           1|
    |sel_tmp_i5_fu_3772_p2        |   icmp   |      0|  0|   9|           3|           1|
    |sel_tmp_i6_fu_4258_p2        |   icmp   |      0|  0|   9|           3|           1|
    |sel_tmp_i_fu_3286_p2         |   icmp   |      0|  0|   9|           3|           1|
    |i_33_0_1_fu_3113_p2          |    or    |      0|  0|  64|          64|           3|
    |i_33_0_2_fu_3147_p2          |    or    |      0|  0|  64|          64|           3|
    |i_33_0_5_fu_2977_p2          |    or    |      0|  0|  64|          64|           2|
    |i_33_0_6_fu_3011_p2          |    or    |      0|  0|  64|          64|           2|
    |i_33_0_8_fu_3045_p2          |    or    |      0|  0|  64|          64|           3|
    |i_33_0_9_fu_3079_p2          |    or    |      0|  0|  64|          64|           3|
    |i_33_0_s_fu_2943_p2          |    or    |      0|  0|  64|          64|           1|
    |i_33_1_1_fu_3599_p2          |    or    |      0|  0|  64|          64|           3|
    |i_33_1_2_fu_3633_p2          |    or    |      0|  0|  64|          64|           3|
    |i_33_1_5_fu_3463_p2          |    or    |      0|  0|  64|          64|           2|
    |i_33_1_6_fu_3497_p2          |    or    |      0|  0|  64|          64|           2|
    |i_33_1_8_fu_3531_p2          |    or    |      0|  0|  64|          64|           3|
    |i_33_1_9_fu_3565_p2          |    or    |      0|  0|  64|          64|           3|
    |i_33_1_s_fu_3429_p2          |    or    |      0|  0|  64|          64|           1|
    |i_33_2_1_fu_4085_p2          |    or    |      0|  0|  64|          64|           3|
    |i_33_2_2_fu_4119_p2          |    or    |      0|  0|  64|          64|           3|
    |i_33_2_5_fu_3949_p2          |    or    |      0|  0|  64|          64|           2|
    |i_33_2_6_fu_3983_p2          |    or    |      0|  0|  64|          64|           2|
    |i_33_2_8_fu_4017_p2          |    or    |      0|  0|  64|          64|           3|
    |i_33_2_9_fu_4051_p2          |    or    |      0|  0|  64|          64|           3|
    |i_33_2_s_fu_3915_p2          |    or    |      0|  0|  64|          64|           1|
    |i_33_3_1_fu_4571_p2          |    or    |      0|  0|  64|          64|           3|
    |i_33_3_2_fu_4605_p2          |    or    |      0|  0|  64|          64|           3|
    |i_33_3_5_fu_4435_p2          |    or    |      0|  0|  64|          64|           2|
    |i_33_3_6_fu_4469_p2          |    or    |      0|  0|  64|          64|           2|
    |i_33_3_8_fu_4503_p2          |    or    |      0|  0|  64|          64|           3|
    |i_33_3_9_fu_4537_p2          |    or    |      0|  0|  64|          64|           3|
    |i_33_3_s_fu_4401_p2          |    or    |      0|  0|  64|          64|           1|
    |k_2_6_fu_3681_p2             |    or    |      0|  0|   7|           7|           2|
    |k_2_7_fu_4167_p2             |    or    |      0|  0|   7|           7|           2|
    |k_2_s_fu_3195_p2             |    or    |      0|  0|   7|           7|           1|
    |tmp_131_fu_3204_p2           |    or    |      0|  0|   3|           3|           1|
    |tmp_142_fu_3690_p2           |    or    |      0|  0|   3|           3|           2|
    |tmp_154_fu_4176_p2           |    or    |      0|  0|   3|           3|           2|
    |UnifiedRetVal_i4_fu_2903_p3  |  select  |      0|  0|  32|           1|          32|
    |UnifiedRetVal_i5_fu_3879_p3  |  select  |      0|  0|  32|           1|          32|
    |UnifiedRetVal_i6_fu_4365_p3  |  select  |      0|  0|  32|           1|          32|
    |UnifiedRetVal_i_fu_3393_p3   |  select  |      0|  0|  32|           1|          32|
    |sel_tmp11_i4_fu_2890_p3      |  select  |      0|  0|  32|           1|          32|
    |sel_tmp11_i5_fu_3866_p3      |  select  |      0|  0|  32|           1|          32|
    |sel_tmp11_i6_fu_4352_p3      |  select  |      0|  0|  32|           1|          32|
    |sel_tmp11_i_fu_3380_p3       |  select  |      0|  0|  32|           1|          32|
    |sel_tmp1_i4_fu_2783_p3       |  select  |      0|  0|  32|           1|          32|
    |sel_tmp1_i5_fu_3777_p3       |  select  |      0|  0|  32|           1|          32|
    |sel_tmp1_i6_fu_4263_p3       |  select  |      0|  0|  32|           1|          32|
    |sel_tmp1_i_fu_3291_p3        |  select  |      0|  0|  32|           1|          32|
    |sel_tmp3_i4_fu_2797_p3       |  select  |      0|  0|  32|           1|          32|
    |sel_tmp3_i5_fu_3790_p3       |  select  |      0|  0|  32|           1|          32|
    |sel_tmp3_i6_fu_4276_p3       |  select  |      0|  0|  32|           1|          32|
    |sel_tmp3_i_fu_3304_p3        |  select  |      0|  0|  32|           1|          32|
    |sel_tmp5_i4_fu_2811_p3       |  select  |      0|  0|  32|           1|          32|
    |sel_tmp5_i5_fu_3803_p3       |  select  |      0|  0|  32|           1|          32|
    |sel_tmp5_i6_fu_4289_p3       |  select  |      0|  0|  32|           1|          32|
    |sel_tmp5_i_fu_3317_p3        |  select  |      0|  0|  32|           1|          32|
    |sel_tmp7_i4_fu_2825_p3       |  select  |      0|  0|  32|           1|          32|
    |sel_tmp7_i5_fu_3816_p3       |  select  |      0|  0|  32|           1|          32|
    |sel_tmp7_i6_fu_4302_p3       |  select  |      0|  0|  32|           1|          32|
    |sel_tmp7_i_fu_3330_p3        |  select  |      0|  0|  32|           1|          32|
    |sel_tmp9_i4_fu_2878_p3       |  select  |      0|  0|  32|           1|          32|
    |sel_tmp9_i5_fu_3854_p3       |  select  |      0|  0|  32|           1|          32|
    |sel_tmp9_i6_fu_4340_p3       |  select  |      0|  0|  32|           1|          32|
    |sel_tmp9_i_fu_3368_p3        |  select  |      0|  0|  32|           1|          32|
    |ap_enable_pp0                |    xor   |      0|  0|   2|           1|           2|
    |ap_enable_pp1                |    xor   |      0|  0|   2|           1|           2|
    |ap_enable_pp10               |    xor   |      0|  0|   2|           1|           2|
    |ap_enable_pp11               |    xor   |      0|  0|   2|           1|           2|
    |ap_enable_pp12               |    xor   |      0|  0|   2|           1|           2|
    |ap_enable_pp13               |    xor   |      0|  0|   2|           1|           2|
    |ap_enable_pp14               |    xor   |      0|  0|   2|           1|           2|
    |ap_enable_pp15               |    xor   |      0|  0|   2|           1|           2|
    |ap_enable_pp16               |    xor   |      0|  0|   2|           1|           2|
    |ap_enable_pp17               |    xor   |      0|  0|   2|           1|           2|
    |ap_enable_pp18               |    xor   |      0|  0|   2|           1|           2|
    |ap_enable_pp19               |    xor   |      0|  0|   2|           1|           2|
    |ap_enable_pp2                |    xor   |      0|  0|   2|           1|           2|
    |ap_enable_pp20               |    xor   |      0|  0|   2|           1|           2|
    |ap_enable_pp21               |    xor   |      0|  0|   2|           1|           2|
    |ap_enable_pp22               |    xor   |      0|  0|   2|           1|           2|
    |ap_enable_pp23               |    xor   |      0|  0|   2|           1|           2|
    |ap_enable_pp24               |    xor   |      0|  0|   2|           1|           2|
    |ap_enable_pp25               |    xor   |      0|  0|   2|           1|           2|
    |ap_enable_pp26               |    xor   |      0|  0|   2|           1|           2|
    |ap_enable_pp27               |    xor   |      0|  0|   2|           1|           2|
    |ap_enable_pp28               |    xor   |      0|  0|   2|           1|           2|
    |ap_enable_pp29               |    xor   |      0|  0|   2|           1|           2|
    |ap_enable_pp3                |    xor   |      0|  0|   2|           1|           2|
    |ap_enable_pp30               |    xor   |      0|  0|   2|           1|           2|
    |ap_enable_pp31               |    xor   |      0|  0|   2|           1|           2|
    |ap_enable_pp4                |    xor   |      0|  0|   2|           1|           2|
    |ap_enable_pp5                |    xor   |      0|  0|   2|           1|           2|
    |ap_enable_pp6                |    xor   |      0|  0|   2|           1|           2|
    |ap_enable_pp7                |    xor   |      0|  0|   2|           1|           2|
    |ap_enable_pp8                |    xor   |      0|  0|   2|           1|           2|
    |ap_enable_pp9                |    xor   |      0|  0|   2|           1|           2|
    +-----------------------------+----------+-------+---+----+------------+------------+
    |Total                        |          |      0|  0|5278|        4757|        3521|
    +-----------------------------+----------+-------+---+----+------------+------------+

    * Multiplexer: 
    +---------------------------------+-----+-----------+-----+-----------+
    |               Name              | LUT | Input Size| Bits| Total Bits|
    +---------------------------------+-----+-----------+-----+-----------+
    |A10_address0                     |   27|          5|    4|         20|
    |A11_address0                     |   27|          5|    4|         20|
    |A12_address0                     |   27|          5|    4|         20|
    |A13_address0                     |   27|          5|    4|         20|
    |A14_address0                     |   27|          5|    4|         20|
    |A8_address0                      |   27|          5|    4|         20|
    |A9_address0                      |   27|          5|    4|         20|
    |A_address0                       |   27|          5|    4|         20|
    |C1_d0                            |  149|         33|   32|       1056|
    |C2_d0                            |  149|         33|   32|       1056|
    |C3_d0                            |  149|         33|   32|       1056|
    |C4_d0                            |  149|         33|   32|       1056|
    |C5_d0                            |  149|         33|   32|       1056|
    |C6_d0                            |  149|         33|   32|       1056|
    |C7_d0                            |  149|         33|   32|       1056|
    |C_d0                             |  149|         33|   32|       1056|
    |ap_NS_fsm                        |  477|        109|    1|        109|
    |ap_enable_reg_pp0_iter10         |    9|          2|    1|          2|
    |ap_enable_reg_pp10_iter10        |    9|          2|    1|          2|
    |ap_enable_reg_pp11_iter10        |    9|          2|    1|          2|
    |ap_enable_reg_pp12_iter10        |    9|          2|    1|          2|
    |ap_enable_reg_pp13_iter10        |    9|          2|    1|          2|
    |ap_enable_reg_pp14_iter10        |    9|          2|    1|          2|
    |ap_enable_reg_pp15_iter10        |    9|          2|    1|          2|
    |ap_enable_reg_pp16_iter10        |    9|          2|    1|          2|
    |ap_enable_reg_pp17_iter10        |    9|          2|    1|          2|
    |ap_enable_reg_pp18_iter10        |    9|          2|    1|          2|
    |ap_enable_reg_pp19_iter10        |    9|          2|    1|          2|
    |ap_enable_reg_pp1_iter10         |    9|          2|    1|          2|
    |ap_enable_reg_pp20_iter10        |    9|          2|    1|          2|
    |ap_enable_reg_pp21_iter10        |    9|          2|    1|          2|
    |ap_enable_reg_pp22_iter10        |    9|          2|    1|          2|
    |ap_enable_reg_pp23_iter10        |    9|          2|    1|          2|
    |ap_enable_reg_pp24_iter10        |    9|          2|    1|          2|
    |ap_enable_reg_pp25_iter10        |    9|          2|    1|          2|
    |ap_enable_reg_pp26_iter10        |    9|          2|    1|          2|
    |ap_enable_reg_pp27_iter10        |    9|          2|    1|          2|
    |ap_enable_reg_pp28_iter10        |    9|          2|    1|          2|
    |ap_enable_reg_pp29_iter10        |    9|          2|    1|          2|
    |ap_enable_reg_pp2_iter10         |    9|          2|    1|          2|
    |ap_enable_reg_pp30_iter10        |    9|          2|    1|          2|
    |ap_enable_reg_pp31_iter10        |    9|          2|    1|          2|
    |ap_enable_reg_pp3_iter10         |    9|          2|    1|          2|
    |ap_enable_reg_pp4_iter10         |    9|          2|    1|          2|
    |ap_enable_reg_pp5_iter10         |    9|          2|    1|          2|
    |ap_enable_reg_pp6_iter10         |    9|          2|    1|          2|
    |ap_enable_reg_pp7_iter10         |    9|          2|    1|          2|
    |ap_enable_reg_pp8_iter10         |    9|          2|    1|          2|
    |ap_enable_reg_pp9_iter10         |    9|          2|    1|          2|
    |d_address0                       |  149|         33|    5|        165|
    |dense_14_kernel_arra_1_address0  |   27|          5|    9|         45|
    |dense_14_kernel_arra_2_address0  |   27|          5|    9|         45|
    |dense_14_kernel_arra_3_address0  |   27|          5|    9|         45|
    |dense_14_kernel_arra_4_address0  |   27|          5|    9|         45|
    |dense_14_kernel_arra_5_address0  |   27|          5|    9|         45|
    |dense_14_kernel_arra_6_address0  |   27|          5|    9|         45|
    |dense_14_kernel_arra_7_address0  |   27|          5|    9|         45|
    |dense_14_kernel_arra_address0    |   27|          5|    9|         45|
    |grp_fu_2676_p0                   |   27|          5|   32|        160|
    |grp_fu_2676_p1                   |   27|          5|   32|        160|
    |i_1_reg_1553                     |    9|          2|   64|        128|
    |i_2_reg_1925                     |    9|          2|   64|        128|
    |i_3_reg_2297                     |    9|          2|   64|        128|
    |i_reg_1181                       |    9|          2|   64|        128|
    |inneridx_1_1_reg_1578            |    9|          2|   64|        128|
    |inneridx_1_2_reg_1950            |    9|          2|   64|        128|
    |inneridx_1_3_reg_2322            |    9|          2|   64|        128|
    |inneridx_1_lcssa_1_reg_1871      |   41|          8|   64|        512|
    |inneridx_1_lcssa_2_reg_2243      |   41|          8|   64|        512|
    |inneridx_1_lcssa_3_reg_2616      |   41|          8|   64|        512|
    |inneridx_1_lcssa_reg_1499        |   41|          8|   64|        512|
    |inneridx_1_reg_1206              |    9|          2|   64|        128|
    |inneridx_reg_1157                |    9|          2|   64|        128|
    |j_1_1_reg_1565                   |    9|          2|    7|         14|
    |j_1_2_reg_1937                   |    9|          2|    7|         14|
    |j_1_3_reg_2309                   |    9|          2|    7|         14|
    |j_1_lcssa_1_reg_1894             |    9|          2|    7|         14|
    |j_1_lcssa_2_reg_2266             |    9|          2|    7|         14|
    |j_1_lcssa_3_reg_2640             |    9|          2|    7|         14|
    |j_1_lcssa_reg_1522               |    9|          2|    7|         14|
    |j_1_reg_1193                     |    9|          2|    7|         14|
    |j_2_0_1_reg_1258                 |    9|          2|    6|         12|
    |j_2_0_2_reg_1288                 |    9|          2|    6|         12|
    |j_2_0_3_reg_1318                 |    9|          2|    6|         12|
    |j_2_0_4_reg_1348                 |    9|          2|    6|         12|
    |j_2_0_5_reg_1378                 |    9|          2|    6|         12|
    |j_2_0_6_reg_1408                 |    9|          2|    6|         12|
    |j_2_0_7_reg_1438                 |    9|          2|    6|         12|
    |j_2_1_1_reg_1630                 |    9|          2|    6|         12|
    |j_2_1_2_reg_1660                 |    9|          2|    6|         12|
    |j_2_1_3_reg_1690                 |    9|          2|    6|         12|
    |j_2_1_4_reg_1720                 |    9|          2|    6|         12|
    |j_2_1_5_reg_1750                 |    9|          2|    6|         12|
    |j_2_1_6_reg_1780                 |    9|          2|    6|         12|
    |j_2_1_7_reg_1810                 |    9|          2|    6|         12|
    |j_2_1_reg_1600                   |    9|          2|    6|         12|
    |j_2_2_1_reg_2002                 |    9|          2|    6|         12|
    |j_2_2_2_reg_2032                 |    9|          2|    6|         12|
    |j_2_2_3_reg_2062                 |    9|          2|    6|         12|
    |j_2_2_4_reg_2092                 |    9|          2|    6|         12|
    |j_2_2_5_reg_2122                 |    9|          2|    6|         12|
    |j_2_2_6_reg_2152                 |    9|          2|    6|         12|
    |j_2_2_7_reg_2182                 |    9|          2|    6|         12|
    |j_2_2_reg_1972                   |    9|          2|    6|         12|
    |j_2_3_1_reg_2374                 |    9|          2|    6|         12|
    |j_2_3_2_reg_2404                 |    9|          2|    6|         12|
    |j_2_3_3_reg_2434                 |    9|          2|    6|         12|
    |j_2_3_4_reg_2464                 |    9|          2|    6|         12|
    |j_2_3_5_reg_2494                 |    9|          2|    6|         12|
    |j_2_3_6_reg_2524                 |    9|          2|    6|         12|
    |j_2_3_7_reg_2554                 |    9|          2|    6|         12|
    |j_2_3_reg_2344                   |    9|          2|    6|         12|
    |j_2_reg_1228                     |    9|          2|    6|         12|
    |j_reg_1133                       |    9|          2|    7|         14|
    |k_reg_1145                       |    9|          2|    8|         16|
    |sum_1_1_reg_1589                 |    9|          2|   32|         64|
    |sum_1_2_reg_1961                 |    9|          2|   32|         64|
    |sum_1_3_reg_2333                 |    9|          2|   32|         64|
    |sum_1_lcssa_1_reg_1841           |   41|          8|   32|        256|
    |sum_1_lcssa_2_reg_2213           |   41|          8|   32|        256|
    |sum_1_lcssa_3_reg_2585           |   41|          8|   32|        256|
    |sum_1_lcssa_reg_1469             |   41|          8|   32|        256|
    |sum_1_reg_1217                   |    9|          2|   32|         64|
    |sum_2_0_1_reg_1269               |    9|          2|   32|         64|
    |sum_2_0_2_reg_1299               |    9|          2|   32|         64|
    |sum_2_0_3_reg_1329               |    9|          2|   32|         64|
    |sum_2_0_4_reg_1359               |    9|          2|   32|         64|
    |sum_2_0_5_reg_1389               |    9|          2|   32|         64|
    |sum_2_0_6_reg_1419               |    9|          2|   32|         64|
    |sum_2_0_7_reg_1449               |    9|          2|   32|         64|
    |sum_2_1_1_reg_1641               |    9|          2|   32|         64|
    |sum_2_1_2_reg_1671               |    9|          2|   32|         64|
    |sum_2_1_3_reg_1701               |    9|          2|   32|         64|
    |sum_2_1_4_reg_1731               |    9|          2|   32|         64|
    |sum_2_1_5_reg_1761               |    9|          2|   32|         64|
    |sum_2_1_6_reg_1791               |    9|          2|   32|         64|
    |sum_2_1_7_reg_1821               |    9|          2|   32|         64|
    |sum_2_1_reg_1611                 |    9|          2|   32|         64|
    |sum_2_2_1_reg_2013               |    9|          2|   32|         64|
    |sum_2_2_2_reg_2043               |    9|          2|   32|         64|
    |sum_2_2_3_reg_2073               |    9|          2|   32|         64|
    |sum_2_2_4_reg_2103               |    9|          2|   32|         64|
    |sum_2_2_5_reg_2133               |    9|          2|   32|         64|
    |sum_2_2_6_reg_2163               |    9|          2|   32|         64|
    |sum_2_2_7_reg_2193               |    9|          2|   32|         64|
    |sum_2_2_reg_1983                 |    9|          2|   32|         64|
    |sum_2_3_1_reg_2385               |    9|          2|   32|         64|
    |sum_2_3_2_reg_2415               |    9|          2|   32|         64|
    |sum_2_3_3_reg_2445               |    9|          2|   32|         64|
    |sum_2_3_4_reg_2475               |    9|          2|   32|         64|
    |sum_2_3_5_reg_2505               |    9|          2|   32|         64|
    |sum_2_3_6_reg_2535               |    9|          2|   32|         64|
    |sum_2_3_7_reg_2565               |    9|          2|   32|         64|
    |sum_2_3_reg_2355                 |    9|          2|   32|         64|
    |sum_2_reg_1239                   |    9|          2|   32|         64|
    |sum_reg_1169                     |    9|          2|   32|         64|
    +---------------------------------+-----+-----------+-----+-----------+
    |Total                            | 3712|        800| 2869|      16744|
    +---------------------------------+-----+-----------+-----+-----------+

    * Register: 
    +-----------------------------+-----+----+-----+-----------+
    |             Name            |  FF | LUT| Bits| Const Bits|
    +-----------------------------+-----+----+-----+-----------+
    |UnifiedRetVal_i4_reg_4841    |   32|   0|   32|          0|
    |UnifiedRetVal_i5_reg_5562    |   32|   0|   32|          0|
    |UnifiedRetVal_i6_reg_5919    |   32|   0|   32|          0|
    |UnifiedRetVal_i_reg_5205     |   32|   0|   32|          0|
    |ap_CS_fsm                    |  108|   0|  108|          0|
    |ap_enable_reg_pp0_iter0      |    1|   0|    1|          0|
    |ap_enable_reg_pp0_iter1      |    1|   0|    1|          0|
    |ap_enable_reg_pp0_iter10     |    1|   0|    1|          0|
    |ap_enable_reg_pp0_iter2      |    1|   0|    1|          0|
    |ap_enable_reg_pp0_iter3      |    1|   0|    1|          0|
    |ap_enable_reg_pp0_iter4      |    1|   0|    1|          0|
    |ap_enable_reg_pp0_iter5      |    1|   0|    1|          0|
    |ap_enable_reg_pp0_iter6      |    1|   0|    1|          0|
    |ap_enable_reg_pp0_iter7      |    1|   0|    1|          0|
    |ap_enable_reg_pp0_iter8      |    1|   0|    1|          0|
    |ap_enable_reg_pp0_iter9      |    1|   0|    1|          0|
    |ap_enable_reg_pp10_iter0     |    1|   0|    1|          0|
    |ap_enable_reg_pp10_iter1     |    1|   0|    1|          0|
    |ap_enable_reg_pp10_iter10    |    1|   0|    1|          0|
    |ap_enable_reg_pp10_iter2     |    1|   0|    1|          0|
    |ap_enable_reg_pp10_iter3     |    1|   0|    1|          0|
    |ap_enable_reg_pp10_iter4     |    1|   0|    1|          0|
    |ap_enable_reg_pp10_iter5     |    1|   0|    1|          0|
    |ap_enable_reg_pp10_iter6     |    1|   0|    1|          0|
    |ap_enable_reg_pp10_iter7     |    1|   0|    1|          0|
    |ap_enable_reg_pp10_iter8     |    1|   0|    1|          0|
    |ap_enable_reg_pp10_iter9     |    1|   0|    1|          0|
    |ap_enable_reg_pp11_iter0     |    1|   0|    1|          0|
    |ap_enable_reg_pp11_iter1     |    1|   0|    1|          0|
    |ap_enable_reg_pp11_iter10    |    1|   0|    1|          0|
    |ap_enable_reg_pp11_iter2     |    1|   0|    1|          0|
    |ap_enable_reg_pp11_iter3     |    1|   0|    1|          0|
    |ap_enable_reg_pp11_iter4     |    1|   0|    1|          0|
    |ap_enable_reg_pp11_iter5     |    1|   0|    1|          0|
    |ap_enable_reg_pp11_iter6     |    1|   0|    1|          0|
    |ap_enable_reg_pp11_iter7     |    1|   0|    1|          0|
    |ap_enable_reg_pp11_iter8     |    1|   0|    1|          0|
    |ap_enable_reg_pp11_iter9     |    1|   0|    1|          0|
    |ap_enable_reg_pp12_iter0     |    1|   0|    1|          0|
    |ap_enable_reg_pp12_iter1     |    1|   0|    1|          0|
    |ap_enable_reg_pp12_iter10    |    1|   0|    1|          0|
    |ap_enable_reg_pp12_iter2     |    1|   0|    1|          0|
    |ap_enable_reg_pp12_iter3     |    1|   0|    1|          0|
    |ap_enable_reg_pp12_iter4     |    1|   0|    1|          0|
    |ap_enable_reg_pp12_iter5     |    1|   0|    1|          0|
    |ap_enable_reg_pp12_iter6     |    1|   0|    1|          0|
    |ap_enable_reg_pp12_iter7     |    1|   0|    1|          0|
    |ap_enable_reg_pp12_iter8     |    1|   0|    1|          0|
    |ap_enable_reg_pp12_iter9     |    1|   0|    1|          0|
    |ap_enable_reg_pp13_iter0     |    1|   0|    1|          0|
    |ap_enable_reg_pp13_iter1     |    1|   0|    1|          0|
    |ap_enable_reg_pp13_iter10    |    1|   0|    1|          0|
    |ap_enable_reg_pp13_iter2     |    1|   0|    1|          0|
    |ap_enable_reg_pp13_iter3     |    1|   0|    1|          0|
    |ap_enable_reg_pp13_iter4     |    1|   0|    1|          0|
    |ap_enable_reg_pp13_iter5     |    1|   0|    1|          0|
    |ap_enable_reg_pp13_iter6     |    1|   0|    1|          0|
    |ap_enable_reg_pp13_iter7     |    1|   0|    1|          0|
    |ap_enable_reg_pp13_iter8     |    1|   0|    1|          0|
    |ap_enable_reg_pp13_iter9     |    1|   0|    1|          0|
    |ap_enable_reg_pp14_iter0     |    1|   0|    1|          0|
    |ap_enable_reg_pp14_iter1     |    1|   0|    1|          0|
    |ap_enable_reg_pp14_iter10    |    1|   0|    1|          0|
    |ap_enable_reg_pp14_iter2     |    1|   0|    1|          0|
    |ap_enable_reg_pp14_iter3     |    1|   0|    1|          0|
    |ap_enable_reg_pp14_iter4     |    1|   0|    1|          0|
    |ap_enable_reg_pp14_iter5     |    1|   0|    1|          0|
    |ap_enable_reg_pp14_iter6     |    1|   0|    1|          0|
    |ap_enable_reg_pp14_iter7     |    1|   0|    1|          0|
    |ap_enable_reg_pp14_iter8     |    1|   0|    1|          0|
    |ap_enable_reg_pp14_iter9     |    1|   0|    1|          0|
    |ap_enable_reg_pp15_iter0     |    1|   0|    1|          0|
    |ap_enable_reg_pp15_iter1     |    1|   0|    1|          0|
    |ap_enable_reg_pp15_iter10    |    1|   0|    1|          0|
    |ap_enable_reg_pp15_iter2     |    1|   0|    1|          0|
    |ap_enable_reg_pp15_iter3     |    1|   0|    1|          0|
    |ap_enable_reg_pp15_iter4     |    1|   0|    1|          0|
    |ap_enable_reg_pp15_iter5     |    1|   0|    1|          0|
    |ap_enable_reg_pp15_iter6     |    1|   0|    1|          0|
    |ap_enable_reg_pp15_iter7     |    1|   0|    1|          0|
    |ap_enable_reg_pp15_iter8     |    1|   0|    1|          0|
    |ap_enable_reg_pp15_iter9     |    1|   0|    1|          0|
    |ap_enable_reg_pp16_iter0     |    1|   0|    1|          0|
    |ap_enable_reg_pp16_iter1     |    1|   0|    1|          0|
    |ap_enable_reg_pp16_iter10    |    1|   0|    1|          0|
    |ap_enable_reg_pp16_iter2     |    1|   0|    1|          0|
    |ap_enable_reg_pp16_iter3     |    1|   0|    1|          0|
    |ap_enable_reg_pp16_iter4     |    1|   0|    1|          0|
    |ap_enable_reg_pp16_iter5     |    1|   0|    1|          0|
    |ap_enable_reg_pp16_iter6     |    1|   0|    1|          0|
    |ap_enable_reg_pp16_iter7     |    1|   0|    1|          0|
    |ap_enable_reg_pp16_iter8     |    1|   0|    1|          0|
    |ap_enable_reg_pp16_iter9     |    1|   0|    1|          0|
    |ap_enable_reg_pp17_iter0     |    1|   0|    1|          0|
    |ap_enable_reg_pp17_iter1     |    1|   0|    1|          0|
    |ap_enable_reg_pp17_iter10    |    1|   0|    1|          0|
    |ap_enable_reg_pp17_iter2     |    1|   0|    1|          0|
    |ap_enable_reg_pp17_iter3     |    1|   0|    1|          0|
    |ap_enable_reg_pp17_iter4     |    1|   0|    1|          0|
    |ap_enable_reg_pp17_iter5     |    1|   0|    1|          0|
    |ap_enable_reg_pp17_iter6     |    1|   0|    1|          0|
    |ap_enable_reg_pp17_iter7     |    1|   0|    1|          0|
    |ap_enable_reg_pp17_iter8     |    1|   0|    1|          0|
    |ap_enable_reg_pp17_iter9     |    1|   0|    1|          0|
    |ap_enable_reg_pp18_iter0     |    1|   0|    1|          0|
    |ap_enable_reg_pp18_iter1     |    1|   0|    1|          0|
    |ap_enable_reg_pp18_iter10    |    1|   0|    1|          0|
    |ap_enable_reg_pp18_iter2     |    1|   0|    1|          0|
    |ap_enable_reg_pp18_iter3     |    1|   0|    1|          0|
    |ap_enable_reg_pp18_iter4     |    1|   0|    1|          0|
    |ap_enable_reg_pp18_iter5     |    1|   0|    1|          0|
    |ap_enable_reg_pp18_iter6     |    1|   0|    1|          0|
    |ap_enable_reg_pp18_iter7     |    1|   0|    1|          0|
    |ap_enable_reg_pp18_iter8     |    1|   0|    1|          0|
    |ap_enable_reg_pp18_iter9     |    1|   0|    1|          0|
    |ap_enable_reg_pp19_iter0     |    1|   0|    1|          0|
    |ap_enable_reg_pp19_iter1     |    1|   0|    1|          0|
    |ap_enable_reg_pp19_iter10    |    1|   0|    1|          0|
    |ap_enable_reg_pp19_iter2     |    1|   0|    1|          0|
    |ap_enable_reg_pp19_iter3     |    1|   0|    1|          0|
    |ap_enable_reg_pp19_iter4     |    1|   0|    1|          0|
    |ap_enable_reg_pp19_iter5     |    1|   0|    1|          0|
    |ap_enable_reg_pp19_iter6     |    1|   0|    1|          0|
    |ap_enable_reg_pp19_iter7     |    1|   0|    1|          0|
    |ap_enable_reg_pp19_iter8     |    1|   0|    1|          0|
    |ap_enable_reg_pp19_iter9     |    1|   0|    1|          0|
    |ap_enable_reg_pp1_iter0      |    1|   0|    1|          0|
    |ap_enable_reg_pp1_iter1      |    1|   0|    1|          0|
    |ap_enable_reg_pp1_iter10     |    1|   0|    1|          0|
    |ap_enable_reg_pp1_iter2      |    1|   0|    1|          0|
    |ap_enable_reg_pp1_iter3      |    1|   0|    1|          0|
    |ap_enable_reg_pp1_iter4      |    1|   0|    1|          0|
    |ap_enable_reg_pp1_iter5      |    1|   0|    1|          0|
    |ap_enable_reg_pp1_iter6      |    1|   0|    1|          0|
    |ap_enable_reg_pp1_iter7      |    1|   0|    1|          0|
    |ap_enable_reg_pp1_iter8      |    1|   0|    1|          0|
    |ap_enable_reg_pp1_iter9      |    1|   0|    1|          0|
    |ap_enable_reg_pp20_iter0     |    1|   0|    1|          0|
    |ap_enable_reg_pp20_iter1     |    1|   0|    1|          0|
    |ap_enable_reg_pp20_iter10    |    1|   0|    1|          0|
    |ap_enable_reg_pp20_iter2     |    1|   0|    1|          0|
    |ap_enable_reg_pp20_iter3     |    1|   0|    1|          0|
    |ap_enable_reg_pp20_iter4     |    1|   0|    1|          0|
    |ap_enable_reg_pp20_iter5     |    1|   0|    1|          0|
    |ap_enable_reg_pp20_iter6     |    1|   0|    1|          0|
    |ap_enable_reg_pp20_iter7     |    1|   0|    1|          0|
    |ap_enable_reg_pp20_iter8     |    1|   0|    1|          0|
    |ap_enable_reg_pp20_iter9     |    1|   0|    1|          0|
    |ap_enable_reg_pp21_iter0     |    1|   0|    1|          0|
    |ap_enable_reg_pp21_iter1     |    1|   0|    1|          0|
    |ap_enable_reg_pp21_iter10    |    1|   0|    1|          0|
    |ap_enable_reg_pp21_iter2     |    1|   0|    1|          0|
    |ap_enable_reg_pp21_iter3     |    1|   0|    1|          0|
    |ap_enable_reg_pp21_iter4     |    1|   0|    1|          0|
    |ap_enable_reg_pp21_iter5     |    1|   0|    1|          0|
    |ap_enable_reg_pp21_iter6     |    1|   0|    1|          0|
    |ap_enable_reg_pp21_iter7     |    1|   0|    1|          0|
    |ap_enable_reg_pp21_iter8     |    1|   0|    1|          0|
    |ap_enable_reg_pp21_iter9     |    1|   0|    1|          0|
    |ap_enable_reg_pp22_iter0     |    1|   0|    1|          0|
    |ap_enable_reg_pp22_iter1     |    1|   0|    1|          0|
    |ap_enable_reg_pp22_iter10    |    1|   0|    1|          0|
    |ap_enable_reg_pp22_iter2     |    1|   0|    1|          0|
    |ap_enable_reg_pp22_iter3     |    1|   0|    1|          0|
    |ap_enable_reg_pp22_iter4     |    1|   0|    1|          0|
    |ap_enable_reg_pp22_iter5     |    1|   0|    1|          0|
    |ap_enable_reg_pp22_iter6     |    1|   0|    1|          0|
    |ap_enable_reg_pp22_iter7     |    1|   0|    1|          0|
    |ap_enable_reg_pp22_iter8     |    1|   0|    1|          0|
    |ap_enable_reg_pp22_iter9     |    1|   0|    1|          0|
    |ap_enable_reg_pp23_iter0     |    1|   0|    1|          0|
    |ap_enable_reg_pp23_iter1     |    1|   0|    1|          0|
    |ap_enable_reg_pp23_iter10    |    1|   0|    1|          0|
    |ap_enable_reg_pp23_iter2     |    1|   0|    1|          0|
    |ap_enable_reg_pp23_iter3     |    1|   0|    1|          0|
    |ap_enable_reg_pp23_iter4     |    1|   0|    1|          0|
    |ap_enable_reg_pp23_iter5     |    1|   0|    1|          0|
    |ap_enable_reg_pp23_iter6     |    1|   0|    1|          0|
    |ap_enable_reg_pp23_iter7     |    1|   0|    1|          0|
    |ap_enable_reg_pp23_iter8     |    1|   0|    1|          0|
    |ap_enable_reg_pp23_iter9     |    1|   0|    1|          0|
    |ap_enable_reg_pp24_iter0     |    1|   0|    1|          0|
    |ap_enable_reg_pp24_iter1     |    1|   0|    1|          0|
    |ap_enable_reg_pp24_iter10    |    1|   0|    1|          0|
    |ap_enable_reg_pp24_iter2     |    1|   0|    1|          0|
    |ap_enable_reg_pp24_iter3     |    1|   0|    1|          0|
    |ap_enable_reg_pp24_iter4     |    1|   0|    1|          0|
    |ap_enable_reg_pp24_iter5     |    1|   0|    1|          0|
    |ap_enable_reg_pp24_iter6     |    1|   0|    1|          0|
    |ap_enable_reg_pp24_iter7     |    1|   0|    1|          0|
    |ap_enable_reg_pp24_iter8     |    1|   0|    1|          0|
    |ap_enable_reg_pp24_iter9     |    1|   0|    1|          0|
    |ap_enable_reg_pp25_iter0     |    1|   0|    1|          0|
    |ap_enable_reg_pp25_iter1     |    1|   0|    1|          0|
    |ap_enable_reg_pp25_iter10    |    1|   0|    1|          0|
    |ap_enable_reg_pp25_iter2     |    1|   0|    1|          0|
    |ap_enable_reg_pp25_iter3     |    1|   0|    1|          0|
    |ap_enable_reg_pp25_iter4     |    1|   0|    1|          0|
    |ap_enable_reg_pp25_iter5     |    1|   0|    1|          0|
    |ap_enable_reg_pp25_iter6     |    1|   0|    1|          0|
    |ap_enable_reg_pp25_iter7     |    1|   0|    1|          0|
    |ap_enable_reg_pp25_iter8     |    1|   0|    1|          0|
    |ap_enable_reg_pp25_iter9     |    1|   0|    1|          0|
    |ap_enable_reg_pp26_iter0     |    1|   0|    1|          0|
    |ap_enable_reg_pp26_iter1     |    1|   0|    1|          0|
    |ap_enable_reg_pp26_iter10    |    1|   0|    1|          0|
    |ap_enable_reg_pp26_iter2     |    1|   0|    1|          0|
    |ap_enable_reg_pp26_iter3     |    1|   0|    1|          0|
    |ap_enable_reg_pp26_iter4     |    1|   0|    1|          0|
    |ap_enable_reg_pp26_iter5     |    1|   0|    1|          0|
    |ap_enable_reg_pp26_iter6     |    1|   0|    1|          0|
    |ap_enable_reg_pp26_iter7     |    1|   0|    1|          0|
    |ap_enable_reg_pp26_iter8     |    1|   0|    1|          0|
    |ap_enable_reg_pp26_iter9     |    1|   0|    1|          0|
    |ap_enable_reg_pp27_iter0     |    1|   0|    1|          0|
    |ap_enable_reg_pp27_iter1     |    1|   0|    1|          0|
    |ap_enable_reg_pp27_iter10    |    1|   0|    1|          0|
    |ap_enable_reg_pp27_iter2     |    1|   0|    1|          0|
    |ap_enable_reg_pp27_iter3     |    1|   0|    1|          0|
    |ap_enable_reg_pp27_iter4     |    1|   0|    1|          0|
    |ap_enable_reg_pp27_iter5     |    1|   0|    1|          0|
    |ap_enable_reg_pp27_iter6     |    1|   0|    1|          0|
    |ap_enable_reg_pp27_iter7     |    1|   0|    1|          0|
    |ap_enable_reg_pp27_iter8     |    1|   0|    1|          0|
    |ap_enable_reg_pp27_iter9     |    1|   0|    1|          0|
    |ap_enable_reg_pp28_iter0     |    1|   0|    1|          0|
    |ap_enable_reg_pp28_iter1     |    1|   0|    1|          0|
    |ap_enable_reg_pp28_iter10    |    1|   0|    1|          0|
    |ap_enable_reg_pp28_iter2     |    1|   0|    1|          0|
    |ap_enable_reg_pp28_iter3     |    1|   0|    1|          0|
    |ap_enable_reg_pp28_iter4     |    1|   0|    1|          0|
    |ap_enable_reg_pp28_iter5     |    1|   0|    1|          0|
    |ap_enable_reg_pp28_iter6     |    1|   0|    1|          0|
    |ap_enable_reg_pp28_iter7     |    1|   0|    1|          0|
    |ap_enable_reg_pp28_iter8     |    1|   0|    1|          0|
    |ap_enable_reg_pp28_iter9     |    1|   0|    1|          0|
    |ap_enable_reg_pp29_iter0     |    1|   0|    1|          0|
    |ap_enable_reg_pp29_iter1     |    1|   0|    1|          0|
    |ap_enable_reg_pp29_iter10    |    1|   0|    1|          0|
    |ap_enable_reg_pp29_iter2     |    1|   0|    1|          0|
    |ap_enable_reg_pp29_iter3     |    1|   0|    1|          0|
    |ap_enable_reg_pp29_iter4     |    1|   0|    1|          0|
    |ap_enable_reg_pp29_iter5     |    1|   0|    1|          0|
    |ap_enable_reg_pp29_iter6     |    1|   0|    1|          0|
    |ap_enable_reg_pp29_iter7     |    1|   0|    1|          0|
    |ap_enable_reg_pp29_iter8     |    1|   0|    1|          0|
    |ap_enable_reg_pp29_iter9     |    1|   0|    1|          0|
    |ap_enable_reg_pp2_iter0      |    1|   0|    1|          0|
    |ap_enable_reg_pp2_iter1      |    1|   0|    1|          0|
    |ap_enable_reg_pp2_iter10     |    1|   0|    1|          0|
    |ap_enable_reg_pp2_iter2      |    1|   0|    1|          0|
    |ap_enable_reg_pp2_iter3      |    1|   0|    1|          0|
    |ap_enable_reg_pp2_iter4      |    1|   0|    1|          0|
    |ap_enable_reg_pp2_iter5      |    1|   0|    1|          0|
    |ap_enable_reg_pp2_iter6      |    1|   0|    1|          0|
    |ap_enable_reg_pp2_iter7      |    1|   0|    1|          0|
    |ap_enable_reg_pp2_iter8      |    1|   0|    1|          0|
    |ap_enable_reg_pp2_iter9      |    1|   0|    1|          0|
    |ap_enable_reg_pp30_iter0     |    1|   0|    1|          0|
    |ap_enable_reg_pp30_iter1     |    1|   0|    1|          0|
    |ap_enable_reg_pp30_iter10    |    1|   0|    1|          0|
    |ap_enable_reg_pp30_iter2     |    1|   0|    1|          0|
    |ap_enable_reg_pp30_iter3     |    1|   0|    1|          0|
    |ap_enable_reg_pp30_iter4     |    1|   0|    1|          0|
    |ap_enable_reg_pp30_iter5     |    1|   0|    1|          0|
    |ap_enable_reg_pp30_iter6     |    1|   0|    1|          0|
    |ap_enable_reg_pp30_iter7     |    1|   0|    1|          0|
    |ap_enable_reg_pp30_iter8     |    1|   0|    1|          0|
    |ap_enable_reg_pp30_iter9     |    1|   0|    1|          0|
    |ap_enable_reg_pp31_iter0     |    1|   0|    1|          0|
    |ap_enable_reg_pp31_iter1     |    1|   0|    1|          0|
    |ap_enable_reg_pp31_iter10    |    1|   0|    1|          0|
    |ap_enable_reg_pp31_iter2     |    1|   0|    1|          0|
    |ap_enable_reg_pp31_iter3     |    1|   0|    1|          0|
    |ap_enable_reg_pp31_iter4     |    1|   0|    1|          0|
    |ap_enable_reg_pp31_iter5     |    1|   0|    1|          0|
    |ap_enable_reg_pp31_iter6     |    1|   0|    1|          0|
    |ap_enable_reg_pp31_iter7     |    1|   0|    1|          0|
    |ap_enable_reg_pp31_iter8     |    1|   0|    1|          0|
    |ap_enable_reg_pp31_iter9     |    1|   0|    1|          0|
    |ap_enable_reg_pp3_iter0      |    1|   0|    1|          0|
    |ap_enable_reg_pp3_iter1      |    1|   0|    1|          0|
    |ap_enable_reg_pp3_iter10     |    1|   0|    1|          0|
    |ap_enable_reg_pp3_iter2      |    1|   0|    1|          0|
    |ap_enable_reg_pp3_iter3      |    1|   0|    1|          0|
    |ap_enable_reg_pp3_iter4      |    1|   0|    1|          0|
    |ap_enable_reg_pp3_iter5      |    1|   0|    1|          0|
    |ap_enable_reg_pp3_iter6      |    1|   0|    1|          0|
    |ap_enable_reg_pp3_iter7      |    1|   0|    1|          0|
    |ap_enable_reg_pp3_iter8      |    1|   0|    1|          0|
    |ap_enable_reg_pp3_iter9      |    1|   0|    1|          0|
    |ap_enable_reg_pp4_iter0      |    1|   0|    1|          0|
    |ap_enable_reg_pp4_iter1      |    1|   0|    1|          0|
    |ap_enable_reg_pp4_iter10     |    1|   0|    1|          0|
    |ap_enable_reg_pp4_iter2      |    1|   0|    1|          0|
    |ap_enable_reg_pp4_iter3      |    1|   0|    1|          0|
    |ap_enable_reg_pp4_iter4      |    1|   0|    1|          0|
    |ap_enable_reg_pp4_iter5      |    1|   0|    1|          0|
    |ap_enable_reg_pp4_iter6      |    1|   0|    1|          0|
    |ap_enable_reg_pp4_iter7      |    1|   0|    1|          0|
    |ap_enable_reg_pp4_iter8      |    1|   0|    1|          0|
    |ap_enable_reg_pp4_iter9      |    1|   0|    1|          0|
    |ap_enable_reg_pp5_iter0      |    1|   0|    1|          0|
    |ap_enable_reg_pp5_iter1      |    1|   0|    1|          0|
    |ap_enable_reg_pp5_iter10     |    1|   0|    1|          0|
    |ap_enable_reg_pp5_iter2      |    1|   0|    1|          0|
    |ap_enable_reg_pp5_iter3      |    1|   0|    1|          0|
    |ap_enable_reg_pp5_iter4      |    1|   0|    1|          0|
    |ap_enable_reg_pp5_iter5      |    1|   0|    1|          0|
    |ap_enable_reg_pp5_iter6      |    1|   0|    1|          0|
    |ap_enable_reg_pp5_iter7      |    1|   0|    1|          0|
    |ap_enable_reg_pp5_iter8      |    1|   0|    1|          0|
    |ap_enable_reg_pp5_iter9      |    1|   0|    1|          0|
    |ap_enable_reg_pp6_iter0      |    1|   0|    1|          0|
    |ap_enable_reg_pp6_iter1      |    1|   0|    1|          0|
    |ap_enable_reg_pp6_iter10     |    1|   0|    1|          0|
    |ap_enable_reg_pp6_iter2      |    1|   0|    1|          0|
    |ap_enable_reg_pp6_iter3      |    1|   0|    1|          0|
    |ap_enable_reg_pp6_iter4      |    1|   0|    1|          0|
    |ap_enable_reg_pp6_iter5      |    1|   0|    1|          0|
    |ap_enable_reg_pp6_iter6      |    1|   0|    1|          0|
    |ap_enable_reg_pp6_iter7      |    1|   0|    1|          0|
    |ap_enable_reg_pp6_iter8      |    1|   0|    1|          0|
    |ap_enable_reg_pp6_iter9      |    1|   0|    1|          0|
    |ap_enable_reg_pp7_iter0      |    1|   0|    1|          0|
    |ap_enable_reg_pp7_iter1      |    1|   0|    1|          0|
    |ap_enable_reg_pp7_iter10     |    1|   0|    1|          0|
    |ap_enable_reg_pp7_iter2      |    1|   0|    1|          0|
    |ap_enable_reg_pp7_iter3      |    1|   0|    1|          0|
    |ap_enable_reg_pp7_iter4      |    1|   0|    1|          0|
    |ap_enable_reg_pp7_iter5      |    1|   0|    1|          0|
    |ap_enable_reg_pp7_iter6      |    1|   0|    1|          0|
    |ap_enable_reg_pp7_iter7      |    1|   0|    1|          0|
    |ap_enable_reg_pp7_iter8      |    1|   0|    1|          0|
    |ap_enable_reg_pp7_iter9      |    1|   0|    1|          0|
    |ap_enable_reg_pp8_iter0      |    1|   0|    1|          0|
    |ap_enable_reg_pp8_iter1      |    1|   0|    1|          0|
    |ap_enable_reg_pp8_iter10     |    1|   0|    1|          0|
    |ap_enable_reg_pp8_iter2      |    1|   0|    1|          0|
    |ap_enable_reg_pp8_iter3      |    1|   0|    1|          0|
    |ap_enable_reg_pp8_iter4      |    1|   0|    1|          0|
    |ap_enable_reg_pp8_iter5      |    1|   0|    1|          0|
    |ap_enable_reg_pp8_iter6      |    1|   0|    1|          0|
    |ap_enable_reg_pp8_iter7      |    1|   0|    1|          0|
    |ap_enable_reg_pp8_iter8      |    1|   0|    1|          0|
    |ap_enable_reg_pp8_iter9      |    1|   0|    1|          0|
    |ap_enable_reg_pp9_iter0      |    1|   0|    1|          0|
    |ap_enable_reg_pp9_iter1      |    1|   0|    1|          0|
    |ap_enable_reg_pp9_iter10     |    1|   0|    1|          0|
    |ap_enable_reg_pp9_iter2      |    1|   0|    1|          0|
    |ap_enable_reg_pp9_iter3      |    1|   0|    1|          0|
    |ap_enable_reg_pp9_iter4      |    1|   0|    1|          0|
    |ap_enable_reg_pp9_iter5      |    1|   0|    1|          0|
    |ap_enable_reg_pp9_iter6      |    1|   0|    1|          0|
    |ap_enable_reg_pp9_iter7      |    1|   0|    1|          0|
    |ap_enable_reg_pp9_iter8      |    1|   0|    1|          0|
    |ap_enable_reg_pp9_iter9      |    1|   0|    1|          0|
    |arrayNo_trunc6_reg_5082      |    3|   0|    3|          0|
    |arrayNo_trunc7_reg_5439      |    3|   0|    3|          0|
    |arrayNo_trunc8_reg_5796      |    3|   0|    3|          0|
    |exitcond_0_1_reg_4890        |    1|   0|    1|          0|
    |exitcond_0_2_reg_4918        |    1|   0|    1|          0|
    |exitcond_0_3_reg_4946        |    1|   0|    1|          0|
    |exitcond_0_4_reg_4974        |    1|   0|    1|          0|
    |exitcond_0_5_reg_5002        |    1|   0|    1|          0|
    |exitcond_0_6_reg_5030        |    1|   0|    1|          0|
    |exitcond_0_7_reg_5058        |    1|   0|    1|          0|
    |exitcond_1_1_reg_5247        |    1|   0|    1|          0|
    |exitcond_1_2_reg_5275        |    1|   0|    1|          0|
    |exitcond_1_3_reg_5303        |    1|   0|    1|          0|
    |exitcond_1_4_reg_5331        |    1|   0|    1|          0|
    |exitcond_1_5_reg_5359        |    1|   0|    1|          0|
    |exitcond_1_6_reg_5387        |    1|   0|    1|          0|
    |exitcond_1_7_reg_5415        |    1|   0|    1|          0|
    |exitcond_1_reg_5219          |    1|   0|    1|          0|
    |exitcond_2_1_reg_5604        |    1|   0|    1|          0|
    |exitcond_2_2_reg_5632        |    1|   0|    1|          0|
    |exitcond_2_3_reg_5660        |    1|   0|    1|          0|
    |exitcond_2_4_reg_5688        |    1|   0|    1|          0|
    |exitcond_2_5_reg_5716        |    1|   0|    1|          0|
    |exitcond_2_6_reg_5744        |    1|   0|    1|          0|
    |exitcond_2_7_reg_5772        |    1|   0|    1|          0|
    |exitcond_2_reg_5576          |    1|   0|    1|          0|
    |exitcond_3_1_reg_5961        |    1|   0|    1|          0|
    |exitcond_3_2_reg_5989        |    1|   0|    1|          0|
    |exitcond_3_3_reg_6017        |    1|   0|    1|          0|
    |exitcond_3_4_reg_6045        |    1|   0|    1|          0|
    |exitcond_3_5_reg_6073        |    1|   0|    1|          0|
    |exitcond_3_6_reg_6101        |    1|   0|    1|          0|
    |exitcond_3_7_reg_6129        |    1|   0|    1|          0|
    |exitcond_3_reg_5933          |    1|   0|    1|          0|
    |exitcond_reg_4862            |    1|   0|    1|          0|
    |i_1_reg_1553                 |   64|   0|   64|          0|
    |i_2_reg_1925                 |   64|   0|   64|          0|
    |i_3_reg_2297                 |   64|   0|   64|          0|
    |i_reg_1181                   |   64|   0|   64|          0|
    |inneridx_1_1_reg_1578        |   64|   0|   64|          0|
    |inneridx_1_2_reg_1950        |   64|   0|   64|          0|
    |inneridx_1_3_reg_2322        |   64|   0|   64|          0|
    |inneridx_1_lcssa_1_reg_1871  |   64|   0|   64|          0|
    |inneridx_1_lcssa_2_reg_2243  |   64|   0|   64|          0|
    |inneridx_1_lcssa_3_reg_2616  |   64|   0|   64|          0|
    |inneridx_1_lcssa_reg_1499    |   64|   0|   64|          0|
    |inneridx_1_reg_1206          |   64|   0|   64|          0|
    |inneridx_reg_1157            |   64|   0|   64|          0|
    |j_1_1_reg_1565               |    7|   0|    7|          0|
    |j_1_2_reg_1937               |    7|   0|    7|          0|
    |j_1_3_reg_2309               |    7|   0|    7|          0|
    |j_1_lcssa_1_reg_1894         |    7|   0|    7|          0|
    |j_1_lcssa_2_reg_2266         |    7|   0|    7|          0|
    |j_1_lcssa_3_reg_2640         |    7|   0|    7|          0|
    |j_1_lcssa_reg_1522           |    7|   0|    7|          0|
    |j_1_reg_1193                 |    7|   0|    7|          0|
    |j_2_0_1_reg_1258             |    6|   0|    6|          0|
    |j_2_0_2_reg_1288             |    6|   0|    6|          0|
    |j_2_0_3_reg_1318             |    6|   0|    6|          0|
    |j_2_0_4_reg_1348             |    6|   0|    6|          0|
    |j_2_0_5_reg_1378             |    6|   0|    6|          0|
    |j_2_0_6_reg_1408             |    6|   0|    6|          0|
    |j_2_0_7_reg_1438             |    6|   0|    6|          0|
    |j_2_1_1_reg_1630             |    6|   0|    6|          0|
    |j_2_1_2_reg_1660             |    6|   0|    6|          0|
    |j_2_1_3_reg_1690             |    6|   0|    6|          0|
    |j_2_1_4_reg_1720             |    6|   0|    6|          0|
    |j_2_1_5_reg_1750             |    6|   0|    6|          0|
    |j_2_1_6_reg_1780             |    6|   0|    6|          0|
    |j_2_1_7_reg_1810             |    6|   0|    6|          0|
    |j_2_1_reg_1600               |    6|   0|    6|          0|
    |j_2_2_1_reg_2002             |    6|   0|    6|          0|
    |j_2_2_2_reg_2032             |    6|   0|    6|          0|
    |j_2_2_3_reg_2062             |    6|   0|    6|          0|
    |j_2_2_4_reg_2092             |    6|   0|    6|          0|
    |j_2_2_5_reg_2122             |    6|   0|    6|          0|
    |j_2_2_6_reg_2152             |    6|   0|    6|          0|
    |j_2_2_7_reg_2182             |    6|   0|    6|          0|
    |j_2_2_reg_1972               |    6|   0|    6|          0|
    |j_2_3_1_reg_2374             |    6|   0|    6|          0|
    |j_2_3_2_reg_2404             |    6|   0|    6|          0|
    |j_2_3_3_reg_2434             |    6|   0|    6|          0|
    |j_2_3_4_reg_2464             |    6|   0|    6|          0|
    |j_2_3_5_reg_2494             |    6|   0|    6|          0|
    |j_2_3_6_reg_2524             |    6|   0|    6|          0|
    |j_2_3_7_reg_2554             |    6|   0|    6|          0|
    |j_2_3_reg_2344               |    6|   0|    6|          0|
    |j_2_reg_1228                 |    6|   0|    6|          0|
    |j_reg_1133                   |    7|   0|    7|          0|
    |k_reg_1145                   |    8|   0|    8|          0|
    |newIndex19_cast_reg_4730     |    9|   0|   64|         55|
    |newIndex1_reg_5087           |    6|   0|    6|          0|
    |newIndex21_cast_reg_5108     |   10|   0|   64|         54|
    |newIndex23_cast_reg_5465     |   10|   0|   64|         54|
    |newIndex25_cast_reg_5822     |   10|   0|   64|         54|
    |newIndex2_reg_5103           |   10|   0|   10|          0|
    |newIndex3_reg_5444           |    6|   0|    6|          0|
    |newIndex4_reg_5460           |   10|   0|   10|          0|
    |newIndex5_reg_5801           |    6|   0|    6|          0|
    |newIndex6_reg_5817           |   10|   0|   10|          0|
    |outrows_cast_reg_4651        |    8|   0|   64|         56|
    |reg_2680                     |   32|   0|   32|          0|
    |reg_2685                     |   32|   0|   32|          0|
    |sel_tmp7_i4_reg_4824         |   32|   0|   32|          0|
    |sel_tmp7_i5_reg_5552         |   32|   0|   32|          0|
    |sel_tmp7_i6_reg_5909         |   32|   0|   32|          0|
    |sel_tmp7_i_reg_5195          |   32|   0|   32|          0|
    |sum_1_1_reg_1589             |   32|   0|   32|          0|
    |sum_1_2_reg_1961             |   32|   0|   32|          0|
    |sum_1_3_reg_2333             |   32|   0|   32|          0|
    |sum_1_lcssa_1_reg_1841       |   32|   0|   32|          0|
    |sum_1_lcssa_2_reg_2213       |   32|   0|   32|          0|
    |sum_1_lcssa_3_reg_2585       |   32|   0|   32|          0|
    |sum_1_lcssa_reg_1469         |   32|   0|   32|          0|
    |sum_1_reg_1217               |   32|   0|   32|          0|
    |sum_2_0_1_reg_1269           |   32|   0|   32|          0|
    |sum_2_0_2_reg_1299           |   32|   0|   32|          0|
    |sum_2_0_3_reg_1329           |   32|   0|   32|          0|
    |sum_2_0_4_reg_1359           |   32|   0|   32|          0|
    |sum_2_0_5_reg_1389           |   32|   0|   32|          0|
    |sum_2_0_6_reg_1419           |   32|   0|   32|          0|
    |sum_2_0_7_reg_1449           |   32|   0|   32|          0|
    |sum_2_1_1_reg_1641           |   32|   0|   32|          0|
    |sum_2_1_2_reg_1671           |   32|   0|   32|          0|
    |sum_2_1_3_reg_1701           |   32|   0|   32|          0|
    |sum_2_1_4_reg_1731           |   32|   0|   32|          0|
    |sum_2_1_5_reg_1761           |   32|   0|   32|          0|
    |sum_2_1_6_reg_1791           |   32|   0|   32|          0|
    |sum_2_1_7_reg_1821           |   32|   0|   32|          0|
    |sum_2_1_reg_1611             |   32|   0|   32|          0|
    |sum_2_2_1_reg_2013           |   32|   0|   32|          0|
    |sum_2_2_2_reg_2043           |   32|   0|   32|          0|
    |sum_2_2_3_reg_2073           |   32|   0|   32|          0|
    |sum_2_2_4_reg_2103           |   32|   0|   32|          0|
    |sum_2_2_5_reg_2133           |   32|   0|   32|          0|
    |sum_2_2_6_reg_2163           |   32|   0|   32|          0|
    |sum_2_2_7_reg_2193           |   32|   0|   32|          0|
    |sum_2_2_reg_1983             |   32|   0|   32|          0|
    |sum_2_3_1_reg_2385           |   32|   0|   32|          0|
    |sum_2_3_2_reg_2415           |   32|   0|   32|          0|
    |sum_2_3_3_reg_2445           |   32|   0|   32|          0|
    |sum_2_3_4_reg_2475           |   32|   0|   32|          0|
    |sum_2_3_5_reg_2505           |   32|   0|   32|          0|
    |sum_2_3_6_reg_2535           |   32|   0|   32|          0|
    |sum_2_3_7_reg_2565           |   32|   0|   32|          0|
    |sum_2_3_reg_2355             |   32|   0|   32|          0|
    |sum_2_reg_1239               |   32|   0|   32|          0|
    |sum_reg_1169                 |   32|   0|   32|          0|
    |tmp_144_reg_5200             |   32|   0|   32|          0|
    |tmp_153_reg_5557             |   32|   0|   32|          0|
    |tmp_155_reg_5914             |   32|   0|   32|          0|
    |tmp_203_reg_4829             |    3|   0|    3|          0|
    |tmp_205_reg_4802             |    3|   0|    3|          0|
    |tmp_206_reg_4857             |   57|   0|   64|          7|
    |tmp_207_reg_4885             |   56|   0|   64|          8|
    |tmp_208_reg_4913             |   56|   0|   64|          8|
    |tmp_209_reg_4941             |   55|   0|   64|          9|
    |tmp_210_reg_4969             |   56|   0|   64|          8|
    |tmp_211_reg_4997             |   55|   0|   64|          9|
    |tmp_212_reg_5025             |   55|   0|   64|          9|
    |tmp_215_reg_5092             |    3|   0|    3|          0|
    |tmp_216_reg_5053             |   54|   0|   64|         10|
    |tmp_217_reg_5214             |   57|   0|   64|          7|
    |tmp_218_reg_5242             |   56|   0|   64|          8|
    |tmp_219_reg_5270             |   56|   0|   64|          8|
    |tmp_220_reg_5298             |   55|   0|   64|          9|
    |tmp_221_reg_5326             |   56|   0|   64|          8|
    |tmp_222_reg_5354             |   55|   0|   64|          9|
    |tmp_223_reg_5382             |   55|   0|   64|          9|
    |tmp_226_reg_5449             |    3|   0|    3|          0|
    |tmp_227_reg_5410             |   54|   0|   64|         10|
    |tmp_228_reg_5571             |   57|   0|   64|          7|
    |tmp_229_reg_5599             |   56|   0|   64|          8|
    |tmp_230_reg_5627             |   56|   0|   64|          8|
    |tmp_231_reg_5655             |   55|   0|   64|          9|
    |tmp_232_reg_5683             |   56|   0|   64|          8|
    |tmp_233_reg_5711             |   55|   0|   64|          9|
    |tmp_234_reg_5739             |   55|   0|   64|          9|
    |tmp_237_reg_5806             |    3|   0|    3|          0|
    |tmp_238_reg_5767             |   54|   0|   64|         10|
    |tmp_239_reg_5928             |   57|   0|   64|          7|
    |tmp_240_reg_5956             |   56|   0|   64|          8|
    |tmp_241_reg_5984             |   56|   0|   64|          8|
    |tmp_242_reg_6012             |   55|   0|   64|          9|
    |tmp_243_reg_6040             |   56|   0|   64|          8|
    |tmp_244_reg_6068             |   55|   0|   64|          9|
    |tmp_245_reg_6096             |   55|   0|   64|          9|
    |tmp_246_reg_6124             |   54|   0|   64|         10|
    |tmp_reg_4846                 |    7|   0|    7|          0|
    |tmp_s_reg_4836               |   32|   0|   32|          0|
    |exitcond_0_1_reg_4890        |   64|  32|    1|          0|
    |exitcond_0_2_reg_4918        |   64|  32|    1|          0|
    |exitcond_0_3_reg_4946        |   64|  32|    1|          0|
    |exitcond_0_4_reg_4974        |   64|  32|    1|          0|
    |exitcond_0_5_reg_5002        |   64|  32|    1|          0|
    |exitcond_0_6_reg_5030        |   64|  32|    1|          0|
    |exitcond_0_7_reg_5058        |   64|  32|    1|          0|
    |exitcond_1_1_reg_5247        |   64|  32|    1|          0|
    |exitcond_1_2_reg_5275        |   64|  32|    1|          0|
    |exitcond_1_3_reg_5303        |   64|  32|    1|          0|
    |exitcond_1_4_reg_5331        |   64|  32|    1|          0|
    |exitcond_1_5_reg_5359        |   64|  32|    1|          0|
    |exitcond_1_6_reg_5387        |   64|  32|    1|          0|
    |exitcond_1_7_reg_5415        |   64|  32|    1|          0|
    |exitcond_1_reg_5219          |   64|  32|    1|          0|
    |exitcond_2_1_reg_5604        |   64|  32|    1|          0|
    |exitcond_2_2_reg_5632        |   64|  32|    1|          0|
    |exitcond_2_3_reg_5660        |   64|  32|    1|          0|
    |exitcond_2_4_reg_5688        |   64|  32|    1|          0|
    |exitcond_2_5_reg_5716        |   64|  32|    1|          0|
    |exitcond_2_6_reg_5744        |   64|  32|    1|          0|
    |exitcond_2_7_reg_5772        |   64|  32|    1|          0|
    |exitcond_2_reg_5576          |   64|  32|    1|          0|
    |exitcond_3_1_reg_5961        |   64|  32|    1|          0|
    |exitcond_3_2_reg_5989        |   64|  32|    1|          0|
    |exitcond_3_3_reg_6017        |   64|  32|    1|          0|
    |exitcond_3_4_reg_6045        |   64|  32|    1|          0|
    |exitcond_3_5_reg_6073        |   64|  32|    1|          0|
    |exitcond_3_6_reg_6101        |   64|  32|    1|          0|
    |exitcond_3_7_reg_6129        |   64|  32|    1|          0|
    |exitcond_3_reg_5933          |   64|  32|    1|          0|
    |exitcond_reg_4862            |   64|  32|    1|          0|
    +-----------------------------+-----+----+-----+-----------+
    |Total                        | 7297|1024| 5826|        545|
    +-----------------------------+-----+----+-----+-----------+



================================================================
== Interface
================================================================
* Summary: 
+--------------+-----+-----+------------+---------------------+--------------+
|   RTL Ports  | Dir | Bits|  Protocol  |    Source Object    |    C Type    |
+--------------+-----+-----+------------+---------------------+--------------+
|ap_clk        |  in |    1| ap_ctrl_hs | k2c_affine_matmul.1 | return value |
|ap_rst        |  in |    1| ap_ctrl_hs | k2c_affine_matmul.1 | return value |
|ap_start      |  in |    1| ap_ctrl_hs | k2c_affine_matmul.1 | return value |
|ap_done       | out |    1| ap_ctrl_hs | k2c_affine_matmul.1 | return value |
|ap_idle       | out |    1| ap_ctrl_hs | k2c_affine_matmul.1 | return value |
|ap_ready      | out |    1| ap_ctrl_hs | k2c_affine_matmul.1 | return value |
|C_address0    | out |    2|  ap_memory |          C          |     array    |
|C_ce0         | out |    1|  ap_memory |          C          |     array    |
|C_we0         | out |    1|  ap_memory |          C          |     array    |
|C_d0          | out |   32|  ap_memory |          C          |     array    |
|C1_address0   | out |    2|  ap_memory |          C1         |     array    |
|C1_ce0        | out |    1|  ap_memory |          C1         |     array    |
|C1_we0        | out |    1|  ap_memory |          C1         |     array    |
|C1_d0         | out |   32|  ap_memory |          C1         |     array    |
|C2_address0   | out |    2|  ap_memory |          C2         |     array    |
|C2_ce0        | out |    1|  ap_memory |          C2         |     array    |
|C2_we0        | out |    1|  ap_memory |          C2         |     array    |
|C2_d0         | out |   32|  ap_memory |          C2         |     array    |
|C3_address0   | out |    2|  ap_memory |          C3         |     array    |
|C3_ce0        | out |    1|  ap_memory |          C3         |     array    |
|C3_we0        | out |    1|  ap_memory |          C3         |     array    |
|C3_d0         | out |   32|  ap_memory |          C3         |     array    |
|C4_address0   | out |    2|  ap_memory |          C4         |     array    |
|C4_ce0        | out |    1|  ap_memory |          C4         |     array    |
|C4_we0        | out |    1|  ap_memory |          C4         |     array    |
|C4_d0         | out |   32|  ap_memory |          C4         |     array    |
|C5_address0   | out |    2|  ap_memory |          C5         |     array    |
|C5_ce0        | out |    1|  ap_memory |          C5         |     array    |
|C5_we0        | out |    1|  ap_memory |          C5         |     array    |
|C5_d0         | out |   32|  ap_memory |          C5         |     array    |
|C6_address0   | out |    2|  ap_memory |          C6         |     array    |
|C6_ce0        | out |    1|  ap_memory |          C6         |     array    |
|C6_we0        | out |    1|  ap_memory |          C6         |     array    |
|C6_d0         | out |   32|  ap_memory |          C6         |     array    |
|C7_address0   | out |    2|  ap_memory |          C7         |     array    |
|C7_ce0        | out |    1|  ap_memory |          C7         |     array    |
|C7_we0        | out |    1|  ap_memory |          C7         |     array    |
|C7_d0         | out |   32|  ap_memory |          C7         |     array    |
|A_address0    | out |    4|  ap_memory |          A          |     array    |
|A_ce0         | out |    1|  ap_memory |          A          |     array    |
|A_q0          |  in |   32|  ap_memory |          A          |     array    |
|A8_address0   | out |    4|  ap_memory |          A8         |     array    |
|A8_ce0        | out |    1|  ap_memory |          A8         |     array    |
|A8_q0         |  in |   32|  ap_memory |          A8         |     array    |
|A9_address0   | out |    4|  ap_memory |          A9         |     array    |
|A9_ce0        | out |    1|  ap_memory |          A9         |     array    |
|A9_q0         |  in |   32|  ap_memory |          A9         |     array    |
|A10_address0  | out |    4|  ap_memory |         A10         |     array    |
|A10_ce0       | out |    1|  ap_memory |         A10         |     array    |
|A10_q0        |  in |   32|  ap_memory |         A10         |     array    |
|A11_address0  | out |    4|  ap_memory |         A11         |     array    |
|A11_ce0       | out |    1|  ap_memory |         A11         |     array    |
|A11_q0        |  in |   32|  ap_memory |         A11         |     array    |
|A12_address0  | out |    4|  ap_memory |         A12         |     array    |
|A12_ce0       | out |    1|  ap_memory |         A12         |     array    |
|A12_q0        |  in |   32|  ap_memory |         A12         |     array    |
|A13_address0  | out |    4|  ap_memory |         A13         |     array    |
|A13_ce0       | out |    1|  ap_memory |         A13         |     array    |
|A13_q0        |  in |   32|  ap_memory |         A13         |     array    |
|A14_address0  | out |    4|  ap_memory |         A14         |     array    |
|A14_ce0       | out |    1|  ap_memory |         A14         |     array    |
|A14_q0        |  in |   32|  ap_memory |         A14         |     array    |
|d_address0    | out |    5|  ap_memory |          d          |     array    |
|d_ce0         | out |    1|  ap_memory |          d          |     array    |
|d_q0          |  in |   32|  ap_memory |          d          |     array    |
|outrows       |  in |    8|   ap_none  |       outrows       |    scalar    |
+--------------+-----+-----+------------+---------------------+--------------+

