

================================================================
== Vivado HLS Report for 'k2c_sub2idx'
================================================================
* Date:           Tue Apr 23 22:37:32 2024

* Version:        2018.2 (Build 2258646 on Thu Jun 14 20:25:20 MDT 2018)
* Project:        Group_5
* Solution:       Latency_3
* Product family: artix7
* Target device:  xc7a200tfbg676-2


================================================================
== Performance Estimates
================================================================
+ Timing (ns): 
    * Summary: 
    +--------+-------+----------+------------+
    |  Clock | Target| Estimated| Uncertainty|
    +--------+-------+----------+------------+
    |ap_clk  |   5.00|     4.326|        0.62|
    +--------+-------+----------+------------+

+ Latency (clock cycles): 
    * Summary: 
    +-----+-----+-----+-----+---------+
    |  Latency  |  Interval | Pipeline|
    | min | max | min | max |   Type  |
    +-----+-----+-----+-----+---------+
    |    ?|    ?|    ?|    ?|   none  |
    +-----+-----+-----+-----+---------+

    + Detail: 
        * Instance: 
        N/A

        * Loop: 
        +-------------+-----+-----+----------+-----------+-----------+------+----------+
        |             |  Latency  | Iteration|  Initiation Interval  | Trip |          |
        |  Loop Name  | min | max |  Latency |  achieved |   target  | Count| Pipelined|
        +-------------+-----+-----+----------+-----------+-----------+------+----------+
        |- Loop 1     |    ?|    ?|         ?|          -|          -|     ?|    no    |
        | + Loop 1.1  |    ?|    ?|         9|          -|          -|     ?|    no    |
        | + Loop 1.2  |    ?|    ?|         9|          -|          -|     ?|    no    |
        +-------------+-----+-----+----------+-----------+-----------+------+----------+



================================================================
== Utilization Estimates
================================================================
* Summary: 
+-----------------+---------+-------+--------+--------+
|       Name      | BRAM_18K| DSP48E|   FF   |   LUT  |
+-----------------+---------+-------+--------+--------+
|DSP              |        -|      -|       -|       -|
|Expression       |        -|      -|       0|     535|
|FIFO             |        -|      -|       -|       -|
|Instance         |        -|     32|    1054|     390|
|Memory           |        -|      -|       -|       -|
|Multiplexer      |        -|      -|       -|     215|
|Register         |        -|      -|     854|       -|
+-----------------+---------+-------+--------+--------+
|Total            |        0|     32|    1908|    1140|
+-----------------+---------+-------+--------+--------+
|Available        |      730|    740|  269200|  129000|
+-----------------+---------+-------+--------+--------+
|Utilization (%)  |        0|      4|   ~0   |   ~0   |
+-----------------+---------+-------+--------+--------+

+ Detail: 
    * Instance: 
    +--------------------------+----------------------+---------+-------+-----+-----+
    |         Instance         |        Module        | BRAM_18K| DSP48E|  FF | LUT |
    +--------------------------+----------------------+---------+-------+-----+-----+
    |sample_mul_64s_64dEe_U11  |sample_mul_64s_64dEe  |        0|     16|  527|  195|
    |sample_mul_64s_64dEe_U12  |sample_mul_64s_64dEe  |        0|     16|  527|  195|
    +--------------------------+----------------------+---------+-------+-----+-----+
    |Total                     |                      |        0|     32| 1054|  390|
    +--------------------------+----------------------+---------+-------+-----+-----+

    * DSP48: 
    N/A

    * Memory: 
    N/A

    * FIFO: 
    N/A

    * Expression: 
    +----------------------+----------+-------+---+----+------------+------------+
    |     Variable Name    | Operation| DSP48E| FF| LUT| Bitwidth P0| Bitwidth P1|
    +----------------------+----------+-------+---+----+------------+------------+
    |i_1_1_fu_196_p2       |     +    |      0|  0|  71|          64|           2|
    |idx_1_1_fu_191_p2     |     +    |      0|  0|  71|          64|          64|
    |idx_1_fu_157_p2       |     +    |      0|  0|  71|          64|          64|
    |j_1_fu_181_p2         |     +    |      0|  0|  71|          64|           2|
    |j_fu_146_p2           |     +    |      0|  0|  71|          64|           2|
    |exitcond_1_fu_170_p2  |   icmp   |      0|  0|  29|          64|          64|
    |exitcond_fu_141_p2    |   icmp   |      0|  0|  29|          64|          64|
    |tmp_1_fu_187_p2       |   icmp   |      0|  0|  29|          64|          64|
    |tmp_fu_152_p2         |   icmp   |      0|  0|  29|          64|          64|
    |i_1_s_fu_163_p2       |    or    |      0|  0|  64|          64|           1|
    +----------------------+----------+-------+---+----+------------+------------+
    |Total                 |          |      0|  0| 535|         640|         391|
    +----------------------+----------+-------+---+----+------------+------------+

    * Multiplexer: 
    +-------------------+-----+-----------+-----+-----------+
    |        Name       | LUT | Input Size| Bits| Total Bits|
    +-------------------+-----+-----------+-----+-----------+
    |ap_NS_fsm          |  113|         24|    1|         24|
    |ap_return          |    9|          2|   64|        128|
    |i_reg_76           |    9|          2|   64|        128|
    |idx_lcssa_reg_127  |    9|          2|   64|        128|
    |idx_reg_64         |    9|          2|   64|        128|
    |j_0_in_1_reg_108   |    9|          2|   64|        128|
    |j_0_in_reg_89      |    9|          2|   64|        128|
    |shape_address0     |   15|          3|    3|          9|
    |sub_address0       |   15|          3|    3|          9|
    |temp1_1_reg_117    |    9|          2|   64|        128|
    |temp1_reg_98       |    9|          2|   64|        128|
    +-------------------+-----+-----------+-----+-----------+
    |Total              |  215|         46|  519|       1066|
    +-------------------+-----+-----------+-----+-----------+

    * Register: 
    +-------------------+----+----+-----+-----------+
    |        Name       | FF | LUT| Bits| Const Bits|
    +-------------------+----+----+-----+-----------+
    |ap_CS_fsm          |  23|   0|   23|          0|
    |ap_return_preg     |  64|   0|   64|          0|
    |i_1_s_reg_250      |  63|   0|   64|          1|
    |i_reg_76           |  64|   0|   64|          0|
    |idx_1_reg_244      |  64|   0|   64|          0|
    |idx_lcssa_reg_127  |  64|   0|   64|          0|
    |idx_reg_64         |  64|   0|   64|          0|
    |j_0_in_1_reg_108   |  64|   0|   64|          0|
    |j_0_in_reg_89      |  64|   0|   64|          0|
    |j_1_reg_273        |  64|   0|   64|          0|
    |j_reg_229          |  64|   0|   64|          0|
    |reg_137            |  64|   0|   64|          0|
    |temp1_1_reg_117    |  64|   0|   64|          0|
    |temp1_reg_98       |  64|   0|   64|          0|
    +-------------------+----+----+-----+-----------+
    |Total              | 854|   0|  855|          1|
    +-------------------+----+----+-----+-----------+



================================================================
== Interface
================================================================
* Summary: 
+----------------+-----+-----+------------+--------------+--------------+
|    RTL Ports   | Dir | Bits|  Protocol  | Source Object|    C Type    |
+----------------+-----+-----+------------+--------------+--------------+
|ap_clk          |  in |    1| ap_ctrl_hs |  k2c_sub2idx | return value |
|ap_rst          |  in |    1| ap_ctrl_hs |  k2c_sub2idx | return value |
|ap_start        |  in |    1| ap_ctrl_hs |  k2c_sub2idx | return value |
|ap_done         | out |    1| ap_ctrl_hs |  k2c_sub2idx | return value |
|ap_idle         | out |    1| ap_ctrl_hs |  k2c_sub2idx | return value |
|ap_ready        | out |    1| ap_ctrl_hs |  k2c_sub2idx | return value |
|ap_return       | out |   64| ap_ctrl_hs |  k2c_sub2idx | return value |
|sub_address0    | out |    3|  ap_memory |      sub     |     array    |
|sub_ce0         | out |    1|  ap_memory |      sub     |     array    |
|sub_q0          |  in |   64|  ap_memory |      sub     |     array    |
|shape_address0  | out |    3|  ap_memory |     shape    |     array    |
|shape_ce0       | out |    1|  ap_memory |     shape    |     array    |
|shape_q0        |  in |   64|  ap_memory |     shape    |     array    |
|ndim            |  in |   64|   ap_none  |     ndim     |    scalar    |
+----------------+-----+-----+------------+--------------+--------------+

