

================================================================
== Vivado HLS Report for 'k2c_affine_matmul_2'
================================================================
* Date:           Tue Apr 23 22:38:12 2024

* Version:        2018.2 (Build 2258646 on Thu Jun 14 20:25:20 MDT 2018)
* Project:        Group_5
* Solution:       Latency_3
* Product family: artix7
* Target device:  xc7a200tfbg676-2


================================================================
== Performance Estimates
================================================================
+ Timing (ns): 
    * Summary: 
    +--------+-------+----------+------------+
    |  Clock | Target| Estimated| Uncertainty|
    +--------+-------+----------+------------+
    |ap_clk  |   5.00|     4.442|        0.62|
    +--------+-------+----------+------------+

+ Latency (clock cycles): 
    * Summary: 
    +-----+-----+-----+-----+---------+
    |  Latency  |  Interval | Pipeline|
    | min | max | min | max |   Type  |
    +-----+-----+-----+-----+---------+
    |    ?|    ?|    ?|    ?|   none  |
    +-----+-----+-----+-----+---------+

    + Detail: 
        * Instance: 
        N/A

        * Loop: 
        +-----------------+-----+-----+----------+-----------+-----------+------+----------+
        |                 |  Latency  | Iteration|  Initiation Interval  | Trip |          |
        |    Loop Name    | min | max |  Latency |  achieved |   target  | Count| Pipelined|
        +-----------------+-----+-----+----------+-----------+-----------+------+----------+
        |- Loop 1         |    ?|    ?|         ?|          -|          -|     8|    no    |
        | + Loop 1.1      |    ?|    ?|       226|          -|          -|     ?|    no    |
        |  ++ Loop 1.1.1  |   26|   26|        11|          1|          1|    16|    yes   |
        |  ++ Loop 1.1.2  |   26|   26|        11|          1|          1|    16|    yes   |
        |  ++ Loop 1.1.3  |   26|   26|        11|          1|          1|    16|    yes   |
        |  ++ Loop 1.1.4  |   26|   26|        11|          1|          1|    16|    yes   |
        |  ++ Loop 1.1.5  |   26|   26|        11|          1|          1|    16|    yes   |
        |  ++ Loop 1.1.6  |   26|   26|        11|          1|          1|    16|    yes   |
        |  ++ Loop 1.1.7  |   26|   26|        11|          1|          1|    16|    yes   |
        |  ++ Loop 1.1.8  |   26|   26|        11|          1|          1|    16|    yes   |
        | + Loop 1.2      |    ?|    ?|       226|          -|          -|     ?|    no    |
        |  ++ Loop 1.2.1  |   26|   26|        11|          1|          1|    16|    yes   |
        |  ++ Loop 1.2.2  |   26|   26|        11|          1|          1|    16|    yes   |
        |  ++ Loop 1.2.3  |   26|   26|        11|          1|          1|    16|    yes   |
        |  ++ Loop 1.2.4  |   26|   26|        11|          1|          1|    16|    yes   |
        |  ++ Loop 1.2.5  |   26|   26|        11|          1|          1|    16|    yes   |
        |  ++ Loop 1.2.6  |   26|   26|        11|          1|          1|    16|    yes   |
        |  ++ Loop 1.2.7  |   26|   26|        11|          1|          1|    16|    yes   |
        |  ++ Loop 1.2.8  |   26|   26|        11|          1|          1|    16|    yes   |
        | + Loop 1.3      |    ?|    ?|       226|          -|          -|     ?|    no    |
        |  ++ Loop 1.3.1  |   26|   26|        11|          1|          1|    16|    yes   |
        |  ++ Loop 1.3.2  |   26|   26|        11|          1|          1|    16|    yes   |
        |  ++ Loop 1.3.3  |   26|   26|        11|          1|          1|    16|    yes   |
        |  ++ Loop 1.3.4  |   26|   26|        11|          1|          1|    16|    yes   |
        |  ++ Loop 1.3.5  |   26|   26|        11|          1|          1|    16|    yes   |
        |  ++ Loop 1.3.6  |   26|   26|        11|          1|          1|    16|    yes   |
        |  ++ Loop 1.3.7  |   26|   26|        11|          1|          1|    16|    yes   |
        |  ++ Loop 1.3.8  |   26|   26|        11|          1|          1|    16|    yes   |
        | + Loop 1.4      |    ?|    ?|       225|          -|          -|     ?|    no    |
        |  ++ Loop 1.4.1  |   26|   26|        11|          1|          1|    16|    yes   |
        |  ++ Loop 1.4.2  |   26|   26|        11|          1|          1|    16|    yes   |
        |  ++ Loop 1.4.3  |   26|   26|        11|          1|          1|    16|    yes   |
        |  ++ Loop 1.4.4  |   26|   26|        11|          1|          1|    16|    yes   |
        |  ++ Loop 1.4.5  |   26|   26|        11|          1|          1|    16|    yes   |
        |  ++ Loop 1.4.6  |   26|   26|        11|          1|          1|    16|    yes   |
        |  ++ Loop 1.4.7  |   26|   26|        11|          1|          1|    16|    yes   |
        |  ++ Loop 1.4.8  |   26|   26|        11|          1|          1|    16|    yes   |
        +-----------------+-----+-----+----------+-----------+-----------+------+----------+



================================================================
== Utilization Estimates
================================================================
* Summary: 
+-----------------+---------+-------+--------+--------+
|       Name      | BRAM_18K| DSP48E|   FF   |   LUT  |
+-----------------+---------+-------+--------+--------+
|DSP              |        -|      -|       -|       -|
|Expression       |        -|      -|       0|    5257|
|FIFO             |        -|      -|       -|       -|
|Instance         |        -|      5|     475|     544|
|Memory           |        8|      -|       0|       0|
|Multiplexer      |        -|      -|       -|    3712|
|Register         |        0|      -|    7287|    1024|
+-----------------+---------+-------+--------+--------+
|Total            |        8|      5|    7762|   10537|
+-----------------+---------+-------+--------+--------+
|Available        |      730|    740|  269200|  129000|
+-----------------+---------+-------+--------+--------+
|Utilization (%)  |        1|   ~0  |       2|       8|
+-----------------+---------+-------+--------+--------+

+ Detail: 
    * Instance: 
    +---------------------------+----------------------+---------+-------+-----+-----+
    |          Instance         |        Module        | BRAM_18K| DSP48E|  FF | LUT |
    +---------------------------+----------------------+---------+-------+-----+-----+
    |sample_fadd_32ns_ocq_U297  |sample_fadd_32ns_ocq  |        0|      2|  324|  236|
    |sample_fmul_32ns_pcA_U298  |sample_fmul_32ns_pcA  |        0|      3|  151|  144|
    |sample_mux_864_32rcU_U299  |sample_mux_864_32rcU  |        0|      0|    0|   41|
    |sample_mux_864_32rcU_U300  |sample_mux_864_32rcU  |        0|      0|    0|   41|
    |sample_mux_864_32rcU_U301  |sample_mux_864_32rcU  |        0|      0|    0|   41|
    |sample_mux_864_32rcU_U302  |sample_mux_864_32rcU  |        0|      0|    0|   41|
    +---------------------------+----------------------+---------+-------+-----+-----+
    |Total                      |                      |        0|      5|  475|  544|
    +---------------------------+----------------------+---------+-------+-----+-----+

    * DSP48: 
    N/A

    * Memory: 
    +--------------------------+----------------------+---------+---+----+------+-----+------+-------------+
    |          Memory          |        Module        | BRAM_18K| FF| LUT| Words| Bits| Banks| W*Bits*Banks|
    +--------------------------+----------------------+---------+---+----+------+-----+------+-------------+
    |dense_15_kernel_arra_U    |k2c_dot_2_dense_19j0  |        1|  0|   0|    64|   32|     1|         2048|
    |dense_15_kernel_arra_7_U  |k2c_dot_2_dense_1bak  |        1|  0|   0|    64|   32|     1|         2048|
    |dense_15_kernel_arra_6_U  |k2c_dot_2_dense_1bbk  |        1|  0|   0|    64|   32|     1|         2048|
    |dense_15_kernel_arra_5_U  |k2c_dot_2_dense_1bck  |        1|  0|   0|    64|   32|     1|         2048|
    |dense_15_kernel_arra_4_U  |k2c_dot_2_dense_1bdk  |        1|  0|   0|    64|   32|     1|         2048|
    |dense_15_kernel_arra_3_U  |k2c_dot_2_dense_1bek  |        1|  0|   0|    64|   32|     1|         2048|
    |dense_15_kernel_arra_2_U  |k2c_dot_2_dense_1bfk  |        1|  0|   0|    64|   32|     1|         2048|
    |dense_15_kernel_arra_1_U  |k2c_dot_2_dense_1bgk  |        1|  0|   0|    64|   32|     1|         2048|
    +--------------------------+----------------------+---------+---+----+------+-----+------+-------------+
    |Total                     |                      |        8|  0|   0|   512|  256|     8|        16384|
    +--------------------------+----------------------+---------+---+----+------+-----+------+-------------+

    * FIFO: 
    N/A

    * Expression: 
    +-----------------------------+----------+-------+---+----+------------+------------+
    |        Variable Name        | Operation| DSP48E| FF| LUT| Bitwidth P0| Bitwidth P1|
    +-----------------------------+----------+-------+---+----+------------+------------+
    |arrayNo_trunc3_fu_3213_p2    |     +    |      0|  0|  12|           3|           3|
    |arrayNo_trunc4_fu_3699_p2    |     +    |      0|  0|  12|           3|           3|
    |arrayNo_trunc5_fu_4185_p2    |     +    |      0|  0|  12|           3|           3|
    |arrayNo_trunc_fu_2835_p2     |     +    |      0|  0|  12|           3|           3|
    |i_33_0_7_fu_3175_p2          |     +    |      0|  0|  71|          64|           4|
    |i_33_1_7_fu_3661_p2          |     +    |      0|  0|  71|          64|           4|
    |i_33_2_7_fu_4147_p2          |     +    |      0|  0|  71|          64|           4|
    |i_33_3_7_fu_4633_p2          |     +    |      0|  0|  71|          64|           4|
    |k_2_3_fu_4639_p2             |     +    |      0|  0|  15|           6|           3|
    |sum3_1_fu_3207_p2            |     +    |      0|  0|  15|           7|           7|
    |sum3_2_fu_3693_p2            |     +    |      0|  0|  15|           7|           7|
    |sum3_3_fu_4179_p2            |     +    |      0|  0|  15|           7|           7|
    |sum3_fu_2739_p2              |     +    |      0|  0|  15|           7|           7|
    |sum6_1_fu_3245_p2            |     +    |      0|  0|  17|          10|          10|
    |sum6_2_fu_3731_p2            |     +    |      0|  0|  17|          10|          10|
    |sum6_3_fu_4217_p2            |     +    |      0|  0|  17|          10|          10|
    |tmp_37_0_1_fu_2960_p2        |     +    |      0|  0|  15|           5|           1|
    |tmp_37_0_2_fu_2994_p2        |     +    |      0|  0|  15|           5|           1|
    |tmp_37_0_3_fu_3028_p2        |     +    |      0|  0|  15|           5|           1|
    |tmp_37_0_4_fu_3062_p2        |     +    |      0|  0|  15|           5|           1|
    |tmp_37_0_5_fu_3096_p2        |     +    |      0|  0|  15|           5|           1|
    |tmp_37_0_6_fu_3130_p2        |     +    |      0|  0|  15|           5|           1|
    |tmp_37_0_7_fu_3164_p2        |     +    |      0|  0|  15|           5|           1|
    |tmp_37_1_1_fu_3446_p2        |     +    |      0|  0|  15|           5|           1|
    |tmp_37_1_2_fu_3480_p2        |     +    |      0|  0|  15|           5|           1|
    |tmp_37_1_3_fu_3514_p2        |     +    |      0|  0|  15|           5|           1|
    |tmp_37_1_4_fu_3548_p2        |     +    |      0|  0|  15|           5|           1|
    |tmp_37_1_5_fu_3582_p2        |     +    |      0|  0|  15|           5|           1|
    |tmp_37_1_6_fu_3616_p2        |     +    |      0|  0|  15|           5|           1|
    |tmp_37_1_7_fu_3650_p2        |     +    |      0|  0|  15|           5|           1|
    |tmp_37_1_fu_3412_p2          |     +    |      0|  0|  15|           5|           1|
    |tmp_37_2_1_fu_3932_p2        |     +    |      0|  0|  15|           5|           1|
    |tmp_37_2_2_fu_3966_p2        |     +    |      0|  0|  15|           5|           1|
    |tmp_37_2_3_fu_4000_p2        |     +    |      0|  0|  15|           5|           1|
    |tmp_37_2_4_fu_4034_p2        |     +    |      0|  0|  15|           5|           1|
    |tmp_37_2_5_fu_4068_p2        |     +    |      0|  0|  15|           5|           1|
    |tmp_37_2_6_fu_4102_p2        |     +    |      0|  0|  15|           5|           1|
    |tmp_37_2_7_fu_4136_p2        |     +    |      0|  0|  15|           5|           1|
    |tmp_37_2_fu_3898_p2          |     +    |      0|  0|  15|           5|           1|
    |tmp_37_3_1_fu_4418_p2        |     +    |      0|  0|  15|           5|           1|
    |tmp_37_3_2_fu_4452_p2        |     +    |      0|  0|  15|           5|           1|
    |tmp_37_3_3_fu_4486_p2        |     +    |      0|  0|  15|           5|           1|
    |tmp_37_3_4_fu_4520_p2        |     +    |      0|  0|  15|           5|           1|
    |tmp_37_3_5_fu_4554_p2        |     +    |      0|  0|  15|           5|           1|
    |tmp_37_3_6_fu_4588_p2        |     +    |      0|  0|  15|           5|           1|
    |tmp_37_3_7_fu_4622_p2        |     +    |      0|  0|  15|           5|           1|
    |tmp_37_3_fu_4384_p2          |     +    |      0|  0|  15|           5|           1|
    |tmp_37_fu_2926_p2            |     +    |      0|  0|  15|           5|           1|
    |exitcond1_0_1_fu_2943_p2     |   icmp   |      0|  0|  29|          64|          64|
    |exitcond1_0_2_fu_2977_p2     |   icmp   |      0|  0|  29|          64|          64|
    |exitcond1_0_3_fu_3011_p2     |   icmp   |      0|  0|  29|          64|          64|
    |exitcond1_0_4_fu_3045_p2     |   icmp   |      0|  0|  29|          64|          64|
    |exitcond1_0_5_fu_3079_p2     |   icmp   |      0|  0|  29|          64|          64|
    |exitcond1_0_6_fu_3113_p2     |   icmp   |      0|  0|  29|          64|          64|
    |exitcond1_0_7_fu_3147_p2     |   icmp   |      0|  0|  29|          64|          64|
    |exitcond1_1_1_fu_3429_p2     |   icmp   |      0|  0|  29|          64|          64|
    |exitcond1_1_2_fu_3463_p2     |   icmp   |      0|  0|  29|          64|          64|
    |exitcond1_1_3_fu_3497_p2     |   icmp   |      0|  0|  29|          64|          64|
    |exitcond1_1_4_fu_3531_p2     |   icmp   |      0|  0|  29|          64|          64|
    |exitcond1_1_5_fu_3565_p2     |   icmp   |      0|  0|  29|          64|          64|
    |exitcond1_1_6_fu_3599_p2     |   icmp   |      0|  0|  29|          64|          64|
    |exitcond1_1_7_fu_3633_p2     |   icmp   |      0|  0|  29|          64|          64|
    |exitcond1_1_fu_3395_p2       |   icmp   |      0|  0|  29|          64|          64|
    |exitcond1_2_1_fu_3915_p2     |   icmp   |      0|  0|  29|          64|          64|
    |exitcond1_2_2_fu_3949_p2     |   icmp   |      0|  0|  29|          64|          64|
    |exitcond1_2_3_fu_3983_p2     |   icmp   |      0|  0|  29|          64|          64|
    |exitcond1_2_4_fu_4017_p2     |   icmp   |      0|  0|  29|          64|          64|
    |exitcond1_2_5_fu_4051_p2     |   icmp   |      0|  0|  29|          64|          64|
    |exitcond1_2_6_fu_4085_p2     |   icmp   |      0|  0|  29|          64|          64|
    |exitcond1_2_7_fu_4119_p2     |   icmp   |      0|  0|  29|          64|          64|
    |exitcond1_2_fu_3881_p2       |   icmp   |      0|  0|  29|          64|          64|
    |exitcond1_3_1_fu_4401_p2     |   icmp   |      0|  0|  29|          64|          64|
    |exitcond1_3_2_fu_4435_p2     |   icmp   |      0|  0|  29|          64|          64|
    |exitcond1_3_3_fu_4469_p2     |   icmp   |      0|  0|  29|          64|          64|
    |exitcond1_3_4_fu_4503_p2     |   icmp   |      0|  0|  29|          64|          64|
    |exitcond1_3_5_fu_4537_p2     |   icmp   |      0|  0|  29|          64|          64|
    |exitcond1_3_6_fu_4571_p2     |   icmp   |      0|  0|  29|          64|          64|
    |exitcond1_3_7_fu_4605_p2     |   icmp   |      0|  0|  29|          64|          64|
    |exitcond1_3_fu_4367_p2       |   icmp   |      0|  0|  29|          64|          64|
    |exitcond1_fu_2909_p2         |   icmp   |      0|  0|  29|          64|          64|
    |exitcond2_fu_2688_p2         |   icmp   |      0|  0|  11|           6|           7|
    |exitcond_0_1_fu_2954_p2      |   icmp   |      0|  0|  11|           5|           6|
    |exitcond_0_2_fu_2988_p2      |   icmp   |      0|  0|  11|           5|           6|
    |exitcond_0_3_fu_3022_p2      |   icmp   |      0|  0|  11|           5|           6|
    |exitcond_0_4_fu_3056_p2      |   icmp   |      0|  0|  11|           5|           6|
    |exitcond_0_5_fu_3090_p2      |   icmp   |      0|  0|  11|           5|           6|
    |exitcond_0_6_fu_3124_p2      |   icmp   |      0|  0|  11|           5|           6|
    |exitcond_0_7_fu_3158_p2      |   icmp   |      0|  0|  11|           5|           6|
    |exitcond_1_1_fu_3440_p2      |   icmp   |      0|  0|  11|           5|           6|
    |exitcond_1_2_fu_3474_p2      |   icmp   |      0|  0|  11|           5|           6|
    |exitcond_1_3_fu_3508_p2      |   icmp   |      0|  0|  11|           5|           6|
    |exitcond_1_4_fu_3542_p2      |   icmp   |      0|  0|  11|           5|           6|
    |exitcond_1_5_fu_3576_p2      |   icmp   |      0|  0|  11|           5|           6|
    |exitcond_1_6_fu_3610_p2      |   icmp   |      0|  0|  11|           5|           6|
    |exitcond_1_7_fu_3644_p2      |   icmp   |      0|  0|  11|           5|           6|
    |exitcond_1_fu_3406_p2        |   icmp   |      0|  0|  11|           5|           6|
    |exitcond_2_1_fu_3926_p2      |   icmp   |      0|  0|  11|           5|           6|
    |exitcond_2_2_fu_3960_p2      |   icmp   |      0|  0|  11|           5|           6|
    |exitcond_2_3_fu_3994_p2      |   icmp   |      0|  0|  11|           5|           6|
    |exitcond_2_4_fu_4028_p2      |   icmp   |      0|  0|  11|           5|           6|
    |exitcond_2_5_fu_4062_p2      |   icmp   |      0|  0|  11|           5|           6|
    |exitcond_2_6_fu_4096_p2      |   icmp   |      0|  0|  11|           5|           6|
    |exitcond_2_7_fu_4130_p2      |   icmp   |      0|  0|  11|           5|           6|
    |exitcond_2_fu_3892_p2        |   icmp   |      0|  0|  11|           5|           6|
    |exitcond_3_1_fu_4412_p2      |   icmp   |      0|  0|  11|           5|           6|
    |exitcond_3_2_fu_4446_p2      |   icmp   |      0|  0|  11|           5|           6|
    |exitcond_3_3_fu_4480_p2      |   icmp   |      0|  0|  11|           5|           6|
    |exitcond_3_4_fu_4514_p2      |   icmp   |      0|  0|  11|           5|           6|
    |exitcond_3_5_fu_4548_p2      |   icmp   |      0|  0|  11|           5|           6|
    |exitcond_3_6_fu_4582_p2      |   icmp   |      0|  0|  11|           5|           6|
    |exitcond_3_7_fu_4616_p2      |   icmp   |      0|  0|  11|           5|           6|
    |exitcond_3_fu_4378_p2        |   icmp   |      0|  0|  11|           5|           6|
    |exitcond_fu_2920_p2          |   icmp   |      0|  0|  11|           5|           6|
    |sel_tmp10_i1_fu_2879_p2      |   icmp   |      0|  0|   9|           3|           3|
    |sel_tmp10_i2_fu_3855_p2      |   icmp   |      0|  0|   9|           3|           3|
    |sel_tmp10_i3_fu_4341_p2      |   icmp   |      0|  0|   9|           3|           3|
    |sel_tmp10_i_fu_3369_p2       |   icmp   |      0|  0|   9|           3|           3|
    |sel_tmp12_i1_fu_2892_p2      |   icmp   |      0|  0|   9|           3|           3|
    |sel_tmp12_i2_fu_3868_p2      |   icmp   |      0|  0|   9|           3|           3|
    |sel_tmp12_i3_fu_4354_p2      |   icmp   |      0|  0|   9|           3|           3|
    |sel_tmp12_i_fu_3382_p2       |   icmp   |      0|  0|   9|           3|           3|
    |sel_tmp2_i1_fu_2785_p2       |   icmp   |      0|  0|   9|           3|           1|
    |sel_tmp2_i2_fu_3779_p2       |   icmp   |      0|  0|   9|           3|           1|
    |sel_tmp2_i3_fu_4265_p2       |   icmp   |      0|  0|   9|           3|           1|
    |sel_tmp2_i_fu_3293_p2        |   icmp   |      0|  0|   9|           3|           1|
    |sel_tmp4_i1_fu_2799_p2       |   icmp   |      0|  0|   9|           3|           2|
    |sel_tmp4_i2_fu_3792_p2       |   icmp   |      0|  0|   9|           3|           2|
    |sel_tmp4_i3_fu_4278_p2       |   icmp   |      0|  0|   9|           3|           2|
    |sel_tmp4_i_fu_3306_p2        |   icmp   |      0|  0|   9|           3|           2|
    |sel_tmp6_i1_fu_2813_p2       |   icmp   |      0|  0|   9|           3|           2|
    |sel_tmp6_i2_fu_3805_p2       |   icmp   |      0|  0|   9|           3|           2|
    |sel_tmp6_i3_fu_4291_p2       |   icmp   |      0|  0|   9|           3|           2|
    |sel_tmp6_i_fu_3319_p2        |   icmp   |      0|  0|   9|           3|           2|
    |sel_tmp8_i1_fu_2867_p2       |   icmp   |      0|  0|   9|           3|           4|
    |sel_tmp8_i2_fu_3843_p2       |   icmp   |      0|  0|   9|           3|           4|
    |sel_tmp8_i3_fu_4329_p2       |   icmp   |      0|  0|   9|           3|           4|
    |sel_tmp8_i_fu_3357_p2        |   icmp   |      0|  0|   9|           3|           4|
    |sel_tmp_i1_fu_2771_p2        |   icmp   |      0|  0|   9|           3|           1|
    |sel_tmp_i2_fu_3766_p2        |   icmp   |      0|  0|   9|           3|           1|
    |sel_tmp_i3_fu_4252_p2        |   icmp   |      0|  0|   9|           3|           1|
    |sel_tmp_i_fu_3280_p2         |   icmp   |      0|  0|   9|           3|           1|
    |i_33_0_1_fu_3039_p2          |    or    |      0|  0|  64|          64|           3|
    |i_33_0_2_fu_3073_p2          |    or    |      0|  0|  64|          64|           3|
    |i_33_0_3_fu_3107_p2          |    or    |      0|  0|  64|          64|           3|
    |i_33_0_4_fu_3141_p2          |    or    |      0|  0|  64|          64|           3|
    |i_33_0_8_fu_2971_p2          |    or    |      0|  0|  64|          64|           2|
    |i_33_0_9_fu_3005_p2          |    or    |      0|  0|  64|          64|           2|
    |i_33_0_s_fu_2937_p2          |    or    |      0|  0|  64|          64|           1|
    |i_33_1_1_fu_3525_p2          |    or    |      0|  0|  64|          64|           3|
    |i_33_1_2_fu_3559_p2          |    or    |      0|  0|  64|          64|           3|
    |i_33_1_3_fu_3593_p2          |    or    |      0|  0|  64|          64|           3|
    |i_33_1_4_fu_3627_p2          |    or    |      0|  0|  64|          64|           3|
    |i_33_1_8_fu_3457_p2          |    or    |      0|  0|  64|          64|           2|
    |i_33_1_9_fu_3491_p2          |    or    |      0|  0|  64|          64|           2|
    |i_33_1_s_fu_3423_p2          |    or    |      0|  0|  64|          64|           1|
    |i_33_2_1_fu_4011_p2          |    or    |      0|  0|  64|          64|           3|
    |i_33_2_2_fu_4045_p2          |    or    |      0|  0|  64|          64|           3|
    |i_33_2_3_fu_4079_p2          |    or    |      0|  0|  64|          64|           3|
    |i_33_2_4_fu_4113_p2          |    or    |      0|  0|  64|          64|           3|
    |i_33_2_8_fu_3943_p2          |    or    |      0|  0|  64|          64|           2|
    |i_33_2_9_fu_3977_p2          |    or    |      0|  0|  64|          64|           2|
    |i_33_2_s_fu_3909_p2          |    or    |      0|  0|  64|          64|           1|
    |i_33_3_1_fu_4497_p2          |    or    |      0|  0|  64|          64|           3|
    |i_33_3_2_fu_4531_p2          |    or    |      0|  0|  64|          64|           3|
    |i_33_3_3_fu_4565_p2          |    or    |      0|  0|  64|          64|           3|
    |i_33_3_4_fu_4599_p2          |    or    |      0|  0|  64|          64|           3|
    |i_33_3_8_fu_4429_p2          |    or    |      0|  0|  64|          64|           2|
    |i_33_3_9_fu_4463_p2          |    or    |      0|  0|  64|          64|           2|
    |i_33_3_s_fu_4395_p2          |    or    |      0|  0|  64|          64|           1|
    |k_2_4_fu_3675_p2             |    or    |      0|  0|   5|           5|           2|
    |k_2_5_fu_4161_p2             |    or    |      0|  0|   5|           5|           2|
    |k_2_s_fu_3189_p2             |    or    |      0|  0|   5|           5|           1|
    |tmp_100_fu_3684_p2           |    or    |      0|  0|   3|           3|           2|
    |tmp_111_fu_4170_p2           |    or    |      0|  0|   3|           3|           2|
    |tmp_89_fu_3198_p2            |    or    |      0|  0|   3|           3|           1|
    |UnifiedRetVal_i1_fu_2897_p3  |  select  |      0|  0|  32|           1|          32|
    |UnifiedRetVal_i2_fu_3873_p3  |  select  |      0|  0|  32|           1|          32|
    |UnifiedRetVal_i3_fu_4359_p3  |  select  |      0|  0|  32|           1|          32|
    |UnifiedRetVal_i_fu_3387_p3   |  select  |      0|  0|  32|           1|          32|
    |sel_tmp11_i1_fu_2884_p3      |  select  |      0|  0|  32|           1|          32|
    |sel_tmp11_i2_fu_3860_p3      |  select  |      0|  0|  32|           1|          32|
    |sel_tmp11_i3_fu_4346_p3      |  select  |      0|  0|  32|           1|          32|
    |sel_tmp11_i_fu_3374_p3       |  select  |      0|  0|  32|           1|          32|
    |sel_tmp1_i1_fu_2777_p3       |  select  |      0|  0|  32|           1|          32|
    |sel_tmp1_i2_fu_3771_p3       |  select  |      0|  0|  32|           1|          32|
    |sel_tmp1_i3_fu_4257_p3       |  select  |      0|  0|  32|           1|          32|
    |sel_tmp1_i_fu_3285_p3        |  select  |      0|  0|  32|           1|          32|
    |sel_tmp3_i1_fu_2791_p3       |  select  |      0|  0|  32|           1|          32|
    |sel_tmp3_i2_fu_3784_p3       |  select  |      0|  0|  32|           1|          32|
    |sel_tmp3_i3_fu_4270_p3       |  select  |      0|  0|  32|           1|          32|
    |sel_tmp3_i_fu_3298_p3        |  select  |      0|  0|  32|           1|          32|
    |sel_tmp5_i1_fu_2805_p3       |  select  |      0|  0|  32|           1|          32|
    |sel_tmp5_i2_fu_3797_p3       |  select  |      0|  0|  32|           1|          32|
    |sel_tmp5_i3_fu_4283_p3       |  select  |      0|  0|  32|           1|          32|
    |sel_tmp5_i_fu_3311_p3        |  select  |      0|  0|  32|           1|          32|
    |sel_tmp7_i1_fu_2819_p3       |  select  |      0|  0|  32|           1|          32|
    |sel_tmp7_i2_fu_3810_p3       |  select  |      0|  0|  32|           1|          32|
    |sel_tmp7_i3_fu_4296_p3       |  select  |      0|  0|  32|           1|          32|
    |sel_tmp7_i_fu_3324_p3        |  select  |      0|  0|  32|           1|          32|
    |sel_tmp9_i1_fu_2872_p3       |  select  |      0|  0|  32|           1|          32|
    |sel_tmp9_i2_fu_3848_p3       |  select  |      0|  0|  32|           1|          32|
    |sel_tmp9_i3_fu_4334_p3       |  select  |      0|  0|  32|           1|          32|
    |sel_tmp9_i_fu_3362_p3        |  select  |      0|  0|  32|           1|          32|
    |ap_enable_pp0                |    xor   |      0|  0|   2|           1|           2|
    |ap_enable_pp1                |    xor   |      0|  0|   2|           1|           2|
    |ap_enable_pp10               |    xor   |      0|  0|   2|           1|           2|
    |ap_enable_pp11               |    xor   |      0|  0|   2|           1|           2|
    |ap_enable_pp12               |    xor   |      0|  0|   2|           1|           2|
    |ap_enable_pp13               |    xor   |      0|  0|   2|           1|           2|
    |ap_enable_pp14               |    xor   |      0|  0|   2|           1|           2|
    |ap_enable_pp15               |    xor   |      0|  0|   2|           1|           2|
    |ap_enable_pp16               |    xor   |      0|  0|   2|           1|           2|
    |ap_enable_pp17               |    xor   |      0|  0|   2|           1|           2|
    |ap_enable_pp18               |    xor   |      0|  0|   2|           1|           2|
    |ap_enable_pp19               |    xor   |      0|  0|   2|           1|           2|
    |ap_enable_pp2                |    xor   |      0|  0|   2|           1|           2|
    |ap_enable_pp20               |    xor   |      0|  0|   2|           1|           2|
    |ap_enable_pp21               |    xor   |      0|  0|   2|           1|           2|
    |ap_enable_pp22               |    xor   |      0|  0|   2|           1|           2|
    |ap_enable_pp23               |    xor   |      0|  0|   2|           1|           2|
    |ap_enable_pp24               |    xor   |      0|  0|   2|           1|           2|
    |ap_enable_pp25               |    xor   |      0|  0|   2|           1|           2|
    |ap_enable_pp26               |    xor   |      0|  0|   2|           1|           2|
    |ap_enable_pp27               |    xor   |      0|  0|   2|           1|           2|
    |ap_enable_pp28               |    xor   |      0|  0|   2|           1|           2|
    |ap_enable_pp29               |    xor   |      0|  0|   2|           1|           2|
    |ap_enable_pp3                |    xor   |      0|  0|   2|           1|           2|
    |ap_enable_pp30               |    xor   |      0|  0|   2|           1|           2|
    |ap_enable_pp31               |    xor   |      0|  0|   2|           1|           2|
    |ap_enable_pp4                |    xor   |      0|  0|   2|           1|           2|
    |ap_enable_pp5                |    xor   |      0|  0|   2|           1|           2|
    |ap_enable_pp6                |    xor   |      0|  0|   2|           1|           2|
    |ap_enable_pp7                |    xor   |      0|  0|   2|           1|           2|
    |ap_enable_pp8                |    xor   |      0|  0|   2|           1|           2|
    |ap_enable_pp9                |    xor   |      0|  0|   2|           1|           2|
    +-----------------------------+----------+-------+---+----+------------+------------+
    |Total                        |          |      0|  0|5257|        4666|        3470|
    +-----------------------------+----------+-------+---+----+------------+------------+

    * Multiplexer: 
    +---------------------------------+-----+-----------+-----+-----------+
    |               Name              | LUT | Input Size| Bits| Total Bits|
    +---------------------------------+-----+-----------+-----+-----------+
    |A10_address0                     |   27|          5|    2|         10|
    |A11_address0                     |   27|          5|    2|         10|
    |A12_address0                     |   27|          5|    2|         10|
    |A13_address0                     |   27|          5|    2|         10|
    |A14_address0                     |   27|          5|    2|         10|
    |A8_address0                      |   27|          5|    2|         10|
    |A9_address0                      |   27|          5|    2|         10|
    |A_address0                       |   27|          5|    2|         10|
    |C1_d0                            |  149|         33|   32|       1056|
    |C2_d0                            |  149|         33|   32|       1056|
    |C3_d0                            |  149|         33|   32|       1056|
    |C4_d0                            |  149|         33|   32|       1056|
    |C5_d0                            |  149|         33|   32|       1056|
    |C6_d0                            |  149|         33|   32|       1056|
    |C7_d0                            |  149|         33|   32|       1056|
    |C_d0                             |  149|         33|   32|       1056|
    |ap_NS_fsm                        |  477|        109|    1|        109|
    |ap_enable_reg_pp0_iter10         |    9|          2|    1|          2|
    |ap_enable_reg_pp10_iter10        |    9|          2|    1|          2|
    |ap_enable_reg_pp11_iter10        |    9|          2|    1|          2|
    |ap_enable_reg_pp12_iter10        |    9|          2|    1|          2|
    |ap_enable_reg_pp13_iter10        |    9|          2|    1|          2|
    |ap_enable_reg_pp14_iter10        |    9|          2|    1|          2|
    |ap_enable_reg_pp15_iter10        |    9|          2|    1|          2|
    |ap_enable_reg_pp16_iter10        |    9|          2|    1|          2|
    |ap_enable_reg_pp17_iter10        |    9|          2|    1|          2|
    |ap_enable_reg_pp18_iter10        |    9|          2|    1|          2|
    |ap_enable_reg_pp19_iter10        |    9|          2|    1|          2|
    |ap_enable_reg_pp1_iter10         |    9|          2|    1|          2|
    |ap_enable_reg_pp20_iter10        |    9|          2|    1|          2|
    |ap_enable_reg_pp21_iter10        |    9|          2|    1|          2|
    |ap_enable_reg_pp22_iter10        |    9|          2|    1|          2|
    |ap_enable_reg_pp23_iter10        |    9|          2|    1|          2|
    |ap_enable_reg_pp24_iter10        |    9|          2|    1|          2|
    |ap_enable_reg_pp25_iter10        |    9|          2|    1|          2|
    |ap_enable_reg_pp26_iter10        |    9|          2|    1|          2|
    |ap_enable_reg_pp27_iter10        |    9|          2|    1|          2|
    |ap_enable_reg_pp28_iter10        |    9|          2|    1|          2|
    |ap_enable_reg_pp29_iter10        |    9|          2|    1|          2|
    |ap_enable_reg_pp2_iter10         |    9|          2|    1|          2|
    |ap_enable_reg_pp30_iter10        |    9|          2|    1|          2|
    |ap_enable_reg_pp31_iter10        |    9|          2|    1|          2|
    |ap_enable_reg_pp3_iter10         |    9|          2|    1|          2|
    |ap_enable_reg_pp4_iter10         |    9|          2|    1|          2|
    |ap_enable_reg_pp5_iter10         |    9|          2|    1|          2|
    |ap_enable_reg_pp6_iter10         |    9|          2|    1|          2|
    |ap_enable_reg_pp7_iter10         |    9|          2|    1|          2|
    |ap_enable_reg_pp8_iter10         |    9|          2|    1|          2|
    |ap_enable_reg_pp9_iter10         |    9|          2|    1|          2|
    |d_address0                       |  149|         33|    4|        132|
    |dense_15_kernel_arra_1_address0  |   27|          5|    6|         30|
    |dense_15_kernel_arra_2_address0  |   27|          5|    6|         30|
    |dense_15_kernel_arra_3_address0  |   27|          5|    6|         30|
    |dense_15_kernel_arra_4_address0  |   27|          5|    6|         30|
    |dense_15_kernel_arra_5_address0  |   27|          5|    6|         30|
    |dense_15_kernel_arra_6_address0  |   27|          5|    6|         30|
    |dense_15_kernel_arra_7_address0  |   27|          5|    6|         30|
    |dense_15_kernel_arra_address0    |   27|          5|    6|         30|
    |grp_fu_2670_p0                   |   27|          5|   32|        160|
    |grp_fu_2670_p1                   |   27|          5|   32|        160|
    |i_1_reg_1547                     |    9|          2|   64|        128|
    |i_2_reg_1919                     |    9|          2|   64|        128|
    |i_3_reg_2291                     |    9|          2|   64|        128|
    |i_reg_1175                       |    9|          2|   64|        128|
    |inneridx_1_1_reg_1572            |    9|          2|   64|        128|
    |inneridx_1_2_reg_1944            |    9|          2|   64|        128|
    |inneridx_1_3_reg_2316            |    9|          2|   64|        128|
    |inneridx_1_lcssa_1_reg_1865      |   41|          8|   64|        512|
    |inneridx_1_lcssa_2_reg_2237      |   41|          8|   64|        512|
    |inneridx_1_lcssa_3_reg_2610      |   41|          8|   64|        512|
    |inneridx_1_lcssa_reg_1493        |   41|          8|   64|        512|
    |inneridx_1_reg_1200              |    9|          2|   64|        128|
    |inneridx_reg_1151                |    9|          2|   64|        128|
    |j_1_1_reg_1559                   |    9|          2|    6|         12|
    |j_1_2_reg_1931                   |    9|          2|    6|         12|
    |j_1_3_reg_2303                   |    9|          2|    6|         12|
    |j_1_lcssa_1_reg_1888             |    9|          2|    6|         12|
    |j_1_lcssa_2_reg_2260             |    9|          2|    6|         12|
    |j_1_lcssa_3_reg_2634             |    9|          2|    6|         12|
    |j_1_lcssa_reg_1516               |    9|          2|    6|         12|
    |j_1_reg_1187                     |    9|          2|    6|         12|
    |j_2_0_1_reg_1252                 |    9|          2|    5|         10|
    |j_2_0_2_reg_1282                 |    9|          2|    5|         10|
    |j_2_0_3_reg_1312                 |    9|          2|    5|         10|
    |j_2_0_4_reg_1342                 |    9|          2|    5|         10|
    |j_2_0_5_reg_1372                 |    9|          2|    5|         10|
    |j_2_0_6_reg_1402                 |    9|          2|    5|         10|
    |j_2_0_7_reg_1432                 |    9|          2|    5|         10|
    |j_2_1_1_reg_1624                 |    9|          2|    5|         10|
    |j_2_1_2_reg_1654                 |    9|          2|    5|         10|
    |j_2_1_3_reg_1684                 |    9|          2|    5|         10|
    |j_2_1_4_reg_1714                 |    9|          2|    5|         10|
    |j_2_1_5_reg_1744                 |    9|          2|    5|         10|
    |j_2_1_6_reg_1774                 |    9|          2|    5|         10|
    |j_2_1_7_reg_1804                 |    9|          2|    5|         10|
    |j_2_1_reg_1594                   |    9|          2|    5|         10|
    |j_2_2_1_reg_1996                 |    9|          2|    5|         10|
    |j_2_2_2_reg_2026                 |    9|          2|    5|         10|
    |j_2_2_3_reg_2056                 |    9|          2|    5|         10|
    |j_2_2_4_reg_2086                 |    9|          2|    5|         10|
    |j_2_2_5_reg_2116                 |    9|          2|    5|         10|
    |j_2_2_6_reg_2146                 |    9|          2|    5|         10|
    |j_2_2_7_reg_2176                 |    9|          2|    5|         10|
    |j_2_2_reg_1966                   |    9|          2|    5|         10|
    |j_2_3_1_reg_2368                 |    9|          2|    5|         10|
    |j_2_3_2_reg_2398                 |    9|          2|    5|         10|
    |j_2_3_3_reg_2428                 |    9|          2|    5|         10|
    |j_2_3_4_reg_2458                 |    9|          2|    5|         10|
    |j_2_3_5_reg_2488                 |    9|          2|    5|         10|
    |j_2_3_6_reg_2518                 |    9|          2|    5|         10|
    |j_2_3_7_reg_2548                 |    9|          2|    5|         10|
    |j_2_3_reg_2338                   |    9|          2|    5|         10|
    |j_2_reg_1222                     |    9|          2|    5|         10|
    |j_reg_1127                       |    9|          2|    6|         12|
    |k_reg_1139                       |    9|          2|    6|         12|
    |sum_1_1_reg_1583                 |    9|          2|   32|         64|
    |sum_1_2_reg_1955                 |    9|          2|   32|         64|
    |sum_1_3_reg_2327                 |    9|          2|   32|         64|
    |sum_1_lcssa_1_reg_1835           |   41|          8|   32|        256|
    |sum_1_lcssa_2_reg_2207           |   41|          8|   32|        256|
    |sum_1_lcssa_3_reg_2579           |   41|          8|   32|        256|
    |sum_1_lcssa_reg_1463             |   41|          8|   32|        256|
    |sum_1_reg_1211                   |    9|          2|   32|         64|
    |sum_2_0_1_reg_1263               |    9|          2|   32|         64|
    |sum_2_0_2_reg_1293               |    9|          2|   32|         64|
    |sum_2_0_3_reg_1323               |    9|          2|   32|         64|
    |sum_2_0_4_reg_1353               |    9|          2|   32|         64|
    |sum_2_0_5_reg_1383               |    9|          2|   32|         64|
    |sum_2_0_6_reg_1413               |    9|          2|   32|         64|
    |sum_2_0_7_reg_1443               |    9|          2|   32|         64|
    |sum_2_1_1_reg_1635               |    9|          2|   32|         64|
    |sum_2_1_2_reg_1665               |    9|          2|   32|         64|
    |sum_2_1_3_reg_1695               |    9|          2|   32|         64|
    |sum_2_1_4_reg_1725               |    9|          2|   32|         64|
    |sum_2_1_5_reg_1755               |    9|          2|   32|         64|
    |sum_2_1_6_reg_1785               |    9|          2|   32|         64|
    |sum_2_1_7_reg_1815               |    9|          2|   32|         64|
    |sum_2_1_reg_1605                 |    9|          2|   32|         64|
    |sum_2_2_1_reg_2007               |    9|          2|   32|         64|
    |sum_2_2_2_reg_2037               |    9|          2|   32|         64|
    |sum_2_2_3_reg_2067               |    9|          2|   32|         64|
    |sum_2_2_4_reg_2097               |    9|          2|   32|         64|
    |sum_2_2_5_reg_2127               |    9|          2|   32|         64|
    |sum_2_2_6_reg_2157               |    9|          2|   32|         64|
    |sum_2_2_7_reg_2187               |    9|          2|   32|         64|
    |sum_2_2_reg_1977                 |    9|          2|   32|         64|
    |sum_2_3_1_reg_2379               |    9|          2|   32|         64|
    |sum_2_3_2_reg_2409               |    9|          2|   32|         64|
    |sum_2_3_3_reg_2439               |    9|          2|   32|         64|
    |sum_2_3_4_reg_2469               |    9|          2|   32|         64|
    |sum_2_3_5_reg_2499               |    9|          2|   32|         64|
    |sum_2_3_6_reg_2529               |    9|          2|   32|         64|
    |sum_2_3_7_reg_2559               |    9|          2|   32|         64|
    |sum_2_3_reg_2349                 |    9|          2|   32|         64|
    |sum_2_reg_1233                   |    9|          2|   32|         64|
    |sum_reg_1163                     |    9|          2|   32|         64|
    +---------------------------------+-----+-----------+-----+-----------+
    |Total                            | 3712|        800| 2785|      16425|
    +---------------------------------+-----+-----------+-----+-----------+

    * Register: 
    +-----------------------------+-----+----+-----+-----------+
    |             Name            |  FF | LUT| Bits| Const Bits|
    +-----------------------------+-----+----+-----+-----------+
    |UnifiedRetVal_i1_reg_4835    |   32|   0|   32|          0|
    |UnifiedRetVal_i2_reg_5556    |   32|   0|   32|          0|
    |UnifiedRetVal_i3_reg_5913    |   32|   0|   32|          0|
    |UnifiedRetVal_i_reg_5199     |   32|   0|   32|          0|
    |ap_CS_fsm                    |  108|   0|  108|          0|
    |ap_enable_reg_pp0_iter0      |    1|   0|    1|          0|
    |ap_enable_reg_pp0_iter1      |    1|   0|    1|          0|
    |ap_enable_reg_pp0_iter10     |    1|   0|    1|          0|
    |ap_enable_reg_pp0_iter2      |    1|   0|    1|          0|
    |ap_enable_reg_pp0_iter3      |    1|   0|    1|          0|
    |ap_enable_reg_pp0_iter4      |    1|   0|    1|          0|
    |ap_enable_reg_pp0_iter5      |    1|   0|    1|          0|
    |ap_enable_reg_pp0_iter6      |    1|   0|    1|          0|
    |ap_enable_reg_pp0_iter7      |    1|   0|    1|          0|
    |ap_enable_reg_pp0_iter8      |    1|   0|    1|          0|
    |ap_enable_reg_pp0_iter9      |    1|   0|    1|          0|
    |ap_enable_reg_pp10_iter0     |    1|   0|    1|          0|
    |ap_enable_reg_pp10_iter1     |    1|   0|    1|          0|
    |ap_enable_reg_pp10_iter10    |    1|   0|    1|          0|
    |ap_enable_reg_pp10_iter2     |    1|   0|    1|          0|
    |ap_enable_reg_pp10_iter3     |    1|   0|    1|          0|
    |ap_enable_reg_pp10_iter4     |    1|   0|    1|          0|
    |ap_enable_reg_pp10_iter5     |    1|   0|    1|          0|
    |ap_enable_reg_pp10_iter6     |    1|   0|    1|          0|
    |ap_enable_reg_pp10_iter7     |    1|   0|    1|          0|
    |ap_enable_reg_pp10_iter8     |    1|   0|    1|          0|
    |ap_enable_reg_pp10_iter9     |    1|   0|    1|          0|
    |ap_enable_reg_pp11_iter0     |    1|   0|    1|          0|
    |ap_enable_reg_pp11_iter1     |    1|   0|    1|          0|
    |ap_enable_reg_pp11_iter10    |    1|   0|    1|          0|
    |ap_enable_reg_pp11_iter2     |    1|   0|    1|          0|
    |ap_enable_reg_pp11_iter3     |    1|   0|    1|          0|
    |ap_enable_reg_pp11_iter4     |    1|   0|    1|          0|
    |ap_enable_reg_pp11_iter5     |    1|   0|    1|          0|
    |ap_enable_reg_pp11_iter6     |    1|   0|    1|          0|
    |ap_enable_reg_pp11_iter7     |    1|   0|    1|          0|
    |ap_enable_reg_pp11_iter8     |    1|   0|    1|          0|
    |ap_enable_reg_pp11_iter9     |    1|   0|    1|          0|
    |ap_enable_reg_pp12_iter0     |    1|   0|    1|          0|
    |ap_enable_reg_pp12_iter1     |    1|   0|    1|          0|
    |ap_enable_reg_pp12_iter10    |    1|   0|    1|          0|
    |ap_enable_reg_pp12_iter2     |    1|   0|    1|          0|
    |ap_enable_reg_pp12_iter3     |    1|   0|    1|          0|
    |ap_enable_reg_pp12_iter4     |    1|   0|    1|          0|
    |ap_enable_reg_pp12_iter5     |    1|   0|    1|          0|
    |ap_enable_reg_pp12_iter6     |    1|   0|    1|          0|
    |ap_enable_reg_pp12_iter7     |    1|   0|    1|          0|
    |ap_enable_reg_pp12_iter8     |    1|   0|    1|          0|
    |ap_enable_reg_pp12_iter9     |    1|   0|    1|          0|
    |ap_enable_reg_pp13_iter0     |    1|   0|    1|          0|
    |ap_enable_reg_pp13_iter1     |    1|   0|    1|          0|
    |ap_enable_reg_pp13_iter10    |    1|   0|    1|          0|
    |ap_enable_reg_pp13_iter2     |    1|   0|    1|          0|
    |ap_enable_reg_pp13_iter3     |    1|   0|    1|          0|
    |ap_enable_reg_pp13_iter4     |    1|   0|    1|          0|
    |ap_enable_reg_pp13_iter5     |    1|   0|    1|          0|
    |ap_enable_reg_pp13_iter6     |    1|   0|    1|          0|
    |ap_enable_reg_pp13_iter7     |    1|   0|    1|          0|
    |ap_enable_reg_pp13_iter8     |    1|   0|    1|          0|
    |ap_enable_reg_pp13_iter9     |    1|   0|    1|          0|
    |ap_enable_reg_pp14_iter0     |    1|   0|    1|          0|
    |ap_enable_reg_pp14_iter1     |    1|   0|    1|          0|
    |ap_enable_reg_pp14_iter10    |    1|   0|    1|          0|
    |ap_enable_reg_pp14_iter2     |    1|   0|    1|          0|
    |ap_enable_reg_pp14_iter3     |    1|   0|    1|          0|
    |ap_enable_reg_pp14_iter4     |    1|   0|    1|          0|
    |ap_enable_reg_pp14_iter5     |    1|   0|    1|          0|
    |ap_enable_reg_pp14_iter6     |    1|   0|    1|          0|
    |ap_enable_reg_pp14_iter7     |    1|   0|    1|          0|
    |ap_enable_reg_pp14_iter8     |    1|   0|    1|          0|
    |ap_enable_reg_pp14_iter9     |    1|   0|    1|          0|
    |ap_enable_reg_pp15_iter0     |    1|   0|    1|          0|
    |ap_enable_reg_pp15_iter1     |    1|   0|    1|          0|
    |ap_enable_reg_pp15_iter10    |    1|   0|    1|          0|
    |ap_enable_reg_pp15_iter2     |    1|   0|    1|          0|
    |ap_enable_reg_pp15_iter3     |    1|   0|    1|          0|
    |ap_enable_reg_pp15_iter4     |    1|   0|    1|          0|
    |ap_enable_reg_pp15_iter5     |    1|   0|    1|          0|
    |ap_enable_reg_pp15_iter6     |    1|   0|    1|          0|
    |ap_enable_reg_pp15_iter7     |    1|   0|    1|          0|
    |ap_enable_reg_pp15_iter8     |    1|   0|    1|          0|
    |ap_enable_reg_pp15_iter9     |    1|   0|    1|          0|
    |ap_enable_reg_pp16_iter0     |    1|   0|    1|          0|
    |ap_enable_reg_pp16_iter1     |    1|   0|    1|          0|
    |ap_enable_reg_pp16_iter10    |    1|   0|    1|          0|
    |ap_enable_reg_pp16_iter2     |    1|   0|    1|          0|
    |ap_enable_reg_pp16_iter3     |    1|   0|    1|          0|
    |ap_enable_reg_pp16_iter4     |    1|   0|    1|          0|
    |ap_enable_reg_pp16_iter5     |    1|   0|    1|          0|
    |ap_enable_reg_pp16_iter6     |    1|   0|    1|          0|
    |ap_enable_reg_pp16_iter7     |    1|   0|    1|          0|
    |ap_enable_reg_pp16_iter8     |    1|   0|    1|          0|
    |ap_enable_reg_pp16_iter9     |    1|   0|    1|          0|
    |ap_enable_reg_pp17_iter0     |    1|   0|    1|          0|
    |ap_enable_reg_pp17_iter1     |    1|   0|    1|          0|
    |ap_enable_reg_pp17_iter10    |    1|   0|    1|          0|
    |ap_enable_reg_pp17_iter2     |    1|   0|    1|          0|
    |ap_enable_reg_pp17_iter3     |    1|   0|    1|          0|
    |ap_enable_reg_pp17_iter4     |    1|   0|    1|          0|
    |ap_enable_reg_pp17_iter5     |    1|   0|    1|          0|
    |ap_enable_reg_pp17_iter6     |    1|   0|    1|          0|
    |ap_enable_reg_pp17_iter7     |    1|   0|    1|          0|
    |ap_enable_reg_pp17_iter8     |    1|   0|    1|          0|
    |ap_enable_reg_pp17_iter9     |    1|   0|    1|          0|
    |ap_enable_reg_pp18_iter0     |    1|   0|    1|          0|
    |ap_enable_reg_pp18_iter1     |    1|   0|    1|          0|
    |ap_enable_reg_pp18_iter10    |    1|   0|    1|          0|
    |ap_enable_reg_pp18_iter2     |    1|   0|    1|          0|
    |ap_enable_reg_pp18_iter3     |    1|   0|    1|          0|
    |ap_enable_reg_pp18_iter4     |    1|   0|    1|          0|
    |ap_enable_reg_pp18_iter5     |    1|   0|    1|          0|
    |ap_enable_reg_pp18_iter6     |    1|   0|    1|          0|
    |ap_enable_reg_pp18_iter7     |    1|   0|    1|          0|
    |ap_enable_reg_pp18_iter8     |    1|   0|    1|          0|
    |ap_enable_reg_pp18_iter9     |    1|   0|    1|          0|
    |ap_enable_reg_pp19_iter0     |    1|   0|    1|          0|
    |ap_enable_reg_pp19_iter1     |    1|   0|    1|          0|
    |ap_enable_reg_pp19_iter10    |    1|   0|    1|          0|
    |ap_enable_reg_pp19_iter2     |    1|   0|    1|          0|
    |ap_enable_reg_pp19_iter3     |    1|   0|    1|          0|
    |ap_enable_reg_pp19_iter4     |    1|   0|    1|          0|
    |ap_enable_reg_pp19_iter5     |    1|   0|    1|          0|
    |ap_enable_reg_pp19_iter6     |    1|   0|    1|          0|
    |ap_enable_reg_pp19_iter7     |    1|   0|    1|          0|
    |ap_enable_reg_pp19_iter8     |    1|   0|    1|          0|
    |ap_enable_reg_pp19_iter9     |    1|   0|    1|          0|
    |ap_enable_reg_pp1_iter0      |    1|   0|    1|          0|
    |ap_enable_reg_pp1_iter1      |    1|   0|    1|          0|
    |ap_enable_reg_pp1_iter10     |    1|   0|    1|          0|
    |ap_enable_reg_pp1_iter2      |    1|   0|    1|          0|
    |ap_enable_reg_pp1_iter3      |    1|   0|    1|          0|
    |ap_enable_reg_pp1_iter4      |    1|   0|    1|          0|
    |ap_enable_reg_pp1_iter5      |    1|   0|    1|          0|
    |ap_enable_reg_pp1_iter6      |    1|   0|    1|          0|
    |ap_enable_reg_pp1_iter7      |    1|   0|    1|          0|
    |ap_enable_reg_pp1_iter8      |    1|   0|    1|          0|
    |ap_enable_reg_pp1_iter9      |    1|   0|    1|          0|
    |ap_enable_reg_pp20_iter0     |    1|   0|    1|          0|
    |ap_enable_reg_pp20_iter1     |    1|   0|    1|          0|
    |ap_enable_reg_pp20_iter10    |    1|   0|    1|          0|
    |ap_enable_reg_pp20_iter2     |    1|   0|    1|          0|
    |ap_enable_reg_pp20_iter3     |    1|   0|    1|          0|
    |ap_enable_reg_pp20_iter4     |    1|   0|    1|          0|
    |ap_enable_reg_pp20_iter5     |    1|   0|    1|          0|
    |ap_enable_reg_pp20_iter6     |    1|   0|    1|          0|
    |ap_enable_reg_pp20_iter7     |    1|   0|    1|          0|
    |ap_enable_reg_pp20_iter8     |    1|   0|    1|          0|
    |ap_enable_reg_pp20_iter9     |    1|   0|    1|          0|
    |ap_enable_reg_pp21_iter0     |    1|   0|    1|          0|
    |ap_enable_reg_pp21_iter1     |    1|   0|    1|          0|
    |ap_enable_reg_pp21_iter10    |    1|   0|    1|          0|
    |ap_enable_reg_pp21_iter2     |    1|   0|    1|          0|
    |ap_enable_reg_pp21_iter3     |    1|   0|    1|          0|
    |ap_enable_reg_pp21_iter4     |    1|   0|    1|          0|
    |ap_enable_reg_pp21_iter5     |    1|   0|    1|          0|
    |ap_enable_reg_pp21_iter6     |    1|   0|    1|          0|
    |ap_enable_reg_pp21_iter7     |    1|   0|    1|          0|
    |ap_enable_reg_pp21_iter8     |    1|   0|    1|          0|
    |ap_enable_reg_pp21_iter9     |    1|   0|    1|          0|
    |ap_enable_reg_pp22_iter0     |    1|   0|    1|          0|
    |ap_enable_reg_pp22_iter1     |    1|   0|    1|          0|
    |ap_enable_reg_pp22_iter10    |    1|   0|    1|          0|
    |ap_enable_reg_pp22_iter2     |    1|   0|    1|          0|
    |ap_enable_reg_pp22_iter3     |    1|   0|    1|          0|
    |ap_enable_reg_pp22_iter4     |    1|   0|    1|          0|
    |ap_enable_reg_pp22_iter5     |    1|   0|    1|          0|
    |ap_enable_reg_pp22_iter6     |    1|   0|    1|          0|
    |ap_enable_reg_pp22_iter7     |    1|   0|    1|          0|
    |ap_enable_reg_pp22_iter8     |    1|   0|    1|          0|
    |ap_enable_reg_pp22_iter9     |    1|   0|    1|          0|
    |ap_enable_reg_pp23_iter0     |    1|   0|    1|          0|
    |ap_enable_reg_pp23_iter1     |    1|   0|    1|          0|
    |ap_enable_reg_pp23_iter10    |    1|   0|    1|          0|
    |ap_enable_reg_pp23_iter2     |    1|   0|    1|          0|
    |ap_enable_reg_pp23_iter3     |    1|   0|    1|          0|
    |ap_enable_reg_pp23_iter4     |    1|   0|    1|          0|
    |ap_enable_reg_pp23_iter5     |    1|   0|    1|          0|
    |ap_enable_reg_pp23_iter6     |    1|   0|    1|          0|
    |ap_enable_reg_pp23_iter7     |    1|   0|    1|          0|
    |ap_enable_reg_pp23_iter8     |    1|   0|    1|          0|
    |ap_enable_reg_pp23_iter9     |    1|   0|    1|          0|
    |ap_enable_reg_pp24_iter0     |    1|   0|    1|          0|
    |ap_enable_reg_pp24_iter1     |    1|   0|    1|          0|
    |ap_enable_reg_pp24_iter10    |    1|   0|    1|          0|
    |ap_enable_reg_pp24_iter2     |    1|   0|    1|          0|
    |ap_enable_reg_pp24_iter3     |    1|   0|    1|          0|
    |ap_enable_reg_pp24_iter4     |    1|   0|    1|          0|
    |ap_enable_reg_pp24_iter5     |    1|   0|    1|          0|
    |ap_enable_reg_pp24_iter6     |    1|   0|    1|          0|
    |ap_enable_reg_pp24_iter7     |    1|   0|    1|          0|
    |ap_enable_reg_pp24_iter8     |    1|   0|    1|          0|
    |ap_enable_reg_pp24_iter9     |    1|   0|    1|          0|
    |ap_enable_reg_pp25_iter0     |    1|   0|    1|          0|
    |ap_enable_reg_pp25_iter1     |    1|   0|    1|          0|
    |ap_enable_reg_pp25_iter10    |    1|   0|    1|          0|
    |ap_enable_reg_pp25_iter2     |    1|   0|    1|          0|
    |ap_enable_reg_pp25_iter3     |    1|   0|    1|          0|
    |ap_enable_reg_pp25_iter4     |    1|   0|    1|          0|
    |ap_enable_reg_pp25_iter5     |    1|   0|    1|          0|
    |ap_enable_reg_pp25_iter6     |    1|   0|    1|          0|
    |ap_enable_reg_pp25_iter7     |    1|   0|    1|          0|
    |ap_enable_reg_pp25_iter8     |    1|   0|    1|          0|
    |ap_enable_reg_pp25_iter9     |    1|   0|    1|          0|
    |ap_enable_reg_pp26_iter0     |    1|   0|    1|          0|
    |ap_enable_reg_pp26_iter1     |    1|   0|    1|          0|
    |ap_enable_reg_pp26_iter10    |    1|   0|    1|          0|
    |ap_enable_reg_pp26_iter2     |    1|   0|    1|          0|
    |ap_enable_reg_pp26_iter3     |    1|   0|    1|          0|
    |ap_enable_reg_pp26_iter4     |    1|   0|    1|          0|
    |ap_enable_reg_pp26_iter5     |    1|   0|    1|          0|
    |ap_enable_reg_pp26_iter6     |    1|   0|    1|          0|
    |ap_enable_reg_pp26_iter7     |    1|   0|    1|          0|
    |ap_enable_reg_pp26_iter8     |    1|   0|    1|          0|
    |ap_enable_reg_pp26_iter9     |    1|   0|    1|          0|
    |ap_enable_reg_pp27_iter0     |    1|   0|    1|          0|
    |ap_enable_reg_pp27_iter1     |    1|   0|    1|          0|
    |ap_enable_reg_pp27_iter10    |    1|   0|    1|          0|
    |ap_enable_reg_pp27_iter2     |    1|   0|    1|          0|
    |ap_enable_reg_pp27_iter3     |    1|   0|    1|          0|
    |ap_enable_reg_pp27_iter4     |    1|   0|    1|          0|
    |ap_enable_reg_pp27_iter5     |    1|   0|    1|          0|
    |ap_enable_reg_pp27_iter6     |    1|   0|    1|          0|
    |ap_enable_reg_pp27_iter7     |    1|   0|    1|          0|
    |ap_enable_reg_pp27_iter8     |    1|   0|    1|          0|
    |ap_enable_reg_pp27_iter9     |    1|   0|    1|          0|
    |ap_enable_reg_pp28_iter0     |    1|   0|    1|          0|
    |ap_enable_reg_pp28_iter1     |    1|   0|    1|          0|
    |ap_enable_reg_pp28_iter10    |    1|   0|    1|          0|
    |ap_enable_reg_pp28_iter2     |    1|   0|    1|          0|
    |ap_enable_reg_pp28_iter3     |    1|   0|    1|          0|
    |ap_enable_reg_pp28_iter4     |    1|   0|    1|          0|
    |ap_enable_reg_pp28_iter5     |    1|   0|    1|          0|
    |ap_enable_reg_pp28_iter6     |    1|   0|    1|          0|
    |ap_enable_reg_pp28_iter7     |    1|   0|    1|          0|
    |ap_enable_reg_pp28_iter8     |    1|   0|    1|          0|
    |ap_enable_reg_pp28_iter9     |    1|   0|    1|          0|
    |ap_enable_reg_pp29_iter0     |    1|   0|    1|          0|
    |ap_enable_reg_pp29_iter1     |    1|   0|    1|          0|
    |ap_enable_reg_pp29_iter10    |    1|   0|    1|          0|
    |ap_enable_reg_pp29_iter2     |    1|   0|    1|          0|
    |ap_enable_reg_pp29_iter3     |    1|   0|    1|          0|
    |ap_enable_reg_pp29_iter4     |    1|   0|    1|          0|
    |ap_enable_reg_pp29_iter5     |    1|   0|    1|          0|
    |ap_enable_reg_pp29_iter6     |    1|   0|    1|          0|
    |ap_enable_reg_pp29_iter7     |    1|   0|    1|          0|
    |ap_enable_reg_pp29_iter8     |    1|   0|    1|          0|
    |ap_enable_reg_pp29_iter9     |    1|   0|    1|          0|
    |ap_enable_reg_pp2_iter0      |    1|   0|    1|          0|
    |ap_enable_reg_pp2_iter1      |    1|   0|    1|          0|
    |ap_enable_reg_pp2_iter10     |    1|   0|    1|          0|
    |ap_enable_reg_pp2_iter2      |    1|   0|    1|          0|
    |ap_enable_reg_pp2_iter3      |    1|   0|    1|          0|
    |ap_enable_reg_pp2_iter4      |    1|   0|    1|          0|
    |ap_enable_reg_pp2_iter5      |    1|   0|    1|          0|
    |ap_enable_reg_pp2_iter6      |    1|   0|    1|          0|
    |ap_enable_reg_pp2_iter7      |    1|   0|    1|          0|
    |ap_enable_reg_pp2_iter8      |    1|   0|    1|          0|
    |ap_enable_reg_pp2_iter9      |    1|   0|    1|          0|
    |ap_enable_reg_pp30_iter0     |    1|   0|    1|          0|
    |ap_enable_reg_pp30_iter1     |    1|   0|    1|          0|
    |ap_enable_reg_pp30_iter10    |    1|   0|    1|          0|
    |ap_enable_reg_pp30_iter2     |    1|   0|    1|          0|
    |ap_enable_reg_pp30_iter3     |    1|   0|    1|          0|
    |ap_enable_reg_pp30_iter4     |    1|   0|    1|          0|
    |ap_enable_reg_pp30_iter5     |    1|   0|    1|          0|
    |ap_enable_reg_pp30_iter6     |    1|   0|    1|          0|
    |ap_enable_reg_pp30_iter7     |    1|   0|    1|          0|
    |ap_enable_reg_pp30_iter8     |    1|   0|    1|          0|
    |ap_enable_reg_pp30_iter9     |    1|   0|    1|          0|
    |ap_enable_reg_pp31_iter0     |    1|   0|    1|          0|
    |ap_enable_reg_pp31_iter1     |    1|   0|    1|          0|
    |ap_enable_reg_pp31_iter10    |    1|   0|    1|          0|
    |ap_enable_reg_pp31_iter2     |    1|   0|    1|          0|
    |ap_enable_reg_pp31_iter3     |    1|   0|    1|          0|
    |ap_enable_reg_pp31_iter4     |    1|   0|    1|          0|
    |ap_enable_reg_pp31_iter5     |    1|   0|    1|          0|
    |ap_enable_reg_pp31_iter6     |    1|   0|    1|          0|
    |ap_enable_reg_pp31_iter7     |    1|   0|    1|          0|
    |ap_enable_reg_pp31_iter8     |    1|   0|    1|          0|
    |ap_enable_reg_pp31_iter9     |    1|   0|    1|          0|
    |ap_enable_reg_pp3_iter0      |    1|   0|    1|          0|
    |ap_enable_reg_pp3_iter1      |    1|   0|    1|          0|
    |ap_enable_reg_pp3_iter10     |    1|   0|    1|          0|
    |ap_enable_reg_pp3_iter2      |    1|   0|    1|          0|
    |ap_enable_reg_pp3_iter3      |    1|   0|    1|          0|
    |ap_enable_reg_pp3_iter4      |    1|   0|    1|          0|
    |ap_enable_reg_pp3_iter5      |    1|   0|    1|          0|
    |ap_enable_reg_pp3_iter6      |    1|   0|    1|          0|
    |ap_enable_reg_pp3_iter7      |    1|   0|    1|          0|
    |ap_enable_reg_pp3_iter8      |    1|   0|    1|          0|
    |ap_enable_reg_pp3_iter9      |    1|   0|    1|          0|
    |ap_enable_reg_pp4_iter0      |    1|   0|    1|          0|
    |ap_enable_reg_pp4_iter1      |    1|   0|    1|          0|
    |ap_enable_reg_pp4_iter10     |    1|   0|    1|          0|
    |ap_enable_reg_pp4_iter2      |    1|   0|    1|          0|
    |ap_enable_reg_pp4_iter3      |    1|   0|    1|          0|
    |ap_enable_reg_pp4_iter4      |    1|   0|    1|          0|
    |ap_enable_reg_pp4_iter5      |    1|   0|    1|          0|
    |ap_enable_reg_pp4_iter6      |    1|   0|    1|          0|
    |ap_enable_reg_pp4_iter7      |    1|   0|    1|          0|
    |ap_enable_reg_pp4_iter8      |    1|   0|    1|          0|
    |ap_enable_reg_pp4_iter9      |    1|   0|    1|          0|
    |ap_enable_reg_pp5_iter0      |    1|   0|    1|          0|
    |ap_enable_reg_pp5_iter1      |    1|   0|    1|          0|
    |ap_enable_reg_pp5_iter10     |    1|   0|    1|          0|
    |ap_enable_reg_pp5_iter2      |    1|   0|    1|          0|
    |ap_enable_reg_pp5_iter3      |    1|   0|    1|          0|
    |ap_enable_reg_pp5_iter4      |    1|   0|    1|          0|
    |ap_enable_reg_pp5_iter5      |    1|   0|    1|          0|
    |ap_enable_reg_pp5_iter6      |    1|   0|    1|          0|
    |ap_enable_reg_pp5_iter7      |    1|   0|    1|          0|
    |ap_enable_reg_pp5_iter8      |    1|   0|    1|          0|
    |ap_enable_reg_pp5_iter9      |    1|   0|    1|          0|
    |ap_enable_reg_pp6_iter0      |    1|   0|    1|          0|
    |ap_enable_reg_pp6_iter1      |    1|   0|    1|          0|
    |ap_enable_reg_pp6_iter10     |    1|   0|    1|          0|
    |ap_enable_reg_pp6_iter2      |    1|   0|    1|          0|
    |ap_enable_reg_pp6_iter3      |    1|   0|    1|          0|
    |ap_enable_reg_pp6_iter4      |    1|   0|    1|          0|
    |ap_enable_reg_pp6_iter5      |    1|   0|    1|          0|
    |ap_enable_reg_pp6_iter6      |    1|   0|    1|          0|
    |ap_enable_reg_pp6_iter7      |    1|   0|    1|          0|
    |ap_enable_reg_pp6_iter8      |    1|   0|    1|          0|
    |ap_enable_reg_pp6_iter9      |    1|   0|    1|          0|
    |ap_enable_reg_pp7_iter0      |    1|   0|    1|          0|
    |ap_enable_reg_pp7_iter1      |    1|   0|    1|          0|
    |ap_enable_reg_pp7_iter10     |    1|   0|    1|          0|
    |ap_enable_reg_pp7_iter2      |    1|   0|    1|          0|
    |ap_enable_reg_pp7_iter3      |    1|   0|    1|          0|
    |ap_enable_reg_pp7_iter4      |    1|   0|    1|          0|
    |ap_enable_reg_pp7_iter5      |    1|   0|    1|          0|
    |ap_enable_reg_pp7_iter6      |    1|   0|    1|          0|
    |ap_enable_reg_pp7_iter7      |    1|   0|    1|          0|
    |ap_enable_reg_pp7_iter8      |    1|   0|    1|          0|
    |ap_enable_reg_pp7_iter9      |    1|   0|    1|          0|
    |ap_enable_reg_pp8_iter0      |    1|   0|    1|          0|
    |ap_enable_reg_pp8_iter1      |    1|   0|    1|          0|
    |ap_enable_reg_pp8_iter10     |    1|   0|    1|          0|
    |ap_enable_reg_pp8_iter2      |    1|   0|    1|          0|
    |ap_enable_reg_pp8_iter3      |    1|   0|    1|          0|
    |ap_enable_reg_pp8_iter4      |    1|   0|    1|          0|
    |ap_enable_reg_pp8_iter5      |    1|   0|    1|          0|
    |ap_enable_reg_pp8_iter6      |    1|   0|    1|          0|
    |ap_enable_reg_pp8_iter7      |    1|   0|    1|          0|
    |ap_enable_reg_pp8_iter8      |    1|   0|    1|          0|
    |ap_enable_reg_pp8_iter9      |    1|   0|    1|          0|
    |ap_enable_reg_pp9_iter0      |    1|   0|    1|          0|
    |ap_enable_reg_pp9_iter1      |    1|   0|    1|          0|
    |ap_enable_reg_pp9_iter10     |    1|   0|    1|          0|
    |ap_enable_reg_pp9_iter2      |    1|   0|    1|          0|
    |ap_enable_reg_pp9_iter3      |    1|   0|    1|          0|
    |ap_enable_reg_pp9_iter4      |    1|   0|    1|          0|
    |ap_enable_reg_pp9_iter5      |    1|   0|    1|          0|
    |ap_enable_reg_pp9_iter6      |    1|   0|    1|          0|
    |ap_enable_reg_pp9_iter7      |    1|   0|    1|          0|
    |ap_enable_reg_pp9_iter8      |    1|   0|    1|          0|
    |ap_enable_reg_pp9_iter9      |    1|   0|    1|          0|
    |arrayNo_trunc3_reg_5076      |    3|   0|    3|          0|
    |arrayNo_trunc4_reg_5433      |    3|   0|    3|          0|
    |arrayNo_trunc5_reg_5790      |    3|   0|    3|          0|
    |exitcond_0_1_reg_4884        |    1|   0|    1|          0|
    |exitcond_0_2_reg_4912        |    1|   0|    1|          0|
    |exitcond_0_3_reg_4940        |    1|   0|    1|          0|
    |exitcond_0_4_reg_4968        |    1|   0|    1|          0|
    |exitcond_0_5_reg_4996        |    1|   0|    1|          0|
    |exitcond_0_6_reg_5024        |    1|   0|    1|          0|
    |exitcond_0_7_reg_5052        |    1|   0|    1|          0|
    |exitcond_1_1_reg_5241        |    1|   0|    1|          0|
    |exitcond_1_2_reg_5269        |    1|   0|    1|          0|
    |exitcond_1_3_reg_5297        |    1|   0|    1|          0|
    |exitcond_1_4_reg_5325        |    1|   0|    1|          0|
    |exitcond_1_5_reg_5353        |    1|   0|    1|          0|
    |exitcond_1_6_reg_5381        |    1|   0|    1|          0|
    |exitcond_1_7_reg_5409        |    1|   0|    1|          0|
    |exitcond_1_reg_5213          |    1|   0|    1|          0|
    |exitcond_2_1_reg_5598        |    1|   0|    1|          0|
    |exitcond_2_2_reg_5626        |    1|   0|    1|          0|
    |exitcond_2_3_reg_5654        |    1|   0|    1|          0|
    |exitcond_2_4_reg_5682        |    1|   0|    1|          0|
    |exitcond_2_5_reg_5710        |    1|   0|    1|          0|
    |exitcond_2_6_reg_5738        |    1|   0|    1|          0|
    |exitcond_2_7_reg_5766        |    1|   0|    1|          0|
    |exitcond_2_reg_5570          |    1|   0|    1|          0|
    |exitcond_3_1_reg_5955        |    1|   0|    1|          0|
    |exitcond_3_2_reg_5983        |    1|   0|    1|          0|
    |exitcond_3_3_reg_6011        |    1|   0|    1|          0|
    |exitcond_3_4_reg_6039        |    1|   0|    1|          0|
    |exitcond_3_5_reg_6067        |    1|   0|    1|          0|
    |exitcond_3_6_reg_6095        |    1|   0|    1|          0|
    |exitcond_3_7_reg_6123        |    1|   0|    1|          0|
    |exitcond_3_reg_5927          |    1|   0|    1|          0|
    |exitcond_reg_4856            |    1|   0|    1|          0|
    |i_1_reg_1547                 |   64|   0|   64|          0|
    |i_2_reg_1919                 |   64|   0|   64|          0|
    |i_3_reg_2291                 |   64|   0|   64|          0|
    |i_reg_1175                   |   64|   0|   64|          0|
    |inneridx_1_1_reg_1572        |   64|   0|   64|          0|
    |inneridx_1_2_reg_1944        |   64|   0|   64|          0|
    |inneridx_1_3_reg_2316        |   64|   0|   64|          0|
    |inneridx_1_lcssa_1_reg_1865  |   64|   0|   64|          0|
    |inneridx_1_lcssa_2_reg_2237  |   64|   0|   64|          0|
    |inneridx_1_lcssa_3_reg_2610  |   64|   0|   64|          0|
    |inneridx_1_lcssa_reg_1493    |   64|   0|   64|          0|
    |inneridx_1_reg_1200          |   64|   0|   64|          0|
    |inneridx_reg_1151            |   64|   0|   64|          0|
    |j_1_1_reg_1559               |    6|   0|    6|          0|
    |j_1_2_reg_1931               |    6|   0|    6|          0|
    |j_1_3_reg_2303               |    6|   0|    6|          0|
    |j_1_lcssa_1_reg_1888         |    6|   0|    6|          0|
    |j_1_lcssa_2_reg_2260         |    6|   0|    6|          0|
    |j_1_lcssa_3_reg_2634         |    6|   0|    6|          0|
    |j_1_lcssa_reg_1516           |    6|   0|    6|          0|
    |j_1_reg_1187                 |    6|   0|    6|          0|
    |j_2_0_1_reg_1252             |    5|   0|    5|          0|
    |j_2_0_2_reg_1282             |    5|   0|    5|          0|
    |j_2_0_3_reg_1312             |    5|   0|    5|          0|
    |j_2_0_4_reg_1342             |    5|   0|    5|          0|
    |j_2_0_5_reg_1372             |    5|   0|    5|          0|
    |j_2_0_6_reg_1402             |    5|   0|    5|          0|
    |j_2_0_7_reg_1432             |    5|   0|    5|          0|
    |j_2_1_1_reg_1624             |    5|   0|    5|          0|
    |j_2_1_2_reg_1654             |    5|   0|    5|          0|
    |j_2_1_3_reg_1684             |    5|   0|    5|          0|
    |j_2_1_4_reg_1714             |    5|   0|    5|          0|
    |j_2_1_5_reg_1744             |    5|   0|    5|          0|
    |j_2_1_6_reg_1774             |    5|   0|    5|          0|
    |j_2_1_7_reg_1804             |    5|   0|    5|          0|
    |j_2_1_reg_1594               |    5|   0|    5|          0|
    |j_2_2_1_reg_1996             |    5|   0|    5|          0|
    |j_2_2_2_reg_2026             |    5|   0|    5|          0|
    |j_2_2_3_reg_2056             |    5|   0|    5|          0|
    |j_2_2_4_reg_2086             |    5|   0|    5|          0|
    |j_2_2_5_reg_2116             |    5|   0|    5|          0|
    |j_2_2_6_reg_2146             |    5|   0|    5|          0|
    |j_2_2_7_reg_2176             |    5|   0|    5|          0|
    |j_2_2_reg_1966               |    5|   0|    5|          0|
    |j_2_3_1_reg_2368             |    5|   0|    5|          0|
    |j_2_3_2_reg_2398             |    5|   0|    5|          0|
    |j_2_3_3_reg_2428             |    5|   0|    5|          0|
    |j_2_3_4_reg_2458             |    5|   0|    5|          0|
    |j_2_3_5_reg_2488             |    5|   0|    5|          0|
    |j_2_3_6_reg_2518             |    5|   0|    5|          0|
    |j_2_3_7_reg_2548             |    5|   0|    5|          0|
    |j_2_3_reg_2338               |    5|   0|    5|          0|
    |j_2_reg_1222                 |    5|   0|    5|          0|
    |j_reg_1127                   |    6|   0|    6|          0|
    |k_reg_1139                   |    6|   0|    6|          0|
    |newIndex12_cast_reg_4724     |    6|   0|   64|         58|
    |newIndex14_cast_reg_5102     |    7|   0|   64|         57|
    |newIndex16_cast_reg_5459     |    7|   0|   64|         57|
    |newIndex18_cast_reg_5816     |    7|   0|   64|         57|
    |newIndex4_reg_5081           |    4|   0|    4|          0|
    |newIndex5_reg_5097           |    7|   0|    7|          0|
    |newIndex6_reg_5438           |    4|   0|    4|          0|
    |newIndex7_reg_5454           |    7|   0|    7|          0|
    |newIndex8_reg_5795           |    4|   0|    4|          0|
    |newIndex9_reg_5811           |    7|   0|    7|          0|
    |outrows_cast_reg_4645        |    6|   0|   64|         58|
    |reg_2674                     |   32|   0|   32|          0|
    |reg_2679                     |   32|   0|   32|          0|
    |sel_tmp7_i1_reg_4818         |   32|   0|   32|          0|
    |sel_tmp7_i2_reg_5546         |   32|   0|   32|          0|
    |sel_tmp7_i3_reg_5903         |   32|   0|   32|          0|
    |sel_tmp7_i_reg_5189          |   32|   0|   32|          0|
    |sum_1_1_reg_1583             |   32|   0|   32|          0|
    |sum_1_2_reg_1955             |   32|   0|   32|          0|
    |sum_1_3_reg_2327             |   32|   0|   32|          0|
    |sum_1_lcssa_1_reg_1835       |   32|   0|   32|          0|
    |sum_1_lcssa_2_reg_2207       |   32|   0|   32|          0|
    |sum_1_lcssa_3_reg_2579       |   32|   0|   32|          0|
    |sum_1_lcssa_reg_1463         |   32|   0|   32|          0|
    |sum_1_reg_1211               |   32|   0|   32|          0|
    |sum_2_0_1_reg_1263           |   32|   0|   32|          0|
    |sum_2_0_2_reg_1293           |   32|   0|   32|          0|
    |sum_2_0_3_reg_1323           |   32|   0|   32|          0|
    |sum_2_0_4_reg_1353           |   32|   0|   32|          0|
    |sum_2_0_5_reg_1383           |   32|   0|   32|          0|
    |sum_2_0_6_reg_1413           |   32|   0|   32|          0|
    |sum_2_0_7_reg_1443           |   32|   0|   32|          0|
    |sum_2_1_1_reg_1635           |   32|   0|   32|          0|
    |sum_2_1_2_reg_1665           |   32|   0|   32|          0|
    |sum_2_1_3_reg_1695           |   32|   0|   32|          0|
    |sum_2_1_4_reg_1725           |   32|   0|   32|          0|
    |sum_2_1_5_reg_1755           |   32|   0|   32|          0|
    |sum_2_1_6_reg_1785           |   32|   0|   32|          0|
    |sum_2_1_7_reg_1815           |   32|   0|   32|          0|
    |sum_2_1_reg_1605             |   32|   0|   32|          0|
    |sum_2_2_1_reg_2007           |   32|   0|   32|          0|
    |sum_2_2_2_reg_2037           |   32|   0|   32|          0|
    |sum_2_2_3_reg_2067           |   32|   0|   32|          0|
    |sum_2_2_4_reg_2097           |   32|   0|   32|          0|
    |sum_2_2_5_reg_2127           |   32|   0|   32|          0|
    |sum_2_2_6_reg_2157           |   32|   0|   32|          0|
    |sum_2_2_7_reg_2187           |   32|   0|   32|          0|
    |sum_2_2_reg_1977             |   32|   0|   32|          0|
    |sum_2_3_1_reg_2379           |   32|   0|   32|          0|
    |sum_2_3_2_reg_2409           |   32|   0|   32|          0|
    |sum_2_3_3_reg_2439           |   32|   0|   32|          0|
    |sum_2_3_4_reg_2469           |   32|   0|   32|          0|
    |sum_2_3_5_reg_2499           |   32|   0|   32|          0|
    |sum_2_3_6_reg_2529           |   32|   0|   32|          0|
    |sum_2_3_7_reg_2559           |   32|   0|   32|          0|
    |sum_2_3_reg_2349             |   32|   0|   32|          0|
    |sum_2_reg_1233               |   32|   0|   32|          0|
    |sum_reg_1163                 |   32|   0|   32|          0|
    |tmp_124_reg_5194             |   32|   0|   32|          0|
    |tmp_125_reg_5551             |   32|   0|   32|          0|
    |tmp_126_reg_5908             |   32|   0|   32|          0|
    |tmp_158_reg_4823             |    3|   0|    3|          0|
    |tmp_160_reg_4796             |    3|   0|    3|          0|
    |tmp_161_reg_4851             |   59|   0|   64|          5|
    |tmp_162_reg_4879             |   58|   0|   64|          6|
    |tmp_163_reg_4907             |   58|   0|   64|          6|
    |tmp_164_reg_4935             |   57|   0|   64|          7|
    |tmp_165_reg_4963             |   58|   0|   64|          6|
    |tmp_166_reg_4991             |   57|   0|   64|          7|
    |tmp_167_reg_5019             |   57|   0|   64|          7|
    |tmp_170_reg_5086             |    3|   0|    3|          0|
    |tmp_171_reg_5047             |   56|   0|   64|          8|
    |tmp_172_reg_5208             |   59|   0|   64|          5|
    |tmp_173_reg_5236             |   58|   0|   64|          6|
    |tmp_174_reg_5264             |   58|   0|   64|          6|
    |tmp_175_reg_5292             |   57|   0|   64|          7|
    |tmp_176_reg_5320             |   58|   0|   64|          6|
    |tmp_177_reg_5348             |   57|   0|   64|          7|
    |tmp_178_reg_5376             |   57|   0|   64|          7|
    |tmp_181_reg_5443             |    3|   0|    3|          0|
    |tmp_182_reg_5404             |   56|   0|   64|          8|
    |tmp_183_reg_5565             |   59|   0|   64|          5|
    |tmp_184_reg_5593             |   58|   0|   64|          6|
    |tmp_185_reg_5621             |   58|   0|   64|          6|
    |tmp_186_reg_5649             |   57|   0|   64|          7|
    |tmp_187_reg_5677             |   58|   0|   64|          6|
    |tmp_188_reg_5705             |   57|   0|   64|          7|
    |tmp_189_reg_5733             |   57|   0|   64|          7|
    |tmp_192_reg_5800             |    3|   0|    3|          0|
    |tmp_193_reg_5761             |   56|   0|   64|          8|
    |tmp_194_reg_5922             |   59|   0|   64|          5|
    |tmp_195_reg_5950             |   58|   0|   64|          6|
    |tmp_196_reg_5978             |   58|   0|   64|          6|
    |tmp_197_reg_6006             |   57|   0|   64|          7|
    |tmp_198_reg_6034             |   58|   0|   64|          6|
    |tmp_199_reg_6062             |   57|   0|   64|          7|
    |tmp_200_reg_6090             |   57|   0|   64|          7|
    |tmp_201_reg_6118             |   56|   0|   64|          8|
    |tmp_reg_4840                 |    5|   0|    5|          0|
    |tmp_s_reg_4830               |   32|   0|   32|          0|
    |exitcond_0_1_reg_4884        |   64|  32|    1|          0|
    |exitcond_0_2_reg_4912        |   64|  32|    1|          0|
    |exitcond_0_3_reg_4940        |   64|  32|    1|          0|
    |exitcond_0_4_reg_4968        |   64|  32|    1|          0|
    |exitcond_0_5_reg_4996        |   64|  32|    1|          0|
    |exitcond_0_6_reg_5024        |   64|  32|    1|          0|
    |exitcond_0_7_reg_5052        |   64|  32|    1|          0|
    |exitcond_1_1_reg_5241        |   64|  32|    1|          0|
    |exitcond_1_2_reg_5269        |   64|  32|    1|          0|
    |exitcond_1_3_reg_5297        |   64|  32|    1|          0|
    |exitcond_1_4_reg_5325        |   64|  32|    1|          0|
    |exitcond_1_5_reg_5353        |   64|  32|    1|          0|
    |exitcond_1_6_reg_5381        |   64|  32|    1|          0|
    |exitcond_1_7_reg_5409        |   64|  32|    1|          0|
    |exitcond_1_reg_5213          |   64|  32|    1|          0|
    |exitcond_2_1_reg_5598        |   64|  32|    1|          0|
    |exitcond_2_2_reg_5626        |   64|  32|    1|          0|
    |exitcond_2_3_reg_5654        |   64|  32|    1|          0|
    |exitcond_2_4_reg_5682        |   64|  32|    1|          0|
    |exitcond_2_5_reg_5710        |   64|  32|    1|          0|
    |exitcond_2_6_reg_5738        |   64|  32|    1|          0|
    |exitcond_2_7_reg_5766        |   64|  32|    1|          0|
    |exitcond_2_reg_5570          |   64|  32|    1|          0|
    |exitcond_3_1_reg_5955        |   64|  32|    1|          0|
    |exitcond_3_2_reg_5983        |   64|  32|    1|          0|
    |exitcond_3_3_reg_6011        |   64|  32|    1|          0|
    |exitcond_3_4_reg_6039        |   64|  32|    1|          0|
    |exitcond_3_5_reg_6067        |   64|  32|    1|          0|
    |exitcond_3_6_reg_6095        |   64|  32|    1|          0|
    |exitcond_3_7_reg_6123        |   64|  32|    1|          0|
    |exitcond_3_reg_5927          |   64|  32|    1|          0|
    |exitcond_reg_4856            |   64|  32|    1|          0|
    +-----------------------------+-----+----+-----+-----------+
    |Total                        | 7287|1024| 5766|        495|
    +-----------------------------+-----+----+-----+-----------+



================================================================
== Interface
================================================================
* Summary: 
+--------------+-----+-----+------------+---------------------+--------------+
|   RTL Ports  | Dir | Bits|  Protocol  |    Source Object    |    C Type    |
+--------------+-----+-----+------------+---------------------+--------------+
|ap_clk        |  in |    1| ap_ctrl_hs | k2c_affine_matmul.2 | return value |
|ap_rst        |  in |    1| ap_ctrl_hs | k2c_affine_matmul.2 | return value |
|ap_start      |  in |    1| ap_ctrl_hs | k2c_affine_matmul.2 | return value |
|ap_done       | out |    1| ap_ctrl_hs | k2c_affine_matmul.2 | return value |
|ap_idle       | out |    1| ap_ctrl_hs | k2c_affine_matmul.2 | return value |
|ap_ready      | out |    1| ap_ctrl_hs | k2c_affine_matmul.2 | return value |
|C_address0    | out |    1|  ap_memory |          C          |     array    |
|C_ce0         | out |    1|  ap_memory |          C          |     array    |
|C_we0         | out |    1|  ap_memory |          C          |     array    |
|C_d0          | out |   32|  ap_memory |          C          |     array    |
|C1_address0   | out |    1|  ap_memory |          C1         |     array    |
|C1_ce0        | out |    1|  ap_memory |          C1         |     array    |
|C1_we0        | out |    1|  ap_memory |          C1         |     array    |
|C1_d0         | out |   32|  ap_memory |          C1         |     array    |
|C2_address0   | out |    1|  ap_memory |          C2         |     array    |
|C2_ce0        | out |    1|  ap_memory |          C2         |     array    |
|C2_we0        | out |    1|  ap_memory |          C2         |     array    |
|C2_d0         | out |   32|  ap_memory |          C2         |     array    |
|C3_address0   | out |    1|  ap_memory |          C3         |     array    |
|C3_ce0        | out |    1|  ap_memory |          C3         |     array    |
|C3_we0        | out |    1|  ap_memory |          C3         |     array    |
|C3_d0         | out |   32|  ap_memory |          C3         |     array    |
|C4_address0   | out |    1|  ap_memory |          C4         |     array    |
|C4_ce0        | out |    1|  ap_memory |          C4         |     array    |
|C4_we0        | out |    1|  ap_memory |          C4         |     array    |
|C4_d0         | out |   32|  ap_memory |          C4         |     array    |
|C5_address0   | out |    1|  ap_memory |          C5         |     array    |
|C5_ce0        | out |    1|  ap_memory |          C5         |     array    |
|C5_we0        | out |    1|  ap_memory |          C5         |     array    |
|C5_d0         | out |   32|  ap_memory |          C5         |     array    |
|C6_address0   | out |    1|  ap_memory |          C6         |     array    |
|C6_ce0        | out |    1|  ap_memory |          C6         |     array    |
|C6_we0        | out |    1|  ap_memory |          C6         |     array    |
|C6_d0         | out |   32|  ap_memory |          C6         |     array    |
|C7_address0   | out |    1|  ap_memory |          C7         |     array    |
|C7_ce0        | out |    1|  ap_memory |          C7         |     array    |
|C7_we0        | out |    1|  ap_memory |          C7         |     array    |
|C7_d0         | out |   32|  ap_memory |          C7         |     array    |
|A_address0    | out |    2|  ap_memory |          A          |     array    |
|A_ce0         | out |    1|  ap_memory |          A          |     array    |
|A_q0          |  in |   32|  ap_memory |          A          |     array    |
|A8_address0   | out |    2|  ap_memory |          A8         |     array    |
|A8_ce0        | out |    1|  ap_memory |          A8         |     array    |
|A8_q0         |  in |   32|  ap_memory |          A8         |     array    |
|A9_address0   | out |    2|  ap_memory |          A9         |     array    |
|A9_ce0        | out |    1|  ap_memory |          A9         |     array    |
|A9_q0         |  in |   32|  ap_memory |          A9         |     array    |
|A10_address0  | out |    2|  ap_memory |         A10         |     array    |
|A10_ce0       | out |    1|  ap_memory |         A10         |     array    |
|A10_q0        |  in |   32|  ap_memory |         A10         |     array    |
|A11_address0  | out |    2|  ap_memory |         A11         |     array    |
|A11_ce0       | out |    1|  ap_memory |         A11         |     array    |
|A11_q0        |  in |   32|  ap_memory |         A11         |     array    |
|A12_address0  | out |    2|  ap_memory |         A12         |     array    |
|A12_ce0       | out |    1|  ap_memory |         A12         |     array    |
|A12_q0        |  in |   32|  ap_memory |         A12         |     array    |
|A13_address0  | out |    2|  ap_memory |         A13         |     array    |
|A13_ce0       | out |    1|  ap_memory |         A13         |     array    |
|A13_q0        |  in |   32|  ap_memory |         A13         |     array    |
|A14_address0  | out |    2|  ap_memory |         A14         |     array    |
|A14_ce0       | out |    1|  ap_memory |         A14         |     array    |
|A14_q0        |  in |   32|  ap_memory |         A14         |     array    |
|d_address0    | out |    4|  ap_memory |          d          |     array    |
|d_ce0         | out |    1|  ap_memory |          d          |     array    |
|d_q0          |  in |   32|  ap_memory |          d          |     array    |
|outrows       |  in |    6|   ap_none  |       outrows       |    scalar    |
+--------------+-----+-----+------------+---------------------+--------------+

