

================================================================
== Vivado HLS Report for 'k2c_dense'
================================================================
* Date:           Tue Apr 23 22:52:13 2024

* Version:        2018.2 (Build 2258646 on Thu Jun 14 20:25:20 MDT 2018)
* Project:        Group_5
* Solution:       Latency_2
* Product family: artix7
* Target device:  xc7a200tfbg676-2


================================================================
== Performance Estimates
================================================================
+ Timing (ns): 
    * Summary: 
    +--------+-------+----------+------------+
    |  Clock | Target| Estimated| Uncertainty|
    +--------+-------+----------+------------+
    |ap_clk  |   5.00|     5.398|        0.62|
    +--------+-------+----------+------------+

+ Latency (clock cycles): 
    * Summary: 
    +-----+-----+-----+-----+---------+
    |  Latency  |  Interval | Pipeline|
    | min | max | min | max |   Type  |
    +-----+-----+-----+-----+---------+
    |    ?|    ?|    ?|    ?|   none  |
    +-----+-----+-----+-----+---------+

    + Detail: 
        * Instance: 
        N/A

        * Loop: 
        +-------------+-----+-----+----------+-----------+-----------+--------+----------+
        |             |  Latency  | Iteration|  Initiation Interval  |  Trip  |          |
        |  Loop Name  | min | max |  Latency |  achieved |   target  |  Count | Pipelined|
        +-------------+-----+-----+----------+-----------+-----------+--------+----------+
        |- Loop 1     |   60|  960|        60|          -|          -| 1 ~ 16 |    no    |
        |- Loop 2     |    ?|    ?|         ?|          -|          -|       ?|    no    |
        | + Loop 2.1  |    ?|    ?|        12|          -|          -|       ?|    no    |
        |- Loop 3     |    ?|    ?|        60|          -|          -|       ?|    no    |
        +-------------+-----+-----+----------+-----------+-----------+--------+----------+

============================================================
+ Verbose Summary: Synthesis Manager
============================================================
InlineROM: 1
ExposeGlobal: 0
============================================================
+ Verbose Summary: CDFG Model
============================================================
IsTopModel: 0
ResetActiveHigh: 1
IsCombinational: 0
IsDatapathOnly: 0
HasWiredReturn: 1
HasMFsm: 0
HasVarLatency: 1
IsPipeline: 0
IsRtlPipelined: 0
IsInstanceOverlapped: 0
IsDontTouch: 0
HasImplIP: 0
IsGatedGlobalClock: 0


============================================================
+ Verbose Summary: Schedule
============================================================
* Number of FSM states : 136
* Pipeline : 0
* Dataflow Pipeline: 0

* FSM state transitions: 
1 --> 
	2  / (!tmp)
	76  / (tmp)
2 --> 
	3  / true
3 --> 
	4  / (tmp_i)
	16  / (!tmp_i)
4 --> 
	5  / (!exitcond_i)
	3  / (exitcond_i)
5 --> 
	6  / true
6 --> 
	7  / true
7 --> 
	8  / true
8 --> 
	9  / true
9 --> 
	10  / true
10 --> 
	11  / true
11 --> 
	12  / true
12 --> 
	13  / true
13 --> 
	14  / true
14 --> 
	15  / true
15 --> 
	4  / true
16 --> 
	17  / (!tmp & !exitcond3)
17 --> 
	18  / true
18 --> 
	19  / true
19 --> 
	20  / true
20 --> 
	21  / true
21 --> 
	22  / true
22 --> 
	23  / true
23 --> 
	24  / true
24 --> 
	25  / true
25 --> 
	26  / true
26 --> 
	27  / true
27 --> 
	28  / true
28 --> 
	29  / true
29 --> 
	30  / true
30 --> 
	31  / true
31 --> 
	32  / true
32 --> 
	33  / true
33 --> 
	34  / true
34 --> 
	35  / true
35 --> 
	36  / true
36 --> 
	37  / true
37 --> 
	38  / true
38 --> 
	39  / true
39 --> 
	40  / true
40 --> 
	41  / true
41 --> 
	42  / true
42 --> 
	43  / true
43 --> 
	44  / true
44 --> 
	45  / true
45 --> 
	46  / true
46 --> 
	47  / true
47 --> 
	48  / true
48 --> 
	49  / true
49 --> 
	50  / true
50 --> 
	51  / true
51 --> 
	52  / true
52 --> 
	53  / true
53 --> 
	54  / true
54 --> 
	55  / true
55 --> 
	56  / true
56 --> 
	57  / true
57 --> 
	58  / true
58 --> 
	59  / true
59 --> 
	60  / true
60 --> 
	61  / true
61 --> 
	62  / true
62 --> 
	63  / true
63 --> 
	64  / true
64 --> 
	65  / true
65 --> 
	66  / true
66 --> 
	67  / true
67 --> 
	68  / true
68 --> 
	69  / true
69 --> 
	70  / true
70 --> 
	71  / true
71 --> 
	72  / true
72 --> 
	73  / true
73 --> 
	74  / true
74 --> 
	75  / true
75 --> 
	16  / true
76 --> 
	77  / true
77 --> 
	78  / (!exitcond)
	16  / (exitcond)
78 --> 
	79  / true
79 --> 
	80  / true
80 --> 
	81  / true
81 --> 
	82  / true
82 --> 
	83  / true
83 --> 
	84  / true
84 --> 
	85  / true
85 --> 
	86  / true
86 --> 
	87  / true
87 --> 
	88  / true
88 --> 
	89  / true
89 --> 
	90  / true
90 --> 
	91  / true
91 --> 
	92  / true
92 --> 
	93  / true
93 --> 
	94  / true
94 --> 
	95  / true
95 --> 
	96  / true
96 --> 
	97  / true
97 --> 
	98  / true
98 --> 
	99  / true
99 --> 
	100  / true
100 --> 
	101  / true
101 --> 
	102  / true
102 --> 
	103  / true
103 --> 
	104  / true
104 --> 
	105  / true
105 --> 
	106  / true
106 --> 
	107  / true
107 --> 
	108  / true
108 --> 
	109  / true
109 --> 
	110  / true
110 --> 
	111  / true
111 --> 
	112  / true
112 --> 
	113  / true
113 --> 
	114  / true
114 --> 
	115  / true
115 --> 
	116  / true
116 --> 
	117  / true
117 --> 
	118  / true
118 --> 
	119  / true
119 --> 
	120  / true
120 --> 
	121  / true
121 --> 
	122  / true
122 --> 
	123  / true
123 --> 
	124  / true
124 --> 
	125  / true
125 --> 
	126  / true
126 --> 
	127  / true
127 --> 
	128  / true
128 --> 
	129  / true
129 --> 
	130  / true
130 --> 
	131  / true
131 --> 
	132  / true
132 --> 
	133  / true
133 --> 
	134  / true
134 --> 
	135  / true
135 --> 
	136  / true
136 --> 
	77  / true

* FSM state operations: 

State 1 <SV = 0> <Delay = 3.32>
ST_1 : Operation 137 [1/1] (0.00ns)   --->   "%kernel_dim_read = call i64 @_ssdm_op_Read.ap_auto.i64(i64 %kernel_dim)"   --->   Operation 137 'read' 'kernel_dim_read' <Predicate = true> <Delay = 0.00>
ST_1 : Operation 138 [1/1] (0.00ns)   --->   "%input_numel_read_4 = call i64 @_ssdm_op_Read.ap_auto.i64(i64 %input_numel_read)"   --->   Operation 138 'read' 'input_numel_read_4' <Predicate = true> <Delay = 0.00>
ST_1 : Operation 139 [1/1] (0.00ns)   --->   "%input_dim_read = call i64 @_ssdm_op_Read.ap_auto.i64(i64 %input_dim)"   --->   Operation 139 'read' 'input_dim_read' <Predicate = true> <Delay = 0.00>
ST_1 : Operation 140 [1/1] (0.00ns)   --->   "%output_numel_read_4 = call i64 @_ssdm_op_Read.ap_auto.i64(i64 %output_numel_read)"   --->   Operation 140 'read' 'output_numel_read_4' <Predicate = true> <Delay = 0.00>
ST_1 : Operation 141 [1/1] (2.34ns)   --->   "%tmp = icmp ult i64 %input_dim_read, 3" [Group_5/sample.c:1985]   --->   Operation 141 'icmp' 'tmp' <Predicate = true> <Delay = 2.34> <Core = "Cmp">   --->   Core 25 'Cmp' <Latency = 0> <II = 1> <Delay = 1.21> <FuncUnit> <Opcode : 'icmp'> <InPorts = 2> <OutPorts = 1>
ST_1 : Operation 142 [1/1] (0.00ns)   --->   "br i1 %tmp, label %._crit_edge, label %2" [Group_5/sample.c:1985]   --->   Operation 142 'br' <Predicate = true> <Delay = 0.00>
ST_1 : Operation 143 [1/1] (2.99ns)   --->   "%tmp_16 = add i64 %input_dim_read, -1" [Group_5/sample.c:2014]   --->   Operation 143 'add' 'tmp_16' <Predicate = (!tmp)> <Delay = 2.99> <Core = "AddSub">   --->   Core 14 'AddSub' <Latency = 0> <II = 1> <Delay = 1.54> <FuncUnit> <Opcode : 'add' 'sub'> <InPorts = 2> <OutPorts = 1>
ST_1 : Operation 144 [1/1] (0.00ns)   --->   "%dense_16_kernel_nume_1 = load i64* @dense_16_kernel_nume, align 8" [Group_5/sample.c:2020]   --->   Operation 144 'load' 'dense_16_kernel_nume_1' <Predicate = (!tmp)> <Delay = 0.00>
ST_1 : Operation 145 [2/2] (0.00ns)   --->   "call fastcc void @k2c_dot.3([1 x float]* %output_array, [2 x float]* %input_array_0, [2 x float]* %input_array_1, [2 x float]* %input_array_2, [2 x float]* %input_array_3, [2 x float]* %input_array_4, [2 x float]* %input_array_5, [2 x float]* %input_array_6, [2 x float]* %input_array_7, i64 %input_dim_read, i64 %input_numel_read_4, i64 %kernel_dim_read, i64 %dense_16_kernel_nume_1, i64 %tmp_16, [32 x float]* %fwork)" [Group_5/sample.c:2020]   --->   Operation 145 'call' <Predicate = (!tmp)> <Delay = 0.00> <CoreType = "Generic">   --->   Core 0 '' <Latency = 0> <II = 1> <Delay = 1.00> <Generic> <Opcode : >
ST_1 : Operation 146 [1/1] (0.00ns)   --->   "%tmp_83 = call i63 @_ssdm_op_PartSelect.i63.i64.i32.i32(i64 %input_dim_read, i32 1, i32 63)" [Group_5/sample.c:1987]   --->   Operation 146 'partselect' 'tmp_83' <Predicate = (tmp)> <Delay = 0.00>
ST_1 : Operation 147 [1/1] (2.34ns)   --->   "%icmp = icmp ne i63 %tmp_83, 0" [Group_5/sample.c:1987]   --->   Operation 147 'icmp' 'icmp' <Predicate = (tmp)> <Delay = 2.34> <Core = "Cmp">   --->   Core 25 'Cmp' <Latency = 0> <II = 1> <Delay = 1.21> <FuncUnit> <Opcode : 'icmp'> <InPorts = 2> <OutPorts = 1>
ST_1 : Operation 148 [1/1] (0.98ns)   --->   "%p_s = select i1 %icmp, i5 -16, i5 1" [Group_5/sample.c:1987]   --->   Operation 148 'select' 'p_s' <Predicate = (tmp)> <Delay = 0.98> <Core = "Sel">   --->   Core 26 'Sel' <Latency = 0> <II = 1> <Delay = 0.98> <FuncUnit> <Opcode : 'select'> <InPorts = 3> <OutPorts = 1>
ST_1 : Operation 149 [2/2] (0.00ns)   --->   "call fastcc void @k2c_affine_matmul.3([1 x float]* %output_array, [2 x float]* %input_array_0, [2 x float]* %input_array_1, [2 x float]* %input_array_2, [2 x float]* %input_array_3, [2 x float]* %input_array_4, [2 x float]* %input_array_5, [2 x float]* %input_array_6, [2 x float]* %input_array_7, i5 %p_s)" [Group_5/sample.c:1996]   --->   Operation 149 'call' <Predicate = (tmp)> <Delay = 0.00> <CoreType = "Generic">   --->   Core 0 '' <Latency = 0> <II = 1> <Delay = 1.00> <Generic> <Opcode : >

State 2 <SV = 1> <Delay = 1.35>
ST_2 : Operation 150 [1/2] (0.00ns)   --->   "call fastcc void @k2c_dot.3([1 x float]* %output_array, [2 x float]* %input_array_0, [2 x float]* %input_array_1, [2 x float]* %input_array_2, [2 x float]* %input_array_3, [2 x float]* %input_array_4, [2 x float]* %input_array_5, [2 x float]* %input_array_6, [2 x float]* %input_array_7, i64 %input_dim_read, i64 %input_numel_read_4, i64 %kernel_dim_read, i64 %dense_16_kernel_nume_1, i64 %tmp_16, [32 x float]* %fwork)" [Group_5/sample.c:2020]   --->   Operation 150 'call' <Predicate = true> <Delay = 0.00> <CoreType = "Generic">   --->   Core 0 '' <Latency = 0> <II = 1> <Delay = 1.00> <Generic> <Opcode : >
ST_2 : Operation 151 [1/1] (0.00ns)   --->   "%dense_16_bias_numel_s = load i64* @dense_16_bias_numel, align 8" [Group_5/sample.c:2025]   --->   Operation 151 'load' 'dense_16_bias_numel_s' <Predicate = true> <Delay = 0.00>
ST_2 : Operation 152 [1/1] (1.35ns)   --->   "br label %3" [Group_5/sample.c:1767->Group_5/sample.c:2025]   --->   Operation 152 'br' <Predicate = true> <Delay = 1.35>

State 3 <SV = 2> <Delay = 2.34>
ST_3 : Operation 153 [1/1] (0.00ns)   --->   "%i_i = phi i64 [ 0, %2 ], [ %i_33, %5 ]"   --->   Operation 153 'phi' 'i_i' <Predicate = true> <Delay = 0.00>
ST_3 : Operation 154 [1/1] (2.34ns)   --->   "%tmp_i = icmp ult i64 %i_i, %output_numel_read_4" [Group_5/sample.c:1767->Group_5/sample.c:2025]   --->   Operation 154 'icmp' 'tmp_i' <Predicate = true> <Delay = 2.34> <Core = "Cmp">   --->   Core 25 'Cmp' <Latency = 0> <II = 1> <Delay = 1.21> <FuncUnit> <Opcode : 'icmp'> <InPorts = 2> <OutPorts = 1>
ST_3 : Operation 155 [1/1] (0.00ns)   --->   "br i1 %tmp_i, label %.preheader.i.preheader, label %.preheader.preheader" [Group_5/sample.c:1767->Group_5/sample.c:2025]   --->   Operation 155 'br' <Predicate = true> <Delay = 0.00>
ST_3 : Operation 156 [1/1] (1.35ns)   --->   "br label %.preheader.i" [Group_5/sample.c:1768->Group_5/sample.c:2025]   --->   Operation 156 'br' <Predicate = (tmp_i)> <Delay = 1.35>
ST_3 : Operation 157 [1/1] (1.35ns)   --->   "br label %.preheader" [Group_5/sample.c:2036]   --->   Operation 157 'br' <Predicate = (!tmp_i)> <Delay = 1.35>

State 4 <SV = 3> <Delay = 2.99>
ST_4 : Operation 158 [1/1] (0.00ns)   --->   "%j_i = phi i64 [ %j, %4 ], [ 0, %.preheader.i.preheader ]"   --->   Operation 158 'phi' 'j_i' <Predicate = true> <Delay = 0.00>
ST_4 : Operation 159 [1/1] (0.00ns)   --->   "%tmp_84 = trunc i64 %j_i to i2" [Group_5/sample.c:1768->Group_5/sample.c:2025]   --->   Operation 159 'trunc' 'tmp_84' <Predicate = true> <Delay = 0.00>
ST_4 : Operation 160 [1/1] (2.34ns)   --->   "%exitcond_i = icmp eq i64 %j_i, %dense_16_bias_numel_s" [Group_5/sample.c:1768->Group_5/sample.c:2025]   --->   Operation 160 'icmp' 'exitcond_i' <Predicate = true> <Delay = 2.34> <Core = "Cmp">   --->   Core 25 'Cmp' <Latency = 0> <II = 1> <Delay = 1.21> <FuncUnit> <Opcode : 'icmp'> <InPorts = 2> <OutPorts = 1>
ST_4 : Operation 161 [1/1] (2.99ns)   --->   "%j = add i64 1, %j_i" [Group_5/sample.c:1768->Group_5/sample.c:2025]   --->   Operation 161 'add' 'j' <Predicate = true> <Delay = 2.99> <Core = "AddSub">   --->   Core 14 'AddSub' <Latency = 0> <II = 1> <Delay = 1.54> <FuncUnit> <Opcode : 'add' 'sub'> <InPorts = 2> <OutPorts = 1>
ST_4 : Operation 162 [1/1] (0.00ns)   --->   "br i1 %exitcond_i, label %5, label %4" [Group_5/sample.c:1768->Group_5/sample.c:2025]   --->   Operation 162 'br' <Predicate = true> <Delay = 0.00>
ST_4 : Operation 163 [1/1] (0.00ns)   --->   "%tmp_85 = trunc i64 %i_i to i2" [Group_5/sample.c:1767->Group_5/sample.c:2025]   --->   Operation 163 'trunc' 'tmp_85' <Predicate = (!exitcond_i)> <Delay = 0.00>
ST_4 : Operation 164 [1/1] (1.20ns)   --->   "%sum_i = add i2 %tmp_85, %tmp_84" [Group_5/sample.c:1767->Group_5/sample.c:2025]   --->   Operation 164 'add' 'sum_i' <Predicate = (!exitcond_i)> <Delay = 1.20> <Core = "AddSub">   --->   Core 14 'AddSub' <Latency = 0> <II = 1> <Delay = 1.54> <FuncUnit> <Opcode : 'add' 'sub'> <InPorts = 2> <OutPorts = 1>
ST_4 : Operation 165 [1/1] (0.00ns)   --->   "%sum_i_cast = zext i2 %sum_i to i64" [Group_5/sample.c:1767->Group_5/sample.c:2025]   --->   Operation 165 'zext' 'sum_i_cast' <Predicate = (!exitcond_i)> <Delay = 0.00>
ST_4 : Operation 166 [1/1] (0.00ns)   --->   "%output_array_addr_2 = getelementptr [1 x float]* %output_array, i64 0, i64 %sum_i_cast" [Group_5/sample.c:1770->Group_5/sample.c:2025]   --->   Operation 166 'getelementptr' 'output_array_addr_2' <Predicate = (!exitcond_i)> <Delay = 0.00>
ST_4 : Operation 167 [2/2] (1.75ns)   --->   "%output_array_load_2 = load float* %output_array_addr_2, align 4" [Group_5/sample.c:1770->Group_5/sample.c:2025]   --->   Operation 167 'load' 'output_array_load_2' <Predicate = (!exitcond_i)> <Delay = 1.75> <Core = "RAM">   --->   Core 37 'RAM' <Latency = 1> <II = 1> <Delay = 1.75> <Storage> <Opcode : 'load' 'store'> <Ports = 2> <Width = 32> <Depth = 1> <RAM>
ST_4 : Operation 168 [1/1] (2.99ns)   --->   "%i_33 = add i64 %dense_16_bias_numel_s, %i_i" [Group_5/sample.c:1767->Group_5/sample.c:2025]   --->   Operation 168 'add' 'i_33' <Predicate = (exitcond_i)> <Delay = 2.99> <Core = "AddSub">   --->   Core 14 'AddSub' <Latency = 0> <II = 1> <Delay = 1.54> <FuncUnit> <Opcode : 'add' 'sub'> <InPorts = 2> <OutPorts = 1>
ST_4 : Operation 169 [1/1] (0.00ns)   --->   "br label %3" [Group_5/sample.c:1767->Group_5/sample.c:2025]   --->   Operation 169 'br' <Predicate = (exitcond_i)> <Delay = 0.00>

State 5 <SV = 4> <Delay = 1.75>
ST_5 : Operation 170 [1/2] (1.75ns)   --->   "%output_array_load_2 = load float* %output_array_addr_2, align 4" [Group_5/sample.c:1770->Group_5/sample.c:2025]   --->   Operation 170 'load' 'output_array_load_2' <Predicate = true> <Delay = 1.75> <Core = "RAM">   --->   Core 37 'RAM' <Latency = 1> <II = 1> <Delay = 1.75> <Storage> <Opcode : 'load' 'store'> <Ports = 2> <Width = 32> <Depth = 1> <RAM>

State 6 <SV = 5> <Delay = 3.51>
ST_6 : Operation 171 [9/9] (3.51ns)   --->   "%tmp_i_28 = fadd float %output_array_load_2, 0xBFA3F6A9E0000000" [Group_5/sample.c:1770->Group_5/sample.c:2025]   --->   Operation 171 'fadd' 'tmp_i_28' <Predicate = true> <Delay = 3.51> <Core = "FAddSub">   --->   Core 99 'FAddSub' <Latency = 8> <II = 1> <Delay = 3.51> <FuncUnit> <Opcode : 'fadd' 'fsub'> <InPorts = 2> <OutPorts = 1>

State 7 <SV = 6> <Delay = 3.51>
ST_7 : Operation 172 [8/9] (3.51ns)   --->   "%tmp_i_28 = fadd float %output_array_load_2, 0xBFA3F6A9E0000000" [Group_5/sample.c:1770->Group_5/sample.c:2025]   --->   Operation 172 'fadd' 'tmp_i_28' <Predicate = true> <Delay = 3.51> <Core = "FAddSub">   --->   Core 99 'FAddSub' <Latency = 8> <II = 1> <Delay = 3.51> <FuncUnit> <Opcode : 'fadd' 'fsub'> <InPorts = 2> <OutPorts = 1>

State 8 <SV = 7> <Delay = 3.51>
ST_8 : Operation 173 [7/9] (3.51ns)   --->   "%tmp_i_28 = fadd float %output_array_load_2, 0xBFA3F6A9E0000000" [Group_5/sample.c:1770->Group_5/sample.c:2025]   --->   Operation 173 'fadd' 'tmp_i_28' <Predicate = true> <Delay = 3.51> <Core = "FAddSub">   --->   Core 99 'FAddSub' <Latency = 8> <II = 1> <Delay = 3.51> <FuncUnit> <Opcode : 'fadd' 'fsub'> <InPorts = 2> <OutPorts = 1>

State 9 <SV = 8> <Delay = 3.51>
ST_9 : Operation 174 [6/9] (3.51ns)   --->   "%tmp_i_28 = fadd float %output_array_load_2, 0xBFA3F6A9E0000000" [Group_5/sample.c:1770->Group_5/sample.c:2025]   --->   Operation 174 'fadd' 'tmp_i_28' <Predicate = true> <Delay = 3.51> <Core = "FAddSub">   --->   Core 99 'FAddSub' <Latency = 8> <II = 1> <Delay = 3.51> <FuncUnit> <Opcode : 'fadd' 'fsub'> <InPorts = 2> <OutPorts = 1>

State 10 <SV = 9> <Delay = 3.51>
ST_10 : Operation 175 [5/9] (3.51ns)   --->   "%tmp_i_28 = fadd float %output_array_load_2, 0xBFA3F6A9E0000000" [Group_5/sample.c:1770->Group_5/sample.c:2025]   --->   Operation 175 'fadd' 'tmp_i_28' <Predicate = true> <Delay = 3.51> <Core = "FAddSub">   --->   Core 99 'FAddSub' <Latency = 8> <II = 1> <Delay = 3.51> <FuncUnit> <Opcode : 'fadd' 'fsub'> <InPorts = 2> <OutPorts = 1>

State 11 <SV = 10> <Delay = 3.51>
ST_11 : Operation 176 [4/9] (3.51ns)   --->   "%tmp_i_28 = fadd float %output_array_load_2, 0xBFA3F6A9E0000000" [Group_5/sample.c:1770->Group_5/sample.c:2025]   --->   Operation 176 'fadd' 'tmp_i_28' <Predicate = true> <Delay = 3.51> <Core = "FAddSub">   --->   Core 99 'FAddSub' <Latency = 8> <II = 1> <Delay = 3.51> <FuncUnit> <Opcode : 'fadd' 'fsub'> <InPorts = 2> <OutPorts = 1>

State 12 <SV = 11> <Delay = 3.51>
ST_12 : Operation 177 [3/9] (3.51ns)   --->   "%tmp_i_28 = fadd float %output_array_load_2, 0xBFA3F6A9E0000000" [Group_5/sample.c:1770->Group_5/sample.c:2025]   --->   Operation 177 'fadd' 'tmp_i_28' <Predicate = true> <Delay = 3.51> <Core = "FAddSub">   --->   Core 99 'FAddSub' <Latency = 8> <II = 1> <Delay = 3.51> <FuncUnit> <Opcode : 'fadd' 'fsub'> <InPorts = 2> <OutPorts = 1>

State 13 <SV = 12> <Delay = 3.51>
ST_13 : Operation 178 [2/9] (3.51ns)   --->   "%tmp_i_28 = fadd float %output_array_load_2, 0xBFA3F6A9E0000000" [Group_5/sample.c:1770->Group_5/sample.c:2025]   --->   Operation 178 'fadd' 'tmp_i_28' <Predicate = true> <Delay = 3.51> <Core = "FAddSub">   --->   Core 99 'FAddSub' <Latency = 8> <II = 1> <Delay = 3.51> <FuncUnit> <Opcode : 'fadd' 'fsub'> <InPorts = 2> <OutPorts = 1>

State 14 <SV = 13> <Delay = 3.51>
ST_14 : Operation 179 [1/9] (3.51ns)   --->   "%tmp_i_28 = fadd float %output_array_load_2, 0xBFA3F6A9E0000000" [Group_5/sample.c:1770->Group_5/sample.c:2025]   --->   Operation 179 'fadd' 'tmp_i_28' <Predicate = true> <Delay = 3.51> <Core = "FAddSub">   --->   Core 99 'FAddSub' <Latency = 8> <II = 1> <Delay = 3.51> <FuncUnit> <Opcode : 'fadd' 'fsub'> <InPorts = 2> <OutPorts = 1>

State 15 <SV = 14> <Delay = 1.75>
ST_15 : Operation 180 [1/1] (1.75ns)   --->   "store float %tmp_i_28, float* %output_array_addr_2, align 4" [Group_5/sample.c:1770->Group_5/sample.c:2025]   --->   Operation 180 'store' <Predicate = true> <Delay = 1.75> <Core = "RAM">   --->   Core 37 'RAM' <Latency = 1> <II = 1> <Delay = 1.75> <Storage> <Opcode : 'load' 'store'> <Ports = 2> <Width = 32> <Depth = 1> <RAM>
ST_15 : Operation 181 [1/1] (0.00ns)   --->   "br label %.preheader.i" [Group_5/sample.c:1768->Group_5/sample.c:2025]   --->   Operation 181 'br' <Predicate = true> <Delay = 0.00>

State 16 <SV = 3> <Delay = 2.34>
ST_16 : Operation 182 [1/1] (0.00ns)   --->   "%i_3 = phi i1 [ %i, %6 ], [ false, %.preheader.preheader ]"   --->   Operation 182 'phi' 'i_3' <Predicate = (!tmp)> <Delay = 0.00>
ST_16 : Operation 183 [1/1] (0.00ns)   --->   "%i_3_cast = zext i1 %i_3 to i64" [Group_5/sample.c:2036]   --->   Operation 183 'zext' 'i_3_cast' <Predicate = (!tmp)> <Delay = 0.00>
ST_16 : Operation 184 [1/1] (2.34ns)   --->   "%exitcond3 = icmp eq i64 %i_3_cast, %output_numel_read_4" [Group_5/sample.c:2036]   --->   Operation 184 'icmp' 'exitcond3' <Predicate = (!tmp)> <Delay = 2.34> <Core = "Cmp">   --->   Core 25 'Cmp' <Latency = 0> <II = 1> <Delay = 1.21> <FuncUnit> <Opcode : 'icmp'> <InPorts = 2> <OutPorts = 1>
ST_16 : Operation 185 [1/1] (0.00ns)   --->   "br i1 %exitcond3, label %.loopexit4.loopexit, label %6" [Group_5/sample.c:2036]   --->   Operation 185 'br' <Predicate = (!tmp)> <Delay = 0.00>
ST_16 : Operation 186 [1/1] (0.00ns)   --->   "%output_array_addr = getelementptr [1 x float]* %output_array, i64 0, i64 %i_3_cast" [Group_5/sample.c:2037]   --->   Operation 186 'getelementptr' 'output_array_addr' <Predicate = (!tmp & !exitcond3)> <Delay = 0.00>
ST_16 : Operation 187 [2/2] (1.75ns)   --->   "%output_array_load = load float* %output_array_addr, align 4" [Group_5/sample.c:2037]   --->   Operation 187 'load' 'output_array_load' <Predicate = (!tmp & !exitcond3)> <Delay = 1.75> <Core = "RAM">   --->   Core 37 'RAM' <Latency = 1> <II = 1> <Delay = 1.75> <Storage> <Opcode : 'load' 'store'> <Ports = 2> <Width = 32> <Depth = 1> <RAM>
ST_16 : Operation 188 [1/1] (0.80ns)   --->   "%i = xor i1 %i_3, true" [Group_5/sample.c:2036]   --->   Operation 188 'xor' 'i' <Predicate = (!tmp & !exitcond3)> <Delay = 0.80> <Core = "LogicGate">   --->   Core 27 'LogicGate' <Latency = 0> <II = 1> <Delay = 0.80> <FuncUnit> <Opcode : 'and' 'or' 'xor'> <InPorts = 2> <OutPorts = 1>
ST_16 : Operation 189 [1/1] (0.00ns)   --->   "br label %.loopexit4"   --->   Operation 189 'br' <Predicate = (!tmp & exitcond3)> <Delay = 0.00>
ST_16 : Operation 190 [1/1] (0.00ns)   --->   "ret void" [Group_5/sample.c:2042]   --->   Operation 190 'ret' <Predicate = (tmp) | (exitcond3)> <Delay = 0.00>

State 17 <SV = 4> <Delay = 2.56>
ST_17 : Operation 191 [1/2] (1.75ns)   --->   "%output_array_load = load float* %output_array_addr, align 4" [Group_5/sample.c:2037]   --->   Operation 191 'load' 'output_array_load' <Predicate = true> <Delay = 1.75> <Core = "RAM">   --->   Core 37 'RAM' <Latency = 1> <II = 1> <Delay = 1.75> <Storage> <Opcode : 'load' 'store'> <Ports = 2> <Width = 32> <Depth = 1> <RAM>
ST_17 : Operation 192 [1/1] (0.00ns)   --->   "%tmp_24_to_int = bitcast float %output_array_load to i32" [Group_5/sample.c:2037]   --->   Operation 192 'bitcast' 'tmp_24_to_int' <Predicate = true> <Delay = 0.00>
ST_17 : Operation 193 [1/1] (0.80ns)   --->   "%tmp_24_neg = xor i32 %tmp_24_to_int, -2147483648" [Group_5/sample.c:2037]   --->   Operation 193 'xor' 'tmp_24_neg' <Predicate = true> <Delay = 0.80> <Core = "LogicGate">   --->   Core 27 'LogicGate' <Latency = 0> <II = 1> <Delay = 0.80> <FuncUnit> <Opcode : 'and' 'or' 'xor'> <InPorts = 2> <OutPorts = 1>

State 18 <SV = 5> <Delay = 3.59>
ST_18 : Operation 194 [1/1] (0.00ns)   --->   "%tmp_21 = bitcast i32 %tmp_24_neg to float" [Group_5/sample.c:2037]   --->   Operation 194 'bitcast' 'tmp_21' <Predicate = true> <Delay = 0.00>
ST_18 : Operation 195 [18/18] (3.59ns)   --->   "%tmp_22 = call float @llvm.exp.f32(float %tmp_21)" [Group_5/sample.c:2037]   --->   Operation 195 'fexp' 'tmp_22' <Predicate = true> <Delay = 3.59> <Core = "FExp">   --->   Core 121 'FExp' <Latency = 17> <II = 1> <Delay = 3.59> <FuncUnit> <Opcode : 'fexp'> <InPorts = 1> <OutPorts = 1>

State 19 <SV = 6> <Delay = 3.59>
ST_19 : Operation 196 [17/18] (3.59ns)   --->   "%tmp_22 = call float @llvm.exp.f32(float %tmp_21)" [Group_5/sample.c:2037]   --->   Operation 196 'fexp' 'tmp_22' <Predicate = true> <Delay = 3.59> <Core = "FExp">   --->   Core 121 'FExp' <Latency = 17> <II = 1> <Delay = 3.59> <FuncUnit> <Opcode : 'fexp'> <InPorts = 1> <OutPorts = 1>

State 20 <SV = 7> <Delay = 3.59>
ST_20 : Operation 197 [16/18] (3.59ns)   --->   "%tmp_22 = call float @llvm.exp.f32(float %tmp_21)" [Group_5/sample.c:2037]   --->   Operation 197 'fexp' 'tmp_22' <Predicate = true> <Delay = 3.59> <Core = "FExp">   --->   Core 121 'FExp' <Latency = 17> <II = 1> <Delay = 3.59> <FuncUnit> <Opcode : 'fexp'> <InPorts = 1> <OutPorts = 1>

State 21 <SV = 8> <Delay = 3.59>
ST_21 : Operation 198 [15/18] (3.59ns)   --->   "%tmp_22 = call float @llvm.exp.f32(float %tmp_21)" [Group_5/sample.c:2037]   --->   Operation 198 'fexp' 'tmp_22' <Predicate = true> <Delay = 3.59> <Core = "FExp">   --->   Core 121 'FExp' <Latency = 17> <II = 1> <Delay = 3.59> <FuncUnit> <Opcode : 'fexp'> <InPorts = 1> <OutPorts = 1>

State 22 <SV = 9> <Delay = 3.59>
ST_22 : Operation 199 [14/18] (3.59ns)   --->   "%tmp_22 = call float @llvm.exp.f32(float %tmp_21)" [Group_5/sample.c:2037]   --->   Operation 199 'fexp' 'tmp_22' <Predicate = true> <Delay = 3.59> <Core = "FExp">   --->   Core 121 'FExp' <Latency = 17> <II = 1> <Delay = 3.59> <FuncUnit> <Opcode : 'fexp'> <InPorts = 1> <OutPorts = 1>

State 23 <SV = 10> <Delay = 3.59>
ST_23 : Operation 200 [13/18] (3.59ns)   --->   "%tmp_22 = call float @llvm.exp.f32(float %tmp_21)" [Group_5/sample.c:2037]   --->   Operation 200 'fexp' 'tmp_22' <Predicate = true> <Delay = 3.59> <Core = "FExp">   --->   Core 121 'FExp' <Latency = 17> <II = 1> <Delay = 3.59> <FuncUnit> <Opcode : 'fexp'> <InPorts = 1> <OutPorts = 1>

State 24 <SV = 11> <Delay = 3.59>
ST_24 : Operation 201 [12/18] (3.59ns)   --->   "%tmp_22 = call float @llvm.exp.f32(float %tmp_21)" [Group_5/sample.c:2037]   --->   Operation 201 'fexp' 'tmp_22' <Predicate = true> <Delay = 3.59> <Core = "FExp">   --->   Core 121 'FExp' <Latency = 17> <II = 1> <Delay = 3.59> <FuncUnit> <Opcode : 'fexp'> <InPorts = 1> <OutPorts = 1>

State 25 <SV = 12> <Delay = 3.59>
ST_25 : Operation 202 [11/18] (3.59ns)   --->   "%tmp_22 = call float @llvm.exp.f32(float %tmp_21)" [Group_5/sample.c:2037]   --->   Operation 202 'fexp' 'tmp_22' <Predicate = true> <Delay = 3.59> <Core = "FExp">   --->   Core 121 'FExp' <Latency = 17> <II = 1> <Delay = 3.59> <FuncUnit> <Opcode : 'fexp'> <InPorts = 1> <OutPorts = 1>

State 26 <SV = 13> <Delay = 3.59>
ST_26 : Operation 203 [10/18] (3.59ns)   --->   "%tmp_22 = call float @llvm.exp.f32(float %tmp_21)" [Group_5/sample.c:2037]   --->   Operation 203 'fexp' 'tmp_22' <Predicate = true> <Delay = 3.59> <Core = "FExp">   --->   Core 121 'FExp' <Latency = 17> <II = 1> <Delay = 3.59> <FuncUnit> <Opcode : 'fexp'> <InPorts = 1> <OutPorts = 1>

State 27 <SV = 14> <Delay = 3.59>
ST_27 : Operation 204 [9/18] (3.59ns)   --->   "%tmp_22 = call float @llvm.exp.f32(float %tmp_21)" [Group_5/sample.c:2037]   --->   Operation 204 'fexp' 'tmp_22' <Predicate = true> <Delay = 3.59> <Core = "FExp">   --->   Core 121 'FExp' <Latency = 17> <II = 1> <Delay = 3.59> <FuncUnit> <Opcode : 'fexp'> <InPorts = 1> <OutPorts = 1>

State 28 <SV = 15> <Delay = 3.59>
ST_28 : Operation 205 [8/18] (3.59ns)   --->   "%tmp_22 = call float @llvm.exp.f32(float %tmp_21)" [Group_5/sample.c:2037]   --->   Operation 205 'fexp' 'tmp_22' <Predicate = true> <Delay = 3.59> <Core = "FExp">   --->   Core 121 'FExp' <Latency = 17> <II = 1> <Delay = 3.59> <FuncUnit> <Opcode : 'fexp'> <InPorts = 1> <OutPorts = 1>

State 29 <SV = 16> <Delay = 3.59>
ST_29 : Operation 206 [7/18] (3.59ns)   --->   "%tmp_22 = call float @llvm.exp.f32(float %tmp_21)" [Group_5/sample.c:2037]   --->   Operation 206 'fexp' 'tmp_22' <Predicate = true> <Delay = 3.59> <Core = "FExp">   --->   Core 121 'FExp' <Latency = 17> <II = 1> <Delay = 3.59> <FuncUnit> <Opcode : 'fexp'> <InPorts = 1> <OutPorts = 1>

State 30 <SV = 17> <Delay = 3.59>
ST_30 : Operation 207 [6/18] (3.59ns)   --->   "%tmp_22 = call float @llvm.exp.f32(float %tmp_21)" [Group_5/sample.c:2037]   --->   Operation 207 'fexp' 'tmp_22' <Predicate = true> <Delay = 3.59> <Core = "FExp">   --->   Core 121 'FExp' <Latency = 17> <II = 1> <Delay = 3.59> <FuncUnit> <Opcode : 'fexp'> <InPorts = 1> <OutPorts = 1>

State 31 <SV = 18> <Delay = 3.59>
ST_31 : Operation 208 [5/18] (3.59ns)   --->   "%tmp_22 = call float @llvm.exp.f32(float %tmp_21)" [Group_5/sample.c:2037]   --->   Operation 208 'fexp' 'tmp_22' <Predicate = true> <Delay = 3.59> <Core = "FExp">   --->   Core 121 'FExp' <Latency = 17> <II = 1> <Delay = 3.59> <FuncUnit> <Opcode : 'fexp'> <InPorts = 1> <OutPorts = 1>

State 32 <SV = 19> <Delay = 3.59>
ST_32 : Operation 209 [4/18] (3.59ns)   --->   "%tmp_22 = call float @llvm.exp.f32(float %tmp_21)" [Group_5/sample.c:2037]   --->   Operation 209 'fexp' 'tmp_22' <Predicate = true> <Delay = 3.59> <Core = "FExp">   --->   Core 121 'FExp' <Latency = 17> <II = 1> <Delay = 3.59> <FuncUnit> <Opcode : 'fexp'> <InPorts = 1> <OutPorts = 1>

State 33 <SV = 20> <Delay = 3.59>
ST_33 : Operation 210 [3/18] (3.59ns)   --->   "%tmp_22 = call float @llvm.exp.f32(float %tmp_21)" [Group_5/sample.c:2037]   --->   Operation 210 'fexp' 'tmp_22' <Predicate = true> <Delay = 3.59> <Core = "FExp">   --->   Core 121 'FExp' <Latency = 17> <II = 1> <Delay = 3.59> <FuncUnit> <Opcode : 'fexp'> <InPorts = 1> <OutPorts = 1>

State 34 <SV = 21> <Delay = 3.59>
ST_34 : Operation 211 [2/18] (3.59ns)   --->   "%tmp_22 = call float @llvm.exp.f32(float %tmp_21)" [Group_5/sample.c:2037]   --->   Operation 211 'fexp' 'tmp_22' <Predicate = true> <Delay = 3.59> <Core = "FExp">   --->   Core 121 'FExp' <Latency = 17> <II = 1> <Delay = 3.59> <FuncUnit> <Opcode : 'fexp'> <InPorts = 1> <OutPorts = 1>

State 35 <SV = 22> <Delay = 3.59>
ST_35 : Operation 212 [1/18] (3.59ns)   --->   "%tmp_22 = call float @llvm.exp.f32(float %tmp_21)" [Group_5/sample.c:2037]   --->   Operation 212 'fexp' 'tmp_22' <Predicate = true> <Delay = 3.59> <Core = "FExp">   --->   Core 121 'FExp' <Latency = 17> <II = 1> <Delay = 3.59> <FuncUnit> <Opcode : 'fexp'> <InPorts = 1> <OutPorts = 1>

State 36 <SV = 23> <Delay = 3.51>
ST_36 : Operation 213 [9/9] (3.51ns)   --->   "%tmp_23 = fadd float %tmp_22, 1.000000e+00" [Group_5/sample.c:2037]   --->   Operation 213 'fadd' 'tmp_23' <Predicate = true> <Delay = 3.51> <Core = "FAddSub">   --->   Core 99 'FAddSub' <Latency = 8> <II = 1> <Delay = 3.51> <FuncUnit> <Opcode : 'fadd' 'fsub'> <InPorts = 2> <OutPorts = 1>

State 37 <SV = 24> <Delay = 3.51>
ST_37 : Operation 214 [8/9] (3.51ns)   --->   "%tmp_23 = fadd float %tmp_22, 1.000000e+00" [Group_5/sample.c:2037]   --->   Operation 214 'fadd' 'tmp_23' <Predicate = true> <Delay = 3.51> <Core = "FAddSub">   --->   Core 99 'FAddSub' <Latency = 8> <II = 1> <Delay = 3.51> <FuncUnit> <Opcode : 'fadd' 'fsub'> <InPorts = 2> <OutPorts = 1>

State 38 <SV = 25> <Delay = 3.51>
ST_38 : Operation 215 [7/9] (3.51ns)   --->   "%tmp_23 = fadd float %tmp_22, 1.000000e+00" [Group_5/sample.c:2037]   --->   Operation 215 'fadd' 'tmp_23' <Predicate = true> <Delay = 3.51> <Core = "FAddSub">   --->   Core 99 'FAddSub' <Latency = 8> <II = 1> <Delay = 3.51> <FuncUnit> <Opcode : 'fadd' 'fsub'> <InPorts = 2> <OutPorts = 1>

State 39 <SV = 26> <Delay = 3.51>
ST_39 : Operation 216 [6/9] (3.51ns)   --->   "%tmp_23 = fadd float %tmp_22, 1.000000e+00" [Group_5/sample.c:2037]   --->   Operation 216 'fadd' 'tmp_23' <Predicate = true> <Delay = 3.51> <Core = "FAddSub">   --->   Core 99 'FAddSub' <Latency = 8> <II = 1> <Delay = 3.51> <FuncUnit> <Opcode : 'fadd' 'fsub'> <InPorts = 2> <OutPorts = 1>

State 40 <SV = 27> <Delay = 3.51>
ST_40 : Operation 217 [5/9] (3.51ns)   --->   "%tmp_23 = fadd float %tmp_22, 1.000000e+00" [Group_5/sample.c:2037]   --->   Operation 217 'fadd' 'tmp_23' <Predicate = true> <Delay = 3.51> <Core = "FAddSub">   --->   Core 99 'FAddSub' <Latency = 8> <II = 1> <Delay = 3.51> <FuncUnit> <Opcode : 'fadd' 'fsub'> <InPorts = 2> <OutPorts = 1>

State 41 <SV = 28> <Delay = 3.51>
ST_41 : Operation 218 [4/9] (3.51ns)   --->   "%tmp_23 = fadd float %tmp_22, 1.000000e+00" [Group_5/sample.c:2037]   --->   Operation 218 'fadd' 'tmp_23' <Predicate = true> <Delay = 3.51> <Core = "FAddSub">   --->   Core 99 'FAddSub' <Latency = 8> <II = 1> <Delay = 3.51> <FuncUnit> <Opcode : 'fadd' 'fsub'> <InPorts = 2> <OutPorts = 1>

State 42 <SV = 29> <Delay = 3.51>
ST_42 : Operation 219 [3/9] (3.51ns)   --->   "%tmp_23 = fadd float %tmp_22, 1.000000e+00" [Group_5/sample.c:2037]   --->   Operation 219 'fadd' 'tmp_23' <Predicate = true> <Delay = 3.51> <Core = "FAddSub">   --->   Core 99 'FAddSub' <Latency = 8> <II = 1> <Delay = 3.51> <FuncUnit> <Opcode : 'fadd' 'fsub'> <InPorts = 2> <OutPorts = 1>

State 43 <SV = 30> <Delay = 3.51>
ST_43 : Operation 220 [2/9] (3.51ns)   --->   "%tmp_23 = fadd float %tmp_22, 1.000000e+00" [Group_5/sample.c:2037]   --->   Operation 220 'fadd' 'tmp_23' <Predicate = true> <Delay = 3.51> <Core = "FAddSub">   --->   Core 99 'FAddSub' <Latency = 8> <II = 1> <Delay = 3.51> <FuncUnit> <Opcode : 'fadd' 'fsub'> <InPorts = 2> <OutPorts = 1>

State 44 <SV = 31> <Delay = 3.51>
ST_44 : Operation 221 [1/9] (3.51ns)   --->   "%tmp_23 = fadd float %tmp_22, 1.000000e+00" [Group_5/sample.c:2037]   --->   Operation 221 'fadd' 'tmp_23' <Predicate = true> <Delay = 3.51> <Core = "FAddSub">   --->   Core 99 'FAddSub' <Latency = 8> <II = 1> <Delay = 3.51> <FuncUnit> <Opcode : 'fadd' 'fsub'> <InPorts = 2> <OutPorts = 1>

State 45 <SV = 32> <Delay = 2.67>
ST_45 : Operation 222 [30/30] (2.67ns)   --->   "%tmp_24 = fdiv float 1.000000e+00, %tmp_23" [Group_5/sample.c:2037]   --->   Operation 222 'fdiv' 'tmp_24' <Predicate = true> <Delay = 2.67> <Core = "FDiv">   --->   Core 101 'FDiv' <Latency = 29> <II = 1> <Delay = 2.67> <FuncUnit> <Opcode : 'fdiv' 'frem'> <InPorts = 2> <OutPorts = 1>

State 46 <SV = 33> <Delay = 2.67>
ST_46 : Operation 223 [29/30] (2.67ns)   --->   "%tmp_24 = fdiv float 1.000000e+00, %tmp_23" [Group_5/sample.c:2037]   --->   Operation 223 'fdiv' 'tmp_24' <Predicate = true> <Delay = 2.67> <Core = "FDiv">   --->   Core 101 'FDiv' <Latency = 29> <II = 1> <Delay = 2.67> <FuncUnit> <Opcode : 'fdiv' 'frem'> <InPorts = 2> <OutPorts = 1>

State 47 <SV = 34> <Delay = 2.67>
ST_47 : Operation 224 [28/30] (2.67ns)   --->   "%tmp_24 = fdiv float 1.000000e+00, %tmp_23" [Group_5/sample.c:2037]   --->   Operation 224 'fdiv' 'tmp_24' <Predicate = true> <Delay = 2.67> <Core = "FDiv">   --->   Core 101 'FDiv' <Latency = 29> <II = 1> <Delay = 2.67> <FuncUnit> <Opcode : 'fdiv' 'frem'> <InPorts = 2> <OutPorts = 1>

State 48 <SV = 35> <Delay = 2.67>
ST_48 : Operation 225 [27/30] (2.67ns)   --->   "%tmp_24 = fdiv float 1.000000e+00, %tmp_23" [Group_5/sample.c:2037]   --->   Operation 225 'fdiv' 'tmp_24' <Predicate = true> <Delay = 2.67> <Core = "FDiv">   --->   Core 101 'FDiv' <Latency = 29> <II = 1> <Delay = 2.67> <FuncUnit> <Opcode : 'fdiv' 'frem'> <InPorts = 2> <OutPorts = 1>

State 49 <SV = 36> <Delay = 2.67>
ST_49 : Operation 226 [26/30] (2.67ns)   --->   "%tmp_24 = fdiv float 1.000000e+00, %tmp_23" [Group_5/sample.c:2037]   --->   Operation 226 'fdiv' 'tmp_24' <Predicate = true> <Delay = 2.67> <Core = "FDiv">   --->   Core 101 'FDiv' <Latency = 29> <II = 1> <Delay = 2.67> <FuncUnit> <Opcode : 'fdiv' 'frem'> <InPorts = 2> <OutPorts = 1>

State 50 <SV = 37> <Delay = 2.67>
ST_50 : Operation 227 [25/30] (2.67ns)   --->   "%tmp_24 = fdiv float 1.000000e+00, %tmp_23" [Group_5/sample.c:2037]   --->   Operation 227 'fdiv' 'tmp_24' <Predicate = true> <Delay = 2.67> <Core = "FDiv">   --->   Core 101 'FDiv' <Latency = 29> <II = 1> <Delay = 2.67> <FuncUnit> <Opcode : 'fdiv' 'frem'> <InPorts = 2> <OutPorts = 1>

State 51 <SV = 38> <Delay = 2.67>
ST_51 : Operation 228 [24/30] (2.67ns)   --->   "%tmp_24 = fdiv float 1.000000e+00, %tmp_23" [Group_5/sample.c:2037]   --->   Operation 228 'fdiv' 'tmp_24' <Predicate = true> <Delay = 2.67> <Core = "FDiv">   --->   Core 101 'FDiv' <Latency = 29> <II = 1> <Delay = 2.67> <FuncUnit> <Opcode : 'fdiv' 'frem'> <InPorts = 2> <OutPorts = 1>

State 52 <SV = 39> <Delay = 2.67>
ST_52 : Operation 229 [23/30] (2.67ns)   --->   "%tmp_24 = fdiv float 1.000000e+00, %tmp_23" [Group_5/sample.c:2037]   --->   Operation 229 'fdiv' 'tmp_24' <Predicate = true> <Delay = 2.67> <Core = "FDiv">   --->   Core 101 'FDiv' <Latency = 29> <II = 1> <Delay = 2.67> <FuncUnit> <Opcode : 'fdiv' 'frem'> <InPorts = 2> <OutPorts = 1>

State 53 <SV = 40> <Delay = 2.67>
ST_53 : Operation 230 [22/30] (2.67ns)   --->   "%tmp_24 = fdiv float 1.000000e+00, %tmp_23" [Group_5/sample.c:2037]   --->   Operation 230 'fdiv' 'tmp_24' <Predicate = true> <Delay = 2.67> <Core = "FDiv">   --->   Core 101 'FDiv' <Latency = 29> <II = 1> <Delay = 2.67> <FuncUnit> <Opcode : 'fdiv' 'frem'> <InPorts = 2> <OutPorts = 1>

State 54 <SV = 41> <Delay = 2.67>
ST_54 : Operation 231 [21/30] (2.67ns)   --->   "%tmp_24 = fdiv float 1.000000e+00, %tmp_23" [Group_5/sample.c:2037]   --->   Operation 231 'fdiv' 'tmp_24' <Predicate = true> <Delay = 2.67> <Core = "FDiv">   --->   Core 101 'FDiv' <Latency = 29> <II = 1> <Delay = 2.67> <FuncUnit> <Opcode : 'fdiv' 'frem'> <InPorts = 2> <OutPorts = 1>

State 55 <SV = 42> <Delay = 2.67>
ST_55 : Operation 232 [20/30] (2.67ns)   --->   "%tmp_24 = fdiv float 1.000000e+00, %tmp_23" [Group_5/sample.c:2037]   --->   Operation 232 'fdiv' 'tmp_24' <Predicate = true> <Delay = 2.67> <Core = "FDiv">   --->   Core 101 'FDiv' <Latency = 29> <II = 1> <Delay = 2.67> <FuncUnit> <Opcode : 'fdiv' 'frem'> <InPorts = 2> <OutPorts = 1>

State 56 <SV = 43> <Delay = 2.67>
ST_56 : Operation 233 [19/30] (2.67ns)   --->   "%tmp_24 = fdiv float 1.000000e+00, %tmp_23" [Group_5/sample.c:2037]   --->   Operation 233 'fdiv' 'tmp_24' <Predicate = true> <Delay = 2.67> <Core = "FDiv">   --->   Core 101 'FDiv' <Latency = 29> <II = 1> <Delay = 2.67> <FuncUnit> <Opcode : 'fdiv' 'frem'> <InPorts = 2> <OutPorts = 1>

State 57 <SV = 44> <Delay = 2.67>
ST_57 : Operation 234 [18/30] (2.67ns)   --->   "%tmp_24 = fdiv float 1.000000e+00, %tmp_23" [Group_5/sample.c:2037]   --->   Operation 234 'fdiv' 'tmp_24' <Predicate = true> <Delay = 2.67> <Core = "FDiv">   --->   Core 101 'FDiv' <Latency = 29> <II = 1> <Delay = 2.67> <FuncUnit> <Opcode : 'fdiv' 'frem'> <InPorts = 2> <OutPorts = 1>

State 58 <SV = 45> <Delay = 2.67>
ST_58 : Operation 235 [17/30] (2.67ns)   --->   "%tmp_24 = fdiv float 1.000000e+00, %tmp_23" [Group_5/sample.c:2037]   --->   Operation 235 'fdiv' 'tmp_24' <Predicate = true> <Delay = 2.67> <Core = "FDiv">   --->   Core 101 'FDiv' <Latency = 29> <II = 1> <Delay = 2.67> <FuncUnit> <Opcode : 'fdiv' 'frem'> <InPorts = 2> <OutPorts = 1>

State 59 <SV = 46> <Delay = 2.67>
ST_59 : Operation 236 [16/30] (2.67ns)   --->   "%tmp_24 = fdiv float 1.000000e+00, %tmp_23" [Group_5/sample.c:2037]   --->   Operation 236 'fdiv' 'tmp_24' <Predicate = true> <Delay = 2.67> <Core = "FDiv">   --->   Core 101 'FDiv' <Latency = 29> <II = 1> <Delay = 2.67> <FuncUnit> <Opcode : 'fdiv' 'frem'> <InPorts = 2> <OutPorts = 1>

State 60 <SV = 47> <Delay = 2.67>
ST_60 : Operation 237 [15/30] (2.67ns)   --->   "%tmp_24 = fdiv float 1.000000e+00, %tmp_23" [Group_5/sample.c:2037]   --->   Operation 237 'fdiv' 'tmp_24' <Predicate = true> <Delay = 2.67> <Core = "FDiv">   --->   Core 101 'FDiv' <Latency = 29> <II = 1> <Delay = 2.67> <FuncUnit> <Opcode : 'fdiv' 'frem'> <InPorts = 2> <OutPorts = 1>

State 61 <SV = 48> <Delay = 2.67>
ST_61 : Operation 238 [14/30] (2.67ns)   --->   "%tmp_24 = fdiv float 1.000000e+00, %tmp_23" [Group_5/sample.c:2037]   --->   Operation 238 'fdiv' 'tmp_24' <Predicate = true> <Delay = 2.67> <Core = "FDiv">   --->   Core 101 'FDiv' <Latency = 29> <II = 1> <Delay = 2.67> <FuncUnit> <Opcode : 'fdiv' 'frem'> <InPorts = 2> <OutPorts = 1>

State 62 <SV = 49> <Delay = 2.67>
ST_62 : Operation 239 [13/30] (2.67ns)   --->   "%tmp_24 = fdiv float 1.000000e+00, %tmp_23" [Group_5/sample.c:2037]   --->   Operation 239 'fdiv' 'tmp_24' <Predicate = true> <Delay = 2.67> <Core = "FDiv">   --->   Core 101 'FDiv' <Latency = 29> <II = 1> <Delay = 2.67> <FuncUnit> <Opcode : 'fdiv' 'frem'> <InPorts = 2> <OutPorts = 1>

State 63 <SV = 50> <Delay = 2.67>
ST_63 : Operation 240 [12/30] (2.67ns)   --->   "%tmp_24 = fdiv float 1.000000e+00, %tmp_23" [Group_5/sample.c:2037]   --->   Operation 240 'fdiv' 'tmp_24' <Predicate = true> <Delay = 2.67> <Core = "FDiv">   --->   Core 101 'FDiv' <Latency = 29> <II = 1> <Delay = 2.67> <FuncUnit> <Opcode : 'fdiv' 'frem'> <InPorts = 2> <OutPorts = 1>

State 64 <SV = 51> <Delay = 2.67>
ST_64 : Operation 241 [11/30] (2.67ns)   --->   "%tmp_24 = fdiv float 1.000000e+00, %tmp_23" [Group_5/sample.c:2037]   --->   Operation 241 'fdiv' 'tmp_24' <Predicate = true> <Delay = 2.67> <Core = "FDiv">   --->   Core 101 'FDiv' <Latency = 29> <II = 1> <Delay = 2.67> <FuncUnit> <Opcode : 'fdiv' 'frem'> <InPorts = 2> <OutPorts = 1>

State 65 <SV = 52> <Delay = 2.67>
ST_65 : Operation 242 [10/30] (2.67ns)   --->   "%tmp_24 = fdiv float 1.000000e+00, %tmp_23" [Group_5/sample.c:2037]   --->   Operation 242 'fdiv' 'tmp_24' <Predicate = true> <Delay = 2.67> <Core = "FDiv">   --->   Core 101 'FDiv' <Latency = 29> <II = 1> <Delay = 2.67> <FuncUnit> <Opcode : 'fdiv' 'frem'> <InPorts = 2> <OutPorts = 1>

State 66 <SV = 53> <Delay = 2.67>
ST_66 : Operation 243 [9/30] (2.67ns)   --->   "%tmp_24 = fdiv float 1.000000e+00, %tmp_23" [Group_5/sample.c:2037]   --->   Operation 243 'fdiv' 'tmp_24' <Predicate = true> <Delay = 2.67> <Core = "FDiv">   --->   Core 101 'FDiv' <Latency = 29> <II = 1> <Delay = 2.67> <FuncUnit> <Opcode : 'fdiv' 'frem'> <InPorts = 2> <OutPorts = 1>

State 67 <SV = 54> <Delay = 2.67>
ST_67 : Operation 244 [8/30] (2.67ns)   --->   "%tmp_24 = fdiv float 1.000000e+00, %tmp_23" [Group_5/sample.c:2037]   --->   Operation 244 'fdiv' 'tmp_24' <Predicate = true> <Delay = 2.67> <Core = "FDiv">   --->   Core 101 'FDiv' <Latency = 29> <II = 1> <Delay = 2.67> <FuncUnit> <Opcode : 'fdiv' 'frem'> <InPorts = 2> <OutPorts = 1>

State 68 <SV = 55> <Delay = 2.67>
ST_68 : Operation 245 [7/30] (2.67ns)   --->   "%tmp_24 = fdiv float 1.000000e+00, %tmp_23" [Group_5/sample.c:2037]   --->   Operation 245 'fdiv' 'tmp_24' <Predicate = true> <Delay = 2.67> <Core = "FDiv">   --->   Core 101 'FDiv' <Latency = 29> <II = 1> <Delay = 2.67> <FuncUnit> <Opcode : 'fdiv' 'frem'> <InPorts = 2> <OutPorts = 1>

State 69 <SV = 56> <Delay = 2.67>
ST_69 : Operation 246 [6/30] (2.67ns)   --->   "%tmp_24 = fdiv float 1.000000e+00, %tmp_23" [Group_5/sample.c:2037]   --->   Operation 246 'fdiv' 'tmp_24' <Predicate = true> <Delay = 2.67> <Core = "FDiv">   --->   Core 101 'FDiv' <Latency = 29> <II = 1> <Delay = 2.67> <FuncUnit> <Opcode : 'fdiv' 'frem'> <InPorts = 2> <OutPorts = 1>

State 70 <SV = 57> <Delay = 2.67>
ST_70 : Operation 247 [5/30] (2.67ns)   --->   "%tmp_24 = fdiv float 1.000000e+00, %tmp_23" [Group_5/sample.c:2037]   --->   Operation 247 'fdiv' 'tmp_24' <Predicate = true> <Delay = 2.67> <Core = "FDiv">   --->   Core 101 'FDiv' <Latency = 29> <II = 1> <Delay = 2.67> <FuncUnit> <Opcode : 'fdiv' 'frem'> <InPorts = 2> <OutPorts = 1>

State 71 <SV = 58> <Delay = 2.67>
ST_71 : Operation 248 [4/30] (2.67ns)   --->   "%tmp_24 = fdiv float 1.000000e+00, %tmp_23" [Group_5/sample.c:2037]   --->   Operation 248 'fdiv' 'tmp_24' <Predicate = true> <Delay = 2.67> <Core = "FDiv">   --->   Core 101 'FDiv' <Latency = 29> <II = 1> <Delay = 2.67> <FuncUnit> <Opcode : 'fdiv' 'frem'> <InPorts = 2> <OutPorts = 1>

State 72 <SV = 59> <Delay = 2.67>
ST_72 : Operation 249 [3/30] (2.67ns)   --->   "%tmp_24 = fdiv float 1.000000e+00, %tmp_23" [Group_5/sample.c:2037]   --->   Operation 249 'fdiv' 'tmp_24' <Predicate = true> <Delay = 2.67> <Core = "FDiv">   --->   Core 101 'FDiv' <Latency = 29> <II = 1> <Delay = 2.67> <FuncUnit> <Opcode : 'fdiv' 'frem'> <InPorts = 2> <OutPorts = 1>

State 73 <SV = 60> <Delay = 2.67>
ST_73 : Operation 250 [2/30] (2.67ns)   --->   "%tmp_24 = fdiv float 1.000000e+00, %tmp_23" [Group_5/sample.c:2037]   --->   Operation 250 'fdiv' 'tmp_24' <Predicate = true> <Delay = 2.67> <Core = "FDiv">   --->   Core 101 'FDiv' <Latency = 29> <II = 1> <Delay = 2.67> <FuncUnit> <Opcode : 'fdiv' 'frem'> <InPorts = 2> <OutPorts = 1>

State 74 <SV = 61> <Delay = 2.67>
ST_74 : Operation 251 [1/30] (2.67ns)   --->   "%tmp_24 = fdiv float 1.000000e+00, %tmp_23" [Group_5/sample.c:2037]   --->   Operation 251 'fdiv' 'tmp_24' <Predicate = true> <Delay = 2.67> <Core = "FDiv">   --->   Core 101 'FDiv' <Latency = 29> <II = 1> <Delay = 2.67> <FuncUnit> <Opcode : 'fdiv' 'frem'> <InPorts = 2> <OutPorts = 1>

State 75 <SV = 62> <Delay = 1.75>
ST_75 : Operation 252 [1/1] (1.75ns)   --->   "store float %tmp_24, float* %output_array_addr, align 4" [Group_5/sample.c:2037]   --->   Operation 252 'store' <Predicate = true> <Delay = 1.75> <Core = "RAM">   --->   Core 37 'RAM' <Latency = 1> <II = 1> <Delay = 1.75> <Storage> <Opcode : 'load' 'store'> <Ports = 2> <Width = 32> <Depth = 1> <RAM>
ST_75 : Operation 253 [1/1] (0.00ns)   --->   "br label %.preheader" [Group_5/sample.c:2036]   --->   Operation 253 'br' <Predicate = true> <Delay = 0.00>

State 76 <SV = 1> <Delay = 1.35>
ST_76 : Operation 254 [1/2] (0.00ns)   --->   "call fastcc void @k2c_affine_matmul.3([1 x float]* %output_array, [2 x float]* %input_array_0, [2 x float]* %input_array_1, [2 x float]* %input_array_2, [2 x float]* %input_array_3, [2 x float]* %input_array_4, [2 x float]* %input_array_5, [2 x float]* %input_array_6, [2 x float]* %input_array_7, i5 %p_s)" [Group_5/sample.c:1996]   --->   Operation 254 'call' <Predicate = true> <Delay = 0.00> <CoreType = "Generic">   --->   Core 0 '' <Latency = 0> <II = 1> <Delay = 1.00> <Generic> <Opcode : >
ST_76 : Operation 255 [1/1] (1.35ns)   --->   "br label %.preheader6" [Group_5/sample.c:1998]   --->   Operation 255 'br' <Predicate = true> <Delay = 1.35>

State 77 <SV = 2> <Delay = 1.75>
ST_77 : Operation 256 [1/1] (0.00ns)   --->   "%i_1 = phi i5 [ %i_32, %1 ], [ 0, %._crit_edge ]"   --->   Operation 256 'phi' 'i_1' <Predicate = true> <Delay = 0.00>
ST_77 : Operation 257 [1/1] (0.00ns)   --->   "%i_1_cast1 = zext i5 %i_1 to i64" [Group_5/sample.c:2007]   --->   Operation 257 'zext' 'i_1_cast1' <Predicate = true> <Delay = 0.00>
ST_77 : Operation 258 [1/1] (1.21ns)   --->   "%exitcond = icmp eq i5 %i_1, %p_s" [Group_5/sample.c:2007]   --->   Operation 258 'icmp' 'exitcond' <Predicate = true> <Delay = 1.21> <Core = "Cmp">   --->   Core 25 'Cmp' <Latency = 0> <II = 1> <Delay = 1.21> <FuncUnit> <Opcode : 'icmp'> <InPorts = 2> <OutPorts = 1>
ST_77 : Operation 259 [1/1] (0.00ns)   --->   "%empty = call i32 (...)* @_ssdm_op_SpecLoopTripCount(i64 1, i64 16, i64 0)"   --->   Operation 259 'speclooptripcount' 'empty' <Predicate = true> <Delay = 0.00>
ST_77 : Operation 260 [1/1] (1.54ns)   --->   "%i_32 = add i5 %i_1, 1" [Group_5/sample.c:2007]   --->   Operation 260 'add' 'i_32' <Predicate = true> <Delay = 1.54> <Core = "AddSub">   --->   Core 14 'AddSub' <Latency = 0> <II = 1> <Delay = 1.54> <FuncUnit> <Opcode : 'add' 'sub'> <InPorts = 2> <OutPorts = 1>
ST_77 : Operation 261 [1/1] (0.00ns)   --->   "br i1 %exitcond, label %.loopexit4.loopexit9, label %1" [Group_5/sample.c:2007]   --->   Operation 261 'br' <Predicate = true> <Delay = 0.00>
ST_77 : Operation 262 [1/1] (0.00ns)   --->   "%output_array_addr_1 = getelementptr [1 x float]* %output_array, i64 0, i64 %i_1_cast1" [Group_5/sample.c:2008]   --->   Operation 262 'getelementptr' 'output_array_addr_1' <Predicate = (!exitcond)> <Delay = 0.00>
ST_77 : Operation 263 [2/2] (1.75ns)   --->   "%output_array_load_1 = load float* %output_array_addr_1, align 4" [Group_5/sample.c:2008]   --->   Operation 263 'load' 'output_array_load_1' <Predicate = (!exitcond)> <Delay = 1.75> <Core = "RAM">   --->   Core 37 'RAM' <Latency = 1> <II = 1> <Delay = 1.75> <Storage> <Opcode : 'load' 'store'> <Ports = 2> <Width = 32> <Depth = 1> <RAM>
ST_77 : Operation 264 [1/1] (0.00ns)   --->   "br label %.loopexit4"   --->   Operation 264 'br' <Predicate = (exitcond)> <Delay = 0.00>

State 78 <SV = 3> <Delay = 2.56>
ST_78 : Operation 265 [1/2] (1.75ns)   --->   "%output_array_load_1 = load float* %output_array_addr_1, align 4" [Group_5/sample.c:2008]   --->   Operation 265 'load' 'output_array_load_1' <Predicate = true> <Delay = 1.75> <Core = "RAM">   --->   Core 37 'RAM' <Latency = 1> <II = 1> <Delay = 1.75> <Storage> <Opcode : 'load' 'store'> <Ports = 2> <Width = 32> <Depth = 1> <RAM>
ST_78 : Operation 266 [1/1] (0.00ns)   --->   "%tmp_29_to_int = bitcast float %output_array_load_1 to i32" [Group_5/sample.c:2008]   --->   Operation 266 'bitcast' 'tmp_29_to_int' <Predicate = true> <Delay = 0.00>
ST_78 : Operation 267 [1/1] (0.80ns)   --->   "%tmp_29_neg = xor i32 %tmp_29_to_int, -2147483648" [Group_5/sample.c:2008]   --->   Operation 267 'xor' 'tmp_29_neg' <Predicate = true> <Delay = 0.80> <Core = "LogicGate">   --->   Core 27 'LogicGate' <Latency = 0> <II = 1> <Delay = 0.80> <FuncUnit> <Opcode : 'and' 'or' 'xor'> <InPorts = 2> <OutPorts = 1>

State 79 <SV = 4> <Delay = 3.59>
ST_79 : Operation 268 [1/1] (0.00ns)   --->   "%tmp_17 = bitcast i32 %tmp_29_neg to float" [Group_5/sample.c:2008]   --->   Operation 268 'bitcast' 'tmp_17' <Predicate = true> <Delay = 0.00>
ST_79 : Operation 269 [18/18] (3.59ns)   --->   "%tmp_18 = call float @llvm.exp.f32(float %tmp_17)" [Group_5/sample.c:2008]   --->   Operation 269 'fexp' 'tmp_18' <Predicate = true> <Delay = 3.59> <Core = "FExp">   --->   Core 121 'FExp' <Latency = 17> <II = 1> <Delay = 3.59> <FuncUnit> <Opcode : 'fexp'> <InPorts = 1> <OutPorts = 1>

State 80 <SV = 5> <Delay = 3.59>
ST_80 : Operation 270 [17/18] (3.59ns)   --->   "%tmp_18 = call float @llvm.exp.f32(float %tmp_17)" [Group_5/sample.c:2008]   --->   Operation 270 'fexp' 'tmp_18' <Predicate = true> <Delay = 3.59> <Core = "FExp">   --->   Core 121 'FExp' <Latency = 17> <II = 1> <Delay = 3.59> <FuncUnit> <Opcode : 'fexp'> <InPorts = 1> <OutPorts = 1>

State 81 <SV = 6> <Delay = 3.59>
ST_81 : Operation 271 [16/18] (3.59ns)   --->   "%tmp_18 = call float @llvm.exp.f32(float %tmp_17)" [Group_5/sample.c:2008]   --->   Operation 271 'fexp' 'tmp_18' <Predicate = true> <Delay = 3.59> <Core = "FExp">   --->   Core 121 'FExp' <Latency = 17> <II = 1> <Delay = 3.59> <FuncUnit> <Opcode : 'fexp'> <InPorts = 1> <OutPorts = 1>

State 82 <SV = 7> <Delay = 3.59>
ST_82 : Operation 272 [15/18] (3.59ns)   --->   "%tmp_18 = call float @llvm.exp.f32(float %tmp_17)" [Group_5/sample.c:2008]   --->   Operation 272 'fexp' 'tmp_18' <Predicate = true> <Delay = 3.59> <Core = "FExp">   --->   Core 121 'FExp' <Latency = 17> <II = 1> <Delay = 3.59> <FuncUnit> <Opcode : 'fexp'> <InPorts = 1> <OutPorts = 1>

State 83 <SV = 8> <Delay = 3.59>
ST_83 : Operation 273 [14/18] (3.59ns)   --->   "%tmp_18 = call float @llvm.exp.f32(float %tmp_17)" [Group_5/sample.c:2008]   --->   Operation 273 'fexp' 'tmp_18' <Predicate = true> <Delay = 3.59> <Core = "FExp">   --->   Core 121 'FExp' <Latency = 17> <II = 1> <Delay = 3.59> <FuncUnit> <Opcode : 'fexp'> <InPorts = 1> <OutPorts = 1>

State 84 <SV = 9> <Delay = 3.59>
ST_84 : Operation 274 [13/18] (3.59ns)   --->   "%tmp_18 = call float @llvm.exp.f32(float %tmp_17)" [Group_5/sample.c:2008]   --->   Operation 274 'fexp' 'tmp_18' <Predicate = true> <Delay = 3.59> <Core = "FExp">   --->   Core 121 'FExp' <Latency = 17> <II = 1> <Delay = 3.59> <FuncUnit> <Opcode : 'fexp'> <InPorts = 1> <OutPorts = 1>

State 85 <SV = 10> <Delay = 3.59>
ST_85 : Operation 275 [12/18] (3.59ns)   --->   "%tmp_18 = call float @llvm.exp.f32(float %tmp_17)" [Group_5/sample.c:2008]   --->   Operation 275 'fexp' 'tmp_18' <Predicate = true> <Delay = 3.59> <Core = "FExp">   --->   Core 121 'FExp' <Latency = 17> <II = 1> <Delay = 3.59> <FuncUnit> <Opcode : 'fexp'> <InPorts = 1> <OutPorts = 1>

State 86 <SV = 11> <Delay = 3.59>
ST_86 : Operation 276 [11/18] (3.59ns)   --->   "%tmp_18 = call float @llvm.exp.f32(float %tmp_17)" [Group_5/sample.c:2008]   --->   Operation 276 'fexp' 'tmp_18' <Predicate = true> <Delay = 3.59> <Core = "FExp">   --->   Core 121 'FExp' <Latency = 17> <II = 1> <Delay = 3.59> <FuncUnit> <Opcode : 'fexp'> <InPorts = 1> <OutPorts = 1>

State 87 <SV = 12> <Delay = 3.59>
ST_87 : Operation 277 [10/18] (3.59ns)   --->   "%tmp_18 = call float @llvm.exp.f32(float %tmp_17)" [Group_5/sample.c:2008]   --->   Operation 277 'fexp' 'tmp_18' <Predicate = true> <Delay = 3.59> <Core = "FExp">   --->   Core 121 'FExp' <Latency = 17> <II = 1> <Delay = 3.59> <FuncUnit> <Opcode : 'fexp'> <InPorts = 1> <OutPorts = 1>

State 88 <SV = 13> <Delay = 3.59>
ST_88 : Operation 278 [9/18] (3.59ns)   --->   "%tmp_18 = call float @llvm.exp.f32(float %tmp_17)" [Group_5/sample.c:2008]   --->   Operation 278 'fexp' 'tmp_18' <Predicate = true> <Delay = 3.59> <Core = "FExp">   --->   Core 121 'FExp' <Latency = 17> <II = 1> <Delay = 3.59> <FuncUnit> <Opcode : 'fexp'> <InPorts = 1> <OutPorts = 1>

State 89 <SV = 14> <Delay = 3.59>
ST_89 : Operation 279 [8/18] (3.59ns)   --->   "%tmp_18 = call float @llvm.exp.f32(float %tmp_17)" [Group_5/sample.c:2008]   --->   Operation 279 'fexp' 'tmp_18' <Predicate = true> <Delay = 3.59> <Core = "FExp">   --->   Core 121 'FExp' <Latency = 17> <II = 1> <Delay = 3.59> <FuncUnit> <Opcode : 'fexp'> <InPorts = 1> <OutPorts = 1>

State 90 <SV = 15> <Delay = 3.59>
ST_90 : Operation 280 [7/18] (3.59ns)   --->   "%tmp_18 = call float @llvm.exp.f32(float %tmp_17)" [Group_5/sample.c:2008]   --->   Operation 280 'fexp' 'tmp_18' <Predicate = true> <Delay = 3.59> <Core = "FExp">   --->   Core 121 'FExp' <Latency = 17> <II = 1> <Delay = 3.59> <FuncUnit> <Opcode : 'fexp'> <InPorts = 1> <OutPorts = 1>

State 91 <SV = 16> <Delay = 3.59>
ST_91 : Operation 281 [6/18] (3.59ns)   --->   "%tmp_18 = call float @llvm.exp.f32(float %tmp_17)" [Group_5/sample.c:2008]   --->   Operation 281 'fexp' 'tmp_18' <Predicate = true> <Delay = 3.59> <Core = "FExp">   --->   Core 121 'FExp' <Latency = 17> <II = 1> <Delay = 3.59> <FuncUnit> <Opcode : 'fexp'> <InPorts = 1> <OutPorts = 1>

State 92 <SV = 17> <Delay = 3.59>
ST_92 : Operation 282 [5/18] (3.59ns)   --->   "%tmp_18 = call float @llvm.exp.f32(float %tmp_17)" [Group_5/sample.c:2008]   --->   Operation 282 'fexp' 'tmp_18' <Predicate = true> <Delay = 3.59> <Core = "FExp">   --->   Core 121 'FExp' <Latency = 17> <II = 1> <Delay = 3.59> <FuncUnit> <Opcode : 'fexp'> <InPorts = 1> <OutPorts = 1>

State 93 <SV = 18> <Delay = 3.59>
ST_93 : Operation 283 [4/18] (3.59ns)   --->   "%tmp_18 = call float @llvm.exp.f32(float %tmp_17)" [Group_5/sample.c:2008]   --->   Operation 283 'fexp' 'tmp_18' <Predicate = true> <Delay = 3.59> <Core = "FExp">   --->   Core 121 'FExp' <Latency = 17> <II = 1> <Delay = 3.59> <FuncUnit> <Opcode : 'fexp'> <InPorts = 1> <OutPorts = 1>

State 94 <SV = 19> <Delay = 3.59>
ST_94 : Operation 284 [3/18] (3.59ns)   --->   "%tmp_18 = call float @llvm.exp.f32(float %tmp_17)" [Group_5/sample.c:2008]   --->   Operation 284 'fexp' 'tmp_18' <Predicate = true> <Delay = 3.59> <Core = "FExp">   --->   Core 121 'FExp' <Latency = 17> <II = 1> <Delay = 3.59> <FuncUnit> <Opcode : 'fexp'> <InPorts = 1> <OutPorts = 1>

State 95 <SV = 20> <Delay = 3.59>
ST_95 : Operation 285 [2/18] (3.59ns)   --->   "%tmp_18 = call float @llvm.exp.f32(float %tmp_17)" [Group_5/sample.c:2008]   --->   Operation 285 'fexp' 'tmp_18' <Predicate = true> <Delay = 3.59> <Core = "FExp">   --->   Core 121 'FExp' <Latency = 17> <II = 1> <Delay = 3.59> <FuncUnit> <Opcode : 'fexp'> <InPorts = 1> <OutPorts = 1>

State 96 <SV = 21> <Delay = 3.59>
ST_96 : Operation 286 [1/18] (3.59ns)   --->   "%tmp_18 = call float @llvm.exp.f32(float %tmp_17)" [Group_5/sample.c:2008]   --->   Operation 286 'fexp' 'tmp_18' <Predicate = true> <Delay = 3.59> <Core = "FExp">   --->   Core 121 'FExp' <Latency = 17> <II = 1> <Delay = 3.59> <FuncUnit> <Opcode : 'fexp'> <InPorts = 1> <OutPorts = 1>

State 97 <SV = 22> <Delay = 3.51>
ST_97 : Operation 287 [9/9] (3.51ns)   --->   "%tmp_19 = fadd float %tmp_18, 1.000000e+00" [Group_5/sample.c:2008]   --->   Operation 287 'fadd' 'tmp_19' <Predicate = true> <Delay = 3.51> <Core = "FAddSub">   --->   Core 99 'FAddSub' <Latency = 8> <II = 1> <Delay = 3.51> <FuncUnit> <Opcode : 'fadd' 'fsub'> <InPorts = 2> <OutPorts = 1>

State 98 <SV = 23> <Delay = 3.51>
ST_98 : Operation 288 [8/9] (3.51ns)   --->   "%tmp_19 = fadd float %tmp_18, 1.000000e+00" [Group_5/sample.c:2008]   --->   Operation 288 'fadd' 'tmp_19' <Predicate = true> <Delay = 3.51> <Core = "FAddSub">   --->   Core 99 'FAddSub' <Latency = 8> <II = 1> <Delay = 3.51> <FuncUnit> <Opcode : 'fadd' 'fsub'> <InPorts = 2> <OutPorts = 1>

State 99 <SV = 24> <Delay = 3.51>
ST_99 : Operation 289 [7/9] (3.51ns)   --->   "%tmp_19 = fadd float %tmp_18, 1.000000e+00" [Group_5/sample.c:2008]   --->   Operation 289 'fadd' 'tmp_19' <Predicate = true> <Delay = 3.51> <Core = "FAddSub">   --->   Core 99 'FAddSub' <Latency = 8> <II = 1> <Delay = 3.51> <FuncUnit> <Opcode : 'fadd' 'fsub'> <InPorts = 2> <OutPorts = 1>

State 100 <SV = 25> <Delay = 3.51>
ST_100 : Operation 290 [6/9] (3.51ns)   --->   "%tmp_19 = fadd float %tmp_18, 1.000000e+00" [Group_5/sample.c:2008]   --->   Operation 290 'fadd' 'tmp_19' <Predicate = true> <Delay = 3.51> <Core = "FAddSub">   --->   Core 99 'FAddSub' <Latency = 8> <II = 1> <Delay = 3.51> <FuncUnit> <Opcode : 'fadd' 'fsub'> <InPorts = 2> <OutPorts = 1>

State 101 <SV = 26> <Delay = 3.51>
ST_101 : Operation 291 [5/9] (3.51ns)   --->   "%tmp_19 = fadd float %tmp_18, 1.000000e+00" [Group_5/sample.c:2008]   --->   Operation 291 'fadd' 'tmp_19' <Predicate = true> <Delay = 3.51> <Core = "FAddSub">   --->   Core 99 'FAddSub' <Latency = 8> <II = 1> <Delay = 3.51> <FuncUnit> <Opcode : 'fadd' 'fsub'> <InPorts = 2> <OutPorts = 1>

State 102 <SV = 27> <Delay = 3.51>
ST_102 : Operation 292 [4/9] (3.51ns)   --->   "%tmp_19 = fadd float %tmp_18, 1.000000e+00" [Group_5/sample.c:2008]   --->   Operation 292 'fadd' 'tmp_19' <Predicate = true> <Delay = 3.51> <Core = "FAddSub">   --->   Core 99 'FAddSub' <Latency = 8> <II = 1> <Delay = 3.51> <FuncUnit> <Opcode : 'fadd' 'fsub'> <InPorts = 2> <OutPorts = 1>

State 103 <SV = 28> <Delay = 3.51>
ST_103 : Operation 293 [3/9] (3.51ns)   --->   "%tmp_19 = fadd float %tmp_18, 1.000000e+00" [Group_5/sample.c:2008]   --->   Operation 293 'fadd' 'tmp_19' <Predicate = true> <Delay = 3.51> <Core = "FAddSub">   --->   Core 99 'FAddSub' <Latency = 8> <II = 1> <Delay = 3.51> <FuncUnit> <Opcode : 'fadd' 'fsub'> <InPorts = 2> <OutPorts = 1>

State 104 <SV = 29> <Delay = 3.51>
ST_104 : Operation 294 [2/9] (3.51ns)   --->   "%tmp_19 = fadd float %tmp_18, 1.000000e+00" [Group_5/sample.c:2008]   --->   Operation 294 'fadd' 'tmp_19' <Predicate = true> <Delay = 3.51> <Core = "FAddSub">   --->   Core 99 'FAddSub' <Latency = 8> <II = 1> <Delay = 3.51> <FuncUnit> <Opcode : 'fadd' 'fsub'> <InPorts = 2> <OutPorts = 1>

State 105 <SV = 30> <Delay = 3.51>
ST_105 : Operation 295 [1/9] (3.51ns)   --->   "%tmp_19 = fadd float %tmp_18, 1.000000e+00" [Group_5/sample.c:2008]   --->   Operation 295 'fadd' 'tmp_19' <Predicate = true> <Delay = 3.51> <Core = "FAddSub">   --->   Core 99 'FAddSub' <Latency = 8> <II = 1> <Delay = 3.51> <FuncUnit> <Opcode : 'fadd' 'fsub'> <InPorts = 2> <OutPorts = 1>

State 106 <SV = 31> <Delay = 2.67>
ST_106 : Operation 296 [30/30] (2.67ns)   --->   "%tmp_20 = fdiv float 1.000000e+00, %tmp_19" [Group_5/sample.c:2008]   --->   Operation 296 'fdiv' 'tmp_20' <Predicate = true> <Delay = 2.67> <Core = "FDiv">   --->   Core 101 'FDiv' <Latency = 29> <II = 1> <Delay = 2.67> <FuncUnit> <Opcode : 'fdiv' 'frem'> <InPorts = 2> <OutPorts = 1>

State 107 <SV = 32> <Delay = 2.67>
ST_107 : Operation 297 [29/30] (2.67ns)   --->   "%tmp_20 = fdiv float 1.000000e+00, %tmp_19" [Group_5/sample.c:2008]   --->   Operation 297 'fdiv' 'tmp_20' <Predicate = true> <Delay = 2.67> <Core = "FDiv">   --->   Core 101 'FDiv' <Latency = 29> <II = 1> <Delay = 2.67> <FuncUnit> <Opcode : 'fdiv' 'frem'> <InPorts = 2> <OutPorts = 1>

State 108 <SV = 33> <Delay = 2.67>
ST_108 : Operation 298 [28/30] (2.67ns)   --->   "%tmp_20 = fdiv float 1.000000e+00, %tmp_19" [Group_5/sample.c:2008]   --->   Operation 298 'fdiv' 'tmp_20' <Predicate = true> <Delay = 2.67> <Core = "FDiv">   --->   Core 101 'FDiv' <Latency = 29> <II = 1> <Delay = 2.67> <FuncUnit> <Opcode : 'fdiv' 'frem'> <InPorts = 2> <OutPorts = 1>

State 109 <SV = 34> <Delay = 2.67>
ST_109 : Operation 299 [27/30] (2.67ns)   --->   "%tmp_20 = fdiv float 1.000000e+00, %tmp_19" [Group_5/sample.c:2008]   --->   Operation 299 'fdiv' 'tmp_20' <Predicate = true> <Delay = 2.67> <Core = "FDiv">   --->   Core 101 'FDiv' <Latency = 29> <II = 1> <Delay = 2.67> <FuncUnit> <Opcode : 'fdiv' 'frem'> <InPorts = 2> <OutPorts = 1>

State 110 <SV = 35> <Delay = 2.67>
ST_110 : Operation 300 [26/30] (2.67ns)   --->   "%tmp_20 = fdiv float 1.000000e+00, %tmp_19" [Group_5/sample.c:2008]   --->   Operation 300 'fdiv' 'tmp_20' <Predicate = true> <Delay = 2.67> <Core = "FDiv">   --->   Core 101 'FDiv' <Latency = 29> <II = 1> <Delay = 2.67> <FuncUnit> <Opcode : 'fdiv' 'frem'> <InPorts = 2> <OutPorts = 1>

State 111 <SV = 36> <Delay = 2.67>
ST_111 : Operation 301 [25/30] (2.67ns)   --->   "%tmp_20 = fdiv float 1.000000e+00, %tmp_19" [Group_5/sample.c:2008]   --->   Operation 301 'fdiv' 'tmp_20' <Predicate = true> <Delay = 2.67> <Core = "FDiv">   --->   Core 101 'FDiv' <Latency = 29> <II = 1> <Delay = 2.67> <FuncUnit> <Opcode : 'fdiv' 'frem'> <InPorts = 2> <OutPorts = 1>

State 112 <SV = 37> <Delay = 2.67>
ST_112 : Operation 302 [24/30] (2.67ns)   --->   "%tmp_20 = fdiv float 1.000000e+00, %tmp_19" [Group_5/sample.c:2008]   --->   Operation 302 'fdiv' 'tmp_20' <Predicate = true> <Delay = 2.67> <Core = "FDiv">   --->   Core 101 'FDiv' <Latency = 29> <II = 1> <Delay = 2.67> <FuncUnit> <Opcode : 'fdiv' 'frem'> <InPorts = 2> <OutPorts = 1>

State 113 <SV = 38> <Delay = 2.67>
ST_113 : Operation 303 [23/30] (2.67ns)   --->   "%tmp_20 = fdiv float 1.000000e+00, %tmp_19" [Group_5/sample.c:2008]   --->   Operation 303 'fdiv' 'tmp_20' <Predicate = true> <Delay = 2.67> <Core = "FDiv">   --->   Core 101 'FDiv' <Latency = 29> <II = 1> <Delay = 2.67> <FuncUnit> <Opcode : 'fdiv' 'frem'> <InPorts = 2> <OutPorts = 1>

State 114 <SV = 39> <Delay = 2.67>
ST_114 : Operation 304 [22/30] (2.67ns)   --->   "%tmp_20 = fdiv float 1.000000e+00, %tmp_19" [Group_5/sample.c:2008]   --->   Operation 304 'fdiv' 'tmp_20' <Predicate = true> <Delay = 2.67> <Core = "FDiv">   --->   Core 101 'FDiv' <Latency = 29> <II = 1> <Delay = 2.67> <FuncUnit> <Opcode : 'fdiv' 'frem'> <InPorts = 2> <OutPorts = 1>

State 115 <SV = 40> <Delay = 2.67>
ST_115 : Operation 305 [21/30] (2.67ns)   --->   "%tmp_20 = fdiv float 1.000000e+00, %tmp_19" [Group_5/sample.c:2008]   --->   Operation 305 'fdiv' 'tmp_20' <Predicate = true> <Delay = 2.67> <Core = "FDiv">   --->   Core 101 'FDiv' <Latency = 29> <II = 1> <Delay = 2.67> <FuncUnit> <Opcode : 'fdiv' 'frem'> <InPorts = 2> <OutPorts = 1>

State 116 <SV = 41> <Delay = 2.67>
ST_116 : Operation 306 [20/30] (2.67ns)   --->   "%tmp_20 = fdiv float 1.000000e+00, %tmp_19" [Group_5/sample.c:2008]   --->   Operation 306 'fdiv' 'tmp_20' <Predicate = true> <Delay = 2.67> <Core = "FDiv">   --->   Core 101 'FDiv' <Latency = 29> <II = 1> <Delay = 2.67> <FuncUnit> <Opcode : 'fdiv' 'frem'> <InPorts = 2> <OutPorts = 1>

State 117 <SV = 42> <Delay = 2.67>
ST_117 : Operation 307 [19/30] (2.67ns)   --->   "%tmp_20 = fdiv float 1.000000e+00, %tmp_19" [Group_5/sample.c:2008]   --->   Operation 307 'fdiv' 'tmp_20' <Predicate = true> <Delay = 2.67> <Core = "FDiv">   --->   Core 101 'FDiv' <Latency = 29> <II = 1> <Delay = 2.67> <FuncUnit> <Opcode : 'fdiv' 'frem'> <InPorts = 2> <OutPorts = 1>

State 118 <SV = 43> <Delay = 2.67>
ST_118 : Operation 308 [18/30] (2.67ns)   --->   "%tmp_20 = fdiv float 1.000000e+00, %tmp_19" [Group_5/sample.c:2008]   --->   Operation 308 'fdiv' 'tmp_20' <Predicate = true> <Delay = 2.67> <Core = "FDiv">   --->   Core 101 'FDiv' <Latency = 29> <II = 1> <Delay = 2.67> <FuncUnit> <Opcode : 'fdiv' 'frem'> <InPorts = 2> <OutPorts = 1>

State 119 <SV = 44> <Delay = 2.67>
ST_119 : Operation 309 [17/30] (2.67ns)   --->   "%tmp_20 = fdiv float 1.000000e+00, %tmp_19" [Group_5/sample.c:2008]   --->   Operation 309 'fdiv' 'tmp_20' <Predicate = true> <Delay = 2.67> <Core = "FDiv">   --->   Core 101 'FDiv' <Latency = 29> <II = 1> <Delay = 2.67> <FuncUnit> <Opcode : 'fdiv' 'frem'> <InPorts = 2> <OutPorts = 1>

State 120 <SV = 45> <Delay = 2.67>
ST_120 : Operation 310 [16/30] (2.67ns)   --->   "%tmp_20 = fdiv float 1.000000e+00, %tmp_19" [Group_5/sample.c:2008]   --->   Operation 310 'fdiv' 'tmp_20' <Predicate = true> <Delay = 2.67> <Core = "FDiv">   --->   Core 101 'FDiv' <Latency = 29> <II = 1> <Delay = 2.67> <FuncUnit> <Opcode : 'fdiv' 'frem'> <InPorts = 2> <OutPorts = 1>

State 121 <SV = 46> <Delay = 2.67>
ST_121 : Operation 311 [15/30] (2.67ns)   --->   "%tmp_20 = fdiv float 1.000000e+00, %tmp_19" [Group_5/sample.c:2008]   --->   Operation 311 'fdiv' 'tmp_20' <Predicate = true> <Delay = 2.67> <Core = "FDiv">   --->   Core 101 'FDiv' <Latency = 29> <II = 1> <Delay = 2.67> <FuncUnit> <Opcode : 'fdiv' 'frem'> <InPorts = 2> <OutPorts = 1>

State 122 <SV = 47> <Delay = 2.67>
ST_122 : Operation 312 [14/30] (2.67ns)   --->   "%tmp_20 = fdiv float 1.000000e+00, %tmp_19" [Group_5/sample.c:2008]   --->   Operation 312 'fdiv' 'tmp_20' <Predicate = true> <Delay = 2.67> <Core = "FDiv">   --->   Core 101 'FDiv' <Latency = 29> <II = 1> <Delay = 2.67> <FuncUnit> <Opcode : 'fdiv' 'frem'> <InPorts = 2> <OutPorts = 1>

State 123 <SV = 48> <Delay = 2.67>
ST_123 : Operation 313 [13/30] (2.67ns)   --->   "%tmp_20 = fdiv float 1.000000e+00, %tmp_19" [Group_5/sample.c:2008]   --->   Operation 313 'fdiv' 'tmp_20' <Predicate = true> <Delay = 2.67> <Core = "FDiv">   --->   Core 101 'FDiv' <Latency = 29> <II = 1> <Delay = 2.67> <FuncUnit> <Opcode : 'fdiv' 'frem'> <InPorts = 2> <OutPorts = 1>

State 124 <SV = 49> <Delay = 2.67>
ST_124 : Operation 314 [12/30] (2.67ns)   --->   "%tmp_20 = fdiv float 1.000000e+00, %tmp_19" [Group_5/sample.c:2008]   --->   Operation 314 'fdiv' 'tmp_20' <Predicate = true> <Delay = 2.67> <Core = "FDiv">   --->   Core 101 'FDiv' <Latency = 29> <II = 1> <Delay = 2.67> <FuncUnit> <Opcode : 'fdiv' 'frem'> <InPorts = 2> <OutPorts = 1>

State 125 <SV = 50> <Delay = 2.67>
ST_125 : Operation 315 [11/30] (2.67ns)   --->   "%tmp_20 = fdiv float 1.000000e+00, %tmp_19" [Group_5/sample.c:2008]   --->   Operation 315 'fdiv' 'tmp_20' <Predicate = true> <Delay = 2.67> <Core = "FDiv">   --->   Core 101 'FDiv' <Latency = 29> <II = 1> <Delay = 2.67> <FuncUnit> <Opcode : 'fdiv' 'frem'> <InPorts = 2> <OutPorts = 1>

State 126 <SV = 51> <Delay = 2.67>
ST_126 : Operation 316 [10/30] (2.67ns)   --->   "%tmp_20 = fdiv float 1.000000e+00, %tmp_19" [Group_5/sample.c:2008]   --->   Operation 316 'fdiv' 'tmp_20' <Predicate = true> <Delay = 2.67> <Core = "FDiv">   --->   Core 101 'FDiv' <Latency = 29> <II = 1> <Delay = 2.67> <FuncUnit> <Opcode : 'fdiv' 'frem'> <InPorts = 2> <OutPorts = 1>

State 127 <SV = 52> <Delay = 2.67>
ST_127 : Operation 317 [9/30] (2.67ns)   --->   "%tmp_20 = fdiv float 1.000000e+00, %tmp_19" [Group_5/sample.c:2008]   --->   Operation 317 'fdiv' 'tmp_20' <Predicate = true> <Delay = 2.67> <Core = "FDiv">   --->   Core 101 'FDiv' <Latency = 29> <II = 1> <Delay = 2.67> <FuncUnit> <Opcode : 'fdiv' 'frem'> <InPorts = 2> <OutPorts = 1>

State 128 <SV = 53> <Delay = 2.67>
ST_128 : Operation 318 [8/30] (2.67ns)   --->   "%tmp_20 = fdiv float 1.000000e+00, %tmp_19" [Group_5/sample.c:2008]   --->   Operation 318 'fdiv' 'tmp_20' <Predicate = true> <Delay = 2.67> <Core = "FDiv">   --->   Core 101 'FDiv' <Latency = 29> <II = 1> <Delay = 2.67> <FuncUnit> <Opcode : 'fdiv' 'frem'> <InPorts = 2> <OutPorts = 1>

State 129 <SV = 54> <Delay = 2.67>
ST_129 : Operation 319 [7/30] (2.67ns)   --->   "%tmp_20 = fdiv float 1.000000e+00, %tmp_19" [Group_5/sample.c:2008]   --->   Operation 319 'fdiv' 'tmp_20' <Predicate = true> <Delay = 2.67> <Core = "FDiv">   --->   Core 101 'FDiv' <Latency = 29> <II = 1> <Delay = 2.67> <FuncUnit> <Opcode : 'fdiv' 'frem'> <InPorts = 2> <OutPorts = 1>

State 130 <SV = 55> <Delay = 2.67>
ST_130 : Operation 320 [6/30] (2.67ns)   --->   "%tmp_20 = fdiv float 1.000000e+00, %tmp_19" [Group_5/sample.c:2008]   --->   Operation 320 'fdiv' 'tmp_20' <Predicate = true> <Delay = 2.67> <Core = "FDiv">   --->   Core 101 'FDiv' <Latency = 29> <II = 1> <Delay = 2.67> <FuncUnit> <Opcode : 'fdiv' 'frem'> <InPorts = 2> <OutPorts = 1>

State 131 <SV = 56> <Delay = 2.67>
ST_131 : Operation 321 [5/30] (2.67ns)   --->   "%tmp_20 = fdiv float 1.000000e+00, %tmp_19" [Group_5/sample.c:2008]   --->   Operation 321 'fdiv' 'tmp_20' <Predicate = true> <Delay = 2.67> <Core = "FDiv">   --->   Core 101 'FDiv' <Latency = 29> <II = 1> <Delay = 2.67> <FuncUnit> <Opcode : 'fdiv' 'frem'> <InPorts = 2> <OutPorts = 1>

State 132 <SV = 57> <Delay = 2.67>
ST_132 : Operation 322 [4/30] (2.67ns)   --->   "%tmp_20 = fdiv float 1.000000e+00, %tmp_19" [Group_5/sample.c:2008]   --->   Operation 322 'fdiv' 'tmp_20' <Predicate = true> <Delay = 2.67> <Core = "FDiv">   --->   Core 101 'FDiv' <Latency = 29> <II = 1> <Delay = 2.67> <FuncUnit> <Opcode : 'fdiv' 'frem'> <InPorts = 2> <OutPorts = 1>

State 133 <SV = 58> <Delay = 2.67>
ST_133 : Operation 323 [3/30] (2.67ns)   --->   "%tmp_20 = fdiv float 1.000000e+00, %tmp_19" [Group_5/sample.c:2008]   --->   Operation 323 'fdiv' 'tmp_20' <Predicate = true> <Delay = 2.67> <Core = "FDiv">   --->   Core 101 'FDiv' <Latency = 29> <II = 1> <Delay = 2.67> <FuncUnit> <Opcode : 'fdiv' 'frem'> <InPorts = 2> <OutPorts = 1>

State 134 <SV = 59> <Delay = 2.67>
ST_134 : Operation 324 [2/30] (2.67ns)   --->   "%tmp_20 = fdiv float 1.000000e+00, %tmp_19" [Group_5/sample.c:2008]   --->   Operation 324 'fdiv' 'tmp_20' <Predicate = true> <Delay = 2.67> <Core = "FDiv">   --->   Core 101 'FDiv' <Latency = 29> <II = 1> <Delay = 2.67> <FuncUnit> <Opcode : 'fdiv' 'frem'> <InPorts = 2> <OutPorts = 1>

State 135 <SV = 60> <Delay = 2.67>
ST_135 : Operation 325 [1/30] (2.67ns)   --->   "%tmp_20 = fdiv float 1.000000e+00, %tmp_19" [Group_5/sample.c:2008]   --->   Operation 325 'fdiv' 'tmp_20' <Predicate = true> <Delay = 2.67> <Core = "FDiv">   --->   Core 101 'FDiv' <Latency = 29> <II = 1> <Delay = 2.67> <FuncUnit> <Opcode : 'fdiv' 'frem'> <InPorts = 2> <OutPorts = 1>

State 136 <SV = 61> <Delay = 1.75>
ST_136 : Operation 326 [1/1] (1.75ns)   --->   "store float %tmp_20, float* %output_array_addr_1, align 4" [Group_5/sample.c:2008]   --->   Operation 326 'store' <Predicate = true> <Delay = 1.75> <Core = "RAM">   --->   Core 37 'RAM' <Latency = 1> <II = 1> <Delay = 1.75> <Storage> <Opcode : 'load' 'store'> <Ports = 2> <Width = 32> <Depth = 1> <RAM>
ST_136 : Operation 327 [1/1] (0.00ns)   --->   "br label %.preheader6" [Group_5/sample.c:2007]   --->   Operation 327 'br' <Predicate = true> <Delay = 0.00>


============================================================
+ Verbose Summary: Timing violations
============================================================
Target clock period: 5ns, clock uncertainty: 0.625ns.

 <State 1>: 3.33ns
The critical path consists of the following:
	wire read on port 'input_dim' [21]  (0 ns)
	'icmp' operation ('icmp', Group_5/sample.c:1987) [78]  (2.34 ns)
	'select' operation ('p_s', Group_5/sample.c:1987) [79]  (0.986 ns)
	'call' operation (Group_5/sample.c:1996) to 'k2c_affine_matmul.3' [80]  (0 ns)

 <State 2>: 1.35ns
The critical path consists of the following:
	multiplexor before 'phi' operation ('i') with incoming values : ('i', Group_5/sample.c:1767->Group_5/sample.c:2025) [32]  (1.35 ns)

 <State 3>: 2.34ns
The critical path consists of the following:
	'phi' operation ('i') with incoming values : ('i', Group_5/sample.c:1767->Group_5/sample.c:2025) [32]  (0 ns)
	'icmp' operation ('tmp_i', Group_5/sample.c:1767->Group_5/sample.c:2025) [33]  (2.34 ns)

 <State 4>: 3ns
The critical path consists of the following:
	'phi' operation ('j') with incoming values : ('j', Group_5/sample.c:1768->Group_5/sample.c:2025) [38]  (0 ns)
	'add' operation ('j', Group_5/sample.c:1768->Group_5/sample.c:2025) [41]  (3 ns)

 <State 5>: 1.75ns
The critical path consists of the following:
	'load' operation ('output_array_load_2', Group_5/sample.c:1770->Group_5/sample.c:2025) on array 'output_array' [48]  (1.75 ns)

 <State 6>: 3.51ns
The critical path consists of the following:
	'fadd' operation ('tmp_i_28', Group_5/sample.c:1770->Group_5/sample.c:2025) [49]  (3.51 ns)

 <State 7>: 3.51ns
The critical path consists of the following:
	'fadd' operation ('tmp_i_28', Group_5/sample.c:1770->Group_5/sample.c:2025) [49]  (3.51 ns)

 <State 8>: 3.51ns
The critical path consists of the following:
	'fadd' operation ('tmp_i_28', Group_5/sample.c:1770->Group_5/sample.c:2025) [49]  (3.51 ns)

 <State 9>: 3.51ns
The critical path consists of the following:
	'fadd' operation ('tmp_i_28', Group_5/sample.c:1770->Group_5/sample.c:2025) [49]  (3.51 ns)

 <State 10>: 3.51ns
The critical path consists of the following:
	'fadd' operation ('tmp_i_28', Group_5/sample.c:1770->Group_5/sample.c:2025) [49]  (3.51 ns)

 <State 11>: 3.51ns
The critical path consists of the following:
	'fadd' operation ('tmp_i_28', Group_5/sample.c:1770->Group_5/sample.c:2025) [49]  (3.51 ns)

 <State 12>: 3.51ns
The critical path consists of the following:
	'fadd' operation ('tmp_i_28', Group_5/sample.c:1770->Group_5/sample.c:2025) [49]  (3.51 ns)

 <State 13>: 3.51ns
The critical path consists of the following:
	'fadd' operation ('tmp_i_28', Group_5/sample.c:1770->Group_5/sample.c:2025) [49]  (3.51 ns)

 <State 14>: 3.51ns
The critical path consists of the following:
	'fadd' operation ('tmp_i_28', Group_5/sample.c:1770->Group_5/sample.c:2025) [49]  (3.51 ns)

 <State 15>: 1.75ns
The critical path consists of the following:
	'store' operation (Group_5/sample.c:1770->Group_5/sample.c:2025) of variable 'tmp_i_28', Group_5/sample.c:1770->Group_5/sample.c:2025 on array 'output_array' [50]  (1.75 ns)

 <State 16>: 2.34ns
The critical path consists of the following:
	'phi' operation ('i') with incoming values : ('i', Group_5/sample.c:2036) [58]  (0 ns)
	'icmp' operation ('exitcond3', Group_5/sample.c:2036) [60]  (2.34 ns)

 <State 17>: 2.56ns
The critical path consists of the following:
	'load' operation ('output_array_load', Group_5/sample.c:2037) on array 'output_array' [64]  (1.75 ns)
	'xor' operation ('tmp_24_neg', Group_5/sample.c:2037) [66]  (0.809 ns)

 <State 18>: 3.59ns
The critical path consists of the following:
	'fexp' operation ('tmp_22', Group_5/sample.c:2037) [68]  (3.59 ns)

 <State 19>: 3.59ns
The critical path consists of the following:
	'fexp' operation ('tmp_22', Group_5/sample.c:2037) [68]  (3.59 ns)

 <State 20>: 3.59ns
The critical path consists of the following:
	'fexp' operation ('tmp_22', Group_5/sample.c:2037) [68]  (3.59 ns)

 <State 21>: 3.59ns
The critical path consists of the following:
	'fexp' operation ('tmp_22', Group_5/sample.c:2037) [68]  (3.59 ns)

 <State 22>: 3.59ns
The critical path consists of the following:
	'fexp' operation ('tmp_22', Group_5/sample.c:2037) [68]  (3.59 ns)

 <State 23>: 3.59ns
The critical path consists of the following:
	'fexp' operation ('tmp_22', Group_5/sample.c:2037) [68]  (3.59 ns)

 <State 24>: 3.59ns
The critical path consists of the following:
	'fexp' operation ('tmp_22', Group_5/sample.c:2037) [68]  (3.59 ns)

 <State 25>: 3.59ns
The critical path consists of the following:
	'fexp' operation ('tmp_22', Group_5/sample.c:2037) [68]  (3.59 ns)

 <State 26>: 3.59ns
The critical path consists of the following:
	'fexp' operation ('tmp_22', Group_5/sample.c:2037) [68]  (3.59 ns)

 <State 27>: 3.59ns
The critical path consists of the following:
	'fexp' operation ('tmp_22', Group_5/sample.c:2037) [68]  (3.59 ns)

 <State 28>: 3.59ns
The critical path consists of the following:
	'fexp' operation ('tmp_22', Group_5/sample.c:2037) [68]  (3.59 ns)

 <State 29>: 3.59ns
The critical path consists of the following:
	'fexp' operation ('tmp_22', Group_5/sample.c:2037) [68]  (3.59 ns)

 <State 30>: 3.59ns
The critical path consists of the following:
	'fexp' operation ('tmp_22', Group_5/sample.c:2037) [68]  (3.59 ns)

 <State 31>: 3.59ns
The critical path consists of the following:
	'fexp' operation ('tmp_22', Group_5/sample.c:2037) [68]  (3.59 ns)

 <State 32>: 3.59ns
The critical path consists of the following:
	'fexp' operation ('tmp_22', Group_5/sample.c:2037) [68]  (3.59 ns)

 <State 33>: 3.59ns
The critical path consists of the following:
	'fexp' operation ('tmp_22', Group_5/sample.c:2037) [68]  (3.59 ns)

 <State 34>: 3.59ns
The critical path consists of the following:
	'fexp' operation ('tmp_22', Group_5/sample.c:2037) [68]  (3.59 ns)

 <State 35>: 3.59ns
The critical path consists of the following:
	'fexp' operation ('tmp_22', Group_5/sample.c:2037) [68]  (3.59 ns)

 <State 36>: 3.51ns
The critical path consists of the following:
	'fadd' operation ('tmp_23', Group_5/sample.c:2037) [69]  (3.51 ns)

 <State 37>: 3.51ns
The critical path consists of the following:
	'fadd' operation ('tmp_23', Group_5/sample.c:2037) [69]  (3.51 ns)

 <State 38>: 3.51ns
The critical path consists of the following:
	'fadd' operation ('tmp_23', Group_5/sample.c:2037) [69]  (3.51 ns)

 <State 39>: 3.51ns
The critical path consists of the following:
	'fadd' operation ('tmp_23', Group_5/sample.c:2037) [69]  (3.51 ns)

 <State 40>: 3.51ns
The critical path consists of the following:
	'fadd' operation ('tmp_23', Group_5/sample.c:2037) [69]  (3.51 ns)

 <State 41>: 3.51ns
The critical path consists of the following:
	'fadd' operation ('tmp_23', Group_5/sample.c:2037) [69]  (3.51 ns)

 <State 42>: 3.51ns
The critical path consists of the following:
	'fadd' operation ('tmp_23', Group_5/sample.c:2037) [69]  (3.51 ns)

 <State 43>: 3.51ns
The critical path consists of the following:
	'fadd' operation ('tmp_23', Group_5/sample.c:2037) [69]  (3.51 ns)

 <State 44>: 3.51ns
The critical path consists of the following:
	'fadd' operation ('tmp_23', Group_5/sample.c:2037) [69]  (3.51 ns)

 <State 45>: 2.67ns
The critical path consists of the following:
	'fdiv' operation ('tmp_24', Group_5/sample.c:2037) [70]  (2.67 ns)

 <State 46>: 2.67ns
The critical path consists of the following:
	'fdiv' operation ('tmp_24', Group_5/sample.c:2037) [70]  (2.67 ns)

 <State 47>: 2.67ns
The critical path consists of the following:
	'fdiv' operation ('tmp_24', Group_5/sample.c:2037) [70]  (2.67 ns)

 <State 48>: 2.67ns
The critical path consists of the following:
	'fdiv' operation ('tmp_24', Group_5/sample.c:2037) [70]  (2.67 ns)

 <State 49>: 2.67ns
The critical path consists of the following:
	'fdiv' operation ('tmp_24', Group_5/sample.c:2037) [70]  (2.67 ns)

 <State 50>: 2.67ns
The critical path consists of the following:
	'fdiv' operation ('tmp_24', Group_5/sample.c:2037) [70]  (2.67 ns)

 <State 51>: 2.67ns
The critical path consists of the following:
	'fdiv' operation ('tmp_24', Group_5/sample.c:2037) [70]  (2.67 ns)

 <State 52>: 2.67ns
The critical path consists of the following:
	'fdiv' operation ('tmp_24', Group_5/sample.c:2037) [70]  (2.67 ns)

 <State 53>: 2.67ns
The critical path consists of the following:
	'fdiv' operation ('tmp_24', Group_5/sample.c:2037) [70]  (2.67 ns)

 <State 54>: 2.67ns
The critical path consists of the following:
	'fdiv' operation ('tmp_24', Group_5/sample.c:2037) [70]  (2.67 ns)

 <State 55>: 2.67ns
The critical path consists of the following:
	'fdiv' operation ('tmp_24', Group_5/sample.c:2037) [70]  (2.67 ns)

 <State 56>: 2.67ns
The critical path consists of the following:
	'fdiv' operation ('tmp_24', Group_5/sample.c:2037) [70]  (2.67 ns)

 <State 57>: 2.67ns
The critical path consists of the following:
	'fdiv' operation ('tmp_24', Group_5/sample.c:2037) [70]  (2.67 ns)

 <State 58>: 2.67ns
The critical path consists of the following:
	'fdiv' operation ('tmp_24', Group_5/sample.c:2037) [70]  (2.67 ns)

 <State 59>: 2.67ns
The critical path consists of the following:
	'fdiv' operation ('tmp_24', Group_5/sample.c:2037) [70]  (2.67 ns)

 <State 60>: 2.67ns
The critical path consists of the following:
	'fdiv' operation ('tmp_24', Group_5/sample.c:2037) [70]  (2.67 ns)

 <State 61>: 2.67ns
The critical path consists of the following:
	'fdiv' operation ('tmp_24', Group_5/sample.c:2037) [70]  (2.67 ns)

 <State 62>: 2.67ns
The critical path consists of the following:
	'fdiv' operation ('tmp_24', Group_5/sample.c:2037) [70]  (2.67 ns)

 <State 63>: 2.67ns
The critical path consists of the following:
	'fdiv' operation ('tmp_24', Group_5/sample.c:2037) [70]  (2.67 ns)

 <State 64>: 2.67ns
The critical path consists of the following:
	'fdiv' operation ('tmp_24', Group_5/sample.c:2037) [70]  (2.67 ns)

 <State 65>: 2.67ns
The critical path consists of the following:
	'fdiv' operation ('tmp_24', Group_5/sample.c:2037) [70]  (2.67 ns)

 <State 66>: 2.67ns
The critical path consists of the following:
	'fdiv' operation ('tmp_24', Group_5/sample.c:2037) [70]  (2.67 ns)

 <State 67>: 2.67ns
The critical path consists of the following:
	'fdiv' operation ('tmp_24', Group_5/sample.c:2037) [70]  (2.67 ns)

 <State 68>: 2.67ns
The critical path consists of the following:
	'fdiv' operation ('tmp_24', Group_5/sample.c:2037) [70]  (2.67 ns)

 <State 69>: 2.67ns
The critical path consists of the following:
	'fdiv' operation ('tmp_24', Group_5/sample.c:2037) [70]  (2.67 ns)

 <State 70>: 2.67ns
The critical path consists of the following:
	'fdiv' operation ('tmp_24', Group_5/sample.c:2037) [70]  (2.67 ns)

 <State 71>: 2.67ns
The critical path consists of the following:
	'fdiv' operation ('tmp_24', Group_5/sample.c:2037) [70]  (2.67 ns)

 <State 72>: 2.67ns
The critical path consists of the following:
	'fdiv' operation ('tmp_24', Group_5/sample.c:2037) [70]  (2.67 ns)

 <State 73>: 2.67ns
The critical path consists of the following:
	'fdiv' operation ('tmp_24', Group_5/sample.c:2037) [70]  (2.67 ns)

 <State 74>: 2.67ns
The critical path consists of the following:
	'fdiv' operation ('tmp_24', Group_5/sample.c:2037) [70]  (2.67 ns)

 <State 75>: 1.75ns
The critical path consists of the following:
	'store' operation (Group_5/sample.c:2037) of variable 'tmp_24', Group_5/sample.c:2037 on array 'output_array' [71]  (1.75 ns)

 <State 76>: 1.35ns
The critical path consists of the following:
	multiplexor before 'phi' operation ('i') with incoming values : ('i', Group_5/sample.c:2007) [83]  (1.35 ns)

 <State 77>: 1.75ns
The critical path consists of the following:
	'phi' operation ('i') with incoming values : ('i', Group_5/sample.c:2007) [83]  (0 ns)
	'getelementptr' operation ('output_array_addr_1', Group_5/sample.c:2008) [90]  (0 ns)
	'load' operation ('output_array_load_1', Group_5/sample.c:2008) on array 'output_array' [91]  (1.75 ns)

 <State 78>: 2.56ns
The critical path consists of the following:
	'load' operation ('output_array_load_1', Group_5/sample.c:2008) on array 'output_array' [91]  (1.75 ns)
	'xor' operation ('tmp_29_neg', Group_5/sample.c:2008) [93]  (0.809 ns)

 <State 79>: 3.59ns
The critical path consists of the following:
	'fexp' operation ('tmp_18', Group_5/sample.c:2008) [95]  (3.59 ns)

 <State 80>: 3.59ns
The critical path consists of the following:
	'fexp' operation ('tmp_18', Group_5/sample.c:2008) [95]  (3.59 ns)

 <State 81>: 3.59ns
The critical path consists of the following:
	'fexp' operation ('tmp_18', Group_5/sample.c:2008) [95]  (3.59 ns)

 <State 82>: 3.59ns
The critical path consists of the following:
	'fexp' operation ('tmp_18', Group_5/sample.c:2008) [95]  (3.59 ns)

 <State 83>: 3.59ns
The critical path consists of the following:
	'fexp' operation ('tmp_18', Group_5/sample.c:2008) [95]  (3.59 ns)

 <State 84>: 3.59ns
The critical path consists of the following:
	'fexp' operation ('tmp_18', Group_5/sample.c:2008) [95]  (3.59 ns)

 <State 85>: 3.59ns
The critical path consists of the following:
	'fexp' operation ('tmp_18', Group_5/sample.c:2008) [95]  (3.59 ns)

 <State 86>: 3.59ns
The critical path consists of the following:
	'fexp' operation ('tmp_18', Group_5/sample.c:2008) [95]  (3.59 ns)

 <State 87>: 3.59ns
The critical path consists of the following:
	'fexp' operation ('tmp_18', Group_5/sample.c:2008) [95]  (3.59 ns)

 <State 88>: 3.59ns
The critical path consists of the following:
	'fexp' operation ('tmp_18', Group_5/sample.c:2008) [95]  (3.59 ns)

 <State 89>: 3.59ns
The critical path consists of the following:
	'fexp' operation ('tmp_18', Group_5/sample.c:2008) [95]  (3.59 ns)

 <State 90>: 3.59ns
The critical path consists of the following:
	'fexp' operation ('tmp_18', Group_5/sample.c:2008) [95]  (3.59 ns)

 <State 91>: 3.59ns
The critical path consists of the following:
	'fexp' operation ('tmp_18', Group_5/sample.c:2008) [95]  (3.59 ns)

 <State 92>: 3.59ns
The critical path consists of the following:
	'fexp' operation ('tmp_18', Group_5/sample.c:2008) [95]  (3.59 ns)

 <State 93>: 3.59ns
The critical path consists of the following:
	'fexp' operation ('tmp_18', Group_5/sample.c:2008) [95]  (3.59 ns)

 <State 94>: 3.59ns
The critical path consists of the following:
	'fexp' operation ('tmp_18', Group_5/sample.c:2008) [95]  (3.59 ns)

 <State 95>: 3.59ns
The critical path consists of the following:
	'fexp' operation ('tmp_18', Group_5/sample.c:2008) [95]  (3.59 ns)

 <State 96>: 3.59ns
The critical path consists of the following:
	'fexp' operation ('tmp_18', Group_5/sample.c:2008) [95]  (3.59 ns)

 <State 97>: 3.51ns
The critical path consists of the following:
	'fadd' operation ('tmp_19', Group_5/sample.c:2008) [96]  (3.51 ns)

 <State 98>: 3.51ns
The critical path consists of the following:
	'fadd' operation ('tmp_19', Group_5/sample.c:2008) [96]  (3.51 ns)

 <State 99>: 3.51ns
The critical path consists of the following:
	'fadd' operation ('tmp_19', Group_5/sample.c:2008) [96]  (3.51 ns)

 <State 100>: 3.51ns
The critical path consists of the following:
	'fadd' operation ('tmp_19', Group_5/sample.c:2008) [96]  (3.51 ns)

 <State 101>: 3.51ns
The critical path consists of the following:
	'fadd' operation ('tmp_19', Group_5/sample.c:2008) [96]  (3.51 ns)

 <State 102>: 3.51ns
The critical path consists of the following:
	'fadd' operation ('tmp_19', Group_5/sample.c:2008) [96]  (3.51 ns)

 <State 103>: 3.51ns
The critical path consists of the following:
	'fadd' operation ('tmp_19', Group_5/sample.c:2008) [96]  (3.51 ns)

 <State 104>: 3.51ns
The critical path consists of the following:
	'fadd' operation ('tmp_19', Group_5/sample.c:2008) [96]  (3.51 ns)

 <State 105>: 3.51ns
The critical path consists of the following:
	'fadd' operation ('tmp_19', Group_5/sample.c:2008) [96]  (3.51 ns)

 <State 106>: 2.67ns
The critical path consists of the following:
	'fdiv' operation ('tmp_20', Group_5/sample.c:2008) [97]  (2.67 ns)

 <State 107>: 2.67ns
The critical path consists of the following:
	'fdiv' operation ('tmp_20', Group_5/sample.c:2008) [97]  (2.67 ns)

 <State 108>: 2.67ns
The critical path consists of the following:
	'fdiv' operation ('tmp_20', Group_5/sample.c:2008) [97]  (2.67 ns)

 <State 109>: 2.67ns
The critical path consists of the following:
	'fdiv' operation ('tmp_20', Group_5/sample.c:2008) [97]  (2.67 ns)

 <State 110>: 2.67ns
The critical path consists of the following:
	'fdiv' operation ('tmp_20', Group_5/sample.c:2008) [97]  (2.67 ns)

 <State 111>: 2.67ns
The critical path consists of the following:
	'fdiv' operation ('tmp_20', Group_5/sample.c:2008) [97]  (2.67 ns)

 <State 112>: 2.67ns
The critical path consists of the following:
	'fdiv' operation ('tmp_20', Group_5/sample.c:2008) [97]  (2.67 ns)

 <State 113>: 2.67ns
The critical path consists of the following:
	'fdiv' operation ('tmp_20', Group_5/sample.c:2008) [97]  (2.67 ns)

 <State 114>: 2.67ns
The critical path consists of the following:
	'fdiv' operation ('tmp_20', Group_5/sample.c:2008) [97]  (2.67 ns)

 <State 115>: 2.67ns
The critical path consists of the following:
	'fdiv' operation ('tmp_20', Group_5/sample.c:2008) [97]  (2.67 ns)

 <State 116>: 2.67ns
The critical path consists of the following:
	'fdiv' operation ('tmp_20', Group_5/sample.c:2008) [97]  (2.67 ns)

 <State 117>: 2.67ns
The critical path consists of the following:
	'fdiv' operation ('tmp_20', Group_5/sample.c:2008) [97]  (2.67 ns)

 <State 118>: 2.67ns
The critical path consists of the following:
	'fdiv' operation ('tmp_20', Group_5/sample.c:2008) [97]  (2.67 ns)

 <State 119>: 2.67ns
The critical path consists of the following:
	'fdiv' operation ('tmp_20', Group_5/sample.c:2008) [97]  (2.67 ns)

 <State 120>: 2.67ns
The critical path consists of the following:
	'fdiv' operation ('tmp_20', Group_5/sample.c:2008) [97]  (2.67 ns)

 <State 121>: 2.67ns
The critical path consists of the following:
	'fdiv' operation ('tmp_20', Group_5/sample.c:2008) [97]  (2.67 ns)

 <State 122>: 2.67ns
The critical path consists of the following:
	'fdiv' operation ('tmp_20', Group_5/sample.c:2008) [97]  (2.67 ns)

 <State 123>: 2.67ns
The critical path consists of the following:
	'fdiv' operation ('tmp_20', Group_5/sample.c:2008) [97]  (2.67 ns)

 <State 124>: 2.67ns
The critical path consists of the following:
	'fdiv' operation ('tmp_20', Group_5/sample.c:2008) [97]  (2.67 ns)

 <State 125>: 2.67ns
The critical path consists of the following:
	'fdiv' operation ('tmp_20', Group_5/sample.c:2008) [97]  (2.67 ns)

 <State 126>: 2.67ns
The critical path consists of the following:
	'fdiv' operation ('tmp_20', Group_5/sample.c:2008) [97]  (2.67 ns)

 <State 127>: 2.67ns
The critical path consists of the following:
	'fdiv' operation ('tmp_20', Group_5/sample.c:2008) [97]  (2.67 ns)

 <State 128>: 2.67ns
The critical path consists of the following:
	'fdiv' operation ('tmp_20', Group_5/sample.c:2008) [97]  (2.67 ns)

 <State 129>: 2.67ns
The critical path consists of the following:
	'fdiv' operation ('tmp_20', Group_5/sample.c:2008) [97]  (2.67 ns)

 <State 130>: 2.67ns
The critical path consists of the following:
	'fdiv' operation ('tmp_20', Group_5/sample.c:2008) [97]  (2.67 ns)

 <State 131>: 2.67ns
The critical path consists of the following:
	'fdiv' operation ('tmp_20', Group_5/sample.c:2008) [97]  (2.67 ns)

 <State 132>: 2.67ns
The critical path consists of the following:
	'fdiv' operation ('tmp_20', Group_5/sample.c:2008) [97]  (2.67 ns)

 <State 133>: 2.67ns
The critical path consists of the following:
	'fdiv' operation ('tmp_20', Group_5/sample.c:2008) [97]  (2.67 ns)

 <State 134>: 2.67ns
The critical path consists of the following:
	'fdiv' operation ('tmp_20', Group_5/sample.c:2008) [97]  (2.67 ns)

 <State 135>: 2.67ns
The critical path consists of the following:
	'fdiv' operation ('tmp_20', Group_5/sample.c:2008) [97]  (2.67 ns)

 <State 136>: 1.75ns
The critical path consists of the following:
	'store' operation (Group_5/sample.c:2008) of variable 'tmp_20', Group_5/sample.c:2008 on array 'output_array' [98]  (1.75 ns)


============================================================
+ Verbose Summary: Binding
============================================================
N/A
* FSMD analyzer results:
  - Output states:
 - Input state : 
  - Chain level:
	State 1
	State 2
	State 3
	State 4
	State 5
	State 6
	State 7
	State 8
	State 9
	State 10
	State 11
	State 12
	State 13
	State 14
	State 15
	State 16
	State 17
	State 18
	State 19
	State 20
	State 21
	State 22
	State 23
	State 24
	State 25
	State 26
	State 27
	State 28
	State 29
	State 30
	State 31
	State 32
	State 33
	State 34
	State 35
	State 36
	State 37
	State 38
	State 39
	State 40
	State 41
	State 42
	State 43
	State 44
	State 45
	State 46
	State 47
	State 48
	State 49
	State 50
	State 51
	State 52
	State 53
	State 54
	State 55
	State 56
	State 57
	State 58
	State 59
	State 60
	State 61
	State 62
	State 63
	State 64
	State 65
	State 66
	State 67
	State 68
	State 69
	State 70
	State 71
	State 72
	State 73
	State 74
	State 75
	State 76
	State 77
	State 78
	State 79
	State 80
	State 81
	State 82
	State 83
	State 84
	State 85
	State 86
	State 87
	State 88
	State 89
	State 90
	State 91
	State 92
	State 93
	State 94
	State 95
	State 96
	State 97
	State 98
	State 99
	State 100
	State 101
	State 102
	State 103
	State 104
	State 105
	State 106
	State 107
	State 108
	State 109
	State 110
	State 111
	State 112
	State 113
	State 114
	State 115
	State 116
	State 117
	State 118
	State 119
	State 120
	State 121
	State 122
	State 123
	State 124
	State 125
	State 126
	State 127
	State 128
	State 129
	State 130
	State 131
	State 132
	State 133
	State 134
	State 135
	State 136


============================================================
+ Verbose Summary: Datapath Resource usage 
============================================================
N/A
