

================================================================
== Vivado HLS Report for 'k2c_affine_matmul_1'
================================================================
* Date:           Tue Apr 23 22:52:47 2024

* Version:        2018.2 (Build 2258646 on Thu Jun 14 20:25:20 MDT 2018)
* Project:        Group_5
* Solution:       Latency_2
* Product family: artix7
* Target device:  xc7a200tfbg676-2


================================================================
== Performance Estimates
================================================================
+ Timing (ns): 
    * Summary: 
    +--------+-------+----------+------------+
    |  Clock | Target| Estimated| Uncertainty|
    +--------+-------+----------+------------+
    |ap_clk  |   5.00|     4.588|        0.62|
    +--------+-------+----------+------------+

+ Latency (clock cycles): 
    * Summary: 
    +-----+-----+-----+-----+---------+
    |  Latency  |  Interval | Pipeline|
    | min | max | min | max |   Type  |
    +-----+-----+-----+-----+---------+
    |    ?|    ?|    ?|    ?|   none  |
    +-----+-----+-----+-----+---------+

    + Detail: 
        * Instance: 
        N/A

        * Loop: 
        +-----------------+-------+-------+----------+-----------+-----------+------+----------+
        |                 |    Latency    | Iteration|  Initiation Interval  | Trip |          |
        |    Loop Name    |  min  |  max  |  Latency |  achieved |   target  | Count| Pipelined|
        +-----------------+-------+-------+----------+-----------+-----------+------+----------+
        |- Loop 1         |      ?|      ?|    132261|          -|          -|     ?|    no    |
        | + Loop 1.1      |  33064|  33064|      8266|          -|          -|     4|    no    |
        |  ++ Loop 1.1.1  |   1031|   1031|        16|          8|          2|   128|    yes   |
        |  ++ Loop 1.1.2  |   1030|   1030|        15|          8|          2|   128|    yes   |
        |  ++ Loop 1.1.3  |   1030|   1030|        15|          8|          2|   128|    yes   |
        |  ++ Loop 1.1.4  |   1030|   1030|        15|          8|          2|   128|    yes   |
        |  ++ Loop 1.1.5  |   1030|   1030|        15|          8|          2|   128|    yes   |
        |  ++ Loop 1.1.6  |   1030|   1030|        15|          8|          2|   128|    yes   |
        |  ++ Loop 1.1.7  |   1030|   1030|        15|          8|          2|   128|    yes   |
        |  ++ Loop 1.1.8  |   1030|   1030|        15|          8|          2|   128|    yes   |
        | + Loop 1.2      |  33064|  33064|      8266|          -|          -|     4|    no    |
        |  ++ Loop 1.2.1  |   1031|   1031|        16|          8|          2|   128|    yes   |
        |  ++ Loop 1.2.2  |   1030|   1030|        15|          8|          2|   128|    yes   |
        |  ++ Loop 1.2.3  |   1030|   1030|        15|          8|          2|   128|    yes   |
        |  ++ Loop 1.2.4  |   1030|   1030|        15|          8|          2|   128|    yes   |
        |  ++ Loop 1.2.5  |   1030|   1030|        15|          8|          2|   128|    yes   |
        |  ++ Loop 1.2.6  |   1030|   1030|        15|          8|          2|   128|    yes   |
        |  ++ Loop 1.2.7  |   1030|   1030|        15|          8|          2|   128|    yes   |
        |  ++ Loop 1.2.8  |   1030|   1030|        15|          8|          2|   128|    yes   |
        | + Loop 1.3      |  33064|  33064|      8266|          -|          -|     4|    no    |
        |  ++ Loop 1.3.1  |   1031|   1031|        16|          8|          2|   128|    yes   |
        |  ++ Loop 1.3.2  |   1030|   1030|        15|          8|          2|   128|    yes   |
        |  ++ Loop 1.3.3  |   1030|   1030|        15|          8|          2|   128|    yes   |
        |  ++ Loop 1.3.4  |   1030|   1030|        15|          8|          2|   128|    yes   |
        |  ++ Loop 1.3.5  |   1030|   1030|        15|          8|          2|   128|    yes   |
        |  ++ Loop 1.3.6  |   1030|   1030|        15|          8|          2|   128|    yes   |
        |  ++ Loop 1.3.7  |   1030|   1030|        15|          8|          2|   128|    yes   |
        |  ++ Loop 1.3.8  |   1030|   1030|        15|          8|          2|   128|    yes   |
        | + Loop 1.4      |  33064|  33064|      8266|          -|          -|     4|    no    |
        |  ++ Loop 1.4.1  |   1031|   1031|        16|          8|          2|   128|    yes   |
        |  ++ Loop 1.4.2  |   1030|   1030|        15|          8|          2|   128|    yes   |
        |  ++ Loop 1.4.3  |   1030|   1030|        15|          8|          2|   128|    yes   |
        |  ++ Loop 1.4.4  |   1030|   1030|        15|          8|          2|   128|    yes   |
        |  ++ Loop 1.4.5  |   1030|   1030|        15|          8|          2|   128|    yes   |
        |  ++ Loop 1.4.6  |   1030|   1030|        15|          8|          2|   128|    yes   |
        |  ++ Loop 1.4.7  |   1030|   1030|        15|          8|          2|   128|    yes   |
        |  ++ Loop 1.4.8  |   1030|   1030|        15|          8|          2|   128|    yes   |
        +-----------------+-------+-------+----------+-----------+-----------+------+----------+



================================================================
== Utilization Estimates
================================================================
* Summary: 
+-----------------+---------+-------+--------+--------+
|       Name      | BRAM_18K| DSP48E|   FF   |   LUT  |
+-----------------+---------+-------+--------+--------+
|DSP              |        -|      -|       -|       -|
|Expression       |        -|      -|       0|    1889|
|FIFO             |        -|      -|       -|       -|
|Instance         |        -|      3|     524|    1832|
|Memory           |        8|      -|       0|       0|
|Multiplexer      |        -|      -|       -|    5173|
|Register         |        -|      -|    3619|       -|
+-----------------+---------+-------+--------+--------+
|Total            |        8|      3|    4143|    8894|
+-----------------+---------+-------+--------+--------+
|Available        |      730|    740|  269200|  129000|
+-----------------+---------+-------+--------+--------+
|Utilization (%)  |        1|   ~0  |       1|       6|
+-----------------+---------+-------+--------+--------+

+ Detail: 
    * Instance: 
    +---------------------------+----------------------+---------+-------+-----+-----+
    |          Instance         |        Module        | BRAM_18K| DSP48E|  FF | LUT |
    +---------------------------+----------------------+---------+-------+-----+-----+
    |sample_fadd_32ns_Ee0_U219  |sample_fadd_32ns_Ee0  |        0|      0|  373|  376|
    |sample_fmul_32ns_pcA_U220  |sample_fmul_32ns_pcA  |        0|      3|  151|  144|
    |sample_mux_864_32rcU_U221  |sample_mux_864_32rcU  |        0|      0|    0|   41|
    |sample_mux_864_32rcU_U222  |sample_mux_864_32rcU  |        0|      0|    0|   41|
    |sample_mux_864_32rcU_U223  |sample_mux_864_32rcU  |        0|      0|    0|   41|
    |sample_mux_864_32rcU_U224  |sample_mux_864_32rcU  |        0|      0|    0|   41|
    |sample_mux_864_32rcU_U225  |sample_mux_864_32rcU  |        0|      0|    0|   41|
    |sample_mux_864_32rcU_U226  |sample_mux_864_32rcU  |        0|      0|    0|   41|
    |sample_mux_864_32rcU_U227  |sample_mux_864_32rcU  |        0|      0|    0|   41|
    |sample_mux_864_32rcU_U228  |sample_mux_864_32rcU  |        0|      0|    0|   41|
    |sample_mux_864_32rcU_U229  |sample_mux_864_32rcU  |        0|      0|    0|   41|
    |sample_mux_864_32rcU_U230  |sample_mux_864_32rcU  |        0|      0|    0|   41|
    |sample_mux_864_32rcU_U231  |sample_mux_864_32rcU  |        0|      0|    0|   41|
    |sample_mux_864_32rcU_U232  |sample_mux_864_32rcU  |        0|      0|    0|   41|
    |sample_mux_864_32rcU_U233  |sample_mux_864_32rcU  |        0|      0|    0|   41|
    |sample_mux_864_32rcU_U234  |sample_mux_864_32rcU  |        0|      0|    0|   41|
    |sample_mux_864_32rcU_U235  |sample_mux_864_32rcU  |        0|      0|    0|   41|
    |sample_mux_864_32rcU_U236  |sample_mux_864_32rcU  |        0|      0|    0|   41|
    |sample_mux_864_32rcU_U237  |sample_mux_864_32rcU  |        0|      0|    0|   41|
    |sample_mux_864_32rcU_U238  |sample_mux_864_32rcU  |        0|      0|    0|   41|
    |sample_mux_864_32rcU_U239  |sample_mux_864_32rcU  |        0|      0|    0|   41|
    |sample_mux_864_32rcU_U240  |sample_mux_864_32rcU  |        0|      0|    0|   41|
    |sample_mux_864_32rcU_U241  |sample_mux_864_32rcU  |        0|      0|    0|   41|
    |sample_mux_864_32rcU_U242  |sample_mux_864_32rcU  |        0|      0|    0|   41|
    |sample_mux_864_32rcU_U243  |sample_mux_864_32rcU  |        0|      0|    0|   41|
    |sample_mux_864_32rcU_U244  |sample_mux_864_32rcU  |        0|      0|    0|   41|
    |sample_mux_864_32rcU_U245  |sample_mux_864_32rcU  |        0|      0|    0|   41|
    |sample_mux_864_32rcU_U246  |sample_mux_864_32rcU  |        0|      0|    0|   41|
    |sample_mux_864_32rcU_U247  |sample_mux_864_32rcU  |        0|      0|    0|   41|
    |sample_mux_864_32rcU_U248  |sample_mux_864_32rcU  |        0|      0|    0|   41|
    |sample_mux_864_32rcU_U249  |sample_mux_864_32rcU  |        0|      0|    0|   41|
    |sample_mux_864_32rcU_U250  |sample_mux_864_32rcU  |        0|      0|    0|   41|
    |sample_mux_864_32rcU_U251  |sample_mux_864_32rcU  |        0|      0|    0|   41|
    |sample_mux_864_32rcU_U252  |sample_mux_864_32rcU  |        0|      0|    0|   41|
    +---------------------------+----------------------+---------+-------+-----+-----+
    |Total                      |                      |        0|      3|  524| 1832|
    +---------------------------+----------------------+---------+-------+-----+-----+

    * DSP48: 
    N/A

    * Memory: 
    +--------------------------+----------------------+---------+---+----+------+-----+------+-------------+
    |          Memory          |        Module        | BRAM_18K| FF| LUT| Words| Bits| Banks| W*Bits*Banks|
    +--------------------------+----------------------+---------+---+----+------+-----+------+-------------+
    |dense_14_kernel_arra_U    |k2c_dot_1_dense_1KfY  |        1|  0|   0|   512|   32|     1|        16384|
    |dense_14_kernel_arra_7_U  |k2c_dot_1_dense_1Lf8  |        1|  0|   0|   512|   32|     1|        16384|
    |dense_14_kernel_arra_6_U  |k2c_dot_1_dense_1Mgi  |        1|  0|   0|   512|   32|     1|        16384|
    |dense_14_kernel_arra_5_U  |k2c_dot_1_dense_1Ngs  |        1|  0|   0|   512|   32|     1|        16384|
    |dense_14_kernel_arra_4_U  |k2c_dot_1_dense_1OgC  |        1|  0|   0|   512|   32|     1|        16384|
    |dense_14_kernel_arra_3_U  |k2c_dot_1_dense_1PgM  |        1|  0|   0|   512|   32|     1|        16384|
    |dense_14_kernel_arra_2_U  |k2c_dot_1_dense_1QgW  |        1|  0|   0|   512|   32|     1|        16384|
    |dense_14_kernel_arra_1_U  |k2c_dot_1_dense_1Rg6  |        1|  0|   0|   512|   32|     1|        16384|
    +--------------------------+----------------------+---------+---+----+------+-----+------+-------------+
    |Total                     |                      |        8|  0|   0|  4096|  256|     8|       131072|
    +--------------------------+----------------------+---------+---+----+------+-----+------+-------------+

    * FIFO: 
    N/A

    * Expression: 
    +--------------------------+----------+-------+---+----+------------+------------+
    |       Variable Name      | Operation| DSP48E| FF| LUT| Bitwidth P0| Bitwidth P1|
    +--------------------------+----------+-------+---+----+------------+------------+
    |i_33_3_fu_6470_p2         |     +    |      0|  0|  71|          64|           3|
    |j_14_0_7_fu_4762_p2       |     +    |      0|  0|  15|           6|           4|
    |j_14_1_7_fu_5600_p2       |     +    |      0|  0|  15|           6|           4|
    |j_14_2_7_fu_6453_p2       |     +    |      0|  0|  15|           6|           4|
    |j_14_3_7_fu_7319_p2       |     +    |      0|  0|  15|           6|           4|
    |k_2_0_1_fu_4149_p2        |     +    |      0|  0|  15|           8|           1|
    |k_2_0_2_fu_4244_p2        |     +    |      0|  0|  15|           8|           1|
    |k_2_0_3_fu_4333_p2        |     +    |      0|  0|  15|           8|           1|
    |k_2_0_4_fu_4422_p2        |     +    |      0|  0|  15|           8|           1|
    |k_2_0_5_fu_4511_p2        |     +    |      0|  0|  15|           8|           1|
    |k_2_0_6_fu_4600_p2        |     +    |      0|  0|  15|           8|           1|
    |k_2_0_7_fu_4689_p2        |     +    |      0|  0|  15|           8|           1|
    |k_2_1_1_fu_4937_p2        |     +    |      0|  0|  15|           8|           1|
    |k_2_1_2_fu_5046_p2        |     +    |      0|  0|  15|           8|           1|
    |k_2_1_3_fu_5141_p2        |     +    |      0|  0|  15|           8|           1|
    |k_2_1_4_fu_5236_p2        |     +    |      0|  0|  15|           8|           1|
    |k_2_1_5_fu_5331_p2        |     +    |      0|  0|  15|           8|           1|
    |k_2_1_6_fu_5426_p2        |     +    |      0|  0|  15|           8|           1|
    |k_2_1_7_fu_5521_p2        |     +    |      0|  0|  15|           8|           1|
    |k_2_1_fu_4808_p2          |     +    |      0|  0|  15|           8|           1|
    |k_2_2_1_fu_5776_p2        |     +    |      0|  0|  15|           8|           1|
    |k_2_2_2_fu_5887_p2        |     +    |      0|  0|  15|           8|           1|
    |k_2_2_3_fu_5984_p2        |     +    |      0|  0|  15|           8|           1|
    |k_2_2_4_fu_6081_p2        |     +    |      0|  0|  15|           8|           1|
    |k_2_2_5_fu_6178_p2        |     +    |      0|  0|  15|           8|           1|
    |k_2_2_6_fu_6275_p2        |     +    |      0|  0|  15|           8|           1|
    |k_2_2_7_fu_6372_p2        |     +    |      0|  0|  15|           8|           1|
    |k_2_2_fu_5642_p2          |     +    |      0|  0|  15|           8|           1|
    |k_2_3_1_fu_6628_p2        |     +    |      0|  0|  15|           8|           1|
    |k_2_3_2_fu_6741_p2        |     +    |      0|  0|  15|           8|           1|
    |k_2_3_3_fu_6840_p2        |     +    |      0|  0|  15|           8|           1|
    |k_2_3_4_fu_6939_p2        |     +    |      0|  0|  15|           8|           1|
    |k_2_3_5_fu_7038_p2        |     +    |      0|  0|  15|           8|           1|
    |k_2_3_6_fu_7137_p2        |     +    |      0|  0|  15|           8|           1|
    |k_2_3_7_fu_7236_p2        |     +    |      0|  0|  15|           8|           1|
    |k_2_3_fu_6490_p2          |     +    |      0|  0|  15|           8|           1|
    |k_2_fu_4031_p2            |     +    |      0|  0|  15|           8|           1|
    |sum2_1_fu_4901_p2         |     +    |      0|  0|  15|           7|           6|
    |sum8_1_fu_4846_p2         |     +    |      0|  0|  19|          12|          12|
    |sum8_2_fu_5674_p2         |     +    |      0|  0|  19|          12|          12|
    |sum8_3_fu_6528_p2         |     +    |      0|  0|  19|          12|          12|
    |sum8_fu_4063_p2           |     +    |      0|  0|  19|          12|          12|
    |exitcond1_1_fu_4768_p2    |   icmp   |      0|  0|  11|           6|           7|
    |exitcond1_2_fu_5606_p2    |   icmp   |      0|  0|  11|           6|           7|
    |exitcond1_3_fu_6459_p2    |   icmp   |      0|  0|  11|           6|           7|
    |exitcond1_fu_3995_p2      |   icmp   |      0|  0|  11|           6|           7|
    |exitcond2_1_fu_4012_p2    |   icmp   |      0|  0|  29|          64|          64|
    |exitcond2_2_fu_4785_p2    |   icmp   |      0|  0|  29|          64|          64|
    |exitcond2_3_fu_5623_p2    |   icmp   |      0|  0|  29|          64|          64|
    |exitcond2_fu_3990_p2      |   icmp   |      0|  0|  29|          64|          64|
    |exitcond_0_1_fu_4143_p2   |   icmp   |      0|  0|  13|           8|           9|
    |exitcond_0_2_fu_4238_p2   |   icmp   |      0|  0|  13|           8|           9|
    |exitcond_0_3_fu_4327_p2   |   icmp   |      0|  0|  13|           8|           9|
    |exitcond_0_4_fu_4416_p2   |   icmp   |      0|  0|  13|           8|           9|
    |exitcond_0_5_fu_4505_p2   |   icmp   |      0|  0|  13|           8|           9|
    |exitcond_0_6_fu_4594_p2   |   icmp   |      0|  0|  13|           8|           9|
    |exitcond_0_7_fu_4683_p2   |   icmp   |      0|  0|  13|           8|           9|
    |exitcond_1_1_fu_4931_p2   |   icmp   |      0|  0|  13|           8|           9|
    |exitcond_1_2_fu_5040_p2   |   icmp   |      0|  0|  13|           8|           9|
    |exitcond_1_3_fu_5135_p2   |   icmp   |      0|  0|  13|           8|           9|
    |exitcond_1_4_fu_5230_p2   |   icmp   |      0|  0|  13|           8|           9|
    |exitcond_1_5_fu_5325_p2   |   icmp   |      0|  0|  13|           8|           9|
    |exitcond_1_6_fu_5420_p2   |   icmp   |      0|  0|  13|           8|           9|
    |exitcond_1_7_fu_5515_p2   |   icmp   |      0|  0|  13|           8|           9|
    |exitcond_1_fu_4802_p2     |   icmp   |      0|  0|  13|           8|           9|
    |exitcond_2_1_fu_5770_p2   |   icmp   |      0|  0|  13|           8|           9|
    |exitcond_2_2_fu_5881_p2   |   icmp   |      0|  0|  13|           8|           9|
    |exitcond_2_3_fu_5978_p2   |   icmp   |      0|  0|  13|           8|           9|
    |exitcond_2_4_fu_6075_p2   |   icmp   |      0|  0|  13|           8|           9|
    |exitcond_2_5_fu_6172_p2   |   icmp   |      0|  0|  13|           8|           9|
    |exitcond_2_6_fu_6269_p2   |   icmp   |      0|  0|  13|           8|           9|
    |exitcond_2_7_fu_6366_p2   |   icmp   |      0|  0|  13|           8|           9|
    |exitcond_2_fu_5636_p2     |   icmp   |      0|  0|  13|           8|           9|
    |exitcond_3_1_fu_6622_p2   |   icmp   |      0|  0|  13|           8|           9|
    |exitcond_3_2_fu_6735_p2   |   icmp   |      0|  0|  13|           8|           9|
    |exitcond_3_3_fu_6834_p2   |   icmp   |      0|  0|  13|           8|           9|
    |exitcond_3_4_fu_6933_p2   |   icmp   |      0|  0|  13|           8|           9|
    |exitcond_3_5_fu_7032_p2   |   icmp   |      0|  0|  13|           8|           9|
    |exitcond_3_6_fu_7131_p2   |   icmp   |      0|  0|  13|           8|           9|
    |exitcond_3_7_fu_7230_p2   |   icmp   |      0|  0|  13|           8|           9|
    |exitcond_3_fu_6484_p2     |   icmp   |      0|  0|  13|           8|           9|
    |exitcond_fu_4025_p2       |   icmp   |      0|  0|  13|           8|           9|
    |i_33_6_fu_4779_p2         |    or    |      0|  0|  64|          64|           2|
    |i_33_7_fu_5617_p2         |    or    |      0|  0|  64|          64|           2|
    |i_33_s_fu_4006_p2         |    or    |      0|  0|  64|          64|           1|
    |j_14_0_1_fu_4584_p2       |    or    |      0|  0|   5|           5|           3|
    |j_14_0_2_fu_4673_p2       |    or    |      0|  0|   5|           5|           3|
    |j_14_0_5_fu_4223_p2       |    or    |      0|  0|   5|           5|           2|
    |j_14_0_6_fu_4317_p2       |    or    |      0|  0|   5|           5|           2|
    |j_14_0_8_fu_4406_p2       |    or    |      0|  0|   5|           5|           3|
    |j_14_0_9_fu_4495_p2       |    or    |      0|  0|   5|           5|           3|
    |j_14_0_s_fu_4118_p2       |    or    |      0|  0|   5|           5|           1|
    |j_14_1_1_fu_5410_p2       |    or    |      0|  0|   5|           5|           3|
    |j_14_1_2_fu_5505_p2       |    or    |      0|  0|   5|           5|           3|
    |j_14_1_5_fu_5017_p2       |    or    |      0|  0|   5|           5|           2|
    |j_14_1_6_fu_5125_p2       |    or    |      0|  0|   5|           5|           2|
    |j_14_1_8_fu_5220_p2       |    or    |      0|  0|   5|           5|           3|
    |j_14_1_9_fu_5315_p2       |    or    |      0|  0|   5|           5|           3|
    |j_14_1_s_fu_4921_p2       |    or    |      0|  0|   5|           5|           1|
    |j_14_2_1_fu_6259_p2       |    or    |      0|  0|   5|           5|           3|
    |j_14_2_2_fu_6356_p2       |    or    |      0|  0|   5|           5|           3|
    |j_14_2_5_fu_5858_p2       |    or    |      0|  0|   5|           5|           2|
    |j_14_2_6_fu_5968_p2       |    or    |      0|  0|   5|           5|           2|
    |j_14_2_8_fu_6065_p2       |    or    |      0|  0|   5|           5|           3|
    |j_14_2_9_fu_6162_p2       |    or    |      0|  0|   5|           5|           3|
    |j_14_2_s_fu_5737_p2       |    or    |      0|  0|   5|           5|           1|
    |j_14_3_1_fu_7121_p2       |    or    |      0|  0|   5|           5|           3|
    |j_14_3_2_fu_7220_p2       |    or    |      0|  0|   5|           5|           3|
    |j_14_3_5_fu_6712_p2       |    or    |      0|  0|   5|           5|           2|
    |j_14_3_6_fu_6824_p2       |    or    |      0|  0|   5|           5|           2|
    |j_14_3_8_fu_6923_p2       |    or    |      0|  0|   5|           5|           3|
    |j_14_3_9_fu_7022_p2       |    or    |      0|  0|   5|           5|           3|
    |j_14_3_s_fu_6587_p2       |    or    |      0|  0|   5|           5|           1|
    |ap_enable_pp0             |    xor   |      0|  0|   2|           1|           2|
    |ap_enable_pp1             |    xor   |      0|  0|   2|           1|           2|
    |ap_enable_pp10            |    xor   |      0|  0|   2|           1|           2|
    |ap_enable_pp11            |    xor   |      0|  0|   2|           1|           2|
    |ap_enable_pp12            |    xor   |      0|  0|   2|           1|           2|
    |ap_enable_pp13            |    xor   |      0|  0|   2|           1|           2|
    |ap_enable_pp14            |    xor   |      0|  0|   2|           1|           2|
    |ap_enable_pp15            |    xor   |      0|  0|   2|           1|           2|
    |ap_enable_pp16            |    xor   |      0|  0|   2|           1|           2|
    |ap_enable_pp17            |    xor   |      0|  0|   2|           1|           2|
    |ap_enable_pp18            |    xor   |      0|  0|   2|           1|           2|
    |ap_enable_pp19            |    xor   |      0|  0|   2|           1|           2|
    |ap_enable_pp2             |    xor   |      0|  0|   2|           1|           2|
    |ap_enable_pp20            |    xor   |      0|  0|   2|           1|           2|
    |ap_enable_pp21            |    xor   |      0|  0|   2|           1|           2|
    |ap_enable_pp22            |    xor   |      0|  0|   2|           1|           2|
    |ap_enable_pp23            |    xor   |      0|  0|   2|           1|           2|
    |ap_enable_pp24            |    xor   |      0|  0|   2|           1|           2|
    |ap_enable_pp25            |    xor   |      0|  0|   2|           1|           2|
    |ap_enable_pp26            |    xor   |      0|  0|   2|           1|           2|
    |ap_enable_pp27            |    xor   |      0|  0|   2|           1|           2|
    |ap_enable_pp28            |    xor   |      0|  0|   2|           1|           2|
    |ap_enable_pp29            |    xor   |      0|  0|   2|           1|           2|
    |ap_enable_pp3             |    xor   |      0|  0|   2|           1|           2|
    |ap_enable_pp30            |    xor   |      0|  0|   2|           1|           2|
    |ap_enable_pp31            |    xor   |      0|  0|   2|           1|           2|
    |ap_enable_pp4             |    xor   |      0|  0|   2|           1|           2|
    |ap_enable_pp5             |    xor   |      0|  0|   2|           1|           2|
    |ap_enable_pp6             |    xor   |      0|  0|   2|           1|           2|
    |ap_enable_pp7             |    xor   |      0|  0|   2|           1|           2|
    |ap_enable_pp8             |    xor   |      0|  0|   2|           1|           2|
    |ap_enable_pp9             |    xor   |      0|  0|   2|           1|           2|
    |ap_enable_reg_pp0_iter1   |    xor   |      0|  0|   2|           2|           1|
    |ap_enable_reg_pp10_iter1  |    xor   |      0|  0|   2|           2|           1|
    |ap_enable_reg_pp11_iter1  |    xor   |      0|  0|   2|           2|           1|
    |ap_enable_reg_pp12_iter1  |    xor   |      0|  0|   2|           2|           1|
    |ap_enable_reg_pp13_iter1  |    xor   |      0|  0|   2|           2|           1|
    |ap_enable_reg_pp14_iter1  |    xor   |      0|  0|   2|           2|           1|
    |ap_enable_reg_pp15_iter1  |    xor   |      0|  0|   2|           2|           1|
    |ap_enable_reg_pp16_iter1  |    xor   |      0|  0|   2|           2|           1|
    |ap_enable_reg_pp17_iter1  |    xor   |      0|  0|   2|           2|           1|
    |ap_enable_reg_pp18_iter1  |    xor   |      0|  0|   2|           2|           1|
    |ap_enable_reg_pp19_iter1  |    xor   |      0|  0|   2|           2|           1|
    |ap_enable_reg_pp1_iter1   |    xor   |      0|  0|   2|           2|           1|
    |ap_enable_reg_pp20_iter1  |    xor   |      0|  0|   2|           2|           1|
    |ap_enable_reg_pp21_iter1  |    xor   |      0|  0|   2|           2|           1|
    |ap_enable_reg_pp22_iter1  |    xor   |      0|  0|   2|           2|           1|
    |ap_enable_reg_pp23_iter1  |    xor   |      0|  0|   2|           2|           1|
    |ap_enable_reg_pp24_iter1  |    xor   |      0|  0|   2|           2|           1|
    |ap_enable_reg_pp25_iter1  |    xor   |      0|  0|   2|           2|           1|
    |ap_enable_reg_pp26_iter1  |    xor   |      0|  0|   2|           2|           1|
    |ap_enable_reg_pp27_iter1  |    xor   |      0|  0|   2|           2|           1|
    |ap_enable_reg_pp28_iter1  |    xor   |      0|  0|   2|           2|           1|
    |ap_enable_reg_pp29_iter1  |    xor   |      0|  0|   2|           2|           1|
    |ap_enable_reg_pp2_iter1   |    xor   |      0|  0|   2|           2|           1|
    |ap_enable_reg_pp30_iter1  |    xor   |      0|  0|   2|           2|           1|
    |ap_enable_reg_pp31_iter1  |    xor   |      0|  0|   2|           2|           1|
    |ap_enable_reg_pp3_iter1   |    xor   |      0|  0|   2|           2|           1|
    |ap_enable_reg_pp4_iter1   |    xor   |      0|  0|   2|           2|           1|
    |ap_enable_reg_pp5_iter1   |    xor   |      0|  0|   2|           2|           1|
    |ap_enable_reg_pp6_iter1   |    xor   |      0|  0|   2|           2|           1|
    |ap_enable_reg_pp7_iter1   |    xor   |      0|  0|   2|           2|           1|
    |ap_enable_reg_pp8_iter1   |    xor   |      0|  0|   2|           2|           1|
    |ap_enable_reg_pp9_iter1   |    xor   |      0|  0|   2|           2|           1|
    |sum2_3_fu_6597_p2         |    xor   |      0|  0|   7|           6|           7|
    |sum5_1_1_fu_4947_p2       |    xor   |      0|  0|   9|           8|           9|
    |sum5_1_2_fu_5056_p2       |    xor   |      0|  0|   9|           8|           9|
    |sum5_1_3_fu_5151_p2       |    xor   |      0|  0|   9|           8|           9|
    |sum5_1_4_fu_5246_p2       |    xor   |      0|  0|   9|           8|           9|
    |sum5_1_5_fu_5341_p2       |    xor   |      0|  0|   9|           8|           9|
    |sum5_1_6_fu_5436_p2       |    xor   |      0|  0|   9|           8|           9|
    |sum5_1_7_fu_5531_p2       |    xor   |      0|  0|   9|           8|           9|
    |sum5_1_fu_4818_p2         |    xor   |      0|  0|   9|           8|           9|
    |sum5_3_1_fu_6638_p2       |    xor   |      0|  0|   9|           8|           9|
    |sum5_3_2_fu_6751_p2       |    xor   |      0|  0|   9|           8|           9|
    |sum5_3_3_fu_6850_p2       |    xor   |      0|  0|   9|           8|           9|
    |sum5_3_4_fu_6949_p2       |    xor   |      0|  0|   9|           8|           9|
    |sum5_3_5_fu_7048_p2       |    xor   |      0|  0|   9|           8|           9|
    |sum5_3_6_fu_7147_p2       |    xor   |      0|  0|   9|           8|           9|
    |sum5_3_7_fu_7246_p2       |    xor   |      0|  0|   9|           8|           9|
    |sum5_3_fu_6500_p2         |    xor   |      0|  0|   9|           8|           9|
    +--------------------------+----------+-------+---+----+------------+------------+
    |Total                     |          |      0|  0|1889|        1497|         997|
    +--------------------------+----------+-------+---+----+------------+------------+

    * Multiplexer: 
    +-----------------------------------+------+-----------+-----+-----------+
    |                Name               |  LUT | Input Size| Bits| Total Bits|
    +-----------------------------------+------+-----------+-----+-----------+
    |A10_address0                       |   149|         33|    4|        132|
    |A11_address0                       |   149|         33|    4|        132|
    |A12_address0                       |   149|         33|    4|        132|
    |A13_address0                       |   149|         33|    4|        132|
    |A14_address0                       |   149|         33|    4|        132|
    |A8_address0                        |   149|         33|    4|        132|
    |A9_address0                        |   149|         33|    4|        132|
    |A_address0                         |   149|         33|    4|        132|
    |C1_address0                        |    27|          5|    2|         10|
    |C1_d0                              |    27|          5|   32|        160|
    |C2_address0                        |    27|          5|    2|         10|
    |C2_d0                              |    27|          5|   32|        160|
    |C3_address0                        |    27|          5|    2|         10|
    |C3_d0                              |    27|          5|   32|        160|
    |C4_address0                        |    27|          5|    2|         10|
    |C4_d0                              |    27|          5|   32|        160|
    |C5_address0                        |    27|          5|    2|         10|
    |C5_d0                              |    27|          5|   32|        160|
    |C6_address0                        |    27|          5|    2|         10|
    |C6_d0                              |    27|          5|   32|        160|
    |C7_address0                        |    27|          5|    2|         10|
    |C7_d0                              |    27|          5|   32|        160|
    |C_address0                         |    27|          5|    2|         10|
    |C_d0                               |    27|          5|   32|        160|
    |ap_NS_fsm                          |  1453|        327|    1|        327|
    |ap_enable_reg_pp0_iter1            |    15|          3|    1|          3|
    |ap_enable_reg_pp10_iter1           |    15|          3|    1|          3|
    |ap_enable_reg_pp11_iter1           |    15|          3|    1|          3|
    |ap_enable_reg_pp12_iter1           |    15|          3|    1|          3|
    |ap_enable_reg_pp13_iter1           |    15|          3|    1|          3|
    |ap_enable_reg_pp14_iter1           |    15|          3|    1|          3|
    |ap_enable_reg_pp15_iter1           |    15|          3|    1|          3|
    |ap_enable_reg_pp16_iter1           |    15|          3|    1|          3|
    |ap_enable_reg_pp17_iter1           |    15|          3|    1|          3|
    |ap_enable_reg_pp18_iter1           |    15|          3|    1|          3|
    |ap_enable_reg_pp19_iter1           |    15|          3|    1|          3|
    |ap_enable_reg_pp1_iter1            |    15|          3|    1|          3|
    |ap_enable_reg_pp20_iter1           |    15|          3|    1|          3|
    |ap_enable_reg_pp21_iter1           |    15|          3|    1|          3|
    |ap_enable_reg_pp22_iter1           |    15|          3|    1|          3|
    |ap_enable_reg_pp23_iter1           |    15|          3|    1|          3|
    |ap_enable_reg_pp24_iter1           |    15|          3|    1|          3|
    |ap_enable_reg_pp25_iter1           |    15|          3|    1|          3|
    |ap_enable_reg_pp26_iter1           |    15|          3|    1|          3|
    |ap_enable_reg_pp27_iter1           |    15|          3|    1|          3|
    |ap_enable_reg_pp28_iter1           |    15|          3|    1|          3|
    |ap_enable_reg_pp29_iter1           |    15|          3|    1|          3|
    |ap_enable_reg_pp2_iter1            |    15|          3|    1|          3|
    |ap_enable_reg_pp30_iter1           |    15|          3|    1|          3|
    |ap_enable_reg_pp31_iter1           |    15|          3|    1|          3|
    |ap_enable_reg_pp3_iter1            |    15|          3|    1|          3|
    |ap_enable_reg_pp4_iter1            |    15|          3|    1|          3|
    |ap_enable_reg_pp5_iter1            |    15|          3|    1|          3|
    |ap_enable_reg_pp6_iter1            |    15|          3|    1|          3|
    |ap_enable_reg_pp7_iter1            |    15|          3|    1|          3|
    |ap_enable_reg_pp8_iter1            |    15|          3|    1|          3|
    |ap_enable_reg_pp9_iter1            |    15|          3|    1|          3|
    |ap_phi_mux_k_0_1_phi_fu_3158_p4    |     9|          2|    8|         16|
    |ap_phi_mux_k_0_2_phi_fu_3180_p4    |     9|          2|    8|         16|
    |ap_phi_mux_k_0_3_phi_fu_3202_p4    |     9|          2|    8|         16|
    |ap_phi_mux_k_0_4_phi_fu_3224_p4    |     9|          2|    8|         16|
    |ap_phi_mux_k_0_5_phi_fu_3246_p4    |     9|          2|    8|         16|
    |ap_phi_mux_k_0_6_phi_fu_3268_p4    |     9|          2|    8|         16|
    |ap_phi_mux_k_0_7_phi_fu_3290_p4    |     9|          2|    8|         16|
    |ap_phi_mux_k_1_1_phi_fu_3346_p4    |     9|          2|    8|         16|
    |ap_phi_mux_k_1_2_phi_fu_3368_p4    |     9|          2|    8|         16|
    |ap_phi_mux_k_1_3_phi_fu_3390_p4    |     9|          2|    8|         16|
    |ap_phi_mux_k_1_4_phi_fu_3412_p4    |     9|          2|    8|         16|
    |ap_phi_mux_k_1_5_phi_fu_3434_p4    |     9|          2|    8|         16|
    |ap_phi_mux_k_1_6_phi_fu_3456_p4    |     9|          2|    8|         16|
    |ap_phi_mux_k_1_7_phi_fu_3478_p4    |     9|          2|    8|         16|
    |ap_phi_mux_k_1_phi_fu_3324_p4      |     9|          2|    8|         16|
    |ap_phi_mux_k_214_1_phi_fu_3534_p4  |     9|          2|    8|         16|
    |ap_phi_mux_k_214_2_phi_fu_3556_p4  |     9|          2|    8|         16|
    |ap_phi_mux_k_214_3_phi_fu_3578_p4  |     9|          2|    8|         16|
    |ap_phi_mux_k_214_4_phi_fu_3600_p4  |     9|          2|    8|         16|
    |ap_phi_mux_k_214_5_phi_fu_3622_p4  |     9|          2|    8|         16|
    |ap_phi_mux_k_214_6_phi_fu_3644_p4  |     9|          2|    8|         16|
    |ap_phi_mux_k_214_7_phi_fu_3666_p4  |     9|          2|    8|         16|
    |ap_phi_mux_k_3_1_phi_fu_3722_p4    |     9|          2|    8|         16|
    |ap_phi_mux_k_3_2_phi_fu_3744_p4    |     9|          2|    8|         16|
    |ap_phi_mux_k_3_3_phi_fu_3766_p4    |     9|          2|    8|         16|
    |ap_phi_mux_k_3_4_phi_fu_3788_p4    |     9|          2|    8|         16|
    |ap_phi_mux_k_3_5_phi_fu_3810_p4    |     9|          2|    8|         16|
    |ap_phi_mux_k_3_6_phi_fu_3832_p4    |     9|          2|    8|         16|
    |ap_phi_mux_k_3_7_phi_fu_3854_p4    |     9|          2|    8|         16|
    |ap_phi_mux_k_3_phi_fu_3700_p4      |     9|          2|    8|         16|
    |ap_phi_mux_k_phi_fu_3136_p4        |     9|          2|    8|         16|
    |ap_phi_mux_k_s_phi_fu_3512_p4      |     9|          2|    8|         16|
    |d_address0                         |   149|         33|    5|        165|
    |dense_14_kernel_arra_1_address0    |    27|          5|    9|         45|
    |dense_14_kernel_arra_2_address0    |    27|          5|    9|         45|
    |dense_14_kernel_arra_3_address0    |    27|          5|    9|         45|
    |dense_14_kernel_arra_4_address0    |    27|          5|    9|         45|
    |dense_14_kernel_arra_5_address0    |    27|          5|    9|         45|
    |dense_14_kernel_arra_6_address0    |    27|          5|    9|         45|
    |dense_14_kernel_arra_7_address0    |    27|          5|    9|         45|
    |dense_14_kernel_arra_address0      |    27|          5|    9|         45|
    |grp_fu_3861_p0                     |   149|         33|   32|       1056|
    |grp_fu_3897_p0                     |   149|         33|   32|       1056|
    |grp_fu_3897_p1                     |    44|          9|   32|        288|
    |i_reg_3097                         |     9|          2|   64|        128|
    |j_1_reg_3297                       |     9|          2|    6|         12|
    |j_2_reg_3485                       |     9|          2|    6|         12|
    |j_3_reg_3673                       |     9|          2|    6|         12|
    |j_reg_3109                         |     9|          2|    6|         12|
    |k_0_1_reg_3154                     |     9|          2|    8|         16|
    |k_0_2_reg_3176                     |     9|          2|    8|         16|
    |k_0_3_reg_3198                     |     9|          2|    8|         16|
    |k_0_4_reg_3220                     |     9|          2|    8|         16|
    |k_0_5_reg_3242                     |     9|          2|    8|         16|
    |k_0_6_reg_3264                     |     9|          2|    8|         16|
    |k_0_7_reg_3286                     |     9|          2|    8|         16|
    |k_1_1_reg_3342                     |     9|          2|    8|         16|
    |k_1_2_reg_3364                     |     9|          2|    8|         16|
    |k_1_3_reg_3386                     |     9|          2|    8|         16|
    |k_1_4_reg_3408                     |     9|          2|    8|         16|
    |k_1_5_reg_3430                     |     9|          2|    8|         16|
    |k_1_6_reg_3452                     |     9|          2|    8|         16|
    |k_1_7_reg_3474                     |     9|          2|    8|         16|
    |k_1_reg_3320                       |     9|          2|    8|         16|
    |k_214_1_reg_3530                   |     9|          2|    8|         16|
    |k_214_2_reg_3552                   |     9|          2|    8|         16|
    |k_214_3_reg_3574                   |     9|          2|    8|         16|
    |k_214_4_reg_3596                   |     9|          2|    8|         16|
    |k_214_5_reg_3618                   |     9|          2|    8|         16|
    |k_214_6_reg_3640                   |     9|          2|    8|         16|
    |k_214_7_reg_3662                   |     9|          2|    8|         16|
    |k_3_1_reg_3718                     |     9|          2|    8|         16|
    |k_3_2_reg_3740                     |     9|          2|    8|         16|
    |k_3_3_reg_3762                     |     9|          2|    8|         16|
    |k_3_4_reg_3784                     |     9|          2|    8|         16|
    |k_3_5_reg_3806                     |     9|          2|    8|         16|
    |k_3_6_reg_3828                     |     9|          2|    8|         16|
    |k_3_7_reg_3850                     |     9|          2|    8|         16|
    |k_3_reg_3696                       |     9|          2|    8|         16|
    |k_reg_3132                         |     9|          2|    8|         16|
    |k_s_reg_3508                       |     9|          2|    8|         16|
    |sum1_0_1_reg_3143                  |     9|          2|   32|         64|
    |sum1_0_2_reg_3165                  |     9|          2|   32|         64|
    |sum1_0_3_reg_3187                  |     9|          2|   32|         64|
    |sum1_0_4_reg_3209                  |     9|          2|   32|         64|
    |sum1_0_5_reg_3231                  |     9|          2|   32|         64|
    |sum1_0_6_reg_3253                  |     9|          2|   32|         64|
    |sum1_0_7_reg_3275                  |     9|          2|   32|         64|
    |sum1_1_1_reg_3331                  |     9|          2|   32|         64|
    |sum1_1_2_reg_3353                  |     9|          2|   32|         64|
    |sum1_1_3_reg_3375                  |     9|          2|   32|         64|
    |sum1_1_4_reg_3397                  |     9|          2|   32|         64|
    |sum1_1_5_reg_3419                  |     9|          2|   32|         64|
    |sum1_1_6_reg_3441                  |     9|          2|   32|         64|
    |sum1_1_7_reg_3463                  |     9|          2|   32|         64|
    |sum1_1_reg_3309                    |     9|          2|   32|         64|
    |sum1_2_1_reg_3519                  |     9|          2|   32|         64|
    |sum1_2_2_reg_3541                  |     9|          2|   32|         64|
    |sum1_2_3_reg_3563                  |     9|          2|   32|         64|
    |sum1_2_4_reg_3585                  |     9|          2|   32|         64|
    |sum1_2_5_reg_3607                  |     9|          2|   32|         64|
    |sum1_2_6_reg_3629                  |     9|          2|   32|         64|
    |sum1_2_7_reg_3651                  |     9|          2|   32|         64|
    |sum1_2_reg_3497                    |     9|          2|   32|         64|
    |sum1_3_1_reg_3707                  |     9|          2|   32|         64|
    |sum1_3_2_reg_3729                  |     9|          2|   32|         64|
    |sum1_3_3_reg_3751                  |     9|          2|   32|         64|
    |sum1_3_4_reg_3773                  |     9|          2|   32|         64|
    |sum1_3_5_reg_3795                  |     9|          2|   32|         64|
    |sum1_3_6_reg_3817                  |     9|          2|   32|         64|
    |sum1_3_7_reg_3839                  |     9|          2|   32|         64|
    |sum1_3_reg_3685                    |     9|          2|   32|         64|
    |sum1_reg_3121                      |     9|          2|   32|         64|
    +-----------------------------------+------+-----------+-----+-----------+
    |Total                              |  5173|       1117| 2134|       9012|
    +-----------------------------------+------+-----------+-----+-----------+

    * Register: 
    +---------------------------------------+-----+----+-----+-----------+
    |                  Name                 |  FF | LUT| Bits| Const Bits|
    +---------------------------------------+-----+----+-----+-----------+
    |ap_CS_fsm                              |  326|   0|  326|          0|
    |ap_enable_reg_pp0_iter0                |    1|   0|    1|          0|
    |ap_enable_reg_pp0_iter1                |    1|   0|    1|          0|
    |ap_enable_reg_pp10_iter0               |    1|   0|    1|          0|
    |ap_enable_reg_pp10_iter1               |    1|   0|    1|          0|
    |ap_enable_reg_pp11_iter0               |    1|   0|    1|          0|
    |ap_enable_reg_pp11_iter1               |    1|   0|    1|          0|
    |ap_enable_reg_pp12_iter0               |    1|   0|    1|          0|
    |ap_enable_reg_pp12_iter1               |    1|   0|    1|          0|
    |ap_enable_reg_pp13_iter0               |    1|   0|    1|          0|
    |ap_enable_reg_pp13_iter1               |    1|   0|    1|          0|
    |ap_enable_reg_pp14_iter0               |    1|   0|    1|          0|
    |ap_enable_reg_pp14_iter1               |    1|   0|    1|          0|
    |ap_enable_reg_pp15_iter0               |    1|   0|    1|          0|
    |ap_enable_reg_pp15_iter1               |    1|   0|    1|          0|
    |ap_enable_reg_pp16_iter0               |    1|   0|    1|          0|
    |ap_enable_reg_pp16_iter1               |    1|   0|    1|          0|
    |ap_enable_reg_pp17_iter0               |    1|   0|    1|          0|
    |ap_enable_reg_pp17_iter1               |    1|   0|    1|          0|
    |ap_enable_reg_pp18_iter0               |    1|   0|    1|          0|
    |ap_enable_reg_pp18_iter1               |    1|   0|    1|          0|
    |ap_enable_reg_pp19_iter0               |    1|   0|    1|          0|
    |ap_enable_reg_pp19_iter1               |    1|   0|    1|          0|
    |ap_enable_reg_pp1_iter0                |    1|   0|    1|          0|
    |ap_enable_reg_pp1_iter1                |    1|   0|    1|          0|
    |ap_enable_reg_pp20_iter0               |    1|   0|    1|          0|
    |ap_enable_reg_pp20_iter1               |    1|   0|    1|          0|
    |ap_enable_reg_pp21_iter0               |    1|   0|    1|          0|
    |ap_enable_reg_pp21_iter1               |    1|   0|    1|          0|
    |ap_enable_reg_pp22_iter0               |    1|   0|    1|          0|
    |ap_enable_reg_pp22_iter1               |    1|   0|    1|          0|
    |ap_enable_reg_pp23_iter0               |    1|   0|    1|          0|
    |ap_enable_reg_pp23_iter1               |    1|   0|    1|          0|
    |ap_enable_reg_pp24_iter0               |    1|   0|    1|          0|
    |ap_enable_reg_pp24_iter1               |    1|   0|    1|          0|
    |ap_enable_reg_pp25_iter0               |    1|   0|    1|          0|
    |ap_enable_reg_pp25_iter1               |    1|   0|    1|          0|
    |ap_enable_reg_pp26_iter0               |    1|   0|    1|          0|
    |ap_enable_reg_pp26_iter1               |    1|   0|    1|          0|
    |ap_enable_reg_pp27_iter0               |    1|   0|    1|          0|
    |ap_enable_reg_pp27_iter1               |    1|   0|    1|          0|
    |ap_enable_reg_pp28_iter0               |    1|   0|    1|          0|
    |ap_enable_reg_pp28_iter1               |    1|   0|    1|          0|
    |ap_enable_reg_pp29_iter0               |    1|   0|    1|          0|
    |ap_enable_reg_pp29_iter1               |    1|   0|    1|          0|
    |ap_enable_reg_pp2_iter0                |    1|   0|    1|          0|
    |ap_enable_reg_pp2_iter1                |    1|   0|    1|          0|
    |ap_enable_reg_pp30_iter0               |    1|   0|    1|          0|
    |ap_enable_reg_pp30_iter1               |    1|   0|    1|          0|
    |ap_enable_reg_pp31_iter0               |    1|   0|    1|          0|
    |ap_enable_reg_pp31_iter1               |    1|   0|    1|          0|
    |ap_enable_reg_pp3_iter0                |    1|   0|    1|          0|
    |ap_enable_reg_pp3_iter1                |    1|   0|    1|          0|
    |ap_enable_reg_pp4_iter0                |    1|   0|    1|          0|
    |ap_enable_reg_pp4_iter1                |    1|   0|    1|          0|
    |ap_enable_reg_pp5_iter0                |    1|   0|    1|          0|
    |ap_enable_reg_pp5_iter1                |    1|   0|    1|          0|
    |ap_enable_reg_pp6_iter0                |    1|   0|    1|          0|
    |ap_enable_reg_pp6_iter1                |    1|   0|    1|          0|
    |ap_enable_reg_pp7_iter0                |    1|   0|    1|          0|
    |ap_enable_reg_pp7_iter1                |    1|   0|    1|          0|
    |ap_enable_reg_pp8_iter0                |    1|   0|    1|          0|
    |ap_enable_reg_pp8_iter1                |    1|   0|    1|          0|
    |ap_enable_reg_pp9_iter0                |    1|   0|    1|          0|
    |ap_enable_reg_pp9_iter1                |    1|   0|    1|          0|
    |exitcond2_1_reg_7345                   |    1|   0|    1|          0|
    |exitcond2_2_reg_8035                   |    1|   0|    1|          0|
    |exitcond2_reg_7333                     |    1|   0|    1|          0|
    |exitcond_0_1_reg_7459                  |    1|   0|    1|          0|
    |exitcond_0_1_reg_7459_pp1_iter1_reg    |    1|   0|    1|          0|
    |exitcond_0_2_reg_7558                  |    1|   0|    1|          0|
    |exitcond_0_2_reg_7558_pp2_iter1_reg    |    1|   0|    1|          0|
    |exitcond_0_3_reg_7637                  |    1|   0|    1|          0|
    |exitcond_0_3_reg_7637_pp3_iter1_reg    |    1|   0|    1|          0|
    |exitcond_0_4_reg_7716                  |    1|   0|    1|          0|
    |exitcond_0_4_reg_7716_pp4_iter1_reg    |    1|   0|    1|          0|
    |exitcond_0_5_reg_7795                  |    1|   0|    1|          0|
    |exitcond_0_5_reg_7795_pp5_iter1_reg    |    1|   0|    1|          0|
    |exitcond_0_6_reg_7874                  |    1|   0|    1|          0|
    |exitcond_0_6_reg_7874_pp6_iter1_reg    |    1|   0|    1|          0|
    |exitcond_0_7_reg_7953                  |    1|   0|    1|          0|
    |exitcond_0_7_reg_7953_pp7_iter1_reg    |    1|   0|    1|          0|
    |exitcond_1_1_reg_8154                  |    1|   0|    1|          0|
    |exitcond_1_1_reg_8154_pp9_iter1_reg    |    1|   0|    1|          0|
    |exitcond_1_2_reg_8253                  |    1|   0|    1|          0|
    |exitcond_1_2_reg_8253_pp10_iter1_reg   |    1|   0|    1|          0|
    |exitcond_1_3_reg_8332                  |    1|   0|    1|          0|
    |exitcond_1_3_reg_8332_pp11_iter1_reg   |    1|   0|    1|          0|
    |exitcond_1_4_reg_8411                  |    1|   0|    1|          0|
    |exitcond_1_4_reg_8411_pp12_iter1_reg   |    1|   0|    1|          0|
    |exitcond_1_5_reg_8490                  |    1|   0|    1|          0|
    |exitcond_1_5_reg_8490_pp13_iter1_reg   |    1|   0|    1|          0|
    |exitcond_1_6_reg_8569                  |    1|   0|    1|          0|
    |exitcond_1_6_reg_8569_pp14_iter1_reg   |    1|   0|    1|          0|
    |exitcond_1_7_reg_8648                  |    1|   0|    1|          0|
    |exitcond_1_7_reg_8648_pp15_iter1_reg   |    1|   0|    1|          0|
    |exitcond_1_reg_8065                    |    1|   0|    1|          0|
    |exitcond_1_reg_8065_pp8_iter1_reg      |    1|   0|    1|          0|
    |exitcond_2_1_reg_8843                  |    1|   0|    1|          0|
    |exitcond_2_1_reg_8843_pp17_iter1_reg   |    1|   0|    1|          0|
    |exitcond_2_2_reg_8942                  |    1|   0|    1|          0|
    |exitcond_2_2_reg_8942_pp18_iter1_reg   |    1|   0|    1|          0|
    |exitcond_2_3_reg_9021                  |    1|   0|    1|          0|
    |exitcond_2_3_reg_9021_pp19_iter1_reg   |    1|   0|    1|          0|
    |exitcond_2_4_reg_9100                  |    1|   0|    1|          0|
    |exitcond_2_4_reg_9100_pp20_iter1_reg   |    1|   0|    1|          0|
    |exitcond_2_5_reg_9179                  |    1|   0|    1|          0|
    |exitcond_2_5_reg_9179_pp21_iter1_reg   |    1|   0|    1|          0|
    |exitcond_2_6_reg_9258                  |    1|   0|    1|          0|
    |exitcond_2_6_reg_9258_pp22_iter1_reg   |    1|   0|    1|          0|
    |exitcond_2_7_reg_9337                  |    1|   0|    1|          0|
    |exitcond_2_7_reg_9337_pp23_iter1_reg   |    1|   0|    1|          0|
    |exitcond_2_reg_8754                    |    1|   0|    1|          0|
    |exitcond_2_reg_8754_pp16_iter1_reg     |    1|   0|    1|          0|
    |exitcond_3_1_reg_9534                  |    1|   0|    1|          0|
    |exitcond_3_1_reg_9534_pp25_iter1_reg   |    1|   0|    1|          0|
    |exitcond_3_2_reg_9633                  |    1|   0|    1|          0|
    |exitcond_3_2_reg_9633_pp26_iter1_reg   |    1|   0|    1|          0|
    |exitcond_3_3_reg_9712                  |    1|   0|    1|          0|
    |exitcond_3_3_reg_9712_pp27_iter1_reg   |    1|   0|    1|          0|
    |exitcond_3_4_reg_9791                  |    1|   0|    1|          0|
    |exitcond_3_4_reg_9791_pp28_iter1_reg   |    1|   0|    1|          0|
    |exitcond_3_5_reg_9870                  |    1|   0|    1|          0|
    |exitcond_3_5_reg_9870_pp29_iter1_reg   |    1|   0|    1|          0|
    |exitcond_3_6_reg_9949                  |    1|   0|    1|          0|
    |exitcond_3_6_reg_9949_pp30_iter1_reg   |    1|   0|    1|          0|
    |exitcond_3_7_reg_10028                 |    1|   0|    1|          0|
    |exitcond_3_7_reg_10028_pp31_iter1_reg  |    1|   0|    1|          0|
    |exitcond_3_reg_9445                    |    1|   0|    1|          0|
    |exitcond_3_reg_9445_pp24_iter1_reg     |    1|   0|    1|          0|
    |exitcond_reg_7370                      |    1|   0|    1|          0|
    |exitcond_reg_7370_pp0_iter1_reg        |    1|   0|    1|          0|
    |i_reg_3097                             |   64|   0|   64|          0|
    |j_1_cast4_reg_8039                     |    6|   0|   12|          6|
    |j_1_cast_reg_8055                      |    6|   0|    7|          1|
    |j_1_reg_3297                           |    6|   0|    6|          0|
    |j_2_cast4_reg_8733                     |    6|   0|   12|          6|
    |j_2_reg_3485                           |    6|   0|    6|          0|
    |j_3_cast4_reg_9424                     |    6|   0|   12|          6|
    |j_3_reg_3673                           |    6|   0|    6|          0|
    |j_cast4_reg_7349                       |    6|   0|   12|          6|
    |j_reg_3109                             |    6|   0|    6|          0|
    |k_0_1_reg_3154                         |    8|   0|    8|          0|
    |k_0_2_reg_3176                         |    8|   0|    8|          0|
    |k_0_3_reg_3198                         |    8|   0|    8|          0|
    |k_0_4_reg_3220                         |    8|   0|    8|          0|
    |k_0_5_reg_3242                         |    8|   0|    8|          0|
    |k_0_6_reg_3264                         |    8|   0|    8|          0|
    |k_0_7_reg_3286                         |    8|   0|    8|          0|
    |k_1_1_reg_3342                         |    8|   0|    8|          0|
    |k_1_2_reg_3364                         |    8|   0|    8|          0|
    |k_1_3_reg_3386                         |    8|   0|    8|          0|
    |k_1_4_reg_3408                         |    8|   0|    8|          0|
    |k_1_5_reg_3430                         |    8|   0|    8|          0|
    |k_1_6_reg_3452                         |    8|   0|    8|          0|
    |k_1_7_reg_3474                         |    8|   0|    8|          0|
    |k_1_reg_3320                           |    8|   0|    8|          0|
    |k_214_1_reg_3530                       |    8|   0|    8|          0|
    |k_214_2_reg_3552                       |    8|   0|    8|          0|
    |k_214_3_reg_3574                       |    8|   0|    8|          0|
    |k_214_4_reg_3596                       |    8|   0|    8|          0|
    |k_214_5_reg_3618                       |    8|   0|    8|          0|
    |k_214_6_reg_3640                       |    8|   0|    8|          0|
    |k_214_7_reg_3662                       |    8|   0|    8|          0|
    |k_2_0_1_reg_7463                       |    8|   0|    8|          0|
    |k_2_0_2_reg_7562                       |    8|   0|    8|          0|
    |k_2_0_3_reg_7641                       |    8|   0|    8|          0|
    |k_2_0_4_reg_7720                       |    8|   0|    8|          0|
    |k_2_0_5_reg_7799                       |    8|   0|    8|          0|
    |k_2_0_6_reg_7878                       |    8|   0|    8|          0|
    |k_2_0_7_reg_7957                       |    8|   0|    8|          0|
    |k_2_1_1_reg_8158                       |    8|   0|    8|          0|
    |k_2_1_2_reg_8257                       |    8|   0|    8|          0|
    |k_2_1_3_reg_8336                       |    8|   0|    8|          0|
    |k_2_1_4_reg_8415                       |    8|   0|    8|          0|
    |k_2_1_5_reg_8494                       |    8|   0|    8|          0|
    |k_2_1_6_reg_8573                       |    8|   0|    8|          0|
    |k_2_1_7_reg_8652                       |    8|   0|    8|          0|
    |k_2_1_reg_8069                         |    8|   0|    8|          0|
    |k_2_2_1_reg_8847                       |    8|   0|    8|          0|
    |k_2_2_2_reg_8946                       |    8|   0|    8|          0|
    |k_2_2_3_reg_9025                       |    8|   0|    8|          0|
    |k_2_2_4_reg_9104                       |    8|   0|    8|          0|
    |k_2_2_5_reg_9183                       |    8|   0|    8|          0|
    |k_2_2_6_reg_9262                       |    8|   0|    8|          0|
    |k_2_2_7_reg_9341                       |    8|   0|    8|          0|
    |k_2_2_reg_8758                         |    8|   0|    8|          0|
    |k_2_3_1_reg_9538                       |    8|   0|    8|          0|
    |k_2_3_2_reg_9637                       |    8|   0|    8|          0|
    |k_2_3_3_reg_9716                       |    8|   0|    8|          0|
    |k_2_3_4_reg_9795                       |    8|   0|    8|          0|
    |k_2_3_5_reg_9874                       |    8|   0|    8|          0|
    |k_2_3_6_reg_9953                       |    8|   0|    8|          0|
    |k_2_3_7_reg_10032                      |    8|   0|    8|          0|
    |k_2_3_reg_9449                         |    8|   0|    8|          0|
    |k_2_reg_7374                           |    8|   0|    8|          0|
    |k_3_1_reg_3718                         |    8|   0|    8|          0|
    |k_3_2_reg_3740                         |    8|   0|    8|          0|
    |k_3_3_reg_3762                         |    8|   0|    8|          0|
    |k_3_4_reg_3784                         |    8|   0|    8|          0|
    |k_3_5_reg_3806                         |    8|   0|    8|          0|
    |k_3_6_reg_3828                         |    8|   0|    8|          0|
    |k_3_7_reg_3850                         |    8|   0|    8|          0|
    |k_3_reg_3696                           |    8|   0|    8|          0|
    |k_reg_3132                             |    8|   0|    8|          0|
    |k_s_reg_3508                           |    8|   0|    8|          0|
    |newIndex162_cast_reg_7543              |    2|   0|   64|         62|
    |newIndex172_cast_reg_8238              |    2|   0|   64|         62|
    |newIndex174_cast_reg_8927              |    2|   0|   64|         62|
    |newIndex71_reg_8084                    |    9|   0|    9|          0|
    |newIndex77_reg_8773                    |    9|   0|    9|          0|
    |newIndex86_cast_reg_9618               |    2|   0|   64|         62|
    |newIndex87_reg_9464                    |    9|   0|    9|          0|
    |newIndex_reg_7389                      |    9|   0|    9|          0|
    |outrows_cast_reg_7325                  |    8|   0|   64|         56|
    |reg_3941                               |   32|   0|   32|          0|
    |reg_3946                               |   32|   0|   32|          0|
    |reg_3951                               |   32|   0|   32|          0|
    |reg_3956                               |   32|   0|   32|          0|
    |reg_3961                               |   32|   0|   32|          0|
    |reg_3966                               |   32|   0|   32|          0|
    |reg_3971                               |   32|   0|   32|          0|
    |reg_3976                               |   32|   0|   32|          0|
    |reg_3981                               |   32|   0|   32|          0|
    |sum1_0_1_reg_3143                      |   32|   0|   32|          0|
    |sum1_0_2_reg_3165                      |   32|   0|   32|          0|
    |sum1_0_3_reg_3187                      |   32|   0|   32|          0|
    |sum1_0_4_reg_3209                      |   32|   0|   32|          0|
    |sum1_0_5_reg_3231                      |   32|   0|   32|          0|
    |sum1_0_6_reg_3253                      |   32|   0|   32|          0|
    |sum1_0_7_reg_3275                      |   32|   0|   32|          0|
    |sum1_1_1_reg_3331                      |   32|   0|   32|          0|
    |sum1_1_2_reg_3353                      |   32|   0|   32|          0|
    |sum1_1_3_reg_3375                      |   32|   0|   32|          0|
    |sum1_1_4_reg_3397                      |   32|   0|   32|          0|
    |sum1_1_5_reg_3419                      |   32|   0|   32|          0|
    |sum1_1_6_reg_3441                      |   32|   0|   32|          0|
    |sum1_1_7_reg_3463                      |   32|   0|   32|          0|
    |sum1_1_reg_3309                        |   32|   0|   32|          0|
    |sum1_2_1_reg_3519                      |   32|   0|   32|          0|
    |sum1_2_2_reg_3541                      |   32|   0|   32|          0|
    |sum1_2_3_reg_3563                      |   32|   0|   32|          0|
    |sum1_2_4_reg_3585                      |   32|   0|   32|          0|
    |sum1_2_5_reg_3607                      |   32|   0|   32|          0|
    |sum1_2_6_reg_3629                      |   32|   0|   32|          0|
    |sum1_2_7_reg_3651                      |   32|   0|   32|          0|
    |sum1_2_reg_3497                        |   32|   0|   32|          0|
    |sum1_3_1_reg_3707                      |   32|   0|   32|          0|
    |sum1_3_2_reg_3729                      |   32|   0|   32|          0|
    |sum1_3_3_reg_3751                      |   32|   0|   32|          0|
    |sum1_3_4_reg_3773                      |   32|   0|   32|          0|
    |sum1_3_5_reg_3795                      |   32|   0|   32|          0|
    |sum1_3_6_reg_3817                      |   32|   0|   32|          0|
    |sum1_3_7_reg_3839                      |   32|   0|   32|          0|
    |sum1_3_reg_3685                        |   32|   0|   32|          0|
    |sum1_reg_3121                          |   32|   0|   32|          0|
    |tmp_101_reg_8917                       |    2|   0|    2|          0|
    |tmp_112_reg_9608                       |    2|   0|    2|          0|
    |tmp_309_reg_7518                       |   32|   0|   32|          0|
    |tmp_311_reg_8134                       |   32|   0|   32|          0|
    |tmp_312_reg_7617                       |   32|   0|   32|          0|
    |tmp_313_reg_8213                       |   32|   0|   32|          0|
    |tmp_314_reg_8823                       |   32|   0|   32|          0|
    |tmp_315_reg_7696                       |   32|   0|   32|          0|
    |tmp_316_reg_8312                       |   32|   0|   32|          0|
    |tmp_317_reg_8902                       |   32|   0|   32|          0|
    |tmp_318_reg_7775                       |   32|   0|   32|          0|
    |tmp_319_reg_9514                       |   32|   0|   32|          0|
    |tmp_320_reg_8391                       |   32|   0|   32|          0|
    |tmp_321_reg_9001                       |   32|   0|   32|          0|
    |tmp_322_reg_7854                       |   32|   0|   32|          0|
    |tmp_323_reg_9593                       |   32|   0|   32|          0|
    |tmp_324_reg_8470                       |   32|   0|   32|          0|
    |tmp_325_reg_9080                       |   32|   0|   32|          0|
    |tmp_326_reg_7933                       |   32|   0|   32|          0|
    |tmp_327_reg_9692                       |   32|   0|   32|          0|
    |tmp_328_reg_8549                       |   32|   0|   32|          0|
    |tmp_329_reg_9159                       |   32|   0|   32|          0|
    |tmp_330_reg_8012                       |   32|   0|   32|          0|
    |tmp_331_reg_9771                       |   32|   0|   32|          0|
    |tmp_332_reg_8628                       |   32|   0|   32|          0|
    |tmp_333_reg_9238                       |   32|   0|   32|          0|
    |tmp_334_reg_9850                       |   32|   0|   32|          0|
    |tmp_335_reg_8707                       |   32|   0|   32|          0|
    |tmp_336_reg_9317                       |   32|   0|   32|          0|
    |tmp_337_reg_9929                       |   32|   0|   32|          0|
    |tmp_338_reg_9396                       |   32|   0|   32|          0|
    |tmp_339_reg_10008                      |   32|   0|   32|          0|
    |tmp_340_reg_10087                      |   32|   0|   32|          0|
    |tmp_463_reg_7354                       |    5|   0|    5|          0|
    |tmp_464_reg_7379                       |    3|   0|    3|          0|
    |tmp_466_reg_8044                       |    5|   0|    5|          0|
    |tmp_467_reg_7468                       |    3|   0|    3|          0|
    |tmp_469_reg_8074                       |    3|   0|    3|          0|
    |tmp_470_reg_8079                       |    5|   0|    5|          0|
    |tmp_472_reg_8738                       |    5|   0|    5|          0|
    |tmp_473_reg_7567                       |    3|   0|    3|          0|
    |tmp_475_reg_8163                       |    3|   0|    3|          0|
    |tmp_478_reg_8763                       |    3|   0|    3|          0|
    |tmp_480_reg_7646                       |    3|   0|    3|          0|
    |tmp_482_reg_9429                       |    5|   0|    5|          0|
    |tmp_483_reg_8262                       |    3|   0|    3|          0|
    |tmp_486_reg_8852                       |    3|   0|    3|          0|
    |tmp_488_reg_7725                       |    3|   0|    3|          0|
    |tmp_491_reg_9454                       |    3|   0|    3|          0|
    |tmp_492_reg_9459                       |    5|   0|    5|          0|
    |tmp_494_reg_8341                       |    3|   0|    3|          0|
    |tmp_497_reg_8951                       |    3|   0|    3|          0|
    |tmp_499_reg_7804                       |    3|   0|    3|          0|
    |tmp_501_reg_9543                       |    3|   0|    3|          0|
    |tmp_504_reg_8420                       |    3|   0|    3|          0|
    |tmp_507_reg_9030                       |    3|   0|    3|          0|
    |tmp_509_reg_7883                       |    3|   0|    3|          0|
    |tmp_511_reg_9642                       |    3|   0|    3|          0|
    |tmp_514_reg_8499                       |    3|   0|    3|          0|
    |tmp_517_reg_9109                       |    3|   0|    3|          0|
    |tmp_519_reg_7962                       |    3|   0|    3|          0|
    |tmp_521_reg_9721                       |    3|   0|    3|          0|
    |tmp_524_reg_8578                       |    3|   0|    3|          0|
    |tmp_527_reg_9188                       |    3|   0|    3|          0|
    |tmp_529_reg_9800                       |    3|   0|    3|          0|
    |tmp_532_reg_8657                       |    3|   0|    3|          0|
    |tmp_535_reg_9267                       |    3|   0|    3|          0|
    |tmp_537_reg_9879                       |    3|   0|    3|          0|
    |tmp_540_reg_9346                       |    3|   0|    3|          0|
    |tmp_542_reg_9958                       |    3|   0|    3|          0|
    |tmp_545_reg_10037                      |    3|   0|    3|          0|
    |tmp_85_reg_7384                        |    5|   0|    5|          0|
    |tmp_87_reg_7533                        |    2|   0|    2|          0|
    |tmp_93_reg_8228                        |    2|   0|    2|          0|
    |tmp_96_reg_8768                        |    5|   0|    5|          0|
    |tmp_s_reg_7439                         |   32|   0|   32|          0|
    +---------------------------------------+-----+----+-----+-----------+
    |Total                                  | 3619|   0| 3948|        329|
    +---------------------------------------+-----+----+-----+-----------+



================================================================
== Interface
================================================================
* Summary: 
+--------------+-----+-----+------------+---------------------+--------------+
|   RTL Ports  | Dir | Bits|  Protocol  |    Source Object    |    C Type    |
+--------------+-----+-----+------------+---------------------+--------------+
|ap_clk        |  in |    1| ap_ctrl_hs | k2c_affine_matmul.1 | return value |
|ap_rst        |  in |    1| ap_ctrl_hs | k2c_affine_matmul.1 | return value |
|ap_start      |  in |    1| ap_ctrl_hs | k2c_affine_matmul.1 | return value |
|ap_done       | out |    1| ap_ctrl_hs | k2c_affine_matmul.1 | return value |
|ap_idle       | out |    1| ap_ctrl_hs | k2c_affine_matmul.1 | return value |
|ap_ready      | out |    1| ap_ctrl_hs | k2c_affine_matmul.1 | return value |
|C_address0    | out |    2|  ap_memory |          C          |     array    |
|C_ce0         | out |    1|  ap_memory |          C          |     array    |
|C_we0         | out |    1|  ap_memory |          C          |     array    |
|C_d0          | out |   32|  ap_memory |          C          |     array    |
|C1_address0   | out |    2|  ap_memory |          C1         |     array    |
|C1_ce0        | out |    1|  ap_memory |          C1         |     array    |
|C1_we0        | out |    1|  ap_memory |          C1         |     array    |
|C1_d0         | out |   32|  ap_memory |          C1         |     array    |
|C2_address0   | out |    2|  ap_memory |          C2         |     array    |
|C2_ce0        | out |    1|  ap_memory |          C2         |     array    |
|C2_we0        | out |    1|  ap_memory |          C2         |     array    |
|C2_d0         | out |   32|  ap_memory |          C2         |     array    |
|C3_address0   | out |    2|  ap_memory |          C3         |     array    |
|C3_ce0        | out |    1|  ap_memory |          C3         |     array    |
|C3_we0        | out |    1|  ap_memory |          C3         |     array    |
|C3_d0         | out |   32|  ap_memory |          C3         |     array    |
|C4_address0   | out |    2|  ap_memory |          C4         |     array    |
|C4_ce0        | out |    1|  ap_memory |          C4         |     array    |
|C4_we0        | out |    1|  ap_memory |          C4         |     array    |
|C4_d0         | out |   32|  ap_memory |          C4         |     array    |
|C5_address0   | out |    2|  ap_memory |          C5         |     array    |
|C5_ce0        | out |    1|  ap_memory |          C5         |     array    |
|C5_we0        | out |    1|  ap_memory |          C5         |     array    |
|C5_d0         | out |   32|  ap_memory |          C5         |     array    |
|C6_address0   | out |    2|  ap_memory |          C6         |     array    |
|C6_ce0        | out |    1|  ap_memory |          C6         |     array    |
|C6_we0        | out |    1|  ap_memory |          C6         |     array    |
|C6_d0         | out |   32|  ap_memory |          C6         |     array    |
|C7_address0   | out |    2|  ap_memory |          C7         |     array    |
|C7_ce0        | out |    1|  ap_memory |          C7         |     array    |
|C7_we0        | out |    1|  ap_memory |          C7         |     array    |
|C7_d0         | out |   32|  ap_memory |          C7         |     array    |
|A_address0    | out |    4|  ap_memory |          A          |     array    |
|A_ce0         | out |    1|  ap_memory |          A          |     array    |
|A_q0          |  in |   32|  ap_memory |          A          |     array    |
|A8_address0   | out |    4|  ap_memory |          A8         |     array    |
|A8_ce0        | out |    1|  ap_memory |          A8         |     array    |
|A8_q0         |  in |   32|  ap_memory |          A8         |     array    |
|A9_address0   | out |    4|  ap_memory |          A9         |     array    |
|A9_ce0        | out |    1|  ap_memory |          A9         |     array    |
|A9_q0         |  in |   32|  ap_memory |          A9         |     array    |
|A10_address0  | out |    4|  ap_memory |         A10         |     array    |
|A10_ce0       | out |    1|  ap_memory |         A10         |     array    |
|A10_q0        |  in |   32|  ap_memory |         A10         |     array    |
|A11_address0  | out |    4|  ap_memory |         A11         |     array    |
|A11_ce0       | out |    1|  ap_memory |         A11         |     array    |
|A11_q0        |  in |   32|  ap_memory |         A11         |     array    |
|A12_address0  | out |    4|  ap_memory |         A12         |     array    |
|A12_ce0       | out |    1|  ap_memory |         A12         |     array    |
|A12_q0        |  in |   32|  ap_memory |         A12         |     array    |
|A13_address0  | out |    4|  ap_memory |         A13         |     array    |
|A13_ce0       | out |    1|  ap_memory |         A13         |     array    |
|A13_q0        |  in |   32|  ap_memory |         A13         |     array    |
|A14_address0  | out |    4|  ap_memory |         A14         |     array    |
|A14_ce0       | out |    1|  ap_memory |         A14         |     array    |
|A14_q0        |  in |   32|  ap_memory |         A14         |     array    |
|d_address0    | out |    5|  ap_memory |          d          |     array    |
|d_ce0         | out |    1|  ap_memory |          d          |     array    |
|d_q0          |  in |   32|  ap_memory |          d          |     array    |
|outrows       |  in |    8|   ap_none  |       outrows       |    scalar    |
+--------------+-----+-----+------------+---------------------+--------------+

