

================================================================
== Vivado HLS Report for 'k2c_dot_2'
================================================================
* Date:           Tue Apr 23 22:52:59 2024

* Version:        2018.2 (Build 2258646 on Thu Jun 14 20:25:20 MDT 2018)
* Project:        Group_5
* Solution:       Latency_2
* Product family: artix7
* Target device:  xc7a200tfbg676-2


================================================================
== Performance Estimates
================================================================
+ Timing (ns): 
    * Summary: 
    +--------+-------+----------+------------+
    |  Clock | Target| Estimated| Uncertainty|
    +--------+-------+----------+------------+
    |ap_clk  |   5.00|     4.348|        0.62|
    +--------+-------+----------+------------+

+ Latency (clock cycles): 
    * Summary: 
    +-----+-----+-----+-----+---------+
    |  Latency  |  Interval | Pipeline|
    | min | max | min | max |   Type  |
    +-----+-----+-----+-----+---------+
    |    ?|    ?|    ?|    ?|   none  |
    +-----+-----+-----+-----+---------+

    + Detail: 
        * Instance: 
        +-------------------------+-------------+-----+-----+-----+-----+---------+
        |                         |             |  Latency  |  Interval | Pipeline|
        |         Instance        |    Module   | min | max | min | max |   Type  |
        +-------------------------+-------------+-----+-----+-----+-----+---------+
        |grp_k2c_idx2sub_fu_1209  |k2c_idx2sub  |    ?|    ?|    ?|    ?|   none  |
        |grp_k2c_sub2idx_fu_1221  |k2c_sub2idx  |    ?|    ?|    ?|    ?|   none  |
        +-------------------------+-------------+-----+-----+-----+-----+---------+

        * Loop: 
        +------------------+-----+-----+----------+-----------+-----------+------+----------+
        |                  |  Latency  | Iteration|  Initiation Interval  | Trip |          |
        |     Loop Name    | min | max |  Latency |  achieved |   target  | Count| Pipelined|
        +------------------+-----+-----+----------+-----------+-----------+------+----------+
        |- Loop 1          |    ?|    ?|         4|          -|          -|     ?|    no    |
        |- Loop 2          |    ?|    ?|         2|          -|          -|     ?|    no    |
        |- Loop 3          |    ?|    ?|         3|          -|          -|     ?|    no    |
        |- Loop 4          |    ?|    ?|         1|          -|          -|     ?|    no    |
        |- Loop 5          |    ?|    ?|         3|          -|          -|     ?|    no    |
        |- Loop 6          |    ?|    ?|         9|          -|          -|     ?|    no    |
        |- Loop 7          |    ?|    ?|         9|          -|          -|     ?|    no    |
        |- Loop 8          |    ?|    ?|         ?|          -|          -|     ?|    no    |
        | + Loop 8.1       |    ?|    ?|         5|          -|          -|     ?|    no    |
        |- Loop 9          |    ?|    ?|         ?|          -|          -|     ?|    no    |
        | + Loop 9.1       |    ?|    ?|         5|          -|          -|     ?|    no    |
        |- Loop 10         |    ?|    ?|         2|          -|          -|     ?|    no    |
        |- Loop 11         |    ?|    ?|         ?|          -|          -|     ?|    no    |
        | + Loop 11.1      |    ?|    ?|         ?|          -|          -|     ?|    no    |
        |  ++ Loop 11.1.1  |    ?|    ?|        18|          -|          -|     ?|    no    |
        +------------------+-----+-----+----------+-----------+-----------+------+----------+



================================================================
== Utilization Estimates
================================================================
* Summary: 
+-----------------+---------+-------+--------+--------+
|       Name      | BRAM_18K| DSP48E|   FF   |   LUT  |
+-----------------+---------+-------+--------+--------+
|DSP              |        -|      2|       -|       -|
|Expression       |        -|      -|       0|    2257|
|FIFO             |        -|      -|       -|       -|
|Instance         |        -|     69|    7987|    5115|
|Memory           |       14|      -|    1152|      45|
|Multiplexer      |        -|      -|       -|    1870|
|Register         |        -|      -|    2778|       -|
+-----------------+---------+-------+--------+--------+
|Total            |       14|     71|   11917|    9287|
+-----------------+---------+-------+--------+--------+
|Available        |      730|    740|  269200|  129000|
+-----------------+---------+-------+--------+--------+
|Utilization (%)  |        1|      9|       4|       7|
+-----------------+---------+-------+--------+--------+

+ Detail: 
    * Instance: 
    +---------------------------+----------------------+---------+-------+------+------+
    |          Instance         |        Module        | BRAM_18K| DSP48E|  FF  |  LUT |
    +---------------------------+----------------------+---------+-------+------+------+
    |grp_k2c_idx2sub_fu_1209    |k2c_idx2sub           |        0|      0|  3771|  2654|
    |grp_k2c_sub2idx_fu_1221    |k2c_sub2idx           |        0|     32|  1908|  1140|
    |sample_fadd_32ns_ocq_U295  |sample_fadd_32ns_ocq  |        0|      2|   324|   236|
    |sample_fmul_32ns_pcA_U296  |sample_fmul_32ns_pcA  |        0|      3|   151|   144|
    |sample_mul_59ns_6bjl_U299  |sample_mul_59ns_6bjl  |        0|     16|   527|   195|
    |sample_mul_64s_59bkl_U300  |sample_mul_64s_59bkl  |        0|     16|   527|   195|
    |sample_mux_864_32rcU_U298  |sample_mux_864_32rcU  |        0|      0|     0|    41|
    |sample_mux_864_32rcU_U301  |sample_mux_864_32rcU  |        0|      0|     0|    41|
    |sample_udiv_64ns_bil_U297  |sample_udiv_64ns_bil  |        0|      0|   779|   469|
    +---------------------------+----------------------+---------+-------+------+------+
    |Total                      |                      |        0|     69|  7987|  5115|
    +---------------------------+----------------------+---------+-------+------+------+

    * DSP48: 
    +---------------------------+----------------------+-----------+
    |          Instance         |        Module        | Expression|
    +---------------------------+----------------------+-----------+
    |sample_mul_mul_11bll_U302  |sample_mul_mul_11bll  |  i0 * i1  |
    |sample_mul_mul_6nbml_U303  |sample_mul_mul_6nbml  |  i0 * i1  |
    +---------------------------+----------------------+-----------+

    * Memory: 
    +--------------------------+----------------------+---------+-----+----+------+-----+------+-------------+
    |          Memory          |        Module        | BRAM_18K|  FF | LUT| Words| Bits| Banks| W*Bits*Banks|
    +--------------------------+----------------------+---------+-----+----+------+-----+------+-------------+
    |dense_14_output_shap_U    |k2c_dot_2_dense_17jG  |        0|  128|   5|     5|   64|     1|          320|
    |dense_15_kernel_shap_U    |k2c_dot_2_dense_18jQ  |        0|  128|   5|     5|   64|     1|          320|
    |dense_15_fwork_U          |k2c_dot_2_dense_19j0  |        2|    0|   0|   544|   32|     1|        17408|
    |dense_15_kernel_arra_U    |k2c_dot_2_dense_1bak  |        1|    0|   0|    64|   32|     1|         2048|
    |dense_15_kernel_arra_7_U  |k2c_dot_2_dense_1bbk  |        1|    0|   0|    64|   32|     1|         2048|
    |dense_15_kernel_arra_6_U  |k2c_dot_2_dense_1bck  |        1|    0|   0|    64|   32|     1|         2048|
    |dense_15_kernel_arra_5_U  |k2c_dot_2_dense_1bdk  |        1|    0|   0|    64|   32|     1|         2048|
    |dense_15_kernel_arra_4_U  |k2c_dot_2_dense_1bek  |        1|    0|   0|    64|   32|     1|         2048|
    |dense_15_kernel_arra_3_U  |k2c_dot_2_dense_1bfk  |        1|    0|   0|    64|   32|     1|         2048|
    |dense_15_kernel_arra_2_U  |k2c_dot_2_dense_1bgk  |        1|    0|   0|    64|   32|     1|         2048|
    |dense_15_kernel_arra_1_U  |k2c_dot_2_dense_1bhl  |        1|    0|   0|    64|   32|     1|         2048|
    |permA_U                   |k2c_dot_permA         |        4|    0|   0|     5|   64|     1|          320|
    |permB_U                   |k2c_dot_permB         |        0|  128|   5|     5|   64|     1|          320|
    |freeA_U                   |k2c_dot_permB         |        0|  128|   5|     5|   64|     1|          320|
    |freeB_U                   |k2c_dot_permB         |        0|  128|   5|     5|   64|     1|          320|
    |newshpA_U                 |k2c_dot_permB         |        0|  128|   5|     5|   64|     1|          320|
    |newshpB_U                 |k2c_dot_permB         |        0|  128|   5|     5|   64|     1|          320|
    |Asub_U                    |k2c_dot_permB         |        0|  128|   5|     5|   64|     1|          320|
    |Bsub_U                    |k2c_dot_permB         |        0|  128|   5|     5|   64|     1|          320|
    +--------------------------+----------------------+---------+-----+----+------+-----+------+-------------+
    |Total                     |                      |       14| 1152|  45|  1106|  928|    19|        36992|
    +--------------------------+----------------------+---------+-----+----+------+-----+------+-------------+

    * FIFO: 
    N/A

    * Expression: 
    +----------------------------+----------+-------+---+----+------------+------------+
    |        Variable Name       | Operation| DSP48E| FF| LUT| Bitwidth P0| Bitwidth P1|
    +----------------------------+----------+-------+---+----+------------+------------+
    |count_4_1_fu_1286_p2        |     +    |      0|  0|  71|          64|           1|
    |count_4_fu_1264_p2          |     +    |      0|  0|  71|          64|           1|
    |count_5_1_fu_1342_p2        |     +    |      0|  0|  12|           3|           1|
    |count_5_fu_1314_p2          |     +    |      0|  0|  12|           3|           1|
    |i_12_1_fu_1292_p2           |     +    |      0|  0|  71|          64|           2|
    |i_15_1_fu_1336_p2           |     +    |      0|  0|  71|          64|           2|
    |i_15_cast_fu_1391_p2        |     +    |      0|  0|  12|           2|           3|
    |i_15_fu_1386_p2             |     +    |      0|  0|  71|           2|          64|
    |i_16_fu_1581_p2             |     +    |      0|  0|  71|          64|           1|
    |i_17_fu_1678_p2             |     +    |      0|  0|  71|          64|           1|
    |i_18_1_fu_1423_p2           |     +    |      0|  0|  12|           3|           2|
    |i_18_fu_1851_p2             |     +    |      0|  0|  71|          64|           1|
    |i_19_1_fu_1455_p2           |     +    |      0|  0|  12|           3|           2|
    |i_19_fu_1439_p2             |     +    |      0|  0|  12|           3|           1|
    |i_20_fu_1892_p2             |     +    |      0|  0|  71|           1|          64|
    |i_21_1_fu_1500_p2           |     +    |      0|  0|  12|           3|           2|
    |i_21_fu_1470_p2             |     +    |      0|  0|  12|           1|           3|
    |i_22_1_fu_1538_p2           |     +    |      0|  0|  12|           3|           2|
    |i_23_1_fu_1570_p2           |     +    |      0|  0|  12|           3|           2|
    |j_10_1_fu_1616_p2           |     +    |      0|  0|  12|           3|           2|
    |j_11_1_fu_1714_p2           |     +    |      0|  0|  12|           3|           2|
    |j_9_1_fu_1506_p2            |     +    |      0|  0|  71|          64|           2|
    |j_fu_1945_p2                |     +    |      0|  0|  66|           1|          59|
    |k_1_fu_1916_p2              |     +    |      0|  0|  15|           6|           1|
    |sum2_fu_1961_p2             |     +    |      0|  0|  71|          64|          64|
    |sum4_fu_1922_p2             |     +    |      0|  0|  18|          11|          11|
    |sum5_fu_1956_p2             |     +    |      0|  0|   8|          11|          11|
    |sum_fu_1837_p2              |     +    |      0|  0|  18|          11|          11|
    |tmp1_fu_1951_p2             |     +    |      0|  0|   8|          11|          11|
    |exitcond10_1_fu_1709_p2     |   icmp   |      0|  0|  29|          64|          64|
    |exitcond10_fu_1693_p2       |   icmp   |      0|  0|  29|          64|          64|
    |exitcond11_1_fu_1611_p2     |   icmp   |      0|  0|  29|          64|          64|
    |exitcond11_fu_1595_p2       |   icmp   |      0|  0|  29|          64|          64|
    |exitcond12_1_fu_1565_p2     |   icmp   |      0|  0|  29|          64|          64|
    |exitcond12_fu_1549_p2       |   icmp   |      0|  0|  29|          64|          64|
    |exitcond13_1_fu_1533_p2     |   icmp   |      0|  0|  29|          64|          64|
    |exitcond13_fu_1517_p2       |   icmp   |      0|  0|  29|          64|          64|
    |exitcond1_1_fu_1277_p2      |   icmp   |      0|  0|  29|          64|          64|
    |exitcond1_fu_1254_p2        |   icmp   |      0|  0|  29|          64|          64|
    |exitcond2_1_fu_1331_p2      |   icmp   |      0|  0|  29|          64|          64|
    |exitcond2_fu_1298_p2        |   icmp   |      0|  0|  29|          64|          64|
    |exitcond3_fu_1940_p2        |   icmp   |      0|  0|  29|          59|          59|
    |exitcond5_fu_1846_p2        |   icmp   |      0|  0|  29|          64|          64|
    |exitcond6_fu_1576_p2        |   icmp   |      0|  0|  29|          64|          64|
    |exitcond7_fu_1673_p2        |   icmp   |      0|  0|  29|          64|          64|
    |exitcond8_1_fu_1418_p2      |   icmp   |      0|  0|  29|          64|          64|
    |exitcond8_fu_1402_p2        |   icmp   |      0|  0|  29|          64|          64|
    |exitcond_fu_1911_p2         |   icmp   |      0|  0|  11|           7|           7|
    |sel_tmp10_i_fu_1811_p2      |   icmp   |      0|  0|   9|           3|           3|
    |sel_tmp12_i_fu_1824_p2      |   icmp   |      0|  0|   9|           3|           3|
    |sel_tmp2_i_fu_1756_p2       |   icmp   |      0|  0|   9|           3|           1|
    |sel_tmp4_i_fu_1769_p2       |   icmp   |      0|  0|   9|           3|           2|
    |sel_tmp6_i_fu_1782_p2       |   icmp   |      0|  0|   9|           3|           2|
    |sel_tmp8_i_fu_1799_p2       |   icmp   |      0|  0|   9|           3|           4|
    |sel_tmp_i_fu_1743_p2        |   icmp   |      0|  0|   9|           3|           1|
    |tmp_1_fu_1282_p2            |   icmp   |      0|  0|  29|          64|          64|
    |tmp_2_1_fu_1450_p2          |   icmp   |      0|  0|  29|          64|          64|
    |tmp_2_fu_1434_p2            |   icmp   |      0|  0|  29|          64|          64|
    |tmp_3_1_fu_1495_p2          |   icmp   |      0|  0|  29|          64|          64|
    |tmp_3_fu_1465_p2            |   icmp   |      0|  0|  29|          64|          64|
    |tmp_7_fu_1887_p2            |   icmp   |      0|  0|  29|          64|          64|
    |tmp_fu_1303_p2              |   icmp   |      0|  0|  29|          64|           1|
    |tmp_s_fu_1259_p2            |   icmp   |      0|  0|  29|          64|          64|
    |i_12_s_fu_1271_p2           |    or    |      0|  0|  64|          64|           1|
    |i_15_s_fu_1325_p2           |    or    |      0|  0|  64|          64|           1|
    |i_18_s_fu_1407_p2           |    or    |      0|  0|   3|           3|           1|
    |i_22_s_fu_1522_p2           |    or    |      0|  0|   3|           3|           1|
    |i_23_s_fu_1554_p2           |    or    |      0|  0|   3|           3|           1|
    |j_10_s_fu_1600_p2           |    or    |      0|  0|   3|           3|           1|
    |j_11_s_fu_1698_p2           |    or    |      0|  0|   3|           3|           1|
    |j_9_s_fu_1484_p2            |    or    |      0|  0|   4|           4|           1|
    |UnifiedRetVal_i_fu_1829_p3  |  select  |      0|  0|  32|           1|          32|
    |sel_tmp11_i_fu_1816_p3      |  select  |      0|  0|  32|           1|          32|
    |sel_tmp1_i_fu_1748_p3       |  select  |      0|  0|  32|           1|          32|
    |sel_tmp3_i_fu_1761_p3       |  select  |      0|  0|  32|           1|          32|
    |sel_tmp5_i_fu_1774_p3       |  select  |      0|  0|  32|           1|          32|
    |sel_tmp7_i_fu_1787_p3       |  select  |      0|  0|  32|           1|          32|
    |sel_tmp9_i_fu_1804_p3       |  select  |      0|  0|  32|           1|          32|
    +----------------------------+----------+-------+---+----+------------+------------+
    |Total                       |          |      0|  0|2257|        2504|        2181|
    +----------------------------+----------+-------+---+----+------------+------------+

    * Multiplexer: 
    +-----------------------------------+-----+-----------+-----+-----------+
    |                Name               | LUT | Input Size| Bits| Total Bits|
    +-----------------------------------+-----+-----------+-----+-----------+
    |Asub_address0                      |   38|          7|    3|         21|
    |Asub_ce0                           |   21|          4|    1|          4|
    |Asub_d0                            |   15|          3|   64|        192|
    |Asub_we0                           |   15|          3|    1|          3|
    |Bsub_address0                      |   38|          7|    3|         21|
    |Bsub_ce0                           |   21|          4|    1|          4|
    |Bsub_d0                            |   15|          3|   64|        192|
    |Bsub_we0                           |   15|          3|    1|          3|
    |C_array1_address0                  |   21|          4|    1|          4|
    |C_array1_d0                        |   15|          3|   32|         96|
    |C_array2_address0                  |   21|          4|    1|          4|
    |C_array2_d0                        |   15|          3|   32|         96|
    |C_array3_address0                  |   21|          4|    1|          4|
    |C_array3_d0                        |   15|          3|   32|         96|
    |C_array4_address0                  |   21|          4|    1|          4|
    |C_array4_d0                        |   15|          3|   32|         96|
    |C_array5_address0                  |   21|          4|    1|          4|
    |C_array5_d0                        |   15|          3|   32|         96|
    |C_array6_address0                  |   21|          4|    1|          4|
    |C_array6_d0                        |   15|          3|   32|         96|
    |C_array7_address0                  |   21|          4|    1|          4|
    |C_array7_d0                        |   15|          3|   32|         96|
    |C_array_address0                   |   21|          4|    1|          4|
    |C_array_d0                         |   15|          3|   32|         96|
    |ap_NS_fsm                          |  685|        155|    1|        155|
    |ap_phi_mux_count_3_phi_fu_1038_p4  |   15|          3|    3|          9|
    |count_1_1_reg_1000                 |    9|          2|   64|        128|
    |count_1_reg_988                    |    9|          2|   64|        128|
    |count_2_reg_1012                   |    9|          2|    3|          6|
    |count_3_reg_1035                   |    9|          2|    3|          6|
    |count_reg_963                      |    9|          2|   64|        128|
    |dense_14_output_shap_address0      |   27|          5|    3|         15|
    |dense_14_output_shap_ce0           |   15|          3|    1|          3|
    |dense_15_fwork_address0            |   21|          4|   10|         40|
    |dense_15_fwork_d0                  |   15|          3|   32|         96|
    |dense_15_kernel_shap_address0      |   21|          4|    3|         12|
    |dense_15_kernel_shap_ce0           |   15|          3|    1|          3|
    |freeA_address0                     |   27|          5|    3|         15|
    |freeA_d0                           |   15|          3|   64|        192|
    |freeB_address0                     |   27|          5|    3|         15|
    |freeB_d0                           |   15|          3|   64|        192|
    |grp_k2c_idx2sub_fu_1209_idx        |   15|          3|   64|        192|
    |grp_k2c_idx2sub_fu_1209_ndim       |   15|          3|   64|        192|
    |grp_k2c_idx2sub_fu_1209_shape_q0   |   15|          3|   64|        192|
    |grp_k2c_sub2idx_fu_1221_ndim       |   15|          3|   64|        192|
    |grp_k2c_sub2idx_fu_1221_shape_q0   |   15|          3|   64|        192|
    |grp_k2c_sub2idx_fu_1221_sub_q0     |   15|          3|   64|        192|
    |i_10_reg_1140                      |    9|          2|   64|        128|
    |i_11_reg_1164                      |    9|          2|   64|        128|
    |i_14_reg_1175                      |    9|          2|   64|        128|
    |i_1_reg_1023                       |    9|          2|   64|        128|
    |i_4_reg_1046                       |    9|          2|    3|          6|
    |i_5_reg_1058                       |    9|          2|    3|          6|
    |i_7_reg_1067                       |    9|          2|    3|          6|
    |i_8_reg_1092                       |    9|          2|    3|          6|
    |i_9_reg_1104                       |    9|          2|    3|          6|
    |i_reg_975                          |    9|          2|   64|        128|
    |i_s_reg_1116                       |    9|          2|   64|        128|
    |j_3_reg_1079                       |    9|          2|   64|        128|
    |j_4_reg_1128                       |    9|          2|    3|          6|
    |j_5_reg_1152                       |    9|          2|    3|          6|
    |j_s_reg_1198                       |    9|          2|   59|        118|
    |k_reg_1187                         |    9|          2|    6|         12|
    |newshpA_address0                   |   21|          4|    3|         12|
    |newshpA_ce0                        |   15|          3|    1|          3|
    |newshpA_d0                         |   15|          3|   64|        192|
    |newshpB_address0                   |   21|          4|    3|         12|
    |newshpB_ce0                        |   15|          3|    1|          3|
    |newshpB_d0                         |   15|          3|   64|        192|
    |permA_address0                     |   27|          5|    3|         15|
    |permA_address1                     |   27|          5|    3|         15|
    |permA_d0                           |   15|          3|   64|        192|
    |permB_address0                     |   41|          8|    3|         24|
    |permB_d0                           |   15|          3|   64|        192|
    +-----------------------------------+-----+-----------+-----+-----------+
    |Total                              | 1870|        390| 1979|       5455|
    +-----------------------------------+-----+-----------+-----+-----------+

    * Register: 
    +--------------------------------------+-----+----+-----+-----------+
    |                 Name                 |  FF | LUT| Bits| Const Bits|
    +--------------------------------------+-----+----+-----+-----------+
    |C_array1_addr_1_reg_2702              |    1|   0|    1|          0|
    |C_array2_addr_1_reg_2707              |    1|   0|    1|          0|
    |C_array3_addr_1_reg_2712              |    1|   0|    1|          0|
    |C_array4_addr_1_reg_2717              |    1|   0|    1|          0|
    |C_array5_addr_1_reg_2722              |    1|   0|    1|          0|
    |C_array6_addr_1_reg_2727              |    1|   0|    1|          0|
    |C_array7_addr_1_reg_2732              |    1|   0|    1|          0|
    |C_array_addr_2_reg_2697               |    1|   0|    1|          0|
    |UnifiedRetVal_i_reg_2587              |   32|   0|   32|          0|
    |ap_CS_fsm                             |  154|   0|  154|          0|
    |count_1_1_reg_1000                    |   64|   0|   64|          0|
    |count_1_reg_988                       |   64|   0|   64|          0|
    |count_2_reg_1012                      |    3|   0|    3|          0|
    |count_3_cast_reg_2118                 |    3|   0|   64|         61|
    |count_3_reg_1035                      |    3|   0|    3|          0|
    |count_reg_963                         |   64|   0|   64|          0|
    |dense_14_output_shap_6_reg_2311       |   64|   0|   64|          0|
    |dense_15_fwork_addr_2_reg_2649        |   10|   0|   10|          0|
    |dense_15_fwork_load_1_reg_2692        |   32|   0|   32|          0|
    |dense_15_fwork_load_reg_2687          |   32|   0|   32|          0|
    |dense_15_kernel_shap_2_reg_2335       |   64|   0|   64|          0|
    |dense_15_kernel_shap_4_reg_2363       |   64|   0|   64|          0|
    |exitcond10_reg_2487                   |    1|   0|    1|          0|
    |exitcond11_reg_2387                   |    1|   0|    1|          0|
    |exitcond12_reg_2321                   |    1|   0|    1|          0|
    |exitcond13_reg_2274                   |    1|   0|    1|          0|
    |exitcond8_reg_2194                    |    1|   0|    1|          0|
    |free_axesA_reg_2156                   |   64|   0|   64|          0|
    |free_axesB_2_reg_2167                 |   59|   0|   64|          5|
    |free_axesB_cast4_reg_2173             |   11|   0|   11|          0|
    |free_axesB_reg_2162                   |   59|   0|   59|          0|
    |grp_k2c_idx2sub_fu_1209_ap_start_reg  |    1|   0|    1|          0|
    |grp_k2c_sub2idx_fu_1221_ap_start_reg  |    1|   0|    1|          0|
    |i_10_reg_1140                         |   64|   0|   64|          0|
    |i_11_reg_1164                         |   64|   0|   64|          0|
    |i_12_1_reg_2107                       |   64|   0|   64|          0|
    |i_12_s_reg_2089                       |   63|   0|   64|          1|
    |i_14_reg_1175                         |   64|   0|   64|          0|
    |i_15_1_reg_2131                       |   64|   0|   64|          0|
    |i_15_cast_reg_2184                    |    3|   0|    3|          0|
    |i_15_reg_2178                         |   64|   0|   64|          0|
    |i_15_s_reg_2123                       |   63|   0|   64|          1|
    |i_16_reg_2371                         |   64|   0|   64|          0|
    |i_17_reg_2477                         |   64|   0|   64|          0|
    |i_18_1_reg_2216                       |    3|   0|    3|          0|
    |i_18_cast_reg_2203                    |    2|   0|   64|         62|
    |i_18_reg_2605                         |   64|   0|   64|          0|
    |i_1_reg_1023                          |   64|   0|   64|          0|
    |i_20_reg_2621                         |   64|   0|   64|          0|
    |i_21_1_reg_2259                       |    3|   0|    3|          0|
    |i_21_cast_reg_2246                    |    3|   0|   64|         61|
    |i_22_1_reg_2301                       |    3|   0|    3|          0|
    |i_22_cast_reg_2288                    |    2|   0|   64|         62|
    |i_23_1_reg_2353                       |    3|   0|    3|          0|
    |i_23_cast_reg_2340                    |    2|   0|   64|         62|
    |i_4_cast_reg_2189                     |    3|   0|   64|         61|
    |i_4_reg_1046                          |    3|   0|    3|          0|
    |i_5_reg_1058                          |    3|   0|    3|          0|
    |i_7_cast_reg_2232                     |    3|   0|   64|         61|
    |i_7_reg_1067                          |    3|   0|    3|          0|
    |i_8_cast_reg_2269                     |    3|   0|   64|         61|
    |i_8_reg_1092                          |    3|   0|    3|          0|
    |i_9_cast_reg_2316                     |    3|   0|   64|         61|
    |i_9_reg_1104                          |    3|   0|    3|          0|
    |i_reg_975                             |   64|   0|   64|          0|
    |i_s_reg_1116                          |   64|   0|   64|          0|
    |inneridx_reg_2626                     |   11|   0|   11|          0|
    |j_10_1_reg_2414                       |    3|   0|    3|          0|
    |j_10_cast_reg_2401                    |    2|   0|   64|         62|
    |j_11_1_reg_2514                       |    3|   0|    3|          0|
    |j_11_cast_reg_2501                    |    2|   0|   64|         62|
    |j_3_reg_1079                          |   64|   0|   64|          0|
    |j_4_cast_reg_2382                     |    3|   0|   64|         61|
    |j_4_reg_1128                          |    3|   0|    3|          0|
    |j_5_cast_reg_2482                     |    3|   0|   64|         61|
    |j_5_reg_1152                          |    3|   0|    3|          0|
    |j_9_1_reg_2264                        |   64|   0|   64|          0|
    |j_reg_2662                            |   59|   0|   59|          0|
    |j_s_reg_1198                          |   59|   0|   59|          0|
    |k_1_reg_2644                          |    6|   0|    6|          0|
    |k_reg_1187                            |    6|   0|    6|          0|
    |newIndex_reg_2677                     |    3|   0|    3|          0|
    |outrowidx_reg_2631                    |   64|   0|   64|          0|
    |reg_1237                              |   64|   0|   64|          0|
    |reg_1242                              |   64|   0|   64|          0|
    |reg_1248                              |   64|   0|   64|          0|
    |sel_tmp7_i_reg_2582                   |   32|   0|   32|          0|
    |sum5_reg_2667                         |   11|   0|   11|          0|
    |sum_reg_2592                          |   11|   0|   11|          0|
    |tmp_10_reg_2654                       |   11|   0|   11|          0|
    |tmp_12_reg_2737                       |   32|   0|   32|          0|
    |tmp_13_reg_2747                       |   32|   0|   32|          0|
    |tmp_18_reg_2469                       |   32|   0|   32|          0|
    |tmp_19_reg_2742                       |   32|   0|   32|          0|
    |tmp_1_reg_2098                        |    1|   0|    1|          0|
    |tmp_30_reg_2146                       |   11|   0|   11|          0|
    |tmp_31_reg_2151                       |    7|   0|    7|          0|
    |tmp_34_reg_2376                       |   11|   0|   11|          0|
    |tmp_35_reg_2419                       |    3|   0|    3|          0|
    |tmp_39_reg_2519                       |    3|   0|    3|          0|
    |tmp_3_reg_2237                        |    1|   0|    1|          0|
    |tmp_41_reg_2672                       |    3|   0|    3|          0|
    |tmp_5_reg_2530                        |   61|   0|   64|          3|
    |tmp_6_reg_2597                        |   64|   0|   64|          0|
    +--------------------------------------+-----+----+-----+-----------+
    |Total                                 | 2778|   0| 3586|        808|
    +--------------------------------------+-----+----+-----+-----------+



================================================================
== Interface
================================================================
* Summary: 
+--------------------+-----+-----+------------+--------------+--------------+
|      RTL Ports     | Dir | Bits|  Protocol  | Source Object|    C Type    |
+--------------------+-----+-----+------------+--------------+--------------+
|ap_clk              |  in |    1| ap_ctrl_hs |   k2c_dot.2  | return value |
|ap_rst              |  in |    1| ap_ctrl_hs |   k2c_dot.2  | return value |
|ap_start            |  in |    1| ap_ctrl_hs |   k2c_dot.2  | return value |
|ap_done             | out |    1| ap_ctrl_hs |   k2c_dot.2  | return value |
|ap_idle             | out |    1| ap_ctrl_hs |   k2c_dot.2  | return value |
|ap_ready            | out |    1| ap_ctrl_hs |   k2c_dot.2  | return value |
|C_array_address0    | out |    1|  ap_memory |    C_array   |     array    |
|C_array_ce0         | out |    1|  ap_memory |    C_array   |     array    |
|C_array_we0         | out |    1|  ap_memory |    C_array   |     array    |
|C_array_d0          | out |   32|  ap_memory |    C_array   |     array    |
|C_array_q0          |  in |   32|  ap_memory |    C_array   |     array    |
|C_array1_address0   | out |    1|  ap_memory |   C_array1   |     array    |
|C_array1_ce0        | out |    1|  ap_memory |   C_array1   |     array    |
|C_array1_we0        | out |    1|  ap_memory |   C_array1   |     array    |
|C_array1_d0         | out |   32|  ap_memory |   C_array1   |     array    |
|C_array1_q0         |  in |   32|  ap_memory |   C_array1   |     array    |
|C_array2_address0   | out |    1|  ap_memory |   C_array2   |     array    |
|C_array2_ce0        | out |    1|  ap_memory |   C_array2   |     array    |
|C_array2_we0        | out |    1|  ap_memory |   C_array2   |     array    |
|C_array2_d0         | out |   32|  ap_memory |   C_array2   |     array    |
|C_array2_q0         |  in |   32|  ap_memory |   C_array2   |     array    |
|C_array3_address0   | out |    1|  ap_memory |   C_array3   |     array    |
|C_array3_ce0        | out |    1|  ap_memory |   C_array3   |     array    |
|C_array3_we0        | out |    1|  ap_memory |   C_array3   |     array    |
|C_array3_d0         | out |   32|  ap_memory |   C_array3   |     array    |
|C_array3_q0         |  in |   32|  ap_memory |   C_array3   |     array    |
|C_array4_address0   | out |    1|  ap_memory |   C_array4   |     array    |
|C_array4_ce0        | out |    1|  ap_memory |   C_array4   |     array    |
|C_array4_we0        | out |    1|  ap_memory |   C_array4   |     array    |
|C_array4_d0         | out |   32|  ap_memory |   C_array4   |     array    |
|C_array4_q0         |  in |   32|  ap_memory |   C_array4   |     array    |
|C_array5_address0   | out |    1|  ap_memory |   C_array5   |     array    |
|C_array5_ce0        | out |    1|  ap_memory |   C_array5   |     array    |
|C_array5_we0        | out |    1|  ap_memory |   C_array5   |     array    |
|C_array5_d0         | out |   32|  ap_memory |   C_array5   |     array    |
|C_array5_q0         |  in |   32|  ap_memory |   C_array5   |     array    |
|C_array6_address0   | out |    1|  ap_memory |   C_array6   |     array    |
|C_array6_ce0        | out |    1|  ap_memory |   C_array6   |     array    |
|C_array6_we0        | out |    1|  ap_memory |   C_array6   |     array    |
|C_array6_d0         | out |   32|  ap_memory |   C_array6   |     array    |
|C_array6_q0         |  in |   32|  ap_memory |   C_array6   |     array    |
|C_array7_address0   | out |    1|  ap_memory |   C_array7   |     array    |
|C_array7_ce0        | out |    1|  ap_memory |   C_array7   |     array    |
|C_array7_we0        | out |    1|  ap_memory |   C_array7   |     array    |
|C_array7_d0         | out |   32|  ap_memory |   C_array7   |     array    |
|C_array7_q0         |  in |   32|  ap_memory |   C_array7   |     array    |
|A_array_address0    | out |    2|  ap_memory |    A_array   |     array    |
|A_array_ce0         | out |    1|  ap_memory |    A_array   |     array    |
|A_array_q0          |  in |   32|  ap_memory |    A_array   |     array    |
|A_array8_address0   | out |    2|  ap_memory |   A_array8   |     array    |
|A_array8_ce0        | out |    1|  ap_memory |   A_array8   |     array    |
|A_array8_q0         |  in |   32|  ap_memory |   A_array8   |     array    |
|A_array9_address0   | out |    2|  ap_memory |   A_array9   |     array    |
|A_array9_ce0        | out |    1|  ap_memory |   A_array9   |     array    |
|A_array9_q0         |  in |   32|  ap_memory |   A_array9   |     array    |
|A_array10_address0  | out |    2|  ap_memory |   A_array10  |     array    |
|A_array10_ce0       | out |    1|  ap_memory |   A_array10  |     array    |
|A_array10_q0        |  in |   32|  ap_memory |   A_array10  |     array    |
|A_array11_address0  | out |    2|  ap_memory |   A_array11  |     array    |
|A_array11_ce0       | out |    1|  ap_memory |   A_array11  |     array    |
|A_array11_q0        |  in |   32|  ap_memory |   A_array11  |     array    |
|A_array12_address0  | out |    2|  ap_memory |   A_array12  |     array    |
|A_array12_ce0       | out |    1|  ap_memory |   A_array12  |     array    |
|A_array12_q0        |  in |   32|  ap_memory |   A_array12  |     array    |
|A_array13_address0  | out |    2|  ap_memory |   A_array13  |     array    |
|A_array13_ce0       | out |    1|  ap_memory |   A_array13  |     array    |
|A_array13_q0        |  in |   32|  ap_memory |   A_array13  |     array    |
|A_array14_address0  | out |    2|  ap_memory |   A_array14  |     array    |
|A_array14_ce0       | out |    1|  ap_memory |   A_array14  |     array    |
|A_array14_q0        |  in |   32|  ap_memory |   A_array14  |     array    |
|A_dim               |  in |   64|   ap_none  |     A_dim    |    scalar    |
|A_numel_read        |  in |   64|   ap_none  | A_numel_read |    scalar    |
|B_dim               |  in |   64|   ap_none  |     B_dim    |    scalar    |
|B_numel_read        |  in |   64|   ap_none  | B_numel_read |    scalar    |
|p_read2             |  in |   64|   ap_none  |    p_read2   |    scalar    |
+--------------------+-----+-----+------------+--------------+--------------+

