

================================================================
== Vivado HLS Report for 'k2c_dense_1'
================================================================
* Date:           Tue Apr 23 22:53:14 2024

* Version:        2018.2 (Build 2258646 on Thu Jun 14 20:25:20 MDT 2018)
* Project:        Group_5
* Solution:       Latency_2
* Product family: artix7
* Target device:  xc7a200tfbg676-2


================================================================
== Performance Estimates
================================================================
+ Timing (ns): 
    * Summary: 
    +--------+-------+----------+------------+
    |  Clock | Target| Estimated| Uncertainty|
    +--------+-------+----------+------------+
    |ap_clk  |   5.00|     4.588|        0.62|
    +--------+-------+----------+------------+

+ Latency (clock cycles): 
    * Summary: 
    +-----+-----+-----+-----+---------+
    |  Latency  |  Interval | Pipeline|
    | min | max | min | max |   Type  |
    +-----+-----+-----+-----+---------+
    |    ?|    ?|    ?|    ?|   none  |
    +-----+-----+-----+-----+---------+

    + Detail: 
        * Instance: 
        +--------------------------------+---------------------+-----+-----+-----+-----+---------+
        |                                |                     |  Latency  |  Interval | Pipeline|
        |            Instance            |        Module       | min | max | min | max |   Type  |
        +--------------------------------+---------------------+-----+-----+-----+-----+---------+
        |grp_k2c_dot_2_fu_368            |k2c_dot_2            |    ?|    ?|    ?|    ?|   none  |
        |grp_k2c_affine_matmul_2_fu_434  |k2c_affine_matmul_2  |    ?|    ?|    ?|    ?|   none  |
        |grp_k2c_bias_add_2_fu_489       |k2c_bias_add_2       |    ?|    ?|    ?|    ?|   none  |
        +--------------------------------+---------------------+-----+-----+-----+-----+---------+

        * Loop: 
        +----------+-----+------+----------+-----------+-----------+----------+----------+
        |          |   Latency  | Iteration|  Initiation Interval  |   Trip   |          |
        | Loop Name| min |  max |  Latency |  achieved |   target  |   Count  | Pipelined|
        +----------+-----+------+----------+-----------+-----------+----------+----------+
        |- Loop 1  |   96|  3072|         6|          -|          -| 16 ~ 512 |    no    |
        |- Loop 2  |    ?|     ?|         5|          -|          -|         ?|    no    |
        +----------+-----+------+----------+-----------+-----------+----------+----------+



================================================================
== Utilization Estimates
================================================================
* Summary: 
+-----------------+---------+-------+--------+--------+
|       Name      | BRAM_18K| DSP48E|   FF   |   LUT  |
+-----------------+---------+-------+--------+--------+
|DSP              |        -|      -|       -|       -|
|Expression       |        -|      -|       0|     342|
|FIFO             |        -|      -|       -|       -|
|Instance         |       22|     76|   16627|   18905|
|Memory           |        0|      -|      64|       8|
|Multiplexer      |        -|      -|       -|    1358|
|Register         |        -|      -|     329|       -|
+-----------------+---------+-------+--------+--------+
|Total            |       22|     76|   17020|   20613|
+-----------------+---------+-------+--------+--------+
|Available        |      730|    740|  269200|  129000|
+-----------------+---------+-------+--------+--------+
|Utilization (%)  |        3|     10|       6|      15|
+-----------------+---------+-------+--------+--------+

+ Detail: 
    * Instance: 
    +--------------------------------+----------------------+---------+-------+-------+------+
    |            Instance            |        Module        | BRAM_18K| DSP48E|   FF  |  LUT |
    +--------------------------------+----------------------+---------+-------+-------+------+
    |grp_k2c_affine_matmul_2_fu_434  |k2c_affine_matmul_2   |        8|      3|   3972|  8757|
    |grp_k2c_bias_add_2_fu_489       |k2c_bias_add_2        |        0|      2|    672|   712|
    |grp_k2c_dot_2_fu_368            |k2c_dot_2             |       14|     71|  11917|  9287|
    |sample_fcmp_32ns_Gfk_U406       |sample_fcmp_32ns_Gfk  |        0|      0|     66|    67|
    |sample_mux_864_32rcU_U407       |sample_mux_864_32rcU  |        0|      0|      0|    41|
    |sample_mux_864_32rcU_U408       |sample_mux_864_32rcU  |        0|      0|      0|    41|
    +--------------------------------+----------------------+---------+-------+-------+------+
    |Total                           |                      |       22|     76|  16627| 18905|
    +--------------------------------+----------------------+---------+-------+-------+------+

    * DSP48: 
    N/A

    * Memory: 
    +-----------------------+----------------------+---------+----+----+------+-----+------+-------------+
    |         Memory        |        Module        | BRAM_18K| FF | LUT| Words| Bits| Banks| W*Bits*Banks|
    +-----------------------+----------------------+---------+----+----+------+-----+------+-------------+
    |dense_15_bias_array_U  |k2c_dense_1_densebwn  |        0|  64|   8|    16|   32|     1|          512|
    +-----------------------+----------------------+---------+----+----+------+-----+------+-------------+
    |Total                  |                      |        0|  64|   8|    16|   32|     1|          512|
    +-----------------------+----------------------+---------+----+----+------+-----+------+-------------+

    * FIFO: 
    N/A

    * Expression: 
    +----------------------------+----------+-------+---+----+------------+------------+
    |        Variable Name       | Operation| DSP48E| FF| LUT| Bitwidth P0| Bitwidth P1|
    +----------------------------+----------+-------+---+----+------------+------------+
    |i_30_fu_571_p2              |     +    |      0|  0|  71|          64|           1|
    |i_31_fu_682_p2              |     +    |      0|  0|  17|          10|           1|
    |tmp_16_fu_524_p2            |     +    |      0|  0|  71|          64|           2|
    |tmp_45_fu_772_p2            |    and   |      0|  0|   2|           1|           1|
    |tmp_50_fu_661_p2            |    and   |      0|  0|   2|           1|           1|
    |exitcond1_fu_677_p2         |   icmp   |      0|  0|  13|          11|          11|
    |exitcond4_fu_566_p2         |   icmp   |      0|  0|  29|          64|          64|
    |icmp_fu_546_p2              |   icmp   |      0|  0|  29|          63|           1|
    |notlhs6_fu_756_p2           |   icmp   |      0|  0|  11|           8|           2|
    |notlhs_fu_645_p2            |   icmp   |      0|  0|  11|           8|           2|
    |notrhs7_fu_762_p2           |   icmp   |      0|  0|  18|          23|           1|
    |notrhs_fu_651_p2            |   icmp   |      0|  0|  18|          23|           1|
    |tmp_fu_518_p2               |   icmp   |      0|  0|  29|          64|           2|
    |tmp_43_fu_768_p2            |    or    |      0|  0|   2|           1|           1|
    |tmp_48_fu_657_p2            |    or    |      0|  0|   2|           1|           1|
    |p_s_fu_552_p3               |  select  |      0|  0|   7|           1|           7|
    |tmp_19_cast_cast_fu_666_p3  |  select  |      0|  0|  10|           1|          10|
    +----------------------------+----------+-------+---+----+------------+------------+
    |Total                       |          |      0|  0| 342|         408|         109|
    +----------------------------+----------+-------+---+----+------------+------------+

    * Multiplexer: 
    +---------------------------------+----+-----------+-----+-----------+
    |               Name              | LUT| Input Size| Bits| Total Bits|
    +---------------------------------+----+-----------+-----+-----------+
    |ap_NS_fsm                        |  85|         17|    1|         17|
    |dense_14_output_arra_1_address0  |  15|          3|    2|          6|
    |dense_14_output_arra_1_ce0       |  15|          3|    1|          3|
    |dense_14_output_arra_2_address0  |  15|          3|    2|          6|
    |dense_14_output_arra_2_ce0       |  15|          3|    1|          3|
    |dense_14_output_arra_3_address0  |  15|          3|    2|          6|
    |dense_14_output_arra_3_ce0       |  15|          3|    1|          3|
    |dense_14_output_arra_4_address0  |  15|          3|    2|          6|
    |dense_14_output_arra_4_ce0       |  15|          3|    1|          3|
    |dense_14_output_arra_5_address0  |  15|          3|    2|          6|
    |dense_14_output_arra_5_ce0       |  15|          3|    1|          3|
    |dense_14_output_arra_6_address0  |  15|          3|    2|          6|
    |dense_14_output_arra_6_ce0       |  15|          3|    1|          3|
    |dense_14_output_arra_7_address0  |  15|          3|    2|          6|
    |dense_14_output_arra_7_ce0       |  15|          3|    1|          3|
    |dense_14_output_arra_address0    |  15|          3|    2|          6|
    |dense_14_output_arra_ce0         |  15|          3|    1|          3|
    |dense_15_bias_array_address0     |  15|          3|    4|         12|
    |dense_15_bias_array_ce0          |   9|          2|    1|          2|
    |dense_15_output_arra_1_address0  |  41|          8|    1|          8|
    |dense_15_output_arra_1_ce0       |  27|          5|    1|          5|
    |dense_15_output_arra_1_d0        |  27|          5|   32|        160|
    |dense_15_output_arra_1_we0       |  27|          5|    1|          5|
    |dense_15_output_arra_2_address0  |  41|          8|    1|          8|
    |dense_15_output_arra_2_ce0       |  27|          5|    1|          5|
    |dense_15_output_arra_2_d0        |  27|          5|   32|        160|
    |dense_15_output_arra_2_we0       |  27|          5|    1|          5|
    |dense_15_output_arra_3_address0  |  41|          8|    1|          8|
    |dense_15_output_arra_3_ce0       |  27|          5|    1|          5|
    |dense_15_output_arra_3_d0        |  27|          5|   32|        160|
    |dense_15_output_arra_3_we0       |  27|          5|    1|          5|
    |dense_15_output_arra_4_address0  |  41|          8|    1|          8|
    |dense_15_output_arra_4_ce0       |  27|          5|    1|          5|
    |dense_15_output_arra_4_d0        |  27|          5|   32|        160|
    |dense_15_output_arra_4_we0       |  27|          5|    1|          5|
    |dense_15_output_arra_5_address0  |  41|          8|    1|          8|
    |dense_15_output_arra_5_ce0       |  27|          5|    1|          5|
    |dense_15_output_arra_5_d0        |  27|          5|   32|        160|
    |dense_15_output_arra_5_we0       |  27|          5|    1|          5|
    |dense_15_output_arra_6_address0  |  41|          8|    1|          8|
    |dense_15_output_arra_6_ce0       |  27|          5|    1|          5|
    |dense_15_output_arra_6_d0        |  27|          5|   32|        160|
    |dense_15_output_arra_6_we0       |  27|          5|    1|          5|
    |dense_15_output_arra_7_address0  |  41|          8|    1|          8|
    |dense_15_output_arra_7_ce0       |  27|          5|    1|          5|
    |dense_15_output_arra_7_d0        |  27|          5|   32|        160|
    |dense_15_output_arra_7_we0       |  27|          5|    1|          5|
    |dense_15_output_arra_address0    |  41|          8|    1|          8|
    |dense_15_output_arra_ce0         |  27|          5|    1|          5|
    |dense_15_output_arra_d0          |  27|          5|   32|        160|
    |dense_15_output_arra_we0         |  27|          5|    1|          5|
    |grp_fu_513_p0                    |  15|          3|   32|         96|
    |i_2_reg_346                      |   9|          2|   64|        128|
    |i_reg_357                        |   9|          2|   10|         20|
    +---------------------------------+----+-----------+-----+-----------+
    |Total                            |1358|        261|  416|       1771|
    +---------------------------------+----+-----------+-----+-----------+

    * Register: 
    +---------------------------------------------+----+----+-----+-----------+
    |                     Name                    | FF | LUT| Bits| Const Bits|
    +---------------------------------------------+----+----+-----+-----------+
    |ap_CS_fsm                                    |  16|   0|   16|          0|
    |dense_15_bias_numel                          |   0|   0|   64|         64|
    |dense_15_kernel_nume                         |   0|   0|   64|         64|
    |dense_15_output_arra_10_reg_932              |   1|   0|    1|          0|
    |dense_15_output_arra_11_reg_937              |   1|   0|    1|          0|
    |dense_15_output_arra_12_reg_942              |   1|   0|    1|          0|
    |dense_15_output_arra_13_reg_947              |   1|   0|    1|          0|
    |dense_15_output_arra_14_reg_952              |   1|   0|    1|          0|
    |dense_15_output_arra_15_reg_957              |   1|   0|    1|          0|
    |dense_15_output_arra_24_reg_840              |   1|   0|    1|          0|
    |dense_15_output_arra_25_reg_845              |   1|   0|    1|          0|
    |dense_15_output_arra_26_reg_850              |   1|   0|    1|          0|
    |dense_15_output_arra_27_reg_855              |   1|   0|    1|          0|
    |dense_15_output_arra_28_reg_860              |   1|   0|    1|          0|
    |dense_15_output_arra_29_reg_865              |   1|   0|    1|          0|
    |dense_15_output_arra_30_reg_870              |   1|   0|    1|          0|
    |dense_15_output_arra_31_reg_875              |   1|   0|    1|          0|
    |dense_15_output_arra_8_reg_922               |   1|   0|    1|          0|
    |dense_15_output_arra_9_reg_927               |   1|   0|    1|          0|
    |grp_k2c_affine_matmul_2_fu_434_ap_start_reg  |   1|   0|    1|          0|
    |grp_k2c_bias_add_2_fu_489_ap_start_reg       |   1|   0|    1|          0|
    |grp_k2c_dot_2_fu_368_ap_start_reg            |   1|   0|    1|          0|
    |i_2_reg_346                                  |  64|   0|   64|          0|
    |i_30_reg_830                                 |  64|   0|   64|          0|
    |i_31_reg_912                                 |  10|   0|   10|          0|
    |i_reg_357                                    |  10|   0|   10|          0|
    |icmp_reg_812                                 |   1|   0|    1|          0|
    |notlhs6_reg_968                              |   1|   0|    1|          0|
    |notlhs_reg_886                               |   1|   0|    1|          0|
    |notrhs7_reg_973                              |   1|   0|    1|          0|
    |notrhs_reg_891                               |   1|   0|    1|          0|
    |p_s_reg_817                                  |   2|   0|    6|          4|
    |tmp_16_reg_802                               |  64|   0|   64|          0|
    |tmp_19_cast_cast_reg_904                     |   2|   0|   11|          9|
    |tmp_44_reg_978                               |   1|   0|    1|          0|
    |tmp_46_reg_880                               |  32|   0|   32|          0|
    |tmp_49_reg_896                               |   1|   0|    1|          0|
    |tmp_79_reg_917                               |   3|   0|    3|          0|
    |tmp_81_reg_835                               |   3|   0|    3|          0|
    |tmp_reg_798                                  |   1|   0|    1|          0|
    |tmp_s_reg_962                                |  32|   0|   32|          0|
    +---------------------------------------------+----+----+-----+-----------+
    |Total                                        | 329|   0|  470|        141|
    +---------------------------------------------+----+----+-----+-----------+



================================================================
== Interface
================================================================
* Summary: 
+---------------------------------+-----+-----+------------+------------------------+--------------+
|            RTL Ports            | Dir | Bits|  Protocol  |      Source Object     |    C Type    |
+---------------------------------+-----+-----+------------+------------------------+--------------+
|ap_clk                           |  in |    1| ap_ctrl_hs |       k2c_dense.1      | return value |
|ap_rst                           |  in |    1| ap_ctrl_hs |       k2c_dense.1      | return value |
|ap_start                         |  in |    1| ap_ctrl_hs |       k2c_dense.1      | return value |
|ap_done                          | out |    1| ap_ctrl_hs |       k2c_dense.1      | return value |
|ap_idle                          | out |    1| ap_ctrl_hs |       k2c_dense.1      | return value |
|ap_ready                         | out |    1| ap_ctrl_hs |       k2c_dense.1      | return value |
|output_numel_read                |  in |   64|   ap_none  |    output_numel_read   |    scalar    |
|input_dim                        |  in |   64|   ap_none  |        input_dim       |    scalar    |
|input_numel_read                 |  in |   64|   ap_none  |    input_numel_read    |    scalar    |
|kernel_dim                       |  in |   64|   ap_none  |       kernel_dim       |    scalar    |
|dense_15_output_arra_7_address0  | out |    1|  ap_memory | dense_15_output_arra_7 |     array    |
|dense_15_output_arra_7_ce0       | out |    1|  ap_memory | dense_15_output_arra_7 |     array    |
|dense_15_output_arra_7_we0       | out |    1|  ap_memory | dense_15_output_arra_7 |     array    |
|dense_15_output_arra_7_d0        | out |   32|  ap_memory | dense_15_output_arra_7 |     array    |
|dense_15_output_arra_7_q0        |  in |   32|  ap_memory | dense_15_output_arra_7 |     array    |
|dense_15_output_arra_6_address0  | out |    1|  ap_memory | dense_15_output_arra_6 |     array    |
|dense_15_output_arra_6_ce0       | out |    1|  ap_memory | dense_15_output_arra_6 |     array    |
|dense_15_output_arra_6_we0       | out |    1|  ap_memory | dense_15_output_arra_6 |     array    |
|dense_15_output_arra_6_d0        | out |   32|  ap_memory | dense_15_output_arra_6 |     array    |
|dense_15_output_arra_6_q0        |  in |   32|  ap_memory | dense_15_output_arra_6 |     array    |
|dense_15_output_arra_5_address0  | out |    1|  ap_memory | dense_15_output_arra_5 |     array    |
|dense_15_output_arra_5_ce0       | out |    1|  ap_memory | dense_15_output_arra_5 |     array    |
|dense_15_output_arra_5_we0       | out |    1|  ap_memory | dense_15_output_arra_5 |     array    |
|dense_15_output_arra_5_d0        | out |   32|  ap_memory | dense_15_output_arra_5 |     array    |
|dense_15_output_arra_5_q0        |  in |   32|  ap_memory | dense_15_output_arra_5 |     array    |
|dense_15_output_arra_4_address0  | out |    1|  ap_memory | dense_15_output_arra_4 |     array    |
|dense_15_output_arra_4_ce0       | out |    1|  ap_memory | dense_15_output_arra_4 |     array    |
|dense_15_output_arra_4_we0       | out |    1|  ap_memory | dense_15_output_arra_4 |     array    |
|dense_15_output_arra_4_d0        | out |   32|  ap_memory | dense_15_output_arra_4 |     array    |
|dense_15_output_arra_4_q0        |  in |   32|  ap_memory | dense_15_output_arra_4 |     array    |
|dense_15_output_arra_3_address0  | out |    1|  ap_memory | dense_15_output_arra_3 |     array    |
|dense_15_output_arra_3_ce0       | out |    1|  ap_memory | dense_15_output_arra_3 |     array    |
|dense_15_output_arra_3_we0       | out |    1|  ap_memory | dense_15_output_arra_3 |     array    |
|dense_15_output_arra_3_d0        | out |   32|  ap_memory | dense_15_output_arra_3 |     array    |
|dense_15_output_arra_3_q0        |  in |   32|  ap_memory | dense_15_output_arra_3 |     array    |
|dense_15_output_arra_2_address0  | out |    1|  ap_memory | dense_15_output_arra_2 |     array    |
|dense_15_output_arra_2_ce0       | out |    1|  ap_memory | dense_15_output_arra_2 |     array    |
|dense_15_output_arra_2_we0       | out |    1|  ap_memory | dense_15_output_arra_2 |     array    |
|dense_15_output_arra_2_d0        | out |   32|  ap_memory | dense_15_output_arra_2 |     array    |
|dense_15_output_arra_2_q0        |  in |   32|  ap_memory | dense_15_output_arra_2 |     array    |
|dense_15_output_arra_1_address0  | out |    1|  ap_memory | dense_15_output_arra_1 |     array    |
|dense_15_output_arra_1_ce0       | out |    1|  ap_memory | dense_15_output_arra_1 |     array    |
|dense_15_output_arra_1_we0       | out |    1|  ap_memory | dense_15_output_arra_1 |     array    |
|dense_15_output_arra_1_d0        | out |   32|  ap_memory | dense_15_output_arra_1 |     array    |
|dense_15_output_arra_1_q0        |  in |   32|  ap_memory | dense_15_output_arra_1 |     array    |
|dense_15_output_arra_address0    | out |    1|  ap_memory |  dense_15_output_arra  |     array    |
|dense_15_output_arra_ce0         | out |    1|  ap_memory |  dense_15_output_arra  |     array    |
|dense_15_output_arra_we0         | out |    1|  ap_memory |  dense_15_output_arra  |     array    |
|dense_15_output_arra_d0          | out |   32|  ap_memory |  dense_15_output_arra  |     array    |
|dense_15_output_arra_q0          |  in |   32|  ap_memory |  dense_15_output_arra  |     array    |
|dense_14_output_arra_7_address0  | out |    2|  ap_memory | dense_14_output_arra_7 |     array    |
|dense_14_output_arra_7_ce0       | out |    1|  ap_memory | dense_14_output_arra_7 |     array    |
|dense_14_output_arra_7_q0        |  in |   32|  ap_memory | dense_14_output_arra_7 |     array    |
|dense_14_output_arra_6_address0  | out |    2|  ap_memory | dense_14_output_arra_6 |     array    |
|dense_14_output_arra_6_ce0       | out |    1|  ap_memory | dense_14_output_arra_6 |     array    |
|dense_14_output_arra_6_q0        |  in |   32|  ap_memory | dense_14_output_arra_6 |     array    |
|dense_14_output_arra_5_address0  | out |    2|  ap_memory | dense_14_output_arra_5 |     array    |
|dense_14_output_arra_5_ce0       | out |    1|  ap_memory | dense_14_output_arra_5 |     array    |
|dense_14_output_arra_5_q0        |  in |   32|  ap_memory | dense_14_output_arra_5 |     array    |
|dense_14_output_arra_4_address0  | out |    2|  ap_memory | dense_14_output_arra_4 |     array    |
|dense_14_output_arra_4_ce0       | out |    1|  ap_memory | dense_14_output_arra_4 |     array    |
|dense_14_output_arra_4_q0        |  in |   32|  ap_memory | dense_14_output_arra_4 |     array    |
|dense_14_output_arra_3_address0  | out |    2|  ap_memory | dense_14_output_arra_3 |     array    |
|dense_14_output_arra_3_ce0       | out |    1|  ap_memory | dense_14_output_arra_3 |     array    |
|dense_14_output_arra_3_q0        |  in |   32|  ap_memory | dense_14_output_arra_3 |     array    |
|dense_14_output_arra_2_address0  | out |    2|  ap_memory | dense_14_output_arra_2 |     array    |
|dense_14_output_arra_2_ce0       | out |    1|  ap_memory | dense_14_output_arra_2 |     array    |
|dense_14_output_arra_2_q0        |  in |   32|  ap_memory | dense_14_output_arra_2 |     array    |
|dense_14_output_arra_1_address0  | out |    2|  ap_memory | dense_14_output_arra_1 |     array    |
|dense_14_output_arra_1_ce0       | out |    1|  ap_memory | dense_14_output_arra_1 |     array    |
|dense_14_output_arra_1_q0        |  in |   32|  ap_memory | dense_14_output_arra_1 |     array    |
|dense_14_output_arra_address0    | out |    2|  ap_memory |  dense_14_output_arra  |     array    |
|dense_14_output_arra_ce0         | out |    1|  ap_memory |  dense_14_output_arra  |     array    |
|dense_14_output_arra_q0          |  in |   32|  ap_memory |  dense_14_output_arra  |     array    |
+---------------------------------+-----+-----+------------+------------------------+--------------+

