

================================================================
== Vivado HLS Report for 'k2c_affine_matmul_2'
================================================================
* Date:           Tue Apr 23 22:53:05 2024

* Version:        2018.2 (Build 2258646 on Thu Jun 14 20:25:20 MDT 2018)
* Project:        Group_5
* Solution:       Latency_2
* Product family: artix7
* Target device:  xc7a200tfbg676-2


================================================================
== Performance Estimates
================================================================
+ Timing (ns): 
    * Summary: 
    +--------+-------+----------+------------+
    |  Clock | Target| Estimated| Uncertainty|
    +--------+-------+----------+------------+
    |ap_clk  |   5.00|     4.588|        0.62|
    +--------+-------+----------+------------+

+ Latency (clock cycles): 
    * Summary: 
    +-----+-----+-----+-----+---------+
    |  Latency  |  Interval | Pipeline|
    | min | max | min | max |   Type  |
    +-----+-----+-----+-----+---------+
    |    ?|    ?|    ?|    ?|   none  |
    +-----+-----+-----+-----+---------+

    + Detail: 
        * Instance: 
        N/A

        * Loop: 
        +-----------------+------+------+----------+-----------+-----------+------+----------+
        |                 |   Latency   | Iteration|  Initiation Interval  | Trip |          |
        |    Loop Name    |  min |  max |  Latency |  achieved |   target  | Count| Pipelined|
        +-----------------+------+------+----------+-----------+-----------+------+----------+
        |- Loop 1         |     ?|     ?|     16981|          -|          -|     ?|    no    |
        | + Loop 1.1      |  4244|  4244|      2122|          -|          -|     2|    no    |
        |  ++ Loop 1.1.1  |   263|   263|        16|          8|          2|    32|    yes   |
        |  ++ Loop 1.1.2  |   262|   262|        15|          8|          2|    32|    yes   |
        |  ++ Loop 1.1.3  |   262|   262|        15|          8|          2|    32|    yes   |
        |  ++ Loop 1.1.4  |   262|   262|        15|          8|          2|    32|    yes   |
        |  ++ Loop 1.1.5  |   262|   262|        15|          8|          2|    32|    yes   |
        |  ++ Loop 1.1.6  |   262|   262|        15|          8|          2|    32|    yes   |
        |  ++ Loop 1.1.7  |   262|   262|        15|          8|          2|    32|    yes   |
        |  ++ Loop 1.1.8  |   262|   262|        15|          8|          2|    32|    yes   |
        | + Loop 1.2      |  4244|  4244|      2122|          -|          -|     2|    no    |
        |  ++ Loop 1.2.1  |   263|   263|        16|          8|          2|    32|    yes   |
        |  ++ Loop 1.2.2  |   262|   262|        15|          8|          2|    32|    yes   |
        |  ++ Loop 1.2.3  |   262|   262|        15|          8|          2|    32|    yes   |
        |  ++ Loop 1.2.4  |   262|   262|        15|          8|          2|    32|    yes   |
        |  ++ Loop 1.2.5  |   262|   262|        15|          8|          2|    32|    yes   |
        |  ++ Loop 1.2.6  |   262|   262|        15|          8|          2|    32|    yes   |
        |  ++ Loop 1.2.7  |   262|   262|        15|          8|          2|    32|    yes   |
        |  ++ Loop 1.2.8  |   262|   262|        15|          8|          2|    32|    yes   |
        | + Loop 1.3      |  4244|  4244|      2122|          -|          -|     2|    no    |
        |  ++ Loop 1.3.1  |   263|   263|        16|          8|          2|    32|    yes   |
        |  ++ Loop 1.3.2  |   262|   262|        15|          8|          2|    32|    yes   |
        |  ++ Loop 1.3.3  |   262|   262|        15|          8|          2|    32|    yes   |
        |  ++ Loop 1.3.4  |   262|   262|        15|          8|          2|    32|    yes   |
        |  ++ Loop 1.3.5  |   262|   262|        15|          8|          2|    32|    yes   |
        |  ++ Loop 1.3.6  |   262|   262|        15|          8|          2|    32|    yes   |
        |  ++ Loop 1.3.7  |   262|   262|        15|          8|          2|    32|    yes   |
        |  ++ Loop 1.3.8  |   262|   262|        15|          8|          2|    32|    yes   |
        | + Loop 1.4      |  4244|  4244|      2122|          -|          -|     2|    no    |
        |  ++ Loop 1.4.1  |   263|   263|        16|          8|          2|    32|    yes   |
        |  ++ Loop 1.4.2  |   262|   262|        15|          8|          2|    32|    yes   |
        |  ++ Loop 1.4.3  |   262|   262|        15|          8|          2|    32|    yes   |
        |  ++ Loop 1.4.4  |   262|   262|        15|          8|          2|    32|    yes   |
        |  ++ Loop 1.4.5  |   262|   262|        15|          8|          2|    32|    yes   |
        |  ++ Loop 1.4.6  |   262|   262|        15|          8|          2|    32|    yes   |
        |  ++ Loop 1.4.7  |   262|   262|        15|          8|          2|    32|    yes   |
        |  ++ Loop 1.4.8  |   262|   262|        15|          8|          2|    32|    yes   |
        +-----------------+------+------+----------+-----------+-----------+------+----------+



================================================================
== Utilization Estimates
================================================================
* Summary: 
+-----------------+---------+-------+--------+--------+
|       Name      | BRAM_18K| DSP48E|   FF   |   LUT  |
+-----------------+---------+-------+--------+--------+
|DSP              |        -|      -|       -|       -|
|Expression       |        -|      -|       0|    1752|
|FIFO             |        -|      -|       -|       -|
|Instance         |        -|      3|     524|    1832|
|Memory           |        8|      -|       0|       0|
|Multiplexer      |        -|      -|       -|    5173|
|Register         |        -|      -|    3448|       -|
+-----------------+---------+-------+--------+--------+
|Total            |        8|      3|    3972|    8757|
+-----------------+---------+-------+--------+--------+
|Available        |      730|    740|  269200|  129000|
+-----------------+---------+-------+--------+--------+
|Utilization (%)  |        1|   ~0  |       1|       6|
+-----------------+---------+-------+--------+--------+

+ Detail: 
    * Instance: 
    +---------------------------+----------------------+---------+-------+-----+-----+
    |          Instance         |        Module        | BRAM_18K| DSP48E|  FF | LUT |
    +---------------------------+----------------------+---------+-------+-----+-----+
    |sample_fadd_32ns_Ee0_U354  |sample_fadd_32ns_Ee0  |        0|      0|  373|  376|
    |sample_fmul_32ns_pcA_U355  |sample_fmul_32ns_pcA  |        0|      3|  151|  144|
    |sample_mux_864_32rcU_U356  |sample_mux_864_32rcU  |        0|      0|    0|   41|
    |sample_mux_864_32rcU_U357  |sample_mux_864_32rcU  |        0|      0|    0|   41|
    |sample_mux_864_32rcU_U358  |sample_mux_864_32rcU  |        0|      0|    0|   41|
    |sample_mux_864_32rcU_U359  |sample_mux_864_32rcU  |        0|      0|    0|   41|
    |sample_mux_864_32rcU_U360  |sample_mux_864_32rcU  |        0|      0|    0|   41|
    |sample_mux_864_32rcU_U361  |sample_mux_864_32rcU  |        0|      0|    0|   41|
    |sample_mux_864_32rcU_U362  |sample_mux_864_32rcU  |        0|      0|    0|   41|
    |sample_mux_864_32rcU_U363  |sample_mux_864_32rcU  |        0|      0|    0|   41|
    |sample_mux_864_32rcU_U364  |sample_mux_864_32rcU  |        0|      0|    0|   41|
    |sample_mux_864_32rcU_U365  |sample_mux_864_32rcU  |        0|      0|    0|   41|
    |sample_mux_864_32rcU_U366  |sample_mux_864_32rcU  |        0|      0|    0|   41|
    |sample_mux_864_32rcU_U367  |sample_mux_864_32rcU  |        0|      0|    0|   41|
    |sample_mux_864_32rcU_U368  |sample_mux_864_32rcU  |        0|      0|    0|   41|
    |sample_mux_864_32rcU_U369  |sample_mux_864_32rcU  |        0|      0|    0|   41|
    |sample_mux_864_32rcU_U370  |sample_mux_864_32rcU  |        0|      0|    0|   41|
    |sample_mux_864_32rcU_U371  |sample_mux_864_32rcU  |        0|      0|    0|   41|
    |sample_mux_864_32rcU_U372  |sample_mux_864_32rcU  |        0|      0|    0|   41|
    |sample_mux_864_32rcU_U373  |sample_mux_864_32rcU  |        0|      0|    0|   41|
    |sample_mux_864_32rcU_U374  |sample_mux_864_32rcU  |        0|      0|    0|   41|
    |sample_mux_864_32rcU_U375  |sample_mux_864_32rcU  |        0|      0|    0|   41|
    |sample_mux_864_32rcU_U376  |sample_mux_864_32rcU  |        0|      0|    0|   41|
    |sample_mux_864_32rcU_U377  |sample_mux_864_32rcU  |        0|      0|    0|   41|
    |sample_mux_864_32rcU_U378  |sample_mux_864_32rcU  |        0|      0|    0|   41|
    |sample_mux_864_32rcU_U379  |sample_mux_864_32rcU  |        0|      0|    0|   41|
    |sample_mux_864_32rcU_U380  |sample_mux_864_32rcU  |        0|      0|    0|   41|
    |sample_mux_864_32rcU_U381  |sample_mux_864_32rcU  |        0|      0|    0|   41|
    |sample_mux_864_32rcU_U382  |sample_mux_864_32rcU  |        0|      0|    0|   41|
    |sample_mux_864_32rcU_U383  |sample_mux_864_32rcU  |        0|      0|    0|   41|
    |sample_mux_864_32rcU_U384  |sample_mux_864_32rcU  |        0|      0|    0|   41|
    |sample_mux_864_32rcU_U385  |sample_mux_864_32rcU  |        0|      0|    0|   41|
    |sample_mux_864_32rcU_U386  |sample_mux_864_32rcU  |        0|      0|    0|   41|
    |sample_mux_864_32rcU_U387  |sample_mux_864_32rcU  |        0|      0|    0|   41|
    +---------------------------+----------------------+---------+-------+-----+-----+
    |Total                      |                      |        0|      3|  524| 1832|
    +---------------------------+----------------------+---------+-------+-----+-----+

    * DSP48: 
    N/A

    * Memory: 
    +--------------------------+----------------------+---------+---+----+------+-----+------+-------------+
    |          Memory          |        Module        | BRAM_18K| FF| LUT| Words| Bits| Banks| W*Bits*Banks|
    +--------------------------+----------------------+---------+---+----+------+-----+------+-------------+
    |dense_15_kernel_arra_U    |k2c_dot_2_dense_1bak  |        1|  0|   0|    64|   32|     1|         2048|
    |dense_15_kernel_arra_7_U  |k2c_dot_2_dense_1bbk  |        1|  0|   0|    64|   32|     1|         2048|
    |dense_15_kernel_arra_6_U  |k2c_dot_2_dense_1bck  |        1|  0|   0|    64|   32|     1|         2048|
    |dense_15_kernel_arra_5_U  |k2c_dot_2_dense_1bdk  |        1|  0|   0|    64|   32|     1|         2048|
    |dense_15_kernel_arra_4_U  |k2c_dot_2_dense_1bek  |        1|  0|   0|    64|   32|     1|         2048|
    |dense_15_kernel_arra_3_U  |k2c_dot_2_dense_1bfk  |        1|  0|   0|    64|   32|     1|         2048|
    |dense_15_kernel_arra_2_U  |k2c_dot_2_dense_1bgk  |        1|  0|   0|    64|   32|     1|         2048|
    |dense_15_kernel_arra_1_U  |k2c_dot_2_dense_1bhl  |        1|  0|   0|    64|   32|     1|         2048|
    +--------------------------+----------------------+---------+---+----+------+-----+------+-------------+
    |Total                     |                      |        8|  0|   0|   512|  256|     8|        16384|
    +--------------------------+----------------------+---------+---+----+------+-----+------+-------------+

    * FIFO: 
    N/A

    * Expression: 
    +--------------------------+----------+-------+---+----+------------+------------+
    |       Variable Name      | Operation| DSP48E| FF| LUT| Bitwidth P0| Bitwidth P1|
    +--------------------------+----------+-------+---+----+------------+------------+
    |i_33_3_fu_6458_p2         |     +    |      0|  0|  71|          64|           3|
    |j_14_0_7_fu_4750_p2       |     +    |      0|  0|  15|           5|           4|
    |j_14_1_7_fu_5588_p2       |     +    |      0|  0|  15|           5|           4|
    |j_14_2_7_fu_6441_p2       |     +    |      0|  0|  15|           5|           4|
    |j_14_3_7_fu_7307_p2       |     +    |      0|  0|  15|           5|           4|
    |k_2_0_1_fu_4137_p2        |     +    |      0|  0|  15|           6|           1|
    |k_2_0_2_fu_4232_p2        |     +    |      0|  0|  15|           6|           1|
    |k_2_0_3_fu_4321_p2        |     +    |      0|  0|  15|           6|           1|
    |k_2_0_4_fu_4410_p2        |     +    |      0|  0|  15|           6|           1|
    |k_2_0_5_fu_4499_p2        |     +    |      0|  0|  15|           6|           1|
    |k_2_0_6_fu_4588_p2        |     +    |      0|  0|  15|           6|           1|
    |k_2_0_7_fu_4677_p2        |     +    |      0|  0|  15|           6|           1|
    |k_2_1_1_fu_4925_p2        |     +    |      0|  0|  15|           6|           1|
    |k_2_1_2_fu_5034_p2        |     +    |      0|  0|  15|           6|           1|
    |k_2_1_3_fu_5129_p2        |     +    |      0|  0|  15|           6|           1|
    |k_2_1_4_fu_5224_p2        |     +    |      0|  0|  15|           6|           1|
    |k_2_1_5_fu_5319_p2        |     +    |      0|  0|  15|           6|           1|
    |k_2_1_6_fu_5414_p2        |     +    |      0|  0|  15|           6|           1|
    |k_2_1_7_fu_5509_p2        |     +    |      0|  0|  15|           6|           1|
    |k_2_1_fu_4796_p2          |     +    |      0|  0|  15|           6|           1|
    |k_2_2_1_fu_5764_p2        |     +    |      0|  0|  15|           6|           1|
    |k_2_2_2_fu_5875_p2        |     +    |      0|  0|  15|           6|           1|
    |k_2_2_3_fu_5972_p2        |     +    |      0|  0|  15|           6|           1|
    |k_2_2_4_fu_6069_p2        |     +    |      0|  0|  15|           6|           1|
    |k_2_2_5_fu_6166_p2        |     +    |      0|  0|  15|           6|           1|
    |k_2_2_6_fu_6263_p2        |     +    |      0|  0|  15|           6|           1|
    |k_2_2_7_fu_6360_p2        |     +    |      0|  0|  15|           6|           1|
    |k_2_2_fu_5630_p2          |     +    |      0|  0|  15|           6|           1|
    |k_2_3_1_fu_6616_p2        |     +    |      0|  0|  15|           6|           1|
    |k_2_3_2_fu_6729_p2        |     +    |      0|  0|  15|           6|           1|
    |k_2_3_3_fu_6828_p2        |     +    |      0|  0|  15|           6|           1|
    |k_2_3_4_fu_6927_p2        |     +    |      0|  0|  15|           6|           1|
    |k_2_3_5_fu_7026_p2        |     +    |      0|  0|  15|           6|           1|
    |k_2_3_6_fu_7125_p2        |     +    |      0|  0|  15|           6|           1|
    |k_2_3_7_fu_7224_p2        |     +    |      0|  0|  15|           6|           1|
    |k_2_3_fu_6478_p2          |     +    |      0|  0|  15|           6|           1|
    |k_2_fu_4019_p2            |     +    |      0|  0|  15|           6|           1|
    |sum2_1_fu_4889_p2         |     +    |      0|  0|  15|           6|           5|
    |sum8_1_fu_4834_p2         |     +    |      0|  0|  16|           9|           9|
    |sum8_2_fu_5662_p2         |     +    |      0|  0|  16|           9|           9|
    |sum8_3_fu_6516_p2         |     +    |      0|  0|  16|           9|           9|
    |sum8_fu_4051_p2           |     +    |      0|  0|  16|           9|           9|
    |exitcond1_1_fu_4756_p2    |   icmp   |      0|  0|  11|           5|           6|
    |exitcond1_2_fu_5594_p2    |   icmp   |      0|  0|  11|           5|           6|
    |exitcond1_3_fu_6447_p2    |   icmp   |      0|  0|  11|           5|           6|
    |exitcond1_fu_3983_p2      |   icmp   |      0|  0|  11|           5|           6|
    |exitcond2_1_fu_4000_p2    |   icmp   |      0|  0|  29|          64|          64|
    |exitcond2_2_fu_4773_p2    |   icmp   |      0|  0|  29|          64|          64|
    |exitcond2_3_fu_5611_p2    |   icmp   |      0|  0|  29|          64|          64|
    |exitcond2_fu_3978_p2      |   icmp   |      0|  0|  29|          64|          64|
    |exitcond_0_1_fu_4131_p2   |   icmp   |      0|  0|  11|           6|           7|
    |exitcond_0_2_fu_4226_p2   |   icmp   |      0|  0|  11|           6|           7|
    |exitcond_0_3_fu_4315_p2   |   icmp   |      0|  0|  11|           6|           7|
    |exitcond_0_4_fu_4404_p2   |   icmp   |      0|  0|  11|           6|           7|
    |exitcond_0_5_fu_4493_p2   |   icmp   |      0|  0|  11|           6|           7|
    |exitcond_0_6_fu_4582_p2   |   icmp   |      0|  0|  11|           6|           7|
    |exitcond_0_7_fu_4671_p2   |   icmp   |      0|  0|  11|           6|           7|
    |exitcond_1_1_fu_4919_p2   |   icmp   |      0|  0|  11|           6|           7|
    |exitcond_1_2_fu_5028_p2   |   icmp   |      0|  0|  11|           6|           7|
    |exitcond_1_3_fu_5123_p2   |   icmp   |      0|  0|  11|           6|           7|
    |exitcond_1_4_fu_5218_p2   |   icmp   |      0|  0|  11|           6|           7|
    |exitcond_1_5_fu_5313_p2   |   icmp   |      0|  0|  11|           6|           7|
    |exitcond_1_6_fu_5408_p2   |   icmp   |      0|  0|  11|           6|           7|
    |exitcond_1_7_fu_5503_p2   |   icmp   |      0|  0|  11|           6|           7|
    |exitcond_1_fu_4790_p2     |   icmp   |      0|  0|  11|           6|           7|
    |exitcond_2_1_fu_5758_p2   |   icmp   |      0|  0|  11|           6|           7|
    |exitcond_2_2_fu_5869_p2   |   icmp   |      0|  0|  11|           6|           7|
    |exitcond_2_3_fu_5966_p2   |   icmp   |      0|  0|  11|           6|           7|
    |exitcond_2_4_fu_6063_p2   |   icmp   |      0|  0|  11|           6|           7|
    |exitcond_2_5_fu_6160_p2   |   icmp   |      0|  0|  11|           6|           7|
    |exitcond_2_6_fu_6257_p2   |   icmp   |      0|  0|  11|           6|           7|
    |exitcond_2_7_fu_6354_p2   |   icmp   |      0|  0|  11|           6|           7|
    |exitcond_2_fu_5624_p2     |   icmp   |      0|  0|  11|           6|           7|
    |exitcond_3_1_fu_6610_p2   |   icmp   |      0|  0|  11|           6|           7|
    |exitcond_3_2_fu_6723_p2   |   icmp   |      0|  0|  11|           6|           7|
    |exitcond_3_3_fu_6822_p2   |   icmp   |      0|  0|  11|           6|           7|
    |exitcond_3_4_fu_6921_p2   |   icmp   |      0|  0|  11|           6|           7|
    |exitcond_3_5_fu_7020_p2   |   icmp   |      0|  0|  11|           6|           7|
    |exitcond_3_6_fu_7119_p2   |   icmp   |      0|  0|  11|           6|           7|
    |exitcond_3_7_fu_7218_p2   |   icmp   |      0|  0|  11|           6|           7|
    |exitcond_3_fu_6472_p2     |   icmp   |      0|  0|  11|           6|           7|
    |exitcond_fu_4013_p2       |   icmp   |      0|  0|  11|           6|           7|
    |i_33_4_fu_4767_p2         |    or    |      0|  0|  64|          64|           2|
    |i_33_5_fu_5605_p2         |    or    |      0|  0|  64|          64|           2|
    |i_33_s_fu_3994_p2         |    or    |      0|  0|  64|          64|           1|
    |j_14_0_1_fu_4394_p2       |    or    |      0|  0|   4|           4|           3|
    |j_14_0_2_fu_4483_p2       |    or    |      0|  0|   4|           4|           3|
    |j_14_0_3_fu_4572_p2       |    or    |      0|  0|   4|           4|           3|
    |j_14_0_4_fu_4661_p2       |    or    |      0|  0|   4|           4|           3|
    |j_14_0_8_fu_4211_p2       |    or    |      0|  0|   4|           4|           2|
    |j_14_0_9_fu_4305_p2       |    or    |      0|  0|   4|           4|           2|
    |j_14_0_s_fu_4106_p2       |    or    |      0|  0|   4|           4|           1|
    |j_14_1_1_fu_5208_p2       |    or    |      0|  0|   4|           4|           3|
    |j_14_1_2_fu_5303_p2       |    or    |      0|  0|   4|           4|           3|
    |j_14_1_3_fu_5398_p2       |    or    |      0|  0|   4|           4|           3|
    |j_14_1_4_fu_5493_p2       |    or    |      0|  0|   4|           4|           3|
    |j_14_1_8_fu_5005_p2       |    or    |      0|  0|   4|           4|           2|
    |j_14_1_9_fu_5113_p2       |    or    |      0|  0|   4|           4|           2|
    |j_14_1_s_fu_4909_p2       |    or    |      0|  0|   4|           4|           1|
    |j_14_2_1_fu_6053_p2       |    or    |      0|  0|   4|           4|           3|
    |j_14_2_2_fu_6150_p2       |    or    |      0|  0|   4|           4|           3|
    |j_14_2_3_fu_6247_p2       |    or    |      0|  0|   4|           4|           3|
    |j_14_2_4_fu_6344_p2       |    or    |      0|  0|   4|           4|           3|
    |j_14_2_8_fu_5846_p2       |    or    |      0|  0|   4|           4|           2|
    |j_14_2_9_fu_5956_p2       |    or    |      0|  0|   4|           4|           2|
    |j_14_2_s_fu_5725_p2       |    or    |      0|  0|   4|           4|           1|
    |j_14_3_1_fu_6911_p2       |    or    |      0|  0|   4|           4|           3|
    |j_14_3_2_fu_7010_p2       |    or    |      0|  0|   4|           4|           3|
    |j_14_3_3_fu_7109_p2       |    or    |      0|  0|   4|           4|           3|
    |j_14_3_4_fu_7208_p2       |    or    |      0|  0|   4|           4|           3|
    |j_14_3_8_fu_6700_p2       |    or    |      0|  0|   4|           4|           2|
    |j_14_3_9_fu_6812_p2       |    or    |      0|  0|   4|           4|           2|
    |j_14_3_s_fu_6575_p2       |    or    |      0|  0|   4|           4|           1|
    |ap_enable_pp0             |    xor   |      0|  0|   2|           1|           2|
    |ap_enable_pp1             |    xor   |      0|  0|   2|           1|           2|
    |ap_enable_pp10            |    xor   |      0|  0|   2|           1|           2|
    |ap_enable_pp11            |    xor   |      0|  0|   2|           1|           2|
    |ap_enable_pp12            |    xor   |      0|  0|   2|           1|           2|
    |ap_enable_pp13            |    xor   |      0|  0|   2|           1|           2|
    |ap_enable_pp14            |    xor   |      0|  0|   2|           1|           2|
    |ap_enable_pp15            |    xor   |      0|  0|   2|           1|           2|
    |ap_enable_pp16            |    xor   |      0|  0|   2|           1|           2|
    |ap_enable_pp17            |    xor   |      0|  0|   2|           1|           2|
    |ap_enable_pp18            |    xor   |      0|  0|   2|           1|           2|
    |ap_enable_pp19            |    xor   |      0|  0|   2|           1|           2|
    |ap_enable_pp2             |    xor   |      0|  0|   2|           1|           2|
    |ap_enable_pp20            |    xor   |      0|  0|   2|           1|           2|
    |ap_enable_pp21            |    xor   |      0|  0|   2|           1|           2|
    |ap_enable_pp22            |    xor   |      0|  0|   2|           1|           2|
    |ap_enable_pp23            |    xor   |      0|  0|   2|           1|           2|
    |ap_enable_pp24            |    xor   |      0|  0|   2|           1|           2|
    |ap_enable_pp25            |    xor   |      0|  0|   2|           1|           2|
    |ap_enable_pp26            |    xor   |      0|  0|   2|           1|           2|
    |ap_enable_pp27            |    xor   |      0|  0|   2|           1|           2|
    |ap_enable_pp28            |    xor   |      0|  0|   2|           1|           2|
    |ap_enable_pp29            |    xor   |      0|  0|   2|           1|           2|
    |ap_enable_pp3             |    xor   |      0|  0|   2|           1|           2|
    |ap_enable_pp30            |    xor   |      0|  0|   2|           1|           2|
    |ap_enable_pp31            |    xor   |      0|  0|   2|           1|           2|
    |ap_enable_pp4             |    xor   |      0|  0|   2|           1|           2|
    |ap_enable_pp5             |    xor   |      0|  0|   2|           1|           2|
    |ap_enable_pp6             |    xor   |      0|  0|   2|           1|           2|
    |ap_enable_pp7             |    xor   |      0|  0|   2|           1|           2|
    |ap_enable_pp8             |    xor   |      0|  0|   2|           1|           2|
    |ap_enable_pp9             |    xor   |      0|  0|   2|           1|           2|
    |ap_enable_reg_pp0_iter1   |    xor   |      0|  0|   2|           2|           1|
    |ap_enable_reg_pp10_iter1  |    xor   |      0|  0|   2|           2|           1|
    |ap_enable_reg_pp11_iter1  |    xor   |      0|  0|   2|           2|           1|
    |ap_enable_reg_pp12_iter1  |    xor   |      0|  0|   2|           2|           1|
    |ap_enable_reg_pp13_iter1  |    xor   |      0|  0|   2|           2|           1|
    |ap_enable_reg_pp14_iter1  |    xor   |      0|  0|   2|           2|           1|
    |ap_enable_reg_pp15_iter1  |    xor   |      0|  0|   2|           2|           1|
    |ap_enable_reg_pp16_iter1  |    xor   |      0|  0|   2|           2|           1|
    |ap_enable_reg_pp17_iter1  |    xor   |      0|  0|   2|           2|           1|
    |ap_enable_reg_pp18_iter1  |    xor   |      0|  0|   2|           2|           1|
    |ap_enable_reg_pp19_iter1  |    xor   |      0|  0|   2|           2|           1|
    |ap_enable_reg_pp1_iter1   |    xor   |      0|  0|   2|           2|           1|
    |ap_enable_reg_pp20_iter1  |    xor   |      0|  0|   2|           2|           1|
    |ap_enable_reg_pp21_iter1  |    xor   |      0|  0|   2|           2|           1|
    |ap_enable_reg_pp22_iter1  |    xor   |      0|  0|   2|           2|           1|
    |ap_enable_reg_pp23_iter1  |    xor   |      0|  0|   2|           2|           1|
    |ap_enable_reg_pp24_iter1  |    xor   |      0|  0|   2|           2|           1|
    |ap_enable_reg_pp25_iter1  |    xor   |      0|  0|   2|           2|           1|
    |ap_enable_reg_pp26_iter1  |    xor   |      0|  0|   2|           2|           1|
    |ap_enable_reg_pp27_iter1  |    xor   |      0|  0|   2|           2|           1|
    |ap_enable_reg_pp28_iter1  |    xor   |      0|  0|   2|           2|           1|
    |ap_enable_reg_pp29_iter1  |    xor   |      0|  0|   2|           2|           1|
    |ap_enable_reg_pp2_iter1   |    xor   |      0|  0|   2|           2|           1|
    |ap_enable_reg_pp30_iter1  |    xor   |      0|  0|   2|           2|           1|
    |ap_enable_reg_pp31_iter1  |    xor   |      0|  0|   2|           2|           1|
    |ap_enable_reg_pp3_iter1   |    xor   |      0|  0|   2|           2|           1|
    |ap_enable_reg_pp4_iter1   |    xor   |      0|  0|   2|           2|           1|
    |ap_enable_reg_pp5_iter1   |    xor   |      0|  0|   2|           2|           1|
    |ap_enable_reg_pp6_iter1   |    xor   |      0|  0|   2|           2|           1|
    |ap_enable_reg_pp7_iter1   |    xor   |      0|  0|   2|           2|           1|
    |ap_enable_reg_pp8_iter1   |    xor   |      0|  0|   2|           2|           1|
    |ap_enable_reg_pp9_iter1   |    xor   |      0|  0|   2|           2|           1|
    |sum2_3_fu_6585_p2         |    xor   |      0|  0|   6|           5|           6|
    |sum5_1_1_fu_4935_p2       |    xor   |      0|  0|   7|           6|           7|
    |sum5_1_2_fu_5044_p2       |    xor   |      0|  0|   7|           6|           7|
    |sum5_1_3_fu_5139_p2       |    xor   |      0|  0|   7|           6|           7|
    |sum5_1_4_fu_5234_p2       |    xor   |      0|  0|   7|           6|           7|
    |sum5_1_5_fu_5329_p2       |    xor   |      0|  0|   7|           6|           7|
    |sum5_1_6_fu_5424_p2       |    xor   |      0|  0|   7|           6|           7|
    |sum5_1_7_fu_5519_p2       |    xor   |      0|  0|   7|           6|           7|
    |sum5_1_fu_4806_p2         |    xor   |      0|  0|   7|           6|           7|
    |sum5_3_1_fu_6626_p2       |    xor   |      0|  0|   7|           6|           7|
    |sum5_3_2_fu_6739_p2       |    xor   |      0|  0|   7|           6|           7|
    |sum5_3_3_fu_6838_p2       |    xor   |      0|  0|   7|           6|           7|
    |sum5_3_4_fu_6937_p2       |    xor   |      0|  0|   7|           6|           7|
    |sum5_3_5_fu_7036_p2       |    xor   |      0|  0|   7|           6|           7|
    |sum5_3_6_fu_7135_p2       |    xor   |      0|  0|   7|           6|           7|
    |sum5_3_7_fu_7234_p2       |    xor   |      0|  0|   7|           6|           7|
    |sum5_3_fu_6488_p2         |    xor   |      0|  0|   7|           6|           7|
    +--------------------------+----------+-------+---+----+------------+------------+
    |Total                     |          |      0|  0|1752|        1287|         883|
    +--------------------------+----------+-------+---+----+------------+------------+

    * Multiplexer: 
    +-----------------------------------+------+-----------+-----+-----------+
    |                Name               |  LUT | Input Size| Bits| Total Bits|
    +-----------------------------------+------+-----------+-----+-----------+
    |A10_address0                       |   149|         33|    2|         66|
    |A11_address0                       |   149|         33|    2|         66|
    |A12_address0                       |   149|         33|    2|         66|
    |A13_address0                       |   149|         33|    2|         66|
    |A14_address0                       |   149|         33|    2|         66|
    |A8_address0                        |   149|         33|    2|         66|
    |A9_address0                        |   149|         33|    2|         66|
    |A_address0                         |   149|         33|    2|         66|
    |C1_address0                        |    27|          5|    1|          5|
    |C1_d0                              |    27|          5|   32|        160|
    |C2_address0                        |    27|          5|    1|          5|
    |C2_d0                              |    27|          5|   32|        160|
    |C3_address0                        |    27|          5|    1|          5|
    |C3_d0                              |    27|          5|   32|        160|
    |C4_address0                        |    27|          5|    1|          5|
    |C4_d0                              |    27|          5|   32|        160|
    |C5_address0                        |    27|          5|    1|          5|
    |C5_d0                              |    27|          5|   32|        160|
    |C6_address0                        |    27|          5|    1|          5|
    |C6_d0                              |    27|          5|   32|        160|
    |C7_address0                        |    27|          5|    1|          5|
    |C7_d0                              |    27|          5|   32|        160|
    |C_address0                         |    27|          5|    1|          5|
    |C_d0                               |    27|          5|   32|        160|
    |ap_NS_fsm                          |  1453|        327|    1|        327|
    |ap_enable_reg_pp0_iter1            |    15|          3|    1|          3|
    |ap_enable_reg_pp10_iter1           |    15|          3|    1|          3|
    |ap_enable_reg_pp11_iter1           |    15|          3|    1|          3|
    |ap_enable_reg_pp12_iter1           |    15|          3|    1|          3|
    |ap_enable_reg_pp13_iter1           |    15|          3|    1|          3|
    |ap_enable_reg_pp14_iter1           |    15|          3|    1|          3|
    |ap_enable_reg_pp15_iter1           |    15|          3|    1|          3|
    |ap_enable_reg_pp16_iter1           |    15|          3|    1|          3|
    |ap_enable_reg_pp17_iter1           |    15|          3|    1|          3|
    |ap_enable_reg_pp18_iter1           |    15|          3|    1|          3|
    |ap_enable_reg_pp19_iter1           |    15|          3|    1|          3|
    |ap_enable_reg_pp1_iter1            |    15|          3|    1|          3|
    |ap_enable_reg_pp20_iter1           |    15|          3|    1|          3|
    |ap_enable_reg_pp21_iter1           |    15|          3|    1|          3|
    |ap_enable_reg_pp22_iter1           |    15|          3|    1|          3|
    |ap_enable_reg_pp23_iter1           |    15|          3|    1|          3|
    |ap_enable_reg_pp24_iter1           |    15|          3|    1|          3|
    |ap_enable_reg_pp25_iter1           |    15|          3|    1|          3|
    |ap_enable_reg_pp26_iter1           |    15|          3|    1|          3|
    |ap_enable_reg_pp27_iter1           |    15|          3|    1|          3|
    |ap_enable_reg_pp28_iter1           |    15|          3|    1|          3|
    |ap_enable_reg_pp29_iter1           |    15|          3|    1|          3|
    |ap_enable_reg_pp2_iter1            |    15|          3|    1|          3|
    |ap_enable_reg_pp30_iter1           |    15|          3|    1|          3|
    |ap_enable_reg_pp31_iter1           |    15|          3|    1|          3|
    |ap_enable_reg_pp3_iter1            |    15|          3|    1|          3|
    |ap_enable_reg_pp4_iter1            |    15|          3|    1|          3|
    |ap_enable_reg_pp5_iter1            |    15|          3|    1|          3|
    |ap_enable_reg_pp6_iter1            |    15|          3|    1|          3|
    |ap_enable_reg_pp7_iter1            |    15|          3|    1|          3|
    |ap_enable_reg_pp8_iter1            |    15|          3|    1|          3|
    |ap_enable_reg_pp9_iter1            |    15|          3|    1|          3|
    |ap_phi_mux_k_0_1_phi_fu_3154_p4    |     9|          2|    6|         12|
    |ap_phi_mux_k_0_2_phi_fu_3176_p4    |     9|          2|    6|         12|
    |ap_phi_mux_k_0_3_phi_fu_3198_p4    |     9|          2|    6|         12|
    |ap_phi_mux_k_0_4_phi_fu_3220_p4    |     9|          2|    6|         12|
    |ap_phi_mux_k_0_5_phi_fu_3242_p4    |     9|          2|    6|         12|
    |ap_phi_mux_k_0_6_phi_fu_3264_p4    |     9|          2|    6|         12|
    |ap_phi_mux_k_0_7_phi_fu_3286_p4    |     9|          2|    6|         12|
    |ap_phi_mux_k_1_1_phi_fu_3342_p4    |     9|          2|    6|         12|
    |ap_phi_mux_k_1_2_phi_fu_3364_p4    |     9|          2|    6|         12|
    |ap_phi_mux_k_1_3_phi_fu_3386_p4    |     9|          2|    6|         12|
    |ap_phi_mux_k_1_4_phi_fu_3408_p4    |     9|          2|    6|         12|
    |ap_phi_mux_k_1_5_phi_fu_3430_p4    |     9|          2|    6|         12|
    |ap_phi_mux_k_1_6_phi_fu_3452_p4    |     9|          2|    6|         12|
    |ap_phi_mux_k_1_7_phi_fu_3474_p4    |     9|          2|    6|         12|
    |ap_phi_mux_k_1_phi_fu_3320_p4      |     9|          2|    6|         12|
    |ap_phi_mux_k_214_1_phi_fu_3530_p4  |     9|          2|    6|         12|
    |ap_phi_mux_k_214_2_phi_fu_3552_p4  |     9|          2|    6|         12|
    |ap_phi_mux_k_214_3_phi_fu_3574_p4  |     9|          2|    6|         12|
    |ap_phi_mux_k_214_4_phi_fu_3596_p4  |     9|          2|    6|         12|
    |ap_phi_mux_k_214_5_phi_fu_3618_p4  |     9|          2|    6|         12|
    |ap_phi_mux_k_214_6_phi_fu_3640_p4  |     9|          2|    6|         12|
    |ap_phi_mux_k_214_7_phi_fu_3662_p4  |     9|          2|    6|         12|
    |ap_phi_mux_k_3_1_phi_fu_3718_p4    |     9|          2|    6|         12|
    |ap_phi_mux_k_3_2_phi_fu_3740_p4    |     9|          2|    6|         12|
    |ap_phi_mux_k_3_3_phi_fu_3762_p4    |     9|          2|    6|         12|
    |ap_phi_mux_k_3_4_phi_fu_3784_p4    |     9|          2|    6|         12|
    |ap_phi_mux_k_3_5_phi_fu_3806_p4    |     9|          2|    6|         12|
    |ap_phi_mux_k_3_6_phi_fu_3828_p4    |     9|          2|    6|         12|
    |ap_phi_mux_k_3_7_phi_fu_3850_p4    |     9|          2|    6|         12|
    |ap_phi_mux_k_3_phi_fu_3696_p4      |     9|          2|    6|         12|
    |ap_phi_mux_k_phi_fu_3132_p4        |     9|          2|    6|         12|
    |ap_phi_mux_k_s_phi_fu_3508_p4      |     9|          2|    6|         12|
    |d_address0                         |   149|         33|    4|        132|
    |dense_15_kernel_arra_1_address0    |    27|          5|    6|         30|
    |dense_15_kernel_arra_2_address0    |    27|          5|    6|         30|
    |dense_15_kernel_arra_3_address0    |    27|          5|    6|         30|
    |dense_15_kernel_arra_4_address0    |    27|          5|    6|         30|
    |dense_15_kernel_arra_5_address0    |    27|          5|    6|         30|
    |dense_15_kernel_arra_6_address0    |    27|          5|    6|         30|
    |dense_15_kernel_arra_7_address0    |    27|          5|    6|         30|
    |dense_15_kernel_arra_address0      |    27|          5|    6|         30|
    |grp_fu_3857_p0                     |   149|         33|   32|       1056|
    |grp_fu_3893_p0                     |   149|         33|   32|       1056|
    |grp_fu_3893_p1                     |    44|          9|   32|        288|
    |i_reg_3093                         |     9|          2|   64|        128|
    |j_1_reg_3293                       |     9|          2|    5|         10|
    |j_2_reg_3481                       |     9|          2|    5|         10|
    |j_3_reg_3669                       |     9|          2|    5|         10|
    |j_reg_3105                         |     9|          2|    5|         10|
    |k_0_1_reg_3150                     |     9|          2|    6|         12|
    |k_0_2_reg_3172                     |     9|          2|    6|         12|
    |k_0_3_reg_3194                     |     9|          2|    6|         12|
    |k_0_4_reg_3216                     |     9|          2|    6|         12|
    |k_0_5_reg_3238                     |     9|          2|    6|         12|
    |k_0_6_reg_3260                     |     9|          2|    6|         12|
    |k_0_7_reg_3282                     |     9|          2|    6|         12|
    |k_1_1_reg_3338                     |     9|          2|    6|         12|
    |k_1_2_reg_3360                     |     9|          2|    6|         12|
    |k_1_3_reg_3382                     |     9|          2|    6|         12|
    |k_1_4_reg_3404                     |     9|          2|    6|         12|
    |k_1_5_reg_3426                     |     9|          2|    6|         12|
    |k_1_6_reg_3448                     |     9|          2|    6|         12|
    |k_1_7_reg_3470                     |     9|          2|    6|         12|
    |k_1_reg_3316                       |     9|          2|    6|         12|
    |k_214_1_reg_3526                   |     9|          2|    6|         12|
    |k_214_2_reg_3548                   |     9|          2|    6|         12|
    |k_214_3_reg_3570                   |     9|          2|    6|         12|
    |k_214_4_reg_3592                   |     9|          2|    6|         12|
    |k_214_5_reg_3614                   |     9|          2|    6|         12|
    |k_214_6_reg_3636                   |     9|          2|    6|         12|
    |k_214_7_reg_3658                   |     9|          2|    6|         12|
    |k_3_1_reg_3714                     |     9|          2|    6|         12|
    |k_3_2_reg_3736                     |     9|          2|    6|         12|
    |k_3_3_reg_3758                     |     9|          2|    6|         12|
    |k_3_4_reg_3780                     |     9|          2|    6|         12|
    |k_3_5_reg_3802                     |     9|          2|    6|         12|
    |k_3_6_reg_3824                     |     9|          2|    6|         12|
    |k_3_7_reg_3846                     |     9|          2|    6|         12|
    |k_3_reg_3692                       |     9|          2|    6|         12|
    |k_reg_3128                         |     9|          2|    6|         12|
    |k_s_reg_3504                       |     9|          2|    6|         12|
    |sum1_0_1_reg_3139                  |     9|          2|   32|         64|
    |sum1_0_2_reg_3161                  |     9|          2|   32|         64|
    |sum1_0_3_reg_3183                  |     9|          2|   32|         64|
    |sum1_0_4_reg_3205                  |     9|          2|   32|         64|
    |sum1_0_5_reg_3227                  |     9|          2|   32|         64|
    |sum1_0_6_reg_3249                  |     9|          2|   32|         64|
    |sum1_0_7_reg_3271                  |     9|          2|   32|         64|
    |sum1_1_1_reg_3327                  |     9|          2|   32|         64|
    |sum1_1_2_reg_3349                  |     9|          2|   32|         64|
    |sum1_1_3_reg_3371                  |     9|          2|   32|         64|
    |sum1_1_4_reg_3393                  |     9|          2|   32|         64|
    |sum1_1_5_reg_3415                  |     9|          2|   32|         64|
    |sum1_1_6_reg_3437                  |     9|          2|   32|         64|
    |sum1_1_7_reg_3459                  |     9|          2|   32|         64|
    |sum1_1_reg_3305                    |     9|          2|   32|         64|
    |sum1_2_1_reg_3515                  |     9|          2|   32|         64|
    |sum1_2_2_reg_3537                  |     9|          2|   32|         64|
    |sum1_2_3_reg_3559                  |     9|          2|   32|         64|
    |sum1_2_4_reg_3581                  |     9|          2|   32|         64|
    |sum1_2_5_reg_3603                  |     9|          2|   32|         64|
    |sum1_2_6_reg_3625                  |     9|          2|   32|         64|
    |sum1_2_7_reg_3647                  |     9|          2|   32|         64|
    |sum1_2_reg_3493                    |     9|          2|   32|         64|
    |sum1_3_1_reg_3703                  |     9|          2|   32|         64|
    |sum1_3_2_reg_3725                  |     9|          2|   32|         64|
    |sum1_3_3_reg_3747                  |     9|          2|   32|         64|
    |sum1_3_4_reg_3769                  |     9|          2|   32|         64|
    |sum1_3_5_reg_3791                  |     9|          2|   32|         64|
    |sum1_3_6_reg_3813                  |     9|          2|   32|         64|
    |sum1_3_7_reg_3835                  |     9|          2|   32|         64|
    |sum1_3_reg_3681                    |     9|          2|   32|         64|
    |sum1_reg_3117                      |     9|          2|   32|         64|
    +-----------------------------------+------+-----------+-----+-----------+
    |Total                              |  5173|       1117| 1953|       8027|
    +-----------------------------------+------+-----------+-----+-----------+

    * Register: 
    +---------------------------------------+-----+----+-----+-----------+
    |                  Name                 |  FF | LUT| Bits| Const Bits|
    +---------------------------------------+-----+----+-----+-----------+
    |ap_CS_fsm                              |  326|   0|  326|          0|
    |ap_enable_reg_pp0_iter0                |    1|   0|    1|          0|
    |ap_enable_reg_pp0_iter1                |    1|   0|    1|          0|
    |ap_enable_reg_pp10_iter0               |    1|   0|    1|          0|
    |ap_enable_reg_pp10_iter1               |    1|   0|    1|          0|
    |ap_enable_reg_pp11_iter0               |    1|   0|    1|          0|
    |ap_enable_reg_pp11_iter1               |    1|   0|    1|          0|
    |ap_enable_reg_pp12_iter0               |    1|   0|    1|          0|
    |ap_enable_reg_pp12_iter1               |    1|   0|    1|          0|
    |ap_enable_reg_pp13_iter0               |    1|   0|    1|          0|
    |ap_enable_reg_pp13_iter1               |    1|   0|    1|          0|
    |ap_enable_reg_pp14_iter0               |    1|   0|    1|          0|
    |ap_enable_reg_pp14_iter1               |    1|   0|    1|          0|
    |ap_enable_reg_pp15_iter0               |    1|   0|    1|          0|
    |ap_enable_reg_pp15_iter1               |    1|   0|    1|          0|
    |ap_enable_reg_pp16_iter0               |    1|   0|    1|          0|
    |ap_enable_reg_pp16_iter1               |    1|   0|    1|          0|
    |ap_enable_reg_pp17_iter0               |    1|   0|    1|          0|
    |ap_enable_reg_pp17_iter1               |    1|   0|    1|          0|
    |ap_enable_reg_pp18_iter0               |    1|   0|    1|          0|
    |ap_enable_reg_pp18_iter1               |    1|   0|    1|          0|
    |ap_enable_reg_pp19_iter0               |    1|   0|    1|          0|
    |ap_enable_reg_pp19_iter1               |    1|   0|    1|          0|
    |ap_enable_reg_pp1_iter0                |    1|   0|    1|          0|
    |ap_enable_reg_pp1_iter1                |    1|   0|    1|          0|
    |ap_enable_reg_pp20_iter0               |    1|   0|    1|          0|
    |ap_enable_reg_pp20_iter1               |    1|   0|    1|          0|
    |ap_enable_reg_pp21_iter0               |    1|   0|    1|          0|
    |ap_enable_reg_pp21_iter1               |    1|   0|    1|          0|
    |ap_enable_reg_pp22_iter0               |    1|   0|    1|          0|
    |ap_enable_reg_pp22_iter1               |    1|   0|    1|          0|
    |ap_enable_reg_pp23_iter0               |    1|   0|    1|          0|
    |ap_enable_reg_pp23_iter1               |    1|   0|    1|          0|
    |ap_enable_reg_pp24_iter0               |    1|   0|    1|          0|
    |ap_enable_reg_pp24_iter1               |    1|   0|    1|          0|
    |ap_enable_reg_pp25_iter0               |    1|   0|    1|          0|
    |ap_enable_reg_pp25_iter1               |    1|   0|    1|          0|
    |ap_enable_reg_pp26_iter0               |    1|   0|    1|          0|
    |ap_enable_reg_pp26_iter1               |    1|   0|    1|          0|
    |ap_enable_reg_pp27_iter0               |    1|   0|    1|          0|
    |ap_enable_reg_pp27_iter1               |    1|   0|    1|          0|
    |ap_enable_reg_pp28_iter0               |    1|   0|    1|          0|
    |ap_enable_reg_pp28_iter1               |    1|   0|    1|          0|
    |ap_enable_reg_pp29_iter0               |    1|   0|    1|          0|
    |ap_enable_reg_pp29_iter1               |    1|   0|    1|          0|
    |ap_enable_reg_pp2_iter0                |    1|   0|    1|          0|
    |ap_enable_reg_pp2_iter1                |    1|   0|    1|          0|
    |ap_enable_reg_pp30_iter0               |    1|   0|    1|          0|
    |ap_enable_reg_pp30_iter1               |    1|   0|    1|          0|
    |ap_enable_reg_pp31_iter0               |    1|   0|    1|          0|
    |ap_enable_reg_pp31_iter1               |    1|   0|    1|          0|
    |ap_enable_reg_pp3_iter0                |    1|   0|    1|          0|
    |ap_enable_reg_pp3_iter1                |    1|   0|    1|          0|
    |ap_enable_reg_pp4_iter0                |    1|   0|    1|          0|
    |ap_enable_reg_pp4_iter1                |    1|   0|    1|          0|
    |ap_enable_reg_pp5_iter0                |    1|   0|    1|          0|
    |ap_enable_reg_pp5_iter1                |    1|   0|    1|          0|
    |ap_enable_reg_pp6_iter0                |    1|   0|    1|          0|
    |ap_enable_reg_pp6_iter1                |    1|   0|    1|          0|
    |ap_enable_reg_pp7_iter0                |    1|   0|    1|          0|
    |ap_enable_reg_pp7_iter1                |    1|   0|    1|          0|
    |ap_enable_reg_pp8_iter0                |    1|   0|    1|          0|
    |ap_enable_reg_pp8_iter1                |    1|   0|    1|          0|
    |ap_enable_reg_pp9_iter0                |    1|   0|    1|          0|
    |ap_enable_reg_pp9_iter1                |    1|   0|    1|          0|
    |exitcond2_1_reg_7333                   |    1|   0|    1|          0|
    |exitcond2_2_reg_8023                   |    1|   0|    1|          0|
    |exitcond2_reg_7321                     |    1|   0|    1|          0|
    |exitcond_0_1_reg_7447                  |    1|   0|    1|          0|
    |exitcond_0_1_reg_7447_pp1_iter1_reg    |    1|   0|    1|          0|
    |exitcond_0_2_reg_7546                  |    1|   0|    1|          0|
    |exitcond_0_2_reg_7546_pp2_iter1_reg    |    1|   0|    1|          0|
    |exitcond_0_3_reg_7625                  |    1|   0|    1|          0|
    |exitcond_0_3_reg_7625_pp3_iter1_reg    |    1|   0|    1|          0|
    |exitcond_0_4_reg_7704                  |    1|   0|    1|          0|
    |exitcond_0_4_reg_7704_pp4_iter1_reg    |    1|   0|    1|          0|
    |exitcond_0_5_reg_7783                  |    1|   0|    1|          0|
    |exitcond_0_5_reg_7783_pp5_iter1_reg    |    1|   0|    1|          0|
    |exitcond_0_6_reg_7862                  |    1|   0|    1|          0|
    |exitcond_0_6_reg_7862_pp6_iter1_reg    |    1|   0|    1|          0|
    |exitcond_0_7_reg_7941                  |    1|   0|    1|          0|
    |exitcond_0_7_reg_7941_pp7_iter1_reg    |    1|   0|    1|          0|
    |exitcond_1_1_reg_8142                  |    1|   0|    1|          0|
    |exitcond_1_1_reg_8142_pp9_iter1_reg    |    1|   0|    1|          0|
    |exitcond_1_2_reg_8241                  |    1|   0|    1|          0|
    |exitcond_1_2_reg_8241_pp10_iter1_reg   |    1|   0|    1|          0|
    |exitcond_1_3_reg_8320                  |    1|   0|    1|          0|
    |exitcond_1_3_reg_8320_pp11_iter1_reg   |    1|   0|    1|          0|
    |exitcond_1_4_reg_8399                  |    1|   0|    1|          0|
    |exitcond_1_4_reg_8399_pp12_iter1_reg   |    1|   0|    1|          0|
    |exitcond_1_5_reg_8478                  |    1|   0|    1|          0|
    |exitcond_1_5_reg_8478_pp13_iter1_reg   |    1|   0|    1|          0|
    |exitcond_1_6_reg_8557                  |    1|   0|    1|          0|
    |exitcond_1_6_reg_8557_pp14_iter1_reg   |    1|   0|    1|          0|
    |exitcond_1_7_reg_8636                  |    1|   0|    1|          0|
    |exitcond_1_7_reg_8636_pp15_iter1_reg   |    1|   0|    1|          0|
    |exitcond_1_reg_8053                    |    1|   0|    1|          0|
    |exitcond_1_reg_8053_pp8_iter1_reg      |    1|   0|    1|          0|
    |exitcond_2_1_reg_8831                  |    1|   0|    1|          0|
    |exitcond_2_1_reg_8831_pp17_iter1_reg   |    1|   0|    1|          0|
    |exitcond_2_2_reg_8930                  |    1|   0|    1|          0|
    |exitcond_2_2_reg_8930_pp18_iter1_reg   |    1|   0|    1|          0|
    |exitcond_2_3_reg_9009                  |    1|   0|    1|          0|
    |exitcond_2_3_reg_9009_pp19_iter1_reg   |    1|   0|    1|          0|
    |exitcond_2_4_reg_9088                  |    1|   0|    1|          0|
    |exitcond_2_4_reg_9088_pp20_iter1_reg   |    1|   0|    1|          0|
    |exitcond_2_5_reg_9167                  |    1|   0|    1|          0|
    |exitcond_2_5_reg_9167_pp21_iter1_reg   |    1|   0|    1|          0|
    |exitcond_2_6_reg_9246                  |    1|   0|    1|          0|
    |exitcond_2_6_reg_9246_pp22_iter1_reg   |    1|   0|    1|          0|
    |exitcond_2_7_reg_9325                  |    1|   0|    1|          0|
    |exitcond_2_7_reg_9325_pp23_iter1_reg   |    1|   0|    1|          0|
    |exitcond_2_reg_8742                    |    1|   0|    1|          0|
    |exitcond_2_reg_8742_pp16_iter1_reg     |    1|   0|    1|          0|
    |exitcond_3_1_reg_9522                  |    1|   0|    1|          0|
    |exitcond_3_1_reg_9522_pp25_iter1_reg   |    1|   0|    1|          0|
    |exitcond_3_2_reg_9621                  |    1|   0|    1|          0|
    |exitcond_3_2_reg_9621_pp26_iter1_reg   |    1|   0|    1|          0|
    |exitcond_3_3_reg_9700                  |    1|   0|    1|          0|
    |exitcond_3_3_reg_9700_pp27_iter1_reg   |    1|   0|    1|          0|
    |exitcond_3_4_reg_9779                  |    1|   0|    1|          0|
    |exitcond_3_4_reg_9779_pp28_iter1_reg   |    1|   0|    1|          0|
    |exitcond_3_5_reg_9858                  |    1|   0|    1|          0|
    |exitcond_3_5_reg_9858_pp29_iter1_reg   |    1|   0|    1|          0|
    |exitcond_3_6_reg_9937                  |    1|   0|    1|          0|
    |exitcond_3_6_reg_9937_pp30_iter1_reg   |    1|   0|    1|          0|
    |exitcond_3_7_reg_10016                 |    1|   0|    1|          0|
    |exitcond_3_7_reg_10016_pp31_iter1_reg  |    1|   0|    1|          0|
    |exitcond_3_reg_9433                    |    1|   0|    1|          0|
    |exitcond_3_reg_9433_pp24_iter1_reg     |    1|   0|    1|          0|
    |exitcond_reg_7358                      |    1|   0|    1|          0|
    |exitcond_reg_7358_pp0_iter1_reg        |    1|   0|    1|          0|
    |i_reg_3093                             |   64|   0|   64|          0|
    |j_1_cast1_reg_8027                     |    5|   0|    9|          4|
    |j_1_cast_reg_8043                      |    5|   0|    6|          1|
    |j_1_reg_3293                           |    5|   0|    5|          0|
    |j_2_cast1_reg_8721                     |    5|   0|    9|          4|
    |j_2_reg_3481                           |    5|   0|    5|          0|
    |j_3_cast1_reg_9412                     |    5|   0|    9|          4|
    |j_3_reg_3669                           |    5|   0|    5|          0|
    |j_cast1_reg_7337                       |    5|   0|    9|          4|
    |j_reg_3105                             |    5|   0|    5|          0|
    |k_0_1_reg_3150                         |    6|   0|    6|          0|
    |k_0_2_reg_3172                         |    6|   0|    6|          0|
    |k_0_3_reg_3194                         |    6|   0|    6|          0|
    |k_0_4_reg_3216                         |    6|   0|    6|          0|
    |k_0_5_reg_3238                         |    6|   0|    6|          0|
    |k_0_6_reg_3260                         |    6|   0|    6|          0|
    |k_0_7_reg_3282                         |    6|   0|    6|          0|
    |k_1_1_reg_3338                         |    6|   0|    6|          0|
    |k_1_2_reg_3360                         |    6|   0|    6|          0|
    |k_1_3_reg_3382                         |    6|   0|    6|          0|
    |k_1_4_reg_3404                         |    6|   0|    6|          0|
    |k_1_5_reg_3426                         |    6|   0|    6|          0|
    |k_1_6_reg_3448                         |    6|   0|    6|          0|
    |k_1_7_reg_3470                         |    6|   0|    6|          0|
    |k_1_reg_3316                           |    6|   0|    6|          0|
    |k_214_1_reg_3526                       |    6|   0|    6|          0|
    |k_214_2_reg_3548                       |    6|   0|    6|          0|
    |k_214_3_reg_3570                       |    6|   0|    6|          0|
    |k_214_4_reg_3592                       |    6|   0|    6|          0|
    |k_214_5_reg_3614                       |    6|   0|    6|          0|
    |k_214_6_reg_3636                       |    6|   0|    6|          0|
    |k_214_7_reg_3658                       |    6|   0|    6|          0|
    |k_2_0_1_reg_7451                       |    6|   0|    6|          0|
    |k_2_0_2_reg_7550                       |    6|   0|    6|          0|
    |k_2_0_3_reg_7629                       |    6|   0|    6|          0|
    |k_2_0_4_reg_7708                       |    6|   0|    6|          0|
    |k_2_0_5_reg_7787                       |    6|   0|    6|          0|
    |k_2_0_6_reg_7866                       |    6|   0|    6|          0|
    |k_2_0_7_reg_7945                       |    6|   0|    6|          0|
    |k_2_1_1_reg_8146                       |    6|   0|    6|          0|
    |k_2_1_2_reg_8245                       |    6|   0|    6|          0|
    |k_2_1_3_reg_8324                       |    6|   0|    6|          0|
    |k_2_1_4_reg_8403                       |    6|   0|    6|          0|
    |k_2_1_5_reg_8482                       |    6|   0|    6|          0|
    |k_2_1_6_reg_8561                       |    6|   0|    6|          0|
    |k_2_1_7_reg_8640                       |    6|   0|    6|          0|
    |k_2_1_reg_8057                         |    6|   0|    6|          0|
    |k_2_2_1_reg_8835                       |    6|   0|    6|          0|
    |k_2_2_2_reg_8934                       |    6|   0|    6|          0|
    |k_2_2_3_reg_9013                       |    6|   0|    6|          0|
    |k_2_2_4_reg_9092                       |    6|   0|    6|          0|
    |k_2_2_5_reg_9171                       |    6|   0|    6|          0|
    |k_2_2_6_reg_9250                       |    6|   0|    6|          0|
    |k_2_2_7_reg_9329                       |    6|   0|    6|          0|
    |k_2_2_reg_8746                         |    6|   0|    6|          0|
    |k_2_3_1_reg_9526                       |    6|   0|    6|          0|
    |k_2_3_2_reg_9625                       |    6|   0|    6|          0|
    |k_2_3_3_reg_9704                       |    6|   0|    6|          0|
    |k_2_3_4_reg_9783                       |    6|   0|    6|          0|
    |k_2_3_5_reg_9862                       |    6|   0|    6|          0|
    |k_2_3_6_reg_9941                       |    6|   0|    6|          0|
    |k_2_3_7_reg_10020                      |    6|   0|    6|          0|
    |k_2_3_reg_9437                         |    6|   0|    6|          0|
    |k_2_reg_7362                           |    6|   0|    6|          0|
    |k_3_1_reg_3714                         |    6|   0|    6|          0|
    |k_3_2_reg_3736                         |    6|   0|    6|          0|
    |k_3_3_reg_3758                         |    6|   0|    6|          0|
    |k_3_4_reg_3780                         |    6|   0|    6|          0|
    |k_3_5_reg_3802                         |    6|   0|    6|          0|
    |k_3_6_reg_3824                         |    6|   0|    6|          0|
    |k_3_7_reg_3846                         |    6|   0|    6|          0|
    |k_3_reg_3692                           |    6|   0|    6|          0|
    |k_reg_3128                             |    6|   0|    6|          0|
    |k_s_reg_3504                           |    6|   0|    6|          0|
    |newIndex18_reg_8072                    |    6|   0|    6|          0|
    |newIndex24_reg_8761                    |    6|   0|    6|          0|
    |newIndex33_reg_9452                    |    6|   0|    6|          0|
    |newIndex71_cast_reg_7531               |    1|   0|   64|         63|
    |newIndex81_cast_reg_8226               |    1|   0|   64|         63|
    |newIndex86_cast_reg_9606               |    1|   0|   64|         63|
    |newIndex94_cast_reg_8915               |    1|   0|   64|         63|
    |newIndex_reg_7377                      |    6|   0|    6|          0|
    |outrows_cast_reg_7313                  |    6|   0|   64|         58|
    |reg_3929                               |   32|   0|   32|          0|
    |reg_3934                               |   32|   0|   32|          0|
    |reg_3939                               |   32|   0|   32|          0|
    |reg_3944                               |   32|   0|   32|          0|
    |reg_3949                               |   32|   0|   32|          0|
    |reg_3954                               |   32|   0|   32|          0|
    |reg_3959                               |   32|   0|   32|          0|
    |reg_3964                               |   32|   0|   32|          0|
    |reg_3969                               |   32|   0|   32|          0|
    |sum1_0_1_reg_3139                      |   32|   0|   32|          0|
    |sum1_0_2_reg_3161                      |   32|   0|   32|          0|
    |sum1_0_3_reg_3183                      |   32|   0|   32|          0|
    |sum1_0_4_reg_3205                      |   32|   0|   32|          0|
    |sum1_0_5_reg_3227                      |   32|   0|   32|          0|
    |sum1_0_6_reg_3249                      |   32|   0|   32|          0|
    |sum1_0_7_reg_3271                      |   32|   0|   32|          0|
    |sum1_1_1_reg_3327                      |   32|   0|   32|          0|
    |sum1_1_2_reg_3349                      |   32|   0|   32|          0|
    |sum1_1_3_reg_3371                      |   32|   0|   32|          0|
    |sum1_1_4_reg_3393                      |   32|   0|   32|          0|
    |sum1_1_5_reg_3415                      |   32|   0|   32|          0|
    |sum1_1_6_reg_3437                      |   32|   0|   32|          0|
    |sum1_1_7_reg_3459                      |   32|   0|   32|          0|
    |sum1_1_reg_3305                        |   32|   0|   32|          0|
    |sum1_2_1_reg_3515                      |   32|   0|   32|          0|
    |sum1_2_2_reg_3537                      |   32|   0|   32|          0|
    |sum1_2_3_reg_3559                      |   32|   0|   32|          0|
    |sum1_2_4_reg_3581                      |   32|   0|   32|          0|
    |sum1_2_5_reg_3603                      |   32|   0|   32|          0|
    |sum1_2_6_reg_3625                      |   32|   0|   32|          0|
    |sum1_2_7_reg_3647                      |   32|   0|   32|          0|
    |sum1_2_reg_3493                        |   32|   0|   32|          0|
    |sum1_3_1_reg_3703                      |   32|   0|   32|          0|
    |sum1_3_2_reg_3725                      |   32|   0|   32|          0|
    |sum1_3_3_reg_3747                      |   32|   0|   32|          0|
    |sum1_3_4_reg_3769                      |   32|   0|   32|          0|
    |sum1_3_5_reg_3791                      |   32|   0|   32|          0|
    |sum1_3_6_reg_3813                      |   32|   0|   32|          0|
    |sum1_3_7_reg_3835                      |   32|   0|   32|          0|
    |sum1_3_reg_3681                        |   32|   0|   32|          0|
    |sum1_reg_3117                          |   32|   0|   32|          0|
    |tmp_278_reg_7506                       |   32|   0|   32|          0|
    |tmp_279_reg_8122                       |   32|   0|   32|          0|
    |tmp_280_reg_7605                       |   32|   0|   32|          0|
    |tmp_281_reg_8201                       |   32|   0|   32|          0|
    |tmp_282_reg_8811                       |   32|   0|   32|          0|
    |tmp_283_reg_7684                       |   32|   0|   32|          0|
    |tmp_284_reg_8300                       |   32|   0|   32|          0|
    |tmp_285_reg_8890                       |   32|   0|   32|          0|
    |tmp_286_reg_7763                       |   32|   0|   32|          0|
    |tmp_287_reg_9502                       |   32|   0|   32|          0|
    |tmp_288_reg_8379                       |   32|   0|   32|          0|
    |tmp_289_reg_8989                       |   32|   0|   32|          0|
    |tmp_290_reg_7842                       |   32|   0|   32|          0|
    |tmp_291_reg_9581                       |   32|   0|   32|          0|
    |tmp_292_reg_8458                       |   32|   0|   32|          0|
    |tmp_293_reg_9068                       |   32|   0|   32|          0|
    |tmp_294_reg_7921                       |   32|   0|   32|          0|
    |tmp_295_reg_9680                       |   32|   0|   32|          0|
    |tmp_296_reg_8537                       |   32|   0|   32|          0|
    |tmp_297_reg_9147                       |   32|   0|   32|          0|
    |tmp_298_reg_8000                       |   32|   0|   32|          0|
    |tmp_299_reg_9759                       |   32|   0|   32|          0|
    |tmp_300_reg_8616                       |   32|   0|   32|          0|
    |tmp_301_reg_9226                       |   32|   0|   32|          0|
    |tmp_302_reg_9838                       |   32|   0|   32|          0|
    |tmp_303_reg_8695                       |   32|   0|   32|          0|
    |tmp_304_reg_9305                       |   32|   0|   32|          0|
    |tmp_305_reg_9917                       |   32|   0|   32|          0|
    |tmp_306_reg_9384                       |   32|   0|   32|          0|
    |tmp_307_reg_9996                       |   32|   0|   32|          0|
    |tmp_308_reg_10075                      |   32|   0|   32|          0|
    |tmp_30_reg_7372                        |    3|   0|    3|          0|
    |tmp_370_reg_7342                       |    4|   0|    4|          0|
    |tmp_371_reg_7367                       |    3|   0|    3|          0|
    |tmp_373_reg_8032                       |    4|   0|    4|          0|
    |tmp_374_reg_7521                       |    1|   0|    1|          0|
    |tmp_375_reg_7456                       |    3|   0|    3|          0|
    |tmp_378_reg_8062                       |    3|   0|    3|          0|
    |tmp_379_reg_8067                       |    3|   0|    3|          0|
    |tmp_381_reg_8726                       |    4|   0|    4|          0|
    |tmp_382_reg_7555                       |    3|   0|    3|          0|
    |tmp_384_reg_8216                       |    1|   0|    1|          0|
    |tmp_385_reg_8151                       |    3|   0|    3|          0|
    |tmp_389_reg_8751                       |    3|   0|    3|          0|
    |tmp_391_reg_7634                       |    3|   0|    3|          0|
    |tmp_393_reg_9417                       |    4|   0|    4|          0|
    |tmp_394_reg_8250                       |    3|   0|    3|          0|
    |tmp_397_reg_8905                       |    1|   0|    1|          0|
    |tmp_398_reg_8840                       |    3|   0|    3|          0|
    |tmp_401_reg_7713                       |    3|   0|    3|          0|
    |tmp_404_reg_9442                       |    3|   0|    3|          0|
    |tmp_405_reg_9447                       |    3|   0|    3|          0|
    |tmp_407_reg_8329                       |    3|   0|    3|          0|
    |tmp_410_reg_8939                       |    3|   0|    3|          0|
    |tmp_412_reg_7792                       |    3|   0|    3|          0|
    |tmp_414_reg_9596                       |    1|   0|    1|          0|
    |tmp_415_reg_9531                       |    3|   0|    3|          0|
    |tmp_419_reg_8408                       |    3|   0|    3|          0|
    |tmp_422_reg_9018                       |    3|   0|    3|          0|
    |tmp_424_reg_7871                       |    3|   0|    3|          0|
    |tmp_426_reg_9630                       |    3|   0|    3|          0|
    |tmp_429_reg_8487                       |    3|   0|    3|          0|
    |tmp_42_reg_8756                        |    3|   0|    3|          0|
    |tmp_432_reg_9097                       |    3|   0|    3|          0|
    |tmp_434_reg_7950                       |    3|   0|    3|          0|
    |tmp_436_reg_9709                       |    3|   0|    3|          0|
    |tmp_439_reg_8566                       |    3|   0|    3|          0|
    |tmp_442_reg_9176                       |    3|   0|    3|          0|
    |tmp_444_reg_9788                       |    3|   0|    3|          0|
    |tmp_447_reg_8645                       |    3|   0|    3|          0|
    |tmp_450_reg_9255                       |    3|   0|    3|          0|
    |tmp_452_reg_9867                       |    3|   0|    3|          0|
    |tmp_455_reg_9334                       |    3|   0|    3|          0|
    |tmp_457_reg_9946                       |    3|   0|    3|          0|
    |tmp_460_reg_10025                      |    3|   0|    3|          0|
    |tmp_s_reg_7427                         |   32|   0|   32|          0|
    +---------------------------------------+-----+----+-----+-----------+
    |Total                                  | 3448|   0| 3775|        327|
    +---------------------------------------+-----+----+-----+-----------+



================================================================
== Interface
================================================================
* Summary: 
+--------------+-----+-----+------------+---------------------+--------------+
|   RTL Ports  | Dir | Bits|  Protocol  |    Source Object    |    C Type    |
+--------------+-----+-----+------------+---------------------+--------------+
|ap_clk        |  in |    1| ap_ctrl_hs | k2c_affine_matmul.2 | return value |
|ap_rst        |  in |    1| ap_ctrl_hs | k2c_affine_matmul.2 | return value |
|ap_start      |  in |    1| ap_ctrl_hs | k2c_affine_matmul.2 | return value |
|ap_done       | out |    1| ap_ctrl_hs | k2c_affine_matmul.2 | return value |
|ap_idle       | out |    1| ap_ctrl_hs | k2c_affine_matmul.2 | return value |
|ap_ready      | out |    1| ap_ctrl_hs | k2c_affine_matmul.2 | return value |
|C_address0    | out |    1|  ap_memory |          C          |     array    |
|C_ce0         | out |    1|  ap_memory |          C          |     array    |
|C_we0         | out |    1|  ap_memory |          C          |     array    |
|C_d0          | out |   32|  ap_memory |          C          |     array    |
|C1_address0   | out |    1|  ap_memory |          C1         |     array    |
|C1_ce0        | out |    1|  ap_memory |          C1         |     array    |
|C1_we0        | out |    1|  ap_memory |          C1         |     array    |
|C1_d0         | out |   32|  ap_memory |          C1         |     array    |
|C2_address0   | out |    1|  ap_memory |          C2         |     array    |
|C2_ce0        | out |    1|  ap_memory |          C2         |     array    |
|C2_we0        | out |    1|  ap_memory |          C2         |     array    |
|C2_d0         | out |   32|  ap_memory |          C2         |     array    |
|C3_address0   | out |    1|  ap_memory |          C3         |     array    |
|C3_ce0        | out |    1|  ap_memory |          C3         |     array    |
|C3_we0        | out |    1|  ap_memory |          C3         |     array    |
|C3_d0         | out |   32|  ap_memory |          C3         |     array    |
|C4_address0   | out |    1|  ap_memory |          C4         |     array    |
|C4_ce0        | out |    1|  ap_memory |          C4         |     array    |
|C4_we0        | out |    1|  ap_memory |          C4         |     array    |
|C4_d0         | out |   32|  ap_memory |          C4         |     array    |
|C5_address0   | out |    1|  ap_memory |          C5         |     array    |
|C5_ce0        | out |    1|  ap_memory |          C5         |     array    |
|C5_we0        | out |    1|  ap_memory |          C5         |     array    |
|C5_d0         | out |   32|  ap_memory |          C5         |     array    |
|C6_address0   | out |    1|  ap_memory |          C6         |     array    |
|C6_ce0        | out |    1|  ap_memory |          C6         |     array    |
|C6_we0        | out |    1|  ap_memory |          C6         |     array    |
|C6_d0         | out |   32|  ap_memory |          C6         |     array    |
|C7_address0   | out |    1|  ap_memory |          C7         |     array    |
|C7_ce0        | out |    1|  ap_memory |          C7         |     array    |
|C7_we0        | out |    1|  ap_memory |          C7         |     array    |
|C7_d0         | out |   32|  ap_memory |          C7         |     array    |
|A_address0    | out |    2|  ap_memory |          A          |     array    |
|A_ce0         | out |    1|  ap_memory |          A          |     array    |
|A_q0          |  in |   32|  ap_memory |          A          |     array    |
|A8_address0   | out |    2|  ap_memory |          A8         |     array    |
|A8_ce0        | out |    1|  ap_memory |          A8         |     array    |
|A8_q0         |  in |   32|  ap_memory |          A8         |     array    |
|A9_address0   | out |    2|  ap_memory |          A9         |     array    |
|A9_ce0        | out |    1|  ap_memory |          A9         |     array    |
|A9_q0         |  in |   32|  ap_memory |          A9         |     array    |
|A10_address0  | out |    2|  ap_memory |         A10         |     array    |
|A10_ce0       | out |    1|  ap_memory |         A10         |     array    |
|A10_q0        |  in |   32|  ap_memory |         A10         |     array    |
|A11_address0  | out |    2|  ap_memory |         A11         |     array    |
|A11_ce0       | out |    1|  ap_memory |         A11         |     array    |
|A11_q0        |  in |   32|  ap_memory |         A11         |     array    |
|A12_address0  | out |    2|  ap_memory |         A12         |     array    |
|A12_ce0       | out |    1|  ap_memory |         A12         |     array    |
|A12_q0        |  in |   32|  ap_memory |         A12         |     array    |
|A13_address0  | out |    2|  ap_memory |         A13         |     array    |
|A13_ce0       | out |    1|  ap_memory |         A13         |     array    |
|A13_q0        |  in |   32|  ap_memory |         A13         |     array    |
|A14_address0  | out |    2|  ap_memory |         A14         |     array    |
|A14_ce0       | out |    1|  ap_memory |         A14         |     array    |
|A14_q0        |  in |   32|  ap_memory |         A14         |     array    |
|d_address0    | out |    4|  ap_memory |          d          |     array    |
|d_ce0         | out |    1|  ap_memory |          d          |     array    |
|d_q0          |  in |   32|  ap_memory |          d          |     array    |
|outrows       |  in |    6|   ap_none  |       outrows       |    scalar    |
+--------------+-----+-----+------------+---------------------+--------------+

