

================================================================
== Vivado HLS Report for 'k2c_dense_1'
================================================================
* Date:           Tue Apr 23 19:23:10 2024

* Version:        2018.2 (Build 2258646 on Thu Jun 14 20:25:20 MDT 2018)
* Project:        Group_5_Base_line
* Solution:       Base_line
* Product family: artix7
* Target device:  xc7a200tfbg676-2


================================================================
== Performance Estimates
================================================================
+ Timing (ns): 
    * Summary: 
    +--------+-------+----------+------------+
    |  Clock | Target| Estimated| Uncertainty|
    +--------+-------+----------+------------+
    |ap_clk  |   5.00|     4.348|        0.62|
    +--------+-------+----------+------------+

+ Latency (clock cycles): 
    * Summary: 
    +-----+-----+-----+-----+---------+
    |  Latency  |  Interval | Pipeline|
    | min | max | min | max |   Type  |
    +-----+-----+-----+-----+---------+
    |    ?|    ?|    ?|    ?|   none  |
    +-----+-----+-----+-----+---------+

    + Detail: 
        * Instance: 
        +------------------------------+-------------------+-----+-----+-----+-----+---------+
        |                              |                   |  Latency  |  Interval | Pipeline|
        |           Instance           |       Module      | min | max | min | max |   Type  |
        +------------------------------+-------------------+-----+-----+-----+-----+---------+
        |grp_k2c_dot_2_fu_242          |k2c_dot_2          |    ?|    ?|    ?|    ?|   none  |
        |grp_k2c_affine_matmul_fu_267  |k2c_affine_matmul  |    ?|    ?|    ?|    ?|   none  |
        +------------------------------+-------------------+-----+-----+-----+-----+---------+

        * Loop: 
        +-------------+-----+-----+----------+-----------+-----------+------+----------+
        |             |  Latency  | Iteration|  Initiation Interval  | Trip |          |
        |  Loop Name  | min | max |  Latency |  achieved |   target  | Count| Pipelined|
        +-------------+-----+-----+----------+-----------+-----------+------+----------+
        |- Loop 1     |    ?|    ?|         5|          1|          1|     ?|    yes   |
        |- Loop 2     |    ?|    ?|         ?|          -|          -|     ?|    no    |
        | + Loop 2.1  |    ?|    ?|        13|          -|          -|     ?|    no    |
        |- Loop 3     |    ?|    ?|         5|          1|          1|     ?|    yes   |
        +-------------+-----+-----+----------+-----------+-----------+------+----------+



================================================================
== Utilization Estimates
================================================================
* Summary: 
+-----------------+---------+-------+--------+--------+
|       Name      | BRAM_18K| DSP48E|   FF   |   LUT  |
+-----------------+---------+-------+--------+--------+
|DSP              |        -|      -|       -|       -|
|Expression       |        -|      -|       0|     689|
|FIFO             |        -|      -|       -|       -|
|Instance         |        0|     82|   13193|    9028|
|Memory           |        -|      -|       -|       -|
|Multiplexer      |        -|      -|       -|     483|
|Register         |        0|      -|     956|      64|
+-----------------+---------+-------+--------+--------+
|Total            |        0|     82|   14149|   10264|
+-----------------+---------+-------+--------+--------+
|Available        |      730|    740|  269200|  129000|
+-----------------+---------+-------+--------+--------+
|Utilization (%)  |        0|     11|       5|       7|
+-----------------+---------+-------+--------+--------+

+ Detail: 
    * Instance: 
    +------------------------------+----------------------+---------+-------+-------+------+
    |           Instance           |        Module        | BRAM_18K| DSP48E|   FF  |  LUT |
    +------------------------------+----------------------+---------+-------+-------+------+
    |grp_k2c_affine_matmul_fu_267  |k2c_affine_matmul     |        0|     24|   1817|  1239|
    |grp_k2c_dot_2_fu_242          |k2c_dot_2             |        0|     40|  10459|  7291|
    |sample0_fadd_32nscud_U148     |sample0_fadd_32nscud  |        0|      2|    324|   236|
    |sample0_fcmp_32nslbW_U149     |sample0_fcmp_32nslbW  |        0|      0|     66|    67|
    |sample0_mul_64s_6bkb_U150     |sample0_mul_64s_6bkb  |        0|     16|    527|   195|
    +------------------------------+----------------------+---------+-------+-------+------+
    |Total                         |                      |        0|     82|  13193|  9028|
    +------------------------------+----------------------+---------+-------+-------+------+

    * DSP48: 
    N/A

    * Memory: 
    N/A

    * FIFO: 
    N/A

    * Expression: 
    +-------------------------+----------+-------+---+----+------------+------------+
    |      Variable Name      | Operation| DSP48E| FF| LUT| Bitwidth P0| Bitwidth P1|
    +-------------------------+----------+-------+---+----+------------+------------+
    |i_30_fu_363_p2           |     +    |      0|  0|  71|          64|          64|
    |i_68_fu_434_p2           |     +    |      0|  0|  71|          64|           1|
    |i_69_fu_373_p2           |     +    |      0|  0|  71|          64|           1|
    |j_fu_342_p2              |     +    |      0|  0|  71|           1|          64|
    |tmp_28_fu_305_p2         |     +    |      0|  0|  71|          64|           2|
    |tmp_i_48_fu_352_p2       |     +    |      0|  0|  22|          15|          15|
    |tmp_31_fu_474_p2         |    and   |      0|  0|   2|           1|           1|
    |tmp_35_fu_413_p2         |    and   |      0|  0|   2|           1|           1|
    |exitcond1_fu_429_p2      |   icmp   |      0|  0|  29|          64|          64|
    |exitcond9_fu_368_p2      |   icmp   |      0|  0|  29|          64|          64|
    |exitcond_i_fu_337_p2     |   icmp   |      0|  0|  29|          64|          64|
    |icmp_fu_322_p2           |   icmp   |      0|  0|  29|          63|           1|
    |notlhs2_fu_458_p2        |   icmp   |      0|  0|  11|           8|           2|
    |notlhs_fu_397_p2         |   icmp   |      0|  0|  11|           8|           2|
    |notrhs3_fu_464_p2        |   icmp   |      0|  0|  18|          23|           1|
    |notrhs_fu_403_p2         |   icmp   |      0|  0|  18|          23|           1|
    |tmp_fu_299_p2            |   icmp   |      0|  0|  29|          64|           2|
    |tmp_i_fu_328_p2          |   icmp   |      0|  0|  29|          64|          64|
    |tmp_29_fu_470_p2         |    or    |      0|  0|   2|           1|           1|
    |tmp_33_fu_409_p2         |    or    |      0|  0|   2|           1|           1|
    |outrows1_fu_418_p3       |  select  |      0|  0|  64|           1|          64|
    |ap_enable_pp0            |    xor   |      0|  0|   2|           1|           2|
    |ap_enable_pp1            |    xor   |      0|  0|   2|           1|           2|
    |ap_enable_reg_pp0_iter1  |    xor   |      0|  0|   2|           2|           1|
    |ap_enable_reg_pp1_iter1  |    xor   |      0|  0|   2|           2|           1|
    +-------------------------+----------+-------+---+----+------------+------------+
    |Total                    |          |      0|  0| 689|         728|         486|
    +-------------------------+----------+-------+---+----+------------+------------+

    * Multiplexer: 
    +-------------------------+-----+-----------+-----+-----------+
    |           Name          | LUT | Input Size| Bits| Total Bits|
    +-------------------------+-----+-----------+-----+-----------+
    |ap_NS_fsm                |  129|         28|    1|         28|
    |ap_enable_reg_pp0_iter1  |    9|          2|    1|          2|
    |ap_enable_reg_pp0_iter4  |    9|          2|    1|          2|
    |ap_enable_reg_pp1_iter1  |    9|          2|    1|          2|
    |ap_enable_reg_pp1_iter4  |    9|          2|    1|          2|
    |bias_array_address0      |   15|          3|   14|         42|
    |bias_array_ce0           |   15|          3|    1|          3|
    |i2_reg_218               |    9|          2|   64|        128|
    |i_i_reg_194              |    9|          2|   64|        128|
    |i_reg_230                |    9|          2|   64|        128|
    |input_array_address0     |   15|          3|   14|         42|
    |input_array_ce0          |   15|          3|    1|          3|
    |input_shape_address0     |   15|          3|    3|          9|
    |input_shape_ce0          |   15|          3|    1|          3|
    |j_i_reg_206              |    9|          2|   64|        128|
    |kernel_array_address0    |   15|          3|   14|         42|
    |kernel_array_ce0         |   15|          3|    1|          3|
    |kernel_shape_address0    |   21|          4|    3|         12|
    |kernel_shape_ce0         |   15|          3|    1|          3|
    |output_array_address0    |   33|          6|   14|         84|
    |output_array_address1    |   15|          3|   14|         42|
    |output_array_ce0         |   21|          4|    1|          4|
    |output_array_d0          |   27|          5|   32|        160|
    |output_array_we0         |   21|          4|    1|          4|
    |reg_292                  |    9|          2|   32|         64|
    +-------------------------+-----+-----------+-----+-----------+
    |Total                    |  483|         99|  408|       1068|
    +-------------------------+-----+-----------+-----+-----------+

    * Register: 
    +-------------------------------------------+----+----+-----+-----------+
    |                    Name                   | FF | LUT| Bits| Const Bits|
    +-------------------------------------------+----+----+-----+-----------+
    |ap_CS_fsm                                  |  27|   0|   27|          0|
    |ap_enable_reg_pp0_iter0                    |   1|   0|    1|          0|
    |ap_enable_reg_pp0_iter1                    |   1|   0|    1|          0|
    |ap_enable_reg_pp0_iter2                    |   1|   0|    1|          0|
    |ap_enable_reg_pp0_iter3                    |   1|   0|    1|          0|
    |ap_enable_reg_pp0_iter4                    |   1|   0|    1|          0|
    |ap_enable_reg_pp1_iter0                    |   1|   0|    1|          0|
    |ap_enable_reg_pp1_iter1                    |   1|   0|    1|          0|
    |ap_enable_reg_pp1_iter2                    |   1|   0|    1|          0|
    |ap_enable_reg_pp1_iter3                    |   1|   0|    1|          0|
    |ap_enable_reg_pp1_iter4                    |   1|   0|    1|          0|
    |bias_array_load_reg_562                    |  32|   0|   32|          0|
    |grp_k2c_affine_matmul_fu_267_ap_start_reg  |   1|   0|    1|          0|
    |grp_k2c_dot_2_fu_242_ap_start_reg          |   1|   0|    1|          0|
    |i2_reg_218                                 |  64|   0|   64|          0|
    |i_i_reg_194                                |  64|   0|   64|          0|
    |i_reg_230                                  |  64|   0|   64|          0|
    |icmp_reg_520                               |   1|   0|    1|          0|
    |innerdim_reg_622                           |  64|   0|   64|          0|
    |j_i_reg_206                                |  64|   0|   64|          0|
    |j_reg_542                                  |  64|   0|   64|          0|
    |notlhs2_reg_647                            |   1|   0|    1|          0|
    |notlhs2_reg_647_pp1_iter3_reg              |   1|   0|    1|          0|
    |notlhs_reg_587                             |   1|   0|    1|          0|
    |notlhs_reg_587_pp0_iter3_reg               |   1|   0|    1|          0|
    |notrhs3_reg_652                            |   1|   0|    1|          0|
    |notrhs3_reg_652_pp1_iter3_reg              |   1|   0|    1|          0|
    |notrhs_reg_592                             |   1|   0|    1|          0|
    |notrhs_reg_592_pp0_iter3_reg               |   1|   0|    1|          0|
    |outcols_reg_611                            |  64|   0|   64|          0|
    |output_array_addr_1_reg_581                |  14|   0|   14|          0|
    |output_array_addr_4_reg_552                |  14|   0|   14|          0|
    |output_array_addr_reg_641                  |  14|   0|   14|          0|
    |outrows1_reg_605                           |  64|   0|   64|          0|
    |reg_292                                    |  32|   0|   32|          0|
    |tmp_28_reg_515                             |  64|   0|   64|          0|
    |tmp_30_reg_657                             |   1|   0|    1|          0|
    |tmp_34_reg_597                             |   1|   0|    1|          0|
    |tmp_43_i_reg_567                           |  32|   0|   32|          0|
    |tmp_s_reg_627                              |  64|   0|   64|          0|
    |output_array_addr_1_reg_581                |  64|  32|   14|          0|
    |output_array_addr_reg_641                  |  64|  32|   14|          0|
    +-------------------------------------------+----+----+-----+-----------+
    |Total                                      | 956|  64|  856|          0|
    +-------------------------------------------+----+----+-----+-----------+



================================================================
== Interface
================================================================
* Summary: 
+-----------------------+-----+-----+------------+-------------------+--------------+
|       RTL Ports       | Dir | Bits|  Protocol  |   Source Object   |    C Type    |
+-----------------------+-----+-----+------------+-------------------+--------------+
|ap_clk                 |  in |    1| ap_ctrl_hs |    k2c_dense.1    | return value |
|ap_rst                 |  in |    1| ap_ctrl_hs |    k2c_dense.1    | return value |
|ap_start               |  in |    1| ap_ctrl_hs |    k2c_dense.1    | return value |
|ap_done                | out |    1| ap_ctrl_hs |    k2c_dense.1    | return value |
|ap_idle                | out |    1| ap_ctrl_hs |    k2c_dense.1    | return value |
|ap_ready               | out |    1| ap_ctrl_hs |    k2c_dense.1    | return value |
|output_array_address0  | out |   14|  ap_memory |    output_array   |     array    |
|output_array_ce0       | out |    1|  ap_memory |    output_array   |     array    |
|output_array_we0       | out |    1|  ap_memory |    output_array   |     array    |
|output_array_d0        | out |   32|  ap_memory |    output_array   |     array    |
|output_array_q0        |  in |   32|  ap_memory |    output_array   |     array    |
|output_array_address1  | out |   14|  ap_memory |    output_array   |     array    |
|output_array_ce1       | out |    1|  ap_memory |    output_array   |     array    |
|output_array_we1       | out |    1|  ap_memory |    output_array   |     array    |
|output_array_d1        | out |   32|  ap_memory |    output_array   |     array    |
|output_array_q1        |  in |   32|  ap_memory |    output_array   |     array    |
|output_numel_read      |  in |   64|   ap_none  | output_numel_read |    scalar    |
|input_array_address0   | out |   14|  ap_memory |    input_array    |     array    |
|input_array_ce0        | out |    1|  ap_memory |    input_array    |     array    |
|input_array_q0         |  in |   32|  ap_memory |    input_array    |     array    |
|input_ndim_read        |  in |   64|   ap_none  |  input_ndim_read  |    scalar    |
|input_numel_read       |  in |   64|   ap_none  |  input_numel_read |    scalar    |
|input_shape_address0   | out |    3|  ap_memory |    input_shape    |     array    |
|input_shape_ce0        | out |    1|  ap_memory |    input_shape    |     array    |
|input_shape_q0         |  in |   64|  ap_memory |    input_shape    |     array    |
|kernel_array_address0  | out |   14|  ap_memory |    kernel_array   |     array    |
|kernel_array_ce0       | out |    1|  ap_memory |    kernel_array   |     array    |
|kernel_array_q0        |  in |   32|  ap_memory |    kernel_array   |     array    |
|kernel_ndim_read       |  in |   64|   ap_none  |  kernel_ndim_read |    scalar    |
|kernel_numel_read      |  in |   64|   ap_none  | kernel_numel_read |    scalar    |
|kernel_shape_address0  | out |    3|  ap_memory |    kernel_shape   |     array    |
|kernel_shape_ce0       | out |    1|  ap_memory |    kernel_shape   |     array    |
|kernel_shape_q0        |  in |   64|  ap_memory |    kernel_shape   |     array    |
|bias_array_address0    | out |   14|  ap_memory |     bias_array    |     array    |
|bias_array_ce0         | out |    1|  ap_memory |     bias_array    |     array    |
|bias_array_q0          |  in |   32|  ap_memory |     bias_array    |     array    |
|bias_numel_read        |  in |   64|   ap_none  |  bias_numel_read  |    scalar    |
|fwork_address0         | out |   10|  ap_memory |       fwork       |     array    |
|fwork_ce0              | out |    1|  ap_memory |       fwork       |     array    |
|fwork_we0              | out |    1|  ap_memory |       fwork       |     array    |
|fwork_d0               | out |   32|  ap_memory |       fwork       |     array    |
|fwork_q0               |  in |   32|  ap_memory |       fwork       |     array    |
|fwork_address1         | out |   10|  ap_memory |       fwork       |     array    |
|fwork_ce1              | out |    1|  ap_memory |       fwork       |     array    |
|fwork_q1               |  in |   32|  ap_memory |       fwork       |     array    |
+-----------------------+-----+-----+------------+-------------------+--------------+

