

================================================================
== Vivado HLS Report for 'k2c_sub2idx'
================================================================
* Date:           Tue Apr 23 19:22:57 2024

* Version:        2018.2 (Build 2258646 on Thu Jun 14 20:25:20 MDT 2018)
* Project:        Group_5_Base_line
* Solution:       Base_line
* Product family: artix7
* Target device:  xc7a200tfbg676-2


================================================================
== Performance Estimates
================================================================
+ Timing (ns): 
    * Summary: 
    +--------+-------+----------+------------+
    |  Clock | Target| Estimated| Uncertainty|
    +--------+-------+----------+------------+
    |ap_clk  |   5.00|     4.326|        0.62|
    +--------+-------+----------+------------+

+ Latency (clock cycles): 
    * Summary: 
    +-----+-----+-----+-----+---------+
    |  Latency  |  Interval | Pipeline|
    | min | max | min | max |   Type  |
    +-----+-----+-----+-----+---------+
    |    ?|    ?|    ?|    ?|   none  |
    +-----+-----+-----+-----+---------+

    + Detail: 
        * Instance: 
        N/A

        * Loop: 
        +-------------+-----+-----+----------+-----------+-----------+------+----------+
        |             |  Latency  | Iteration|  Initiation Interval  | Trip |          |
        |  Loop Name  | min | max |  Latency |  achieved |   target  | Count| Pipelined|
        +-------------+-----+-----+----------+-----------+-----------+------+----------+
        |- Loop 1     |    ?|    ?|         ?|          -|          -|     ?|    no    |
        | + Loop 1.1  |    ?|    ?|         9|          -|          -|     ?|    no    |
        +-------------+-----+-----+----------+-----------+-----------+------+----------+



================================================================
== Utilization Estimates
================================================================
* Summary: 
+-----------------+---------+-------+--------+--------+
|       Name      | BRAM_18K| DSP48E|   FF   |   LUT  |
+-----------------+---------+-------+--------+--------+
|DSP              |        -|      -|       -|       -|
|Expression       |        -|      -|       0|     192|
|FIFO             |        -|      -|       -|       -|
|Instance         |        -|     16|     527|     195|
|Memory           |        -|      -|       -|       -|
|Multiplexer      |        -|      -|       -|     101|
|Register         |        -|      -|     409|       -|
+-----------------+---------+-------+--------+--------+
|Total            |        0|     16|     936|     488|
+-----------------+---------+-------+--------+--------+
|Available        |      730|    740|  269200|  129000|
+-----------------+---------+-------+--------+--------+
|Utilization (%)  |        0|      2|   ~0   |   ~0   |
+-----------------+---------+-------+--------+--------+

+ Detail: 
    * Instance: 
    +-------------------------+----------------------+---------+-------+-----+-----+
    |         Instance        |        Module        | BRAM_18K| DSP48E|  FF | LUT |
    +-------------------------+----------------------+---------+-------+-----+-----+
    |sample0_mul_64s_6bkb_U1  |sample0_mul_64s_6bkb  |        0|     16|  527|  195|
    +-------------------------+----------------------+---------+-------+-----+-----+
    |Total                    |                      |        0|     16|  527|  195|
    +-------------------------+----------------------+---------+-------+-----+-----+

    * DSP48: 
    N/A

    * Memory: 
    N/A

    * FIFO: 
    N/A

    * Expression: 
    +--------------------+----------+-------+---+----+------------+------------+
    |    Variable Name   | Operation| DSP48E| FF| LUT| Bitwidth P0| Bitwidth P1|
    +--------------------+----------+-------+---+----+------------+------------+
    |i_1_fu_108_p2       |     +    |      0|  0|  12|           3|           1|
    |idx_1_fu_124_p2     |     +    |      0|  0|  71|          64|          64|
    |j_fu_114_p2         |     +    |      0|  0|  71|          64|           2|
    |exitcond_fu_103_p2  |   icmp   |      0|  0|   9|           4|           4|
    |tmp_fu_120_p2       |   icmp   |      0|  0|  29|          64|          64|
    +--------------------+----------+-------+---+----+------------+------------+
    |Total               |          |      0|  0| 192|         199|         135|
    +--------------------+----------+-------+---+----+------------+------------+

    * Multiplexer: 
    +---------------+----+-----------+-----+-----------+
    |      Name     | LUT| Input Size| Bits| Total Bits|
    +---------------+----+-----------+-----+-----------+
    |ap_NS_fsm      |  56|         13|    1|         13|
    |ap_return      |   9|          2|   64|        128|
    |i_reg_60       |   9|          2|    3|          6|
    |idx_reg_48     |   9|          2|   64|        128|
    |j_0_in_reg_71  |   9|          2|   64|        128|
    |temp1_reg_80   |   9|          2|   64|        128|
    +---------------+----+-----------+-----+-----------+
    |Total          | 101|         23|  260|        531|
    +---------------+----+-----------+-----+-----------+

    * Register: 
    +--------------------+----+----+-----+-----------+
    |        Name        | FF | LUT| Bits| Const Bits|
    +--------------------+----+----+-----+-----------+
    |ap_CS_fsm           |  12|   0|   12|          0|
    |ap_return_preg      |  64|   0|   64|          0|
    |i_1_reg_153         |   3|   0|    3|          0|
    |i_cast1_reg_145     |   3|   0|   64|         61|
    |i_reg_60            |   3|   0|    3|          0|
    |idx_reg_48          |  64|   0|   64|          0|
    |j_0_in_reg_71       |  64|   0|   64|          0|
    |j_reg_168           |  64|   0|   64|          0|
    |shape_load_reg_188  |  64|   0|   64|          0|
    |temp1_reg_80        |  64|   0|   64|          0|
    |tmp_1_reg_140       |   4|   0|    4|          0|
    +--------------------+----+----+-----+-----------+
    |Total               | 409|   0|  470|         61|
    +--------------------+----+----+-----+-----------+



================================================================
== Interface
================================================================
* Summary: 
+----------------+-----+-----+------------+--------------+--------------+
|    RTL Ports   | Dir | Bits|  Protocol  | Source Object|    C Type    |
+----------------+-----+-----+------------+--------------+--------------+
|ap_clk          |  in |    1| ap_ctrl_hs |  k2c_sub2idx | return value |
|ap_rst          |  in |    1| ap_ctrl_hs |  k2c_sub2idx | return value |
|ap_start        |  in |    1| ap_ctrl_hs |  k2c_sub2idx | return value |
|ap_done         | out |    1| ap_ctrl_hs |  k2c_sub2idx | return value |
|ap_idle         | out |    1| ap_ctrl_hs |  k2c_sub2idx | return value |
|ap_ready        | out |    1| ap_ctrl_hs |  k2c_sub2idx | return value |
|ap_return       | out |   64| ap_ctrl_hs |  k2c_sub2idx | return value |
|sub_address0    | out |    3|  ap_memory |      sub     |     array    |
|sub_ce0         | out |    1|  ap_memory |      sub     |     array    |
|sub_q0          |  in |   64|  ap_memory |      sub     |     array    |
|shape_address0  | out |    3|  ap_memory |     shape    |     array    |
|shape_ce0       | out |    1|  ap_memory |     shape    |     array    |
|shape_q0        |  in |   64|  ap_memory |     shape    |     array    |
|ndim            |  in |   64|   ap_none  |     ndim     |    scalar    |
+----------------+-----+-----+------------+--------------+--------------+

