

================================================================
== Vivado HLS Report for 'k2c_affine_matmul'
================================================================
* Date:           Tue Apr 23 19:23:00 2024

* Version:        2018.2 (Build 2258646 on Thu Jun 14 20:25:20 MDT 2018)
* Project:        Group_5_Base_line
* Solution:       Base_line
* Product family: artix7
* Target device:  xc7a200tfbg676-2


================================================================
== Performance Estimates
================================================================
+ Timing (ns): 
    * Summary: 
    +--------+-------+----------+------------+
    |  Clock | Target| Estimated| Uncertainty|
    +--------+-------+----------+------------+
    |ap_clk  |   5.00|     4.326|        0.62|
    +--------+-------+----------+------------+

+ Latency (clock cycles): 
    * Summary: 
    +-----+-----+-----+-----+---------+
    |  Latency  |  Interval | Pipeline|
    | min | max | min | max |   Type  |
    +-----+-----+-----+-----+---------+
    |    ?|    ?|    ?|    ?|   none  |
    +-----+-----+-----+-----+---------+

    + Detail: 
        * Instance: 
        N/A

        * Loop: 
        +-----------------+-----+-----+----------+-----------+-----------+------+----------+
        |                 |  Latency  | Iteration|  Initiation Interval  | Trip |          |
        |    Loop Name    | min | max |  Latency |  achieved |   target  | Count| Pipelined|
        +-----------------+-----+-----+----------+-----------+-----------+------+----------+
        |- Loop 1         |    ?|    ?|         1|          -|          -|     ?|    no    |
        |- Loop 2         |    ?|    ?|         ?|          -|          -|     ?|    no    |
        | + Loop 2.1      |    ?|    ?|         ?|          -|          -|     ?|    no    |
        |  ++ Loop 2.1.1  |    ?|    ?|        20|          -|          -|     ?|    no    |
        +-----------------+-----+-----+----------+-----------+-----------+------+----------+



================================================================
== Utilization Estimates
================================================================
* Summary: 
+-----------------+---------+-------+--------+--------+
|       Name      | BRAM_18K| DSP48E|   FF   |   LUT  |
+-----------------+---------+-------+--------+--------+
|DSP              |        -|      3|       -|       -|
|Expression       |        -|      -|       0|     394|
|FIFO             |        -|      -|       -|       -|
|Instance         |        -|     21|    1002|     575|
|Memory           |        -|      -|       -|       -|
|Multiplexer      |        -|      -|       -|     270|
|Register         |        -|      -|     815|       -|
+-----------------+---------+-------+--------+--------+
|Total            |        0|     24|    1817|    1239|
+-----------------+---------+-------+--------+--------+
|Available        |      730|    740|  269200|  129000|
+-----------------+---------+-------+--------+--------+
|Utilization (%)  |        0|      3|   ~0   |   ~0   |
+-----------------+---------+-------+--------+--------+

+ Detail: 
    * Instance: 
    +--------------------------+----------------------+---------+-------+-----+-----+
    |         Instance         |        Module        | BRAM_18K| DSP48E|  FF | LUT |
    +--------------------------+----------------------+---------+-------+-----+-----+
    |sample0_fadd_32nscud_U43  |sample0_fadd_32nscud  |        0|      2|  324|  236|
    |sample0_fmul_32nsdEe_U44  |sample0_fmul_32nsdEe  |        0|      3|  151|  144|
    |sample0_mul_64s_6bkb_U45  |sample0_mul_64s_6bkb  |        0|     16|  527|  195|
    +--------------------------+----------------------+---------+-------+-----+-----+
    |Total                     |                      |        0|     21| 1002|  575|
    +--------------------------+----------------------+---------+-------+-----+-----+

    * DSP48: 
    +--------------------------+----------------------+--------------+
    |         Instance         |        Module        |  Expression  |
    +--------------------------+----------------------+--------------+
    |sample0_mac_muladkbM_U48  |sample0_mac_muladkbM  | i0 * i1 + i2 |
    |sample0_mul_mul_1eOg_U46  |sample0_mul_mul_1eOg  |    i0 * i1   |
    |sample0_mul_mul_1eOg_U47  |sample0_mul_mul_1eOg  |    i0 * i1   |
    +--------------------------+----------------------+--------------+

    * Memory: 
    N/A

    * FIFO: 
    N/A

    * Expression: 
    +---------------------+----------+-------+---+----+------------+------------+
    |    Variable Name    | Operation| DSP48E| FF| LUT| Bitwidth P0| Bitwidth P1|
    +---------------------+----------+-------+---+----+------------+------------+
    |i_72_fu_184_p2       |     +    |      0|  0|  21|          14|           1|
    |i_73_fu_205_p2       |     +    |      0|  0|  71|           1|          64|
    |j_12_fu_220_p2       |     +    |      0|  0|  71|           1|          64|
    |k_2_fu_245_p2        |     +    |      0|  0|  71|           1|          64|
    |sum2_fu_226_p2       |     +    |      0|  0|  22|          15|          15|
    |sum5_fu_251_p2       |     +    |      0|  0|  22|          15|          15|
    |exitcond1_fu_215_p2  |   icmp   |      0|  0|  29|          64|          64|
    |exitcond2_fu_200_p2  |   icmp   |      0|  0|  29|          64|          64|
    |exitcond3_fu_179_p2  |   icmp   |      0|  0|  29|          64|          64|
    |exitcond_fu_240_p2   |   icmp   |      0|  0|  29|          64|          64|
    +---------------------+----------+-------+---+----+------------+------------+
    |Total                |          |      0|  0| 394|         303|         479|
    +---------------------+----------+-------+---+----+------------+------------+

    * Multiplexer: 
    +---------------+-----+-----------+-----+-----------+
    |      Name     | LUT | Input Size| Bits| Total Bits|
    +---------------+-----+-----------+-----+-----------+
    |C_address0     |   15|          3|   14|         42|
    |C_d0           |   15|          3|   32|         96|
    |ap_NS_fsm      |  189|         43|    1|         43|
    |grp_fu_150_p1  |   15|          3|   32|         96|
    |i_1_reg_115    |    9|          2|   64|        128|
    |i_reg_104      |    9|          2|   14|         28|
    |j_reg_126      |    9|          2|   64|        128|
    |k_reg_139      |    9|          2|   64|        128|
    +---------------+-----+-----------+-----+-----------+
    |Total          |  270|         60|  285|        689|
    +---------------+-----+-----------+-----+-----------+

    * Register: 
    +-------------------+----+----+-----+-----------+
    |        Name       | FF | LUT| Bits| Const Bits|
    +-------------------+----+----+-----+-----------+
    |A_load_reg_403     |  32|   0|   32|          0|
    |B_load_reg_408     |  32|   0|   32|          0|
    |C_addr_5_reg_360   |  14|   0|   14|          0|
    |ap_CS_fsm          |  42|   0|   42|          0|
    |d_load_reg_418     |  32|   0|   32|          0|
    |i_1_reg_115        |  64|   0|   64|          0|
    |i_73_reg_332       |  64|   0|   64|          0|
    |i_reg_104          |  14|   0|   14|          0|
    |inneridx_reg_342   |  15|   0|   15|          0|
    |j_12_reg_355       |  64|   0|   64|          0|
    |j_reg_126          |  64|   0|   64|          0|
    |k_2_reg_373        |  64|   0|   64|          0|
    |k_reg_139          |  64|   0|   64|          0|
    |outrowidx_reg_337  |  15|   0|   15|          0|
    |reg_158            |  32|   0|   32|          0|
    |reg_163            |  32|   0|   32|          0|
    |sum5_reg_378       |  15|   0|   15|          0|
    |sum8_reg_388       |  15|   0|   15|          0|
    |tmp_40_reg_413     |  32|   0|   32|          0|
    |tmp_83_reg_312     |  15|   0|   15|          0|
    |tmp_84_reg_318     |  15|   0|   15|          0|
    |tmp_86_reg_347     |  15|   0|   15|          0|
    |tmp_reg_299        |  64|   0|   64|          0|
    +-------------------+----+----+-----+-----------+
    |Total              | 815|   0|  815|          0|
    +-------------------+----+----+-----+-----------+



================================================================
== Interface
================================================================
* Summary: 
+------------+-----+-----+------------+-------------------+--------------+
|  RTL Ports | Dir | Bits|  Protocol  |   Source Object   |    C Type    |
+------------+-----+-----+------------+-------------------+--------------+
|ap_clk      |  in |    1| ap_ctrl_hs | k2c_affine_matmul | return value |
|ap_rst      |  in |    1| ap_ctrl_hs | k2c_affine_matmul | return value |
|ap_start    |  in |    1| ap_ctrl_hs | k2c_affine_matmul | return value |
|ap_done     | out |    1| ap_ctrl_hs | k2c_affine_matmul | return value |
|ap_idle     | out |    1| ap_ctrl_hs | k2c_affine_matmul | return value |
|ap_ready    | out |    1| ap_ctrl_hs | k2c_affine_matmul | return value |
|C_address0  | out |   14|  ap_memory |         C         |     array    |
|C_ce0       | out |    1|  ap_memory |         C         |     array    |
|C_we0       | out |    1|  ap_memory |         C         |     array    |
|C_d0        | out |   32|  ap_memory |         C         |     array    |
|C_q0        |  in |   32|  ap_memory |         C         |     array    |
|A_address0  | out |   14|  ap_memory |         A         |     array    |
|A_ce0       | out |    1|  ap_memory |         A         |     array    |
|A_q0        |  in |   32|  ap_memory |         A         |     array    |
|B_address0  | out |   14|  ap_memory |         B         |     array    |
|B_ce0       | out |    1|  ap_memory |         B         |     array    |
|B_q0        |  in |   32|  ap_memory |         B         |     array    |
|d_address0  | out |   14|  ap_memory |         d         |     array    |
|d_ce0       | out |    1|  ap_memory |         d         |     array    |
|d_q0        |  in |   32|  ap_memory |         d         |     array    |
|outrows     |  in |   64|   ap_none  |      outrows      |    scalar    |
|outcols     |  in |   64|   ap_none  |      outcols      |    scalar    |
|innerdim    |  in |   64|   ap_none  |      innerdim     |    scalar    |
+------------+-----+-----+------------+-------------------+--------------+

