

================================================================
== Vivado HLS Report for 'k2c_matmul'
================================================================
* Date:           Tue Apr 23 19:22:42 2024

* Version:        2018.2 (Build 2258646 on Thu Jun 14 20:25:20 MDT 2018)
* Project:        Group_5_Base_line
* Solution:       Base_line
* Product family: artix7
* Target device:  xc7a200tfbg676-2


================================================================
== Performance Estimates
================================================================
+ Timing (ns): 
    * Summary: 
    +--------+-------+----------+------------+
    |  Clock | Target| Estimated| Uncertainty|
    +--------+-------+----------+------------+
    |ap_clk  |   5.00|     4.326|        0.62|
    +--------+-------+----------+------------+

+ Latency (clock cycles): 
    * Summary: 
    +-----+-----+-----+-----+---------+
    |  Latency  |  Interval | Pipeline|
    | min | max | min | max |   Type  |
    +-----+-----+-----+-----+---------+
    |    ?|    ?|    ?|    ?|   none  |
    +-----+-----+-----+-----+---------+

    + Detail: 
        * Instance: 
        N/A

        * Loop: 
        +-----------------+-----+-----+----------+-----------+-----------+------+----------+
        |                 |  Latency  | Iteration|  Initiation Interval  | Trip |          |
        |    Loop Name    | min | max |  Latency |  achieved |   target  | Count| Pipelined|
        +-----------------+-----+-----+----------+-----------+-----------+------+----------+
        |- Loop 1         |    ?|    ?|         1|          -|          -|     ?|    no    |
        |- Loop 2         |    ?|    ?|         ?|          -|          -|     ?|    no    |
        | + Loop 2.1      |    ?|    ?|         ?|          -|          -|     ?|    no    |
        |  ++ Loop 2.1.1  |    ?|    ?|        18|          -|          -|     ?|    no    |
        +-----------------+-----+-----+----------+-----------+-----------+------+----------+

============================================================
+ Verbose Summary: Synthesis Manager
============================================================
InlineROM: 1
ExposeGlobal: 0
============================================================
+ Verbose Summary: CDFG Model
============================================================
IsTopModel: 0
ResetActiveHigh: 1
IsCombinational: 0
IsDatapathOnly: 0
HasWiredReturn: 1
HasMFsm: 0
HasVarLatency: 1
IsPipeline: 0
IsRtlPipelined: 0
IsInstanceOverlapped: 0
IsDontTouch: 0
HasImplIP: 0
IsGatedGlobalClock: 0


============================================================
+ Verbose Summary: Schedule
============================================================
* Number of FSM states : 31
* Pipeline : 0
* Dataflow Pipeline: 0

* FSM state transitions: 
1 --> 
	2  / true
2 --> 
	3  / true
3 --> 
	4  / true
4 --> 
	5  / true
5 --> 
	6  / true
6 --> 
	7  / true
7 --> 
	7  / (!exitcond3)
	8  / (exitcond3)
8 --> 
	9  / (!exitcond2)
9 --> 
	10  / true
10 --> 
	11  / true
11 --> 
	12  / (!exitcond1)
	8  / (exitcond1)
12 --> 
	13  / true
13 --> 
	14  / true
14 --> 
	15  / (!exitcond)
	11  / (exitcond)
15 --> 
	16  / true
16 --> 
	17  / true
17 --> 
	18  / true
18 --> 
	19  / true
19 --> 
	20  / true
20 --> 
	21  / true
21 --> 
	22  / true
22 --> 
	23  / true
23 --> 
	24  / true
24 --> 
	25  / true
25 --> 
	26  / true
26 --> 
	27  / true
27 --> 
	28  / true
28 --> 
	29  / true
29 --> 
	30  / true
30 --> 
	31  / true
31 --> 
	14  / true

* FSM state operations: 

State 1 <SV = 0> <Delay = 4.32>
ST_1 : Operation 32 [1/1] (0.00ns)   --->   "%outcols_read = call i64 @_ssdm_op_Read.ap_auto.i64(i64 %outcols)"   --->   Operation 32 'read' 'outcols_read' <Predicate = true> <Delay = 0.00>
ST_1 : Operation 33 [1/1] (0.00ns)   --->   "%outrows_read = call i64 @_ssdm_op_Read.ap_auto.i64(i64 %outrows)"   --->   Operation 33 'read' 'outrows_read' <Predicate = true> <Delay = 0.00>
ST_1 : Operation 34 [6/6] (4.32ns)   --->   "%total_ele = mul i64 %outcols_read, %outrows_read" [Group_5_Base_line/./include/k2c_helper_functions.h:34]   --->   Operation 34 'mul' 'total_ele' <Predicate = true> <Delay = 4.32> <Core = "MulnS">   --->   Core 17 'MulnS' <Latency = 5> <II = 1> <Delay = 4.32> <FuncUnit> <Opcode : 'mul'> <InPorts = 2> <OutPorts = 1>

State 2 <SV = 1> <Delay = 4.32>
ST_2 : Operation 35 [5/6] (4.32ns)   --->   "%total_ele = mul i64 %outcols_read, %outrows_read" [Group_5_Base_line/./include/k2c_helper_functions.h:34]   --->   Operation 35 'mul' 'total_ele' <Predicate = true> <Delay = 4.32> <Core = "MulnS">   --->   Core 17 'MulnS' <Latency = 5> <II = 1> <Delay = 4.32> <FuncUnit> <Opcode : 'mul'> <InPorts = 2> <OutPorts = 1>

State 3 <SV = 2> <Delay = 4.32>
ST_3 : Operation 36 [4/6] (4.32ns)   --->   "%total_ele = mul i64 %outcols_read, %outrows_read" [Group_5_Base_line/./include/k2c_helper_functions.h:34]   --->   Operation 36 'mul' 'total_ele' <Predicate = true> <Delay = 4.32> <Core = "MulnS">   --->   Core 17 'MulnS' <Latency = 5> <II = 1> <Delay = 4.32> <FuncUnit> <Opcode : 'mul'> <InPorts = 2> <OutPorts = 1>

State 4 <SV = 3> <Delay = 4.32>
ST_4 : Operation 37 [3/6] (4.32ns)   --->   "%total_ele = mul i64 %outcols_read, %outrows_read" [Group_5_Base_line/./include/k2c_helper_functions.h:34]   --->   Operation 37 'mul' 'total_ele' <Predicate = true> <Delay = 4.32> <Core = "MulnS">   --->   Core 17 'MulnS' <Latency = 5> <II = 1> <Delay = 4.32> <FuncUnit> <Opcode : 'mul'> <InPorts = 2> <OutPorts = 1>

State 5 <SV = 4> <Delay = 4.32>
ST_5 : Operation 38 [2/6] (4.32ns)   --->   "%total_ele = mul i64 %outcols_read, %outrows_read" [Group_5_Base_line/./include/k2c_helper_functions.h:34]   --->   Operation 38 'mul' 'total_ele' <Predicate = true> <Delay = 4.32> <Core = "MulnS">   --->   Core 17 'MulnS' <Latency = 5> <II = 1> <Delay = 4.32> <FuncUnit> <Opcode : 'mul'> <InPorts = 2> <OutPorts = 1>

State 6 <SV = 5> <Delay = 4.32>
ST_6 : Operation 39 [1/1] (0.00ns)   --->   "%innerdim_read = call i64 @_ssdm_op_Read.ap_auto.i64(i64 %innerdim)"   --->   Operation 39 'read' 'innerdim_read' <Predicate = true> <Delay = 0.00>
ST_6 : Operation 40 [1/1] (0.00ns)   --->   "%B_offset_read = call i64 @_ssdm_op_Read.ap_auto.i64(i64 %B_offset)"   --->   Operation 40 'read' 'B_offset_read' <Predicate = true> <Delay = 0.00>
ST_6 : Operation 41 [1/6] (4.32ns)   --->   "%total_ele = mul i64 %outcols_read, %outrows_read" [Group_5_Base_line/./include/k2c_helper_functions.h:34]   --->   Operation 41 'mul' 'total_ele' <Predicate = true> <Delay = 4.32> <Core = "MulnS">   --->   Core 17 'MulnS' <Latency = 5> <II = 1> <Delay = 4.32> <FuncUnit> <Opcode : 'mul'> <InPorts = 2> <OutPorts = 1>
ST_6 : Operation 42 [1/1] (1.35ns)   --->   "br label %1" [Group_5_Base_line/./include/k2c_helper_functions.h:35]   --->   Operation 42 'br' <Predicate = true> <Delay = 1.35>

State 7 <SV = 6> <Delay = 2.77>
ST_7 : Operation 43 [1/1] (0.00ns)   --->   "%i = phi i14 [ 0, %0 ], [ %i_2, %2 ]"   --->   Operation 43 'phi' 'i' <Predicate = true> <Delay = 0.00>
ST_7 : Operation 44 [1/1] (0.00ns)   --->   "%i_cast = zext i14 %i to i64" [Group_5_Base_line/./include/k2c_helper_functions.h:35]   --->   Operation 44 'zext' 'i_cast' <Predicate = true> <Delay = 0.00>
ST_7 : Operation 45 [1/1] (2.34ns)   --->   "%exitcond3 = icmp eq i64 %i_cast, %total_ele" [Group_5_Base_line/./include/k2c_helper_functions.h:35]   --->   Operation 45 'icmp' 'exitcond3' <Predicate = true> <Delay = 2.34> <Core = "Cmp">   --->   Core 25 'Cmp' <Latency = 0> <II = 1> <Delay = 2.34> <FuncUnit> <Opcode : 'icmp'> <InPorts = 2> <OutPorts = 1>
ST_7 : Operation 46 [1/1] (1.80ns)   --->   "%i_2 = add i14 %i, 1" [Group_5_Base_line/./include/k2c_helper_functions.h:35]   --->   Operation 46 'add' 'i_2' <Predicate = true> <Delay = 1.80> <Core = "AddSub">   --->   Core 14 'AddSub' <Latency = 0> <II = 1> <Delay = 1.82> <FuncUnit> <Opcode : 'add' 'sub'> <InPorts = 2> <OutPorts = 1>
ST_7 : Operation 47 [1/1] (0.00ns)   --->   "br i1 %exitcond3, label %.preheader4.preheader, label %2" [Group_5_Base_line/./include/k2c_helper_functions.h:35]   --->   Operation 47 'br' <Predicate = true> <Delay = 0.00>
ST_7 : Operation 48 [1/1] (0.00ns)   --->   "%C_addr = getelementptr [10000 x float]* %C, i64 0, i64 %i_cast" [Group_5_Base_line/./include/k2c_helper_functions.h:36]   --->   Operation 48 'getelementptr' 'C_addr' <Predicate = (!exitcond3)> <Delay = 0.00>
ST_7 : Operation 49 [1/1] (2.77ns)   --->   "store float 0.000000e+00, float* %C_addr, align 4" [Group_5_Base_line/./include/k2c_helper_functions.h:36]   --->   Operation 49 'store' <Predicate = (!exitcond3)> <Delay = 2.77> <Core = "RAM">   --->   Core 37 'RAM' <Latency = 1> <II = 1> <Delay = 2.77> <Storage> <Opcode : 'load' 'store'> <Ports = 2> <Width = 32> <Depth = 10000> <RAM>
ST_7 : Operation 50 [1/1] (0.00ns)   --->   "br label %1" [Group_5_Base_line/./include/k2c_helper_functions.h:35]   --->   Operation 50 'br' <Predicate = (!exitcond3)> <Delay = 0.00>
ST_7 : Operation 51 [1/1] (0.00ns)   --->   "%tmp_31 = trunc i64 %outcols_read to i15" [Group_5_Base_line/./include/k2c_helper_functions.h:40]   --->   Operation 51 'trunc' 'tmp_31' <Predicate = (exitcond3)> <Delay = 0.00>
ST_7 : Operation 52 [1/1] (0.00ns)   --->   "%tmp_32 = trunc i64 %innerdim_read to i13" [Group_5_Base_line/./include/k2c_helper_functions.h:41]   --->   Operation 52 'trunc' 'tmp_32' <Predicate = (exitcond3)> <Delay = 0.00>
ST_7 : Operation 53 [1/1] (0.00ns)   --->   "%tmp_33 = trunc i64 %outcols_read to i13" [Group_5_Base_line/./include/k2c_helper_functions.h:44]   --->   Operation 53 'trunc' 'tmp_33' <Predicate = (exitcond3)> <Delay = 0.00>
ST_7 : Operation 54 [1/1] (0.00ns)   --->   "%tmp_34 = trunc i64 %B_offset_read to i13"   --->   Operation 54 'trunc' 'tmp_34' <Predicate = (exitcond3)> <Delay = 0.00>
ST_7 : Operation 55 [1/1] (1.35ns)   --->   "br label %.preheader4" [Group_5_Base_line/./include/k2c_helper_functions.h:39]   --->   Operation 55 'br' <Predicate = (exitcond3)> <Delay = 1.35>

State 8 <SV = 7> <Delay = 3.76>
ST_8 : Operation 56 [1/1] (0.00ns)   --->   "%i_1 = phi i64 [ 0, %.preheader4.preheader ], [ %i_3, %.preheader4.loopexit ]"   --->   Operation 56 'phi' 'i_1' <Predicate = true> <Delay = 0.00>
ST_8 : Operation 57 [1/1] (0.00ns)   --->   "%tmp_35 = trunc i64 %i_1 to i13" [Group_5_Base_line/./include/k2c_helper_functions.h:39]   --->   Operation 57 'trunc' 'tmp_35' <Predicate = true> <Delay = 0.00>
ST_8 : Operation 58 [1/1] (0.00ns)   --->   "%tmp_36 = trunc i64 %i_1 to i15" [Group_5_Base_line/./include/k2c_helper_functions.h:39]   --->   Operation 58 'trunc' 'tmp_36' <Predicate = true> <Delay = 0.00>
ST_8 : Operation 59 [1/1] (2.34ns)   --->   "%exitcond2 = icmp eq i64 %i_1, %outrows_read" [Group_5_Base_line/./include/k2c_helper_functions.h:39]   --->   Operation 59 'icmp' 'exitcond2' <Predicate = true> <Delay = 2.34> <Core = "Cmp">   --->   Core 25 'Cmp' <Latency = 0> <II = 1> <Delay = 2.34> <FuncUnit> <Opcode : 'icmp'> <InPorts = 2> <OutPorts = 1>
ST_8 : Operation 60 [1/1] (2.99ns)   --->   "%i_3 = add i64 1, %i_1" [Group_5_Base_line/./include/k2c_helper_functions.h:39]   --->   Operation 60 'add' 'i_3' <Predicate = true> <Delay = 2.99> <Core = "AddSub">   --->   Core 14 'AddSub' <Latency = 0> <II = 1> <Delay = 1.82> <FuncUnit> <Opcode : 'add' 'sub'> <InPorts = 2> <OutPorts = 1>
ST_8 : Operation 61 [1/1] (0.00ns)   --->   "br i1 %exitcond2, label %5, label %3" [Group_5_Base_line/./include/k2c_helper_functions.h:39]   --->   Operation 61 'br' <Predicate = true> <Delay = 0.00>
ST_8 : Operation 62 [3/3] (3.76ns)   --->   "%outrowidx = mul i15 %tmp_36, %tmp_31" [Group_5_Base_line/./include/k2c_helper_functions.h:40]   --->   Operation 62 'mul' 'outrowidx' <Predicate = (!exitcond2)> <Delay = 3.76> <Core = "DSP48">   --->   Core 61 'DSP48' <Latency = 2> <II = 1> <Delay = 3.27> <IPBlock> <Opcode : 'mul' 'add' 'sub' 'select'> <InPorts = 0> <OutPorts = 1> <Sync> <CReg>
ST_8 : Operation 63 [3/3] (3.76ns)   --->   "%inneridx = mul i13 %tmp_35, %tmp_32" [Group_5_Base_line/./include/k2c_helper_functions.h:41]   --->   Operation 63 'mul' 'inneridx' <Predicate = (!exitcond2)> <Delay = 3.76> <Core = "DSP48">   --->   Core 61 'DSP48' <Latency = 2> <II = 1> <Delay = 3.27> <IPBlock> <Opcode : 'mul' 'add' 'sub' 'select'> <InPorts = 0> <OutPorts = 1> <Sync> <CReg>
ST_8 : Operation 64 [1/1] (0.00ns)   --->   "ret void" [Group_5_Base_line/./include/k2c_helper_functions.h:48]   --->   Operation 64 'ret' <Predicate = (exitcond2)> <Delay = 0.00>

State 9 <SV = 8> <Delay = 3.76>
ST_9 : Operation 65 [2/3] (3.76ns)   --->   "%outrowidx = mul i15 %tmp_36, %tmp_31" [Group_5_Base_line/./include/k2c_helper_functions.h:40]   --->   Operation 65 'mul' 'outrowidx' <Predicate = true> <Delay = 3.76> <Core = "DSP48">   --->   Core 61 'DSP48' <Latency = 2> <II = 1> <Delay = 3.27> <IPBlock> <Opcode : 'mul' 'add' 'sub' 'select'> <InPorts = 0> <OutPorts = 1> <Sync> <CReg>
ST_9 : Operation 66 [2/3] (3.76ns)   --->   "%inneridx = mul i13 %tmp_35, %tmp_32" [Group_5_Base_line/./include/k2c_helper_functions.h:41]   --->   Operation 66 'mul' 'inneridx' <Predicate = true> <Delay = 3.76> <Core = "DSP48">   --->   Core 61 'DSP48' <Latency = 2> <II = 1> <Delay = 3.27> <IPBlock> <Opcode : 'mul' 'add' 'sub' 'select'> <InPorts = 0> <OutPorts = 1> <Sync> <CReg>

State 10 <SV = 9> <Delay = 1.35>
ST_10 : Operation 67 [1/3] (0.00ns)   --->   "%outrowidx = mul i15 %tmp_36, %tmp_31" [Group_5_Base_line/./include/k2c_helper_functions.h:40]   --->   Operation 67 'mul' 'outrowidx' <Predicate = true> <Delay = 0.00> <Core = "DSP48">   --->   Core 61 'DSP48' <Latency = 2> <II = 1> <Delay = 3.27> <IPBlock> <Opcode : 'mul' 'add' 'sub' 'select'> <InPorts = 0> <OutPorts = 1> <Sync> <CReg>
ST_10 : Operation 68 [1/3] (0.00ns)   --->   "%inneridx = mul i13 %tmp_35, %tmp_32" [Group_5_Base_line/./include/k2c_helper_functions.h:41]   --->   Operation 68 'mul' 'inneridx' <Predicate = true> <Delay = 0.00> <Core = "DSP48">   --->   Core 61 'DSP48' <Latency = 2> <II = 1> <Delay = 3.27> <IPBlock> <Opcode : 'mul' 'add' 'sub' 'select'> <InPorts = 0> <OutPorts = 1> <Sync> <CReg>
ST_10 : Operation 69 [1/1] (1.35ns)   --->   "br label %.loopexit" [Group_5_Base_line/./include/k2c_helper_functions.h:42]   --->   Operation 69 'br' <Predicate = true> <Delay = 1.35>

State 11 <SV = 10> <Delay = 2.99>
ST_11 : Operation 70 [1/1] (0.00ns)   --->   "%k = phi i64 [ 0, %3 ], [ %k_1, %.loopexit.loopexit ]"   --->   Operation 70 'phi' 'k' <Predicate = true> <Delay = 0.00>
ST_11 : Operation 71 [1/1] (0.00ns)   --->   "%tmp_37 = trunc i64 %k to i13" [Group_5_Base_line/./include/k2c_helper_functions.h:42]   --->   Operation 71 'trunc' 'tmp_37' <Predicate = true> <Delay = 0.00>
ST_11 : Operation 72 [1/1] (2.34ns)   --->   "%exitcond1 = icmp eq i64 %k, %innerdim_read" [Group_5_Base_line/./include/k2c_helper_functions.h:42]   --->   Operation 72 'icmp' 'exitcond1' <Predicate = true> <Delay = 2.34> <Core = "Cmp">   --->   Core 25 'Cmp' <Latency = 0> <II = 1> <Delay = 2.34> <FuncUnit> <Opcode : 'icmp'> <InPorts = 2> <OutPorts = 1>
ST_11 : Operation 73 [1/1] (2.99ns)   --->   "%k_1 = add i64 1, %k" [Group_5_Base_line/./include/k2c_helper_functions.h:42]   --->   Operation 73 'add' 'k_1' <Predicate = true> <Delay = 2.99> <Core = "AddSub">   --->   Core 14 'AddSub' <Latency = 0> <II = 1> <Delay = 1.82> <FuncUnit> <Opcode : 'add' 'sub'> <InPorts = 2> <OutPorts = 1>
ST_11 : Operation 74 [1/1] (0.00ns)   --->   "br i1 %exitcond1, label %.preheader4.loopexit, label %.preheader.preheader" [Group_5_Base_line/./include/k2c_helper_functions.h:42]   --->   Operation 74 'br' <Predicate = true> <Delay = 0.00>
ST_11 : Operation 75 [1/1] (1.79ns)   --->   "%sum = add i13 %tmp_37, %inneridx" [Group_5_Base_line/./include/k2c_helper_functions.h:42]   --->   Operation 75 'add' 'sum' <Predicate = (!exitcond1)> <Delay = 1.79> <Core = "AddSub">   --->   Core 14 'AddSub' <Latency = 0> <II = 1> <Delay = 1.82> <FuncUnit> <Opcode : 'add' 'sub'> <InPorts = 2> <OutPorts = 1>
ST_11 : Operation 76 [1/1] (0.00ns)   --->   "%sum_cast = zext i13 %sum to i64" [Group_5_Base_line/./include/k2c_helper_functions.h:42]   --->   Operation 76 'zext' 'sum_cast' <Predicate = (!exitcond1)> <Delay = 0.00>
ST_11 : Operation 77 [1/1] (0.00ns)   --->   "%B_addr = getelementptr [2580 x float]* %A, i64 0, i64 %sum_cast" [Group_5_Base_line/./include/k2c_helper_functions.h:44]   --->   Operation 77 'getelementptr' 'B_addr' <Predicate = (!exitcond1)> <Delay = 0.00>
ST_11 : Operation 78 [3/3] (1.38ns)   --->   "%tmp_s = mul i13 %tmp_37, %tmp_33" [Group_5_Base_line/./include/k2c_helper_functions.h:44]   --->   Operation 78 'mul' 'tmp_s' <Predicate = (!exitcond1)> <Delay = 1.38> <Core = "DSP48">   --->   Core 61 'DSP48' <Latency = 2> <II = 1> <Delay = 3.27> <IPBlock> <Opcode : 'mul' 'add' 'sub' 'select'> <InPorts = 0> <OutPorts = 1> <Sync> <CReg>
ST_11 : Operation 79 [1/1] (0.00ns)   --->   "br label %.preheader4"   --->   Operation 79 'br' <Predicate = (exitcond1)> <Delay = 0.00>

State 12 <SV = 11> <Delay = 1.38>
ST_12 : Operation 80 [2/3] (1.38ns)   --->   "%tmp_s = mul i13 %tmp_37, %tmp_33" [Group_5_Base_line/./include/k2c_helper_functions.h:44]   --->   Operation 80 'mul' 'tmp_s' <Predicate = true> <Delay = 1.38> <Core = "DSP48">   --->   Core 61 'DSP48' <Latency = 2> <II = 1> <Delay = 3.27> <IPBlock> <Opcode : 'mul' 'add' 'sub' 'select'> <InPorts = 0> <OutPorts = 1> <Sync> <CReg>

State 13 <SV = 12> <Delay = 3.53>
ST_13 : Operation 81 [1/3] (0.00ns)   --->   "%tmp_s = mul i13 %tmp_37, %tmp_33" [Group_5_Base_line/./include/k2c_helper_functions.h:44]   --->   Operation 81 'mul' 'tmp_s' <Predicate = true> <Delay = 0.00> <Core = "DSP48">   --->   Core 61 'DSP48' <Latency = 2> <II = 1> <Delay = 3.27> <IPBlock> <Opcode : 'mul' 'add' 'sub' 'select'> <InPorts = 0> <OutPorts = 1> <Sync> <CReg>
ST_13 : Operation 82 [1/1] (3.53ns)   --->   "%tmp = add i13 %tmp_s, %tmp_34" [Group_5_Base_line/./include/k2c_helper_functions.h:44]   --->   Operation 82 'add' 'tmp' <Predicate = true> <Delay = 3.53> <Core = "DSP48">   --->   Core 61 'DSP48' <Latency = 2> <II = 1> <Delay = 3.27> <IPBlock> <Opcode : 'mul' 'add' 'sub' 'select'> <InPorts = 0> <OutPorts = 1> <Sync> <CReg>
ST_13 : Operation 83 [1/1] (1.35ns)   --->   "br label %.preheader" [Group_5_Base_line/./include/k2c_helper_functions.h:43]   --->   Operation 83 'br' <Predicate = true> <Delay = 1.35>

State 14 <SV = 13> <Delay = 2.99>
ST_14 : Operation 84 [1/1] (0.00ns)   --->   "%j = phi i64 [ %j_1, %4 ], [ 0, %.preheader.preheader ]"   --->   Operation 84 'phi' 'j' <Predicate = true> <Delay = 0.00>
ST_14 : Operation 85 [1/1] (0.00ns)   --->   "%tmp_38 = trunc i64 %j to i15" [Group_5_Base_line/./include/k2c_helper_functions.h:43]   --->   Operation 85 'trunc' 'tmp_38' <Predicate = true> <Delay = 0.00>
ST_14 : Operation 86 [1/1] (0.00ns)   --->   "%tmp_39 = trunc i64 %j to i13" [Group_5_Base_line/./include/k2c_helper_functions.h:43]   --->   Operation 86 'trunc' 'tmp_39' <Predicate = true> <Delay = 0.00>
ST_14 : Operation 87 [1/1] (2.34ns)   --->   "%exitcond = icmp eq i64 %j, %outcols_read" [Group_5_Base_line/./include/k2c_helper_functions.h:43]   --->   Operation 87 'icmp' 'exitcond' <Predicate = true> <Delay = 2.34> <Core = "Cmp">   --->   Core 25 'Cmp' <Latency = 0> <II = 1> <Delay = 2.34> <FuncUnit> <Opcode : 'icmp'> <InPorts = 2> <OutPorts = 1>
ST_14 : Operation 88 [1/1] (2.99ns)   --->   "%j_1 = add i64 1, %j" [Group_5_Base_line/./include/k2c_helper_functions.h:43]   --->   Operation 88 'add' 'j_1' <Predicate = true> <Delay = 2.99> <Core = "AddSub">   --->   Core 14 'AddSub' <Latency = 0> <II = 1> <Delay = 1.82> <FuncUnit> <Opcode : 'add' 'sub'> <InPorts = 2> <OutPorts = 1>
ST_14 : Operation 89 [1/1] (0.00ns)   --->   "br i1 %exitcond, label %.loopexit.loopexit, label %4" [Group_5_Base_line/./include/k2c_helper_functions.h:43]   --->   Operation 89 'br' <Predicate = true> <Delay = 0.00>
ST_14 : Operation 90 [1/1] (1.79ns)   --->   "%sum3 = add i13 %tmp, %tmp_39" [Group_5_Base_line/./include/k2c_helper_functions.h:44]   --->   Operation 90 'add' 'sum3' <Predicate = (!exitcond)> <Delay = 1.79> <Core = "AddSub">   --->   Core 14 'AddSub' <Latency = 0> <II = 1> <Delay = 1.82> <FuncUnit> <Opcode : 'add' 'sub'> <InPorts = 2> <OutPorts = 1>
ST_14 : Operation 91 [1/1] (1.82ns)   --->   "%sum2 = add i15 %tmp_38, %outrowidx" [Group_5_Base_line/./include/k2c_helper_functions.h:43]   --->   Operation 91 'add' 'sum2' <Predicate = (!exitcond)> <Delay = 1.82> <Core = "AddSub">   --->   Core 14 'AddSub' <Latency = 0> <II = 1> <Delay = 1.82> <FuncUnit> <Opcode : 'add' 'sub'> <InPorts = 2> <OutPorts = 1>
ST_14 : Operation 92 [1/1] (0.00ns)   --->   "%sum2_cast = zext i15 %sum2 to i64" [Group_5_Base_line/./include/k2c_helper_functions.h:43]   --->   Operation 92 'zext' 'sum2_cast' <Predicate = (!exitcond)> <Delay = 0.00>
ST_14 : Operation 93 [1/1] (0.00ns)   --->   "%C_addr_4 = getelementptr [10000 x float]* %C, i64 0, i64 %sum2_cast" [Group_5_Base_line/./include/k2c_helper_functions.h:44]   --->   Operation 93 'getelementptr' 'C_addr_4' <Predicate = (!exitcond)> <Delay = 0.00>
ST_14 : Operation 94 [1/1] (0.00ns)   --->   "br label %.loopexit"   --->   Operation 94 'br' <Predicate = (exitcond)> <Delay = 0.00>

State 15 <SV = 14> <Delay = 2.77>
ST_15 : Operation 95 [2/2] (2.77ns)   --->   "%B_load_4 = load float* %B_addr, align 4" [Group_5_Base_line/./include/k2c_helper_functions.h:44]   --->   Operation 95 'load' 'B_load_4' <Predicate = true> <Delay = 2.77> <Core = "RAM">   --->   Core 37 'RAM' <Latency = 1> <II = 1> <Delay = 2.77> <Storage> <Opcode : 'load' 'store'> <Ports = 2> <Width = 32> <Depth = 10000> <RAM>
ST_15 : Operation 96 [1/1] (0.00ns)   --->   "%sum3_cast = zext i13 %sum3 to i64" [Group_5_Base_line/./include/k2c_helper_functions.h:44]   --->   Operation 96 'zext' 'sum3_cast' <Predicate = true> <Delay = 0.00>
ST_15 : Operation 97 [1/1] (0.00ns)   --->   "%B_addr_4 = getelementptr [2580 x float]* %A, i64 0, i64 %sum3_cast" [Group_5_Base_line/./include/k2c_helper_functions.h:44]   --->   Operation 97 'getelementptr' 'B_addr_4' <Predicate = true> <Delay = 0.00>
ST_15 : Operation 98 [2/2] (2.77ns)   --->   "%B_load = load float* %B_addr_4, align 4" [Group_5_Base_line/./include/k2c_helper_functions.h:44]   --->   Operation 98 'load' 'B_load' <Predicate = true> <Delay = 2.77> <Core = "RAM">   --->   Core 37 'RAM' <Latency = 1> <II = 1> <Delay = 2.77> <Storage> <Opcode : 'load' 'store'> <Ports = 2> <Width = 32> <Depth = 10000> <RAM>

State 16 <SV = 15> <Delay = 2.77>
ST_16 : Operation 99 [1/2] (2.77ns)   --->   "%B_load_4 = load float* %B_addr, align 4" [Group_5_Base_line/./include/k2c_helper_functions.h:44]   --->   Operation 99 'load' 'B_load_4' <Predicate = true> <Delay = 2.77> <Core = "RAM">   --->   Core 37 'RAM' <Latency = 1> <II = 1> <Delay = 2.77> <Storage> <Opcode : 'load' 'store'> <Ports = 2> <Width = 32> <Depth = 10000> <RAM>
ST_16 : Operation 100 [1/2] (2.77ns)   --->   "%B_load = load float* %B_addr_4, align 4" [Group_5_Base_line/./include/k2c_helper_functions.h:44]   --->   Operation 100 'load' 'B_load' <Predicate = true> <Delay = 2.77> <Core = "RAM">   --->   Core 37 'RAM' <Latency = 1> <II = 1> <Delay = 2.77> <Storage> <Opcode : 'load' 'store'> <Ports = 2> <Width = 32> <Depth = 10000> <RAM>

State 17 <SV = 16> <Delay = 3.65>
ST_17 : Operation 101 [5/5] (3.65ns)   --->   "%tmp_18 = fmul float %B_load_4, %B_load" [Group_5_Base_line/./include/k2c_helper_functions.h:44]   --->   Operation 101 'fmul' 'tmp_18' <Predicate = true> <Delay = 3.65> <Core = "FMul">   --->   Core 100 'FMul' <Latency = 4> <II = 1> <Delay = 3.65> <FuncUnit> <Opcode : 'fmul'> <InPorts = 2> <OutPorts = 1>

State 18 <SV = 17> <Delay = 3.65>
ST_18 : Operation 102 [4/5] (3.65ns)   --->   "%tmp_18 = fmul float %B_load_4, %B_load" [Group_5_Base_line/./include/k2c_helper_functions.h:44]   --->   Operation 102 'fmul' 'tmp_18' <Predicate = true> <Delay = 3.65> <Core = "FMul">   --->   Core 100 'FMul' <Latency = 4> <II = 1> <Delay = 3.65> <FuncUnit> <Opcode : 'fmul'> <InPorts = 2> <OutPorts = 1>

State 19 <SV = 18> <Delay = 3.65>
ST_19 : Operation 103 [3/5] (3.65ns)   --->   "%tmp_18 = fmul float %B_load_4, %B_load" [Group_5_Base_line/./include/k2c_helper_functions.h:44]   --->   Operation 103 'fmul' 'tmp_18' <Predicate = true> <Delay = 3.65> <Core = "FMul">   --->   Core 100 'FMul' <Latency = 4> <II = 1> <Delay = 3.65> <FuncUnit> <Opcode : 'fmul'> <InPorts = 2> <OutPorts = 1>

State 20 <SV = 19> <Delay = 3.65>
ST_20 : Operation 104 [2/5] (3.65ns)   --->   "%tmp_18 = fmul float %B_load_4, %B_load" [Group_5_Base_line/./include/k2c_helper_functions.h:44]   --->   Operation 104 'fmul' 'tmp_18' <Predicate = true> <Delay = 3.65> <Core = "FMul">   --->   Core 100 'FMul' <Latency = 4> <II = 1> <Delay = 3.65> <FuncUnit> <Opcode : 'fmul'> <InPorts = 2> <OutPorts = 1>
ST_20 : Operation 105 [2/2] (2.77ns)   --->   "%C_load = load float* %C_addr_4, align 4" [Group_5_Base_line/./include/k2c_helper_functions.h:44]   --->   Operation 105 'load' 'C_load' <Predicate = true> <Delay = 2.77> <Core = "RAM">   --->   Core 37 'RAM' <Latency = 1> <II = 1> <Delay = 2.77> <Storage> <Opcode : 'load' 'store'> <Ports = 2> <Width = 32> <Depth = 10000> <RAM>

State 21 <SV = 20> <Delay = 3.65>
ST_21 : Operation 106 [1/5] (3.65ns)   --->   "%tmp_18 = fmul float %B_load_4, %B_load" [Group_5_Base_line/./include/k2c_helper_functions.h:44]   --->   Operation 106 'fmul' 'tmp_18' <Predicate = true> <Delay = 3.65> <Core = "FMul">   --->   Core 100 'FMul' <Latency = 4> <II = 1> <Delay = 3.65> <FuncUnit> <Opcode : 'fmul'> <InPorts = 2> <OutPorts = 1>
ST_21 : Operation 107 [1/2] (2.77ns)   --->   "%C_load = load float* %C_addr_4, align 4" [Group_5_Base_line/./include/k2c_helper_functions.h:44]   --->   Operation 107 'load' 'C_load' <Predicate = true> <Delay = 2.77> <Core = "RAM">   --->   Core 37 'RAM' <Latency = 1> <II = 1> <Delay = 2.77> <Storage> <Opcode : 'load' 'store'> <Ports = 2> <Width = 32> <Depth = 10000> <RAM>

State 22 <SV = 21> <Delay = 3.51>
ST_22 : Operation 108 [9/9] (3.51ns)   --->   "%tmp_20 = fadd float %C_load, %tmp_18" [Group_5_Base_line/./include/k2c_helper_functions.h:44]   --->   Operation 108 'fadd' 'tmp_20' <Predicate = true> <Delay = 3.51> <Core = "FAddSub">   --->   Core 99 'FAddSub' <Latency = 8> <II = 1> <Delay = 3.51> <FuncUnit> <Opcode : 'fadd' 'fsub'> <InPorts = 2> <OutPorts = 1>

State 23 <SV = 22> <Delay = 3.51>
ST_23 : Operation 109 [8/9] (3.51ns)   --->   "%tmp_20 = fadd float %C_load, %tmp_18" [Group_5_Base_line/./include/k2c_helper_functions.h:44]   --->   Operation 109 'fadd' 'tmp_20' <Predicate = true> <Delay = 3.51> <Core = "FAddSub">   --->   Core 99 'FAddSub' <Latency = 8> <II = 1> <Delay = 3.51> <FuncUnit> <Opcode : 'fadd' 'fsub'> <InPorts = 2> <OutPorts = 1>

State 24 <SV = 23> <Delay = 3.51>
ST_24 : Operation 110 [7/9] (3.51ns)   --->   "%tmp_20 = fadd float %C_load, %tmp_18" [Group_5_Base_line/./include/k2c_helper_functions.h:44]   --->   Operation 110 'fadd' 'tmp_20' <Predicate = true> <Delay = 3.51> <Core = "FAddSub">   --->   Core 99 'FAddSub' <Latency = 8> <II = 1> <Delay = 3.51> <FuncUnit> <Opcode : 'fadd' 'fsub'> <InPorts = 2> <OutPorts = 1>

State 25 <SV = 24> <Delay = 3.51>
ST_25 : Operation 111 [6/9] (3.51ns)   --->   "%tmp_20 = fadd float %C_load, %tmp_18" [Group_5_Base_line/./include/k2c_helper_functions.h:44]   --->   Operation 111 'fadd' 'tmp_20' <Predicate = true> <Delay = 3.51> <Core = "FAddSub">   --->   Core 99 'FAddSub' <Latency = 8> <II = 1> <Delay = 3.51> <FuncUnit> <Opcode : 'fadd' 'fsub'> <InPorts = 2> <OutPorts = 1>

State 26 <SV = 25> <Delay = 3.51>
ST_26 : Operation 112 [5/9] (3.51ns)   --->   "%tmp_20 = fadd float %C_load, %tmp_18" [Group_5_Base_line/./include/k2c_helper_functions.h:44]   --->   Operation 112 'fadd' 'tmp_20' <Predicate = true> <Delay = 3.51> <Core = "FAddSub">   --->   Core 99 'FAddSub' <Latency = 8> <II = 1> <Delay = 3.51> <FuncUnit> <Opcode : 'fadd' 'fsub'> <InPorts = 2> <OutPorts = 1>

State 27 <SV = 26> <Delay = 3.51>
ST_27 : Operation 113 [4/9] (3.51ns)   --->   "%tmp_20 = fadd float %C_load, %tmp_18" [Group_5_Base_line/./include/k2c_helper_functions.h:44]   --->   Operation 113 'fadd' 'tmp_20' <Predicate = true> <Delay = 3.51> <Core = "FAddSub">   --->   Core 99 'FAddSub' <Latency = 8> <II = 1> <Delay = 3.51> <FuncUnit> <Opcode : 'fadd' 'fsub'> <InPorts = 2> <OutPorts = 1>

State 28 <SV = 27> <Delay = 3.51>
ST_28 : Operation 114 [3/9] (3.51ns)   --->   "%tmp_20 = fadd float %C_load, %tmp_18" [Group_5_Base_line/./include/k2c_helper_functions.h:44]   --->   Operation 114 'fadd' 'tmp_20' <Predicate = true> <Delay = 3.51> <Core = "FAddSub">   --->   Core 99 'FAddSub' <Latency = 8> <II = 1> <Delay = 3.51> <FuncUnit> <Opcode : 'fadd' 'fsub'> <InPorts = 2> <OutPorts = 1>

State 29 <SV = 28> <Delay = 3.51>
ST_29 : Operation 115 [2/9] (3.51ns)   --->   "%tmp_20 = fadd float %C_load, %tmp_18" [Group_5_Base_line/./include/k2c_helper_functions.h:44]   --->   Operation 115 'fadd' 'tmp_20' <Predicate = true> <Delay = 3.51> <Core = "FAddSub">   --->   Core 99 'FAddSub' <Latency = 8> <II = 1> <Delay = 3.51> <FuncUnit> <Opcode : 'fadd' 'fsub'> <InPorts = 2> <OutPorts = 1>

State 30 <SV = 29> <Delay = 3.51>
ST_30 : Operation 116 [1/9] (3.51ns)   --->   "%tmp_20 = fadd float %C_load, %tmp_18" [Group_5_Base_line/./include/k2c_helper_functions.h:44]   --->   Operation 116 'fadd' 'tmp_20' <Predicate = true> <Delay = 3.51> <Core = "FAddSub">   --->   Core 99 'FAddSub' <Latency = 8> <II = 1> <Delay = 3.51> <FuncUnit> <Opcode : 'fadd' 'fsub'> <InPorts = 2> <OutPorts = 1>

State 31 <SV = 30> <Delay = 2.77>
ST_31 : Operation 117 [1/1] (2.77ns)   --->   "store float %tmp_20, float* %C_addr_4, align 4" [Group_5_Base_line/./include/k2c_helper_functions.h:44]   --->   Operation 117 'store' <Predicate = true> <Delay = 2.77> <Core = "RAM">   --->   Core 37 'RAM' <Latency = 1> <II = 1> <Delay = 2.77> <Storage> <Opcode : 'load' 'store'> <Ports = 2> <Width = 32> <Depth = 10000> <RAM>
ST_31 : Operation 118 [1/1] (0.00ns)   --->   "br label %.preheader" [Group_5_Base_line/./include/k2c_helper_functions.h:43]   --->   Operation 118 'br' <Predicate = true> <Delay = 0.00>


============================================================
+ Verbose Summary: Timing violations
============================================================
Target clock period: 5ns, clock uncertainty: 0.625ns.

 <State 1>: 4.33ns
The critical path consists of the following:
	wire read on port 'outcols' [8]  (0 ns)
	'mul' operation ('total_ele', Group_5_Base_line/./include/k2c_helper_functions.h:34) [11]  (4.33 ns)

 <State 2>: 4.33ns
The critical path consists of the following:
	'mul' operation ('total_ele', Group_5_Base_line/./include/k2c_helper_functions.h:34) [11]  (4.33 ns)

 <State 3>: 4.33ns
The critical path consists of the following:
	'mul' operation ('total_ele', Group_5_Base_line/./include/k2c_helper_functions.h:34) [11]  (4.33 ns)

 <State 4>: 4.33ns
The critical path consists of the following:
	'mul' operation ('total_ele', Group_5_Base_line/./include/k2c_helper_functions.h:34) [11]  (4.33 ns)

 <State 5>: 4.33ns
The critical path consists of the following:
	'mul' operation ('total_ele', Group_5_Base_line/./include/k2c_helper_functions.h:34) [11]  (4.33 ns)

 <State 6>: 4.33ns
The critical path consists of the following:
	'mul' operation ('total_ele', Group_5_Base_line/./include/k2c_helper_functions.h:34) [11]  (4.33 ns)

 <State 7>: 2.77ns
The critical path consists of the following:
	'phi' operation ('i') with incoming values : ('i', Group_5_Base_line/./include/k2c_helper_functions.h:35) [14]  (0 ns)
	'getelementptr' operation ('C_addr', Group_5_Base_line/./include/k2c_helper_functions.h:36) [20]  (0 ns)
	'store' operation (Group_5_Base_line/./include/k2c_helper_functions.h:36) of constant 0 on array 'C' [21]  (2.77 ns)

 <State 8>: 3.76ns
The critical path consists of the following:
	'phi' operation ('i') with incoming values : ('i', Group_5_Base_line/./include/k2c_helper_functions.h:39) [30]  (0 ns)
	'mul' operation ('inneridx', Group_5_Base_line/./include/k2c_helper_functions.h:41) [38]  (3.76 ns)

 <State 9>: 3.76ns
The critical path consists of the following:
	'mul' operation ('outrowidx', Group_5_Base_line/./include/k2c_helper_functions.h:40) [37]  (3.76 ns)

 <State 10>: 1.35ns
The critical path consists of the following:
	multiplexor before 'phi' operation ('k') with incoming values : ('k', Group_5_Base_line/./include/k2c_helper_functions.h:42) [41]  (1.35 ns)

 <State 11>: 3ns
The critical path consists of the following:
	'phi' operation ('k') with incoming values : ('k', Group_5_Base_line/./include/k2c_helper_functions.h:42) [41]  (0 ns)
	'add' operation ('k', Group_5_Base_line/./include/k2c_helper_functions.h:42) [44]  (3 ns)

 <State 12>: 1.38ns
The critical path consists of the following:
	'mul' operation ('tmp_s', Group_5_Base_line/./include/k2c_helper_functions.h:44) [50]  (1.38 ns)

 <State 13>: 3.53ns
The critical path consists of the following:
	'mul' operation ('tmp_s', Group_5_Base_line/./include/k2c_helper_functions.h:44) [50]  (0 ns)
	'add' operation ('tmp', Group_5_Base_line/./include/k2c_helper_functions.h:44) [51]  (3.53 ns)

 <State 14>: 3ns
The critical path consists of the following:
	'phi' operation ('j') with incoming values : ('j', Group_5_Base_line/./include/k2c_helper_functions.h:43) [54]  (0 ns)
	'add' operation ('j', Group_5_Base_line/./include/k2c_helper_functions.h:43) [58]  (3 ns)

 <State 15>: 2.77ns
The critical path consists of the following:
	'load' operation ('B_load_4', Group_5_Base_line/./include/k2c_helper_functions.h:44) on array 'A' [61]  (2.77 ns)

 <State 16>: 2.77ns
The critical path consists of the following:
	'load' operation ('B_load_4', Group_5_Base_line/./include/k2c_helper_functions.h:44) on array 'A' [61]  (2.77 ns)

 <State 17>: 3.66ns
The critical path consists of the following:
	'fmul' operation ('tmp_18', Group_5_Base_line/./include/k2c_helper_functions.h:44) [66]  (3.66 ns)

 <State 18>: 3.66ns
The critical path consists of the following:
	'fmul' operation ('tmp_18', Group_5_Base_line/./include/k2c_helper_functions.h:44) [66]  (3.66 ns)

 <State 19>: 3.66ns
The critical path consists of the following:
	'fmul' operation ('tmp_18', Group_5_Base_line/./include/k2c_helper_functions.h:44) [66]  (3.66 ns)

 <State 20>: 3.66ns
The critical path consists of the following:
	'fmul' operation ('tmp_18', Group_5_Base_line/./include/k2c_helper_functions.h:44) [66]  (3.66 ns)

 <State 21>: 3.66ns
The critical path consists of the following:
	'fmul' operation ('tmp_18', Group_5_Base_line/./include/k2c_helper_functions.h:44) [66]  (3.66 ns)

 <State 22>: 3.51ns
The critical path consists of the following:
	'fadd' operation ('tmp_20', Group_5_Base_line/./include/k2c_helper_functions.h:44) [71]  (3.51 ns)

 <State 23>: 3.51ns
The critical path consists of the following:
	'fadd' operation ('tmp_20', Group_5_Base_line/./include/k2c_helper_functions.h:44) [71]  (3.51 ns)

 <State 24>: 3.51ns
The critical path consists of the following:
	'fadd' operation ('tmp_20', Group_5_Base_line/./include/k2c_helper_functions.h:44) [71]  (3.51 ns)

 <State 25>: 3.51ns
The critical path consists of the following:
	'fadd' operation ('tmp_20', Group_5_Base_line/./include/k2c_helper_functions.h:44) [71]  (3.51 ns)

 <State 26>: 3.51ns
The critical path consists of the following:
	'fadd' operation ('tmp_20', Group_5_Base_line/./include/k2c_helper_functions.h:44) [71]  (3.51 ns)

 <State 27>: 3.51ns
The critical path consists of the following:
	'fadd' operation ('tmp_20', Group_5_Base_line/./include/k2c_helper_functions.h:44) [71]  (3.51 ns)

 <State 28>: 3.51ns
The critical path consists of the following:
	'fadd' operation ('tmp_20', Group_5_Base_line/./include/k2c_helper_functions.h:44) [71]  (3.51 ns)

 <State 29>: 3.51ns
The critical path consists of the following:
	'fadd' operation ('tmp_20', Group_5_Base_line/./include/k2c_helper_functions.h:44) [71]  (3.51 ns)

 <State 30>: 3.51ns
The critical path consists of the following:
	'fadd' operation ('tmp_20', Group_5_Base_line/./include/k2c_helper_functions.h:44) [71]  (3.51 ns)

 <State 31>: 2.77ns
The critical path consists of the following:
	'store' operation (Group_5_Base_line/./include/k2c_helper_functions.h:44) of variable 'tmp_20', Group_5_Base_line/./include/k2c_helper_functions.h:44 on array 'C' [72]  (2.77 ns)


============================================================
+ Verbose Summary: Binding
============================================================
N/A
* FSMD analyzer results:
  - Output states:
 - Input state : 
  - Chain level:
	State 1
	State 2
	State 3
	State 4
	State 5
	State 6
	State 7
	State 8
	State 9
	State 10
	State 11
	State 12
	State 13
	State 14
	State 15
	State 16
	State 17
	State 18
	State 19
	State 20
	State 21
	State 22
	State 23
	State 24
	State 25
	State 26
	State 27
	State 28
	State 29
	State 30
	State 31


============================================================
+ Verbose Summary: Datapath Resource usage 
============================================================
N/A
