

================================================================
== Vivado HLS Report for 'k2c_sub2idx'
================================================================
* Date:           Tue Apr 23 19:22:41 2024

* Version:        2018.2 (Build 2258646 on Thu Jun 14 20:25:20 MDT 2018)
* Project:        Group_5_Base_line
* Solution:       Base_line
* Product family: artix7
* Target device:  xc7a200tfbg676-2


================================================================
== Performance Estimates
================================================================
+ Timing (ns): 
    * Summary: 
    +--------+-------+----------+------------+
    |  Clock | Target| Estimated| Uncertainty|
    +--------+-------+----------+------------+
    |ap_clk  |   5.00|     4.326|        0.62|
    +--------+-------+----------+------------+

+ Latency (clock cycles): 
    * Summary: 
    +-----+-----+-----+-----+---------+
    |  Latency  |  Interval | Pipeline|
    | min | max | min | max |   Type  |
    +-----+-----+-----+-----+---------+
    |    ?|    ?|    ?|    ?|   none  |
    +-----+-----+-----+-----+---------+

    + Detail: 
        * Instance: 
        N/A

        * Loop: 
        +-------------+-----+-----+----------+-----------+-----------+------+----------+
        |             |  Latency  | Iteration|  Initiation Interval  | Trip |          |
        |  Loop Name  | min | max |  Latency |  achieved |   target  | Count| Pipelined|
        +-------------+-----+-----+----------+-----------+-----------+------+----------+
        |- Loop 1     |    ?|    ?|         ?|          -|          -|     ?|    no    |
        | + Loop 1.1  |    ?|    ?|         9|          -|          -|     ?|    no    |
        +-------------+-----+-----+----------+-----------+-----------+------+----------+

============================================================
+ Verbose Summary: Synthesis Manager
============================================================
InlineROM: 1
ExposeGlobal: 0
============================================================
+ Verbose Summary: CDFG Model
============================================================
IsTopModel: 0
ResetActiveHigh: 1
IsCombinational: 0
IsDatapathOnly: 0
HasWiredReturn: 1
HasMFsm: 0
HasVarLatency: 1
IsPipeline: 0
IsRtlPipelined: 0
IsInstanceOverlapped: 0
IsDontTouch: 0
HasImplIP: 0
IsGatedGlobalClock: 0


============================================================
+ Verbose Summary: Schedule
============================================================
* Number of FSM states : 12
* Pipeline : 0
* Dataflow Pipeline: 0

* FSM state transitions: 
1 --> 
	2  / true
2 --> 
	3  / (!exitcond)
3 --> 
	4  / true
4 --> 
	5  / true
5 --> 
	6  / (tmp)
	2  / (!tmp)
6 --> 
	7  / true
7 --> 
	8  / true
8 --> 
	9  / true
9 --> 
	10  / true
10 --> 
	11  / true
11 --> 
	12  / true
12 --> 
	4  / true

* FSM state operations: 

State 1 <SV = 0> <Delay = 1.35>
ST_1 : Operation 13 [1/1] (0.00ns)   --->   "%ndim_read = call i64 @_ssdm_op_Read.ap_auto.i64(i64 %ndim)"   --->   Operation 13 'read' 'ndim_read' <Predicate = true> <Delay = 0.00>
ST_1 : Operation 14 [1/1] (0.00ns)   --->   "%tmp_1 = trunc i64 %ndim_read to i4" [Group_5_Base_line/./include/k2c_helper_functions.h:103]   --->   Operation 14 'trunc' 'tmp_1' <Predicate = true> <Delay = 0.00>
ST_1 : Operation 15 [1/1] (1.35ns)   --->   "br label %1" [Group_5_Base_line/./include/k2c_helper_functions.h:103]   --->   Operation 15 'br' <Predicate = true> <Delay = 1.35>

State 2 <SV = 1> <Delay = 1.75>
ST_2 : Operation 16 [1/1] (0.00ns)   --->   "%idx = phi i64 [ 0, %0 ], [ %idx_1, %5 ]"   --->   Operation 16 'phi' 'idx' <Predicate = true> <Delay = 0.00>
ST_2 : Operation 17 [1/1] (0.00ns)   --->   "%i = phi i3 [ 0, %0 ], [ %i_1, %5 ]"   --->   Operation 17 'phi' 'i' <Predicate = true> <Delay = 0.00>
ST_2 : Operation 18 [1/1] (0.00ns)   --->   "%i_cast1 = zext i3 %i to i64" [Group_5_Base_line/./include/k2c_helper_functions.h:103]   --->   Operation 18 'zext' 'i_cast1' <Predicate = true> <Delay = 0.00>
ST_2 : Operation 19 [1/1] (0.00ns)   --->   "%i_cast = zext i3 %i to i4" [Group_5_Base_line/./include/k2c_helper_functions.h:103]   --->   Operation 19 'zext' 'i_cast' <Predicate = true> <Delay = 0.00>
ST_2 : Operation 20 [1/1] (1.21ns)   --->   "%exitcond = icmp eq i4 %i_cast, %tmp_1" [Group_5_Base_line/./include/k2c_helper_functions.h:103]   --->   Operation 20 'icmp' 'exitcond' <Predicate = true> <Delay = 1.21> <Core = "Cmp">   --->   Core 25 'Cmp' <Latency = 0> <II = 1> <Delay = 2.34> <FuncUnit> <Opcode : 'icmp'> <InPorts = 2> <OutPorts = 1>
ST_2 : Operation 21 [1/1] (1.34ns)   --->   "%i_1 = add i3 %i, 1" [Group_5_Base_line/./include/k2c_helper_functions.h:103]   --->   Operation 21 'add' 'i_1' <Predicate = true> <Delay = 1.34> <Core = "AddSub">   --->   Core 14 'AddSub' <Latency = 0> <II = 1> <Delay = 2.99> <FuncUnit> <Opcode : 'add' 'sub'> <InPorts = 2> <OutPorts = 1>
ST_2 : Operation 22 [1/1] (0.00ns)   --->   "br i1 %exitcond, label %6, label %2" [Group_5_Base_line/./include/k2c_helper_functions.h:103]   --->   Operation 22 'br' <Predicate = true> <Delay = 0.00>
ST_2 : Operation 23 [1/1] (0.00ns)   --->   "%sub_addr = getelementptr [5 x i64]* %sub, i64 0, i64 %i_cast1" [Group_5_Base_line/./include/k2c_helper_functions.h:104]   --->   Operation 23 'getelementptr' 'sub_addr' <Predicate = (!exitcond)> <Delay = 0.00>
ST_2 : Operation 24 [2/2] (1.75ns)   --->   "%temp = load i64* %sub_addr, align 8" [Group_5_Base_line/./include/k2c_helper_functions.h:104]   --->   Operation 24 'load' 'temp' <Predicate = (!exitcond)> <Delay = 1.75> <Core = "RAM">   --->   Core 37 'RAM' <Latency = 1> <II = 1> <Delay = 1.75> <Storage> <Opcode : 'load' 'store'> <Ports = 2> <Width = 64> <Depth = 5> <RAM>
ST_2 : Operation 25 [1/1] (0.00ns)   --->   "ret i64 %idx" [Group_5_Base_line/./include/k2c_helper_functions.h:111]   --->   Operation 25 'ret' <Predicate = (exitcond)> <Delay = 0.00>

State 3 <SV = 2> <Delay = 1.75>
ST_3 : Operation 26 [1/2] (1.75ns)   --->   "%temp = load i64* %sub_addr, align 8" [Group_5_Base_line/./include/k2c_helper_functions.h:104]   --->   Operation 26 'load' 'temp' <Predicate = true> <Delay = 1.75> <Core = "RAM">   --->   Core 37 'RAM' <Latency = 1> <II = 1> <Delay = 1.75> <Storage> <Opcode : 'load' 'store'> <Ports = 2> <Width = 64> <Depth = 5> <RAM>
ST_3 : Operation 27 [1/1] (1.35ns)   --->   "br label %3" [Group_5_Base_line/./include/k2c_helper_functions.h:105]   --->   Operation 27 'br' <Predicate = true> <Delay = 1.35>

State 4 <SV = 3> <Delay = 2.99>
ST_4 : Operation 28 [1/1] (0.00ns)   --->   "%j_0_in = phi i64 [ %ndim_read, %2 ], [ %j, %4 ]"   --->   Operation 28 'phi' 'j_0_in' <Predicate = true> <Delay = 0.00>
ST_4 : Operation 29 [1/1] (2.99ns)   --->   "%j = add i64 %j_0_in, -1" [Group_5_Base_line/./include/k2c_helper_functions.h:105]   --->   Operation 29 'add' 'j' <Predicate = true> <Delay = 2.99> <Core = "AddSub">   --->   Core 14 'AddSub' <Latency = 0> <II = 1> <Delay = 2.99> <FuncUnit> <Opcode : 'add' 'sub'> <InPorts = 2> <OutPorts = 1>

State 5 <SV = 4> <Delay = 2.99>
ST_5 : Operation 30 [1/1] (0.00ns)   --->   "%temp1 = phi i64 [ %temp, %2 ], [ %temp_1, %4 ]"   --->   Operation 30 'phi' 'temp1' <Predicate = true> <Delay = 0.00>
ST_5 : Operation 31 [1/1] (2.34ns)   --->   "%tmp = icmp ugt i64 %j, %i_cast1" [Group_5_Base_line/./include/k2c_helper_functions.h:105]   --->   Operation 31 'icmp' 'tmp' <Predicate = true> <Delay = 2.34> <Core = "Cmp">   --->   Core 25 'Cmp' <Latency = 0> <II = 1> <Delay = 2.34> <FuncUnit> <Opcode : 'icmp'> <InPorts = 2> <OutPorts = 1>
ST_5 : Operation 32 [1/1] (0.00ns)   --->   "br i1 %tmp, label %4, label %5" [Group_5_Base_line/./include/k2c_helper_functions.h:105]   --->   Operation 32 'br' <Predicate = true> <Delay = 0.00>
ST_5 : Operation 33 [1/1] (0.00ns)   --->   "%shape_addr = getelementptr [5 x i64]* %shape, i64 0, i64 %j" [Group_5_Base_line/./include/k2c_helper_functions.h:107]   --->   Operation 33 'getelementptr' 'shape_addr' <Predicate = (tmp)> <Delay = 0.00>
ST_5 : Operation 34 [2/2] (1.75ns)   --->   "%shape_load = load i64* %shape_addr, align 8" [Group_5_Base_line/./include/k2c_helper_functions.h:107]   --->   Operation 34 'load' 'shape_load' <Predicate = (tmp)> <Delay = 1.75> <Core = "RAM">   --->   Core 37 'RAM' <Latency = 1> <II = 1> <Delay = 1.75> <Storage> <Opcode : 'load' 'store'> <Ports = 2> <Width = 64> <Depth = 5> <RAM>
ST_5 : Operation 35 [1/1] (2.99ns)   --->   "%idx_1 = add i64 %temp1, %idx" [Group_5_Base_line/./include/k2c_helper_functions.h:109]   --->   Operation 35 'add' 'idx_1' <Predicate = (!tmp)> <Delay = 2.99> <Core = "AddSub">   --->   Core 14 'AddSub' <Latency = 0> <II = 1> <Delay = 2.99> <FuncUnit> <Opcode : 'add' 'sub'> <InPorts = 2> <OutPorts = 1>
ST_5 : Operation 36 [1/1] (0.00ns)   --->   "br label %1" [Group_5_Base_line/./include/k2c_helper_functions.h:103]   --->   Operation 36 'br' <Predicate = (!tmp)> <Delay = 0.00>

State 6 <SV = 5> <Delay = 1.75>
ST_6 : Operation 37 [1/2] (1.75ns)   --->   "%shape_load = load i64* %shape_addr, align 8" [Group_5_Base_line/./include/k2c_helper_functions.h:107]   --->   Operation 37 'load' 'shape_load' <Predicate = true> <Delay = 1.75> <Core = "RAM">   --->   Core 37 'RAM' <Latency = 1> <II = 1> <Delay = 1.75> <Storage> <Opcode : 'load' 'store'> <Ports = 2> <Width = 64> <Depth = 5> <RAM>

State 7 <SV = 6> <Delay = 4.32>
ST_7 : Operation 38 [6/6] (4.32ns)   --->   "%temp_1 = mul i64 %shape_load, %temp1" [Group_5_Base_line/./include/k2c_helper_functions.h:107]   --->   Operation 38 'mul' 'temp_1' <Predicate = true> <Delay = 4.32> <Core = "MulnS">   --->   Core 17 'MulnS' <Latency = 5> <II = 1> <Delay = 4.32> <FuncUnit> <Opcode : 'mul'> <InPorts = 2> <OutPorts = 1>

State 8 <SV = 7> <Delay = 4.32>
ST_8 : Operation 39 [5/6] (4.32ns)   --->   "%temp_1 = mul i64 %shape_load, %temp1" [Group_5_Base_line/./include/k2c_helper_functions.h:107]   --->   Operation 39 'mul' 'temp_1' <Predicate = true> <Delay = 4.32> <Core = "MulnS">   --->   Core 17 'MulnS' <Latency = 5> <II = 1> <Delay = 4.32> <FuncUnit> <Opcode : 'mul'> <InPorts = 2> <OutPorts = 1>

State 9 <SV = 8> <Delay = 4.32>
ST_9 : Operation 40 [4/6] (4.32ns)   --->   "%temp_1 = mul i64 %shape_load, %temp1" [Group_5_Base_line/./include/k2c_helper_functions.h:107]   --->   Operation 40 'mul' 'temp_1' <Predicate = true> <Delay = 4.32> <Core = "MulnS">   --->   Core 17 'MulnS' <Latency = 5> <II = 1> <Delay = 4.32> <FuncUnit> <Opcode : 'mul'> <InPorts = 2> <OutPorts = 1>

State 10 <SV = 9> <Delay = 4.32>
ST_10 : Operation 41 [3/6] (4.32ns)   --->   "%temp_1 = mul i64 %shape_load, %temp1" [Group_5_Base_line/./include/k2c_helper_functions.h:107]   --->   Operation 41 'mul' 'temp_1' <Predicate = true> <Delay = 4.32> <Core = "MulnS">   --->   Core 17 'MulnS' <Latency = 5> <II = 1> <Delay = 4.32> <FuncUnit> <Opcode : 'mul'> <InPorts = 2> <OutPorts = 1>

State 11 <SV = 10> <Delay = 4.32>
ST_11 : Operation 42 [2/6] (4.32ns)   --->   "%temp_1 = mul i64 %shape_load, %temp1" [Group_5_Base_line/./include/k2c_helper_functions.h:107]   --->   Operation 42 'mul' 'temp_1' <Predicate = true> <Delay = 4.32> <Core = "MulnS">   --->   Core 17 'MulnS' <Latency = 5> <II = 1> <Delay = 4.32> <FuncUnit> <Opcode : 'mul'> <InPorts = 2> <OutPorts = 1>

State 12 <SV = 11> <Delay = 4.32>
ST_12 : Operation 43 [1/6] (4.32ns)   --->   "%temp_1 = mul i64 %shape_load, %temp1" [Group_5_Base_line/./include/k2c_helper_functions.h:107]   --->   Operation 43 'mul' 'temp_1' <Predicate = true> <Delay = 4.32> <Core = "MulnS">   --->   Core 17 'MulnS' <Latency = 5> <II = 1> <Delay = 4.32> <FuncUnit> <Opcode : 'mul'> <InPorts = 2> <OutPorts = 1>
ST_12 : Operation 44 [1/1] (0.00ns)   --->   "br label %3" [Group_5_Base_line/./include/k2c_helper_functions.h:105]   --->   Operation 44 'br' <Predicate = true> <Delay = 0.00>


============================================================
+ Verbose Summary: Timing violations
============================================================
Target clock period: 5ns, clock uncertainty: 0.625ns.

 <State 1>: 1.35ns
The critical path consists of the following:
	multiplexor before 'phi' operation ('idx') with incoming values : ('idx', Group_5_Base_line/./include/k2c_helper_functions.h:109) [8]  (1.35 ns)

 <State 2>: 1.75ns
The critical path consists of the following:
	'phi' operation ('i') with incoming values : ('i', Group_5_Base_line/./include/k2c_helper_functions.h:103) [9]  (0 ns)
	'getelementptr' operation ('sub_addr', Group_5_Base_line/./include/k2c_helper_functions.h:104) [16]  (0 ns)
	'load' operation ('temp', Group_5_Base_line/./include/k2c_helper_functions.h:104) on array 'sub' [17]  (1.75 ns)

 <State 3>: 1.75ns
The critical path consists of the following:
	'load' operation ('temp', Group_5_Base_line/./include/k2c_helper_functions.h:104) on array 'sub' [17]  (1.75 ns)

 <State 4>: 3ns
The critical path consists of the following:
	'phi' operation ('j') with incoming values : ('ndim') ('j', Group_5_Base_line/./include/k2c_helper_functions.h:105) [21]  (0 ns)
	'add' operation ('j', Group_5_Base_line/./include/k2c_helper_functions.h:105) [22]  (3 ns)

 <State 5>: 3ns
The critical path consists of the following:
	'phi' operation ('temp') with incoming values : ('temp', Group_5_Base_line/./include/k2c_helper_functions.h:104) ('temp', Group_5_Base_line/./include/k2c_helper_functions.h:107) [20]  (0 ns)
	'add' operation ('idx', Group_5_Base_line/./include/k2c_helper_functions.h:109) [31]  (3 ns)

 <State 6>: 1.75ns
The critical path consists of the following:
	'load' operation ('shape_load', Group_5_Base_line/./include/k2c_helper_functions.h:107) on array 'shape' [27]  (1.75 ns)

 <State 7>: 4.33ns
The critical path consists of the following:
	'mul' operation ('temp', Group_5_Base_line/./include/k2c_helper_functions.h:107) [28]  (4.33 ns)

 <State 8>: 4.33ns
The critical path consists of the following:
	'mul' operation ('temp', Group_5_Base_line/./include/k2c_helper_functions.h:107) [28]  (4.33 ns)

 <State 9>: 4.33ns
The critical path consists of the following:
	'mul' operation ('temp', Group_5_Base_line/./include/k2c_helper_functions.h:107) [28]  (4.33 ns)

 <State 10>: 4.33ns
The critical path consists of the following:
	'mul' operation ('temp', Group_5_Base_line/./include/k2c_helper_functions.h:107) [28]  (4.33 ns)

 <State 11>: 4.33ns
The critical path consists of the following:
	'mul' operation ('temp', Group_5_Base_line/./include/k2c_helper_functions.h:107) [28]  (4.33 ns)

 <State 12>: 4.33ns
The critical path consists of the following:
	'mul' operation ('temp', Group_5_Base_line/./include/k2c_helper_functions.h:107) [28]  (4.33 ns)


============================================================
+ Verbose Summary: Binding
============================================================
N/A
* FSMD analyzer results:
  - Output states:
 - Input state : 
  - Chain level:
	State 1
	State 2
	State 3
	State 4
	State 5
	State 6
	State 7
	State 8
	State 9
	State 10
	State 11
	State 12


============================================================
+ Verbose Summary: Datapath Resource usage 
============================================================
N/A
