

================================================================
== Vivado HLS Report for 'k2c_affine_matmul'
================================================================
* Date:           Tue Apr 23 18:55:58 2024

* Version:        2018.2 (Build 2258646 on Thu Jun 14 20:25:20 MDT 2018)
* Project:        Group_5
* Solution:       Latency_final
* Product family: artix7
* Target device:  xc7a200tfbg676-2


================================================================
== Performance Estimates
================================================================
+ Timing (ns): 
    * Summary: 
    +--------+-------+----------+------------+
    |  Clock | Target| Estimated| Uncertainty|
    +--------+-------+----------+------------+
    |ap_clk  |   5.00|     4.248|        0.62|
    +--------+-------+----------+------------+

+ Latency (clock cycles): 
    * Summary: 
    +-----+-----+-----+-----+---------+
    |  Latency  |  Interval | Pipeline|
    | min | max | min | max |   Type  |
    +-----+-----+-----+-----+---------+
    |    ?|    ?|    ?|    ?|   none  |
    +-----+-----+-----+-----+---------+

    + Detail: 
        * Instance: 
        N/A

        * Loop: 
        +----------+-----+-----+----------+-----------+-----------+------+----------+
        |          |  Latency  | Iteration|  Initiation Interval  | Trip |          |
        | Loop Name| min | max |  Latency |  achieved |   target  | Count| Pipelined|
        +----------+-----+-----+----------+-----------+-----------+------+----------+
        |- Loop 1  |    ?|    ?|        30|          1|          1|     ?|    yes   |
        +----------+-----+-----+----------+-----------+-----------+------+----------+

============================================================
+ Verbose Summary: Synthesis Manager
============================================================
InlineROM: 1
ExposeGlobal: 0
============================================================
+ Verbose Summary: CDFG Model
============================================================
IsTopModel: 0
ResetActiveHigh: 1
IsCombinational: 0
IsDatapathOnly: 0
HasWiredReturn: 1
HasMFsm: 0
HasVarLatency: 1
IsPipeline: 0
IsRtlPipelined: 0
IsInstanceOverlapped: 0
IsDontTouch: 0
HasImplIP: 0
IsGatedGlobalClock: 0

+ Individual pipeline summary: 
  * Pipeline-0: initiation interval (II) = 1, depth = 30


============================================================
+ Verbose Summary: Schedule
============================================================
* Number of FSM states : 37
* Pipeline : 1
  Pipeline-0 : II = 1, D = 30, States = { 7 8 9 10 11 12 13 14 15 16 17 18 19 20 21 22 23 24 25 26 27 28 29 30 31 32 33 34 35 36 }
* Dataflow Pipeline: 0

* FSM state transitions: 
1 --> 
	2  / true
2 --> 
	3  / true
3 --> 
	4  / true
4 --> 
	5  / true
5 --> 
	6  / true
6 --> 
	7  / true
7 --> 
	8  / true
8 --> 
	9  / true
9 --> 
	10  / true
10 --> 
	37  / (exitcond_flatten9)
	11  / (!exitcond_flatten9)
11 --> 
	12  / true
12 --> 
	13  / true
13 --> 
	14  / true
14 --> 
	15  / true
15 --> 
	16  / true
16 --> 
	17  / true
17 --> 
	18  / true
18 --> 
	19  / true
19 --> 
	20  / true
20 --> 
	21  / true
21 --> 
	22  / true
22 --> 
	23  / true
23 --> 
	24  / true
24 --> 
	25  / true
25 --> 
	26  / true
26 --> 
	27  / true
27 --> 
	28  / true
28 --> 
	29  / true
29 --> 
	30  / true
30 --> 
	31  / true
31 --> 
	32  / true
32 --> 
	33  / true
33 --> 
	34  / true
34 --> 
	35  / true
35 --> 
	36  / true
36 --> 
	7  / true
37 --> 

* FSM state operations: 

State 1 <SV = 0> <Delay = 4.24>
ST_1 : Operation 38 [1/1] (0.00ns)   --->   "%outrows_read = call i64 @_ssdm_op_Read.ap_auto.i64(i64 %outrows)"   --->   Operation 38 'read' 'outrows_read' <Predicate = true> <Delay = 0.00>
ST_1 : Operation 39 [1/1] (0.00ns)   --->   "%tmp = call i63 @_ssdm_op_PartSelect.i63.i64.i32.i32(i64 %outrows_read, i32 1, i32 63)"   --->   Operation 39 'partselect' 'tmp' <Predicate = true> <Delay = 0.00>
ST_1 : Operation 40 [1/1] (0.00ns)   --->   "%cast = zext i63 %tmp to i75"   --->   Operation 40 'zext' 'cast' <Predicate = true> <Delay = 0.00>
ST_1 : Operation 41 [6/6] (4.24ns)   --->   "%bound = mul i75 %cast, 2560"   --->   Operation 41 'mul' 'bound' <Predicate = true> <Delay = 4.24> <Core = "MulnS">   --->   Core 17 'MulnS' <Latency = 5> <II = 1> <Delay = 4.24> <FuncUnit> <Opcode : 'mul'> <InPorts = 2> <OutPorts = 1>

State 2 <SV = 1> <Delay = 4.24>
ST_2 : Operation 42 [5/6] (4.24ns)   --->   "%bound = mul i75 %cast, 2560"   --->   Operation 42 'mul' 'bound' <Predicate = true> <Delay = 4.24> <Core = "MulnS">   --->   Core 17 'MulnS' <Latency = 5> <II = 1> <Delay = 4.24> <FuncUnit> <Opcode : 'mul'> <InPorts = 2> <OutPorts = 1>

State 3 <SV = 2> <Delay = 4.24>
ST_3 : Operation 43 [4/6] (4.24ns)   --->   "%bound = mul i75 %cast, 2560"   --->   Operation 43 'mul' 'bound' <Predicate = true> <Delay = 4.24> <Core = "MulnS">   --->   Core 17 'MulnS' <Latency = 5> <II = 1> <Delay = 4.24> <FuncUnit> <Opcode : 'mul'> <InPorts = 2> <OutPorts = 1>

State 4 <SV = 3> <Delay = 4.24>
ST_4 : Operation 44 [3/6] (4.24ns)   --->   "%bound = mul i75 %cast, 2560"   --->   Operation 44 'mul' 'bound' <Predicate = true> <Delay = 4.24> <Core = "MulnS">   --->   Core 17 'MulnS' <Latency = 5> <II = 1> <Delay = 4.24> <FuncUnit> <Opcode : 'mul'> <InPorts = 2> <OutPorts = 1>

State 5 <SV = 4> <Delay = 4.24>
ST_5 : Operation 45 [2/6] (4.24ns)   --->   "%bound = mul i75 %cast, 2560"   --->   Operation 45 'mul' 'bound' <Predicate = true> <Delay = 4.24> <Core = "MulnS">   --->   Core 17 'MulnS' <Latency = 5> <II = 1> <Delay = 4.24> <FuncUnit> <Opcode : 'mul'> <InPorts = 2> <OutPorts = 1>

State 6 <SV = 5> <Delay = 4.24>
ST_6 : Operation 46 [1/6] (4.24ns)   --->   "%bound = mul i75 %cast, 2560"   --->   Operation 46 'mul' 'bound' <Predicate = true> <Delay = 4.24> <Core = "MulnS">   --->   Core 17 'MulnS' <Latency = 5> <II = 1> <Delay = 4.24> <FuncUnit> <Opcode : 'mul'> <InPorts = 2> <OutPorts = 1>
ST_6 : Operation 47 [1/1] (1.35ns)   --->   "br label %0" [Group_5/sample.c:1977]   --->   Operation 47 'br' <Predicate = true> <Delay = 1.35>

State 7 <SV = 6> <Delay = 3.26>
ST_7 : Operation 48 [1/1] (0.00ns)   --->   "%indvar_flatten7 = phi i75 [ 0, %.preheader6.preheader ], [ %indvar_flatten_next9, %1 ]"   --->   Operation 48 'phi' 'indvar_flatten7' <Predicate = true> <Delay = 0.00>
ST_7 : Operation 49 [1/1] (0.00ns)   --->   "%indvar_flatten8 = phi i13 [ 0, %.preheader6.preheader ], [ %indvar_flatten_next8, %1 ]"   --->   Operation 49 'phi' 'indvar_flatten8' <Predicate = true> <Delay = 0.00>
ST_7 : Operation 50 [1/1] (2.43ns)   --->   "%exitcond_flatten9 = icmp eq i75 %indvar_flatten7, %bound"   --->   Operation 50 'icmp' 'exitcond_flatten9' <Predicate = true> <Delay = 2.43> <Core = "Cmp">   --->   Core 25 'Cmp' <Latency = 0> <II = 1> <Delay = 0.79> <FuncUnit> <Opcode : 'icmp'> <InPorts = 2> <OutPorts = 1>
ST_7 : Operation 51 [1/1] (3.26ns)   --->   "%indvar_flatten_next9 = add i75 1, %indvar_flatten7"   --->   Operation 51 'add' 'indvar_flatten_next9' <Predicate = true> <Delay = 3.26> <Core = "AddSub">   --->   Core 14 'AddSub' <Latency = 0> <II = 1> <Delay = 1.79> <FuncUnit> <Opcode : 'add' 'sub'> <InPorts = 2> <OutPorts = 1>
ST_7 : Operation 52 [1/1] (1.70ns)   --->   "%exitcond_flatten = icmp eq i13 %indvar_flatten8, 2560"   --->   Operation 52 'icmp' 'exitcond_flatten' <Predicate = (!exitcond_flatten9)> <Delay = 1.70> <Core = "Cmp">   --->   Core 25 'Cmp' <Latency = 0> <II = 1> <Delay = 0.79> <FuncUnit> <Opcode : 'icmp'> <InPorts = 2> <OutPorts = 1>
ST_7 : Operation 53 [1/1] (1.79ns)   --->   "%indvar_flatten87_op = add i13 %indvar_flatten8, 1"   --->   Operation 53 'add' 'indvar_flatten87_op' <Predicate = (!exitcond_flatten9)> <Delay = 1.79> <Core = "AddSub">   --->   Core 14 'AddSub' <Latency = 0> <II = 1> <Delay = 1.79> <FuncUnit> <Opcode : 'add' 'sub'> <InPorts = 2> <OutPorts = 1>
ST_7 : Operation 54 [1/1] (0.60ns)   --->   "%indvar_flatten_next8 = select i1 %exitcond_flatten, i13 1, i13 %indvar_flatten87_op"   --->   Operation 54 'select' 'indvar_flatten_next8' <Predicate = (!exitcond_flatten9)> <Delay = 0.60> <Core = "Sel">   --->   Core 26 'Sel' <Latency = 0> <II = 1> <Delay = 0.60> <FuncUnit> <Opcode : 'select'> <InPorts = 3> <OutPorts = 1>

State 8 <SV = 7> <Delay = 3.64>
ST_8 : Operation 55 [1/1] (0.00ns)   --->   "%indvar_flatten9 = phi i7 [ 0, %.preheader6.preheader ], [ %indvar_flatten_next7, %1 ]" [Group_5/sample.c:1987]   --->   Operation 55 'phi' 'indvar_flatten9' <Predicate = true> <Delay = 0.00>
ST_8 : Operation 56 [1/1] (0.80ns)   --->   "%not_exitcond_flatten = xor i1 %exitcond_flatten, true" [Group_5/sample.c:1987]   --->   Operation 56 'xor' 'not_exitcond_flatten' <Predicate = (!exitcond_flatten9)> <Delay = 0.80> <Core = "LogicGate">   --->   Core 27 'LogicGate' <Latency = 0> <II = 1> <Delay = 0.80> <FuncUnit> <Opcode : 'and' 'or' 'xor'> <InPorts = 2> <OutPorts = 1>
ST_8 : Operation 57 [1/1] (1.23ns)   --->   "%exitcond_flatten6 = icmp eq i7 %indvar_flatten9, 40" [Group_5/sample.c:1987]   --->   Operation 57 'icmp' 'exitcond_flatten6' <Predicate = (!exitcond_flatten9)> <Delay = 1.23> <Core = "Cmp">   --->   Core 25 'Cmp' <Latency = 0> <II = 1> <Delay = 0.79> <FuncUnit> <Opcode : 'icmp'> <InPorts = 2> <OutPorts = 1>
ST_8 : Operation 58 [1/1] (0.80ns)   --->   "%exitcond_flatten47_m = and i1 %exitcond_flatten6, %not_exitcond_flatten" [Group_5/sample.c:1987]   --->   Operation 58 'and' 'exitcond_flatten47_m' <Predicate = (!exitcond_flatten9)> <Delay = 0.80> <Core = "LogicGate">   --->   Core 27 'LogicGate' <Latency = 0> <II = 1> <Delay = 0.80> <FuncUnit> <Opcode : 'and' 'or' 'xor'> <InPorts = 2> <OutPorts = 1>
ST_8 : Operation 59 [1/1] (0.80ns)   --->   "%tmp_47 = or i1 %exitcond_flatten47_m, %exitcond_flatten" [Group_5/sample.c:1987]   --->   Operation 59 'or' 'tmp_47' <Predicate = (!exitcond_flatten9)> <Delay = 0.80> <Core = "LogicGate">   --->   Core 27 'LogicGate' <Latency = 0> <II = 1> <Delay = 0.80> <FuncUnit> <Opcode : 'and' 'or' 'xor'> <InPorts = 2> <OutPorts = 1>
ST_8 : Operation 60 [1/1] (1.66ns)   --->   "%indvar_flatten45_op = add i7 %indvar_flatten9, 1" [Group_5/sample.c:1987]   --->   Operation 60 'add' 'indvar_flatten45_op' <Predicate = (!exitcond_flatten9)> <Delay = 1.66> <Core = "AddSub">   --->   Core 14 'AddSub' <Latency = 0> <II = 1> <Delay = 1.79> <FuncUnit> <Opcode : 'add' 'sub'> <InPorts = 2> <OutPorts = 1>
ST_8 : Operation 61 [1/1] (0.80ns)   --->   "%indvar_flatten_next7 = select i1 %tmp_47, i7 1, i7 %indvar_flatten45_op" [Group_5/sample.c:1987]   --->   Operation 61 'select' 'indvar_flatten_next7' <Predicate = (!exitcond_flatten9)> <Delay = 0.80> <Core = "Sel">   --->   Core 26 'Sel' <Latency = 0> <II = 1> <Delay = 0.60> <FuncUnit> <Opcode : 'select'> <InPorts = 3> <OutPorts = 1>

State 9 <SV = 8> <Delay = 3.61>
ST_9 : Operation 62 [1/1] (0.00ns)   --->   "%indvar_flatten = phi i4 [ 0, %.preheader6.preheader ], [ %indvar_flatten_next, %1 ]" [Group_5/sample.c:1987]   --->   Operation 62 'phi' 'indvar_flatten' <Predicate = true> <Delay = 0.00>
ST_9 : Operation 63 [1/1] (1.21ns)   --->   "%exitcond_flatten5 = icmp eq i4 %indvar_flatten, 4" [Group_5/sample.c:1987]   --->   Operation 63 'icmp' 'exitcond_flatten5' <Predicate = (!exitcond_flatten9)> <Delay = 1.21> <Core = "Cmp">   --->   Core 25 'Cmp' <Latency = 0> <II = 1> <Delay = 0.79> <FuncUnit> <Opcode : 'icmp'> <InPorts = 2> <OutPorts = 1>
ST_9 : Operation 64 [1/1] (0.00ns) (grouped into LUT with out node exitcond_flatten_mid_6)   --->   "%exitcond_flatten_mid = and i1 %exitcond_flatten5, %not_exitcond_flatten" [Group_5/sample.c:1987]   --->   Operation 64 'and' 'exitcond_flatten_mid' <Predicate = (!exitcond_flatten9)> <Delay = 0.00> <Core = "LogicGate">   --->   Core 27 'LogicGate' <Latency = 0> <II = 1> <Delay = 0.80> <FuncUnit> <Opcode : 'and' 'or' 'xor'> <InPorts = 2> <OutPorts = 1>
ST_9 : Operation 65 [1/1] (0.00ns) (grouped into LUT with out node not_exitcond_flatten_5)   --->   "%exitcond_flatten47_n = xor i1 %exitcond_flatten6, true" [Group_5/sample.c:1987]   --->   Operation 65 'xor' 'exitcond_flatten47_n' <Predicate = (!exitcond_flatten9)> <Delay = 0.00> <Core = "LogicGate">   --->   Core 27 'LogicGate' <Latency = 0> <II = 1> <Delay = 0.80> <FuncUnit> <Opcode : 'and' 'or' 'xor'> <InPorts = 2> <OutPorts = 1>
ST_9 : Operation 66 [1/1] (0.80ns) (out node of the LUT)   --->   "%not_exitcond_flatten_5 = or i1 %exitcond_flatten, %exitcond_flatten47_n" [Group_5/sample.c:1987]   --->   Operation 66 'or' 'not_exitcond_flatten_5' <Predicate = (!exitcond_flatten9)> <Delay = 0.80> <Core = "LogicGate">   --->   Core 27 'LogicGate' <Latency = 0> <II = 1> <Delay = 0.80> <FuncUnit> <Opcode : 'and' 'or' 'xor'> <InPorts = 2> <OutPorts = 1>
ST_9 : Operation 67 [1/1] (0.80ns) (out node of the LUT)   --->   "%exitcond_flatten_mid_6 = and i1 %exitcond_flatten_mid, %not_exitcond_flatten_5" [Group_5/sample.c:1987]   --->   Operation 67 'and' 'exitcond_flatten_mid_6' <Predicate = (!exitcond_flatten9)> <Delay = 0.80> <Core = "LogicGate">   --->   Core 27 'LogicGate' <Latency = 0> <II = 1> <Delay = 0.80> <FuncUnit> <Opcode : 'and' 'or' 'xor'> <InPorts = 2> <OutPorts = 1>
ST_9 : Operation 68 [1/1] (0.00ns) (grouped into LUT with out node tmp_107)   --->   "%tmp_48 = or i1 %exitcond_flatten_mid_6, %exitcond_flatten47_m" [Group_5/sample.c:1987]   --->   Operation 68 'or' 'tmp_48' <Predicate = (!exitcond_flatten9)> <Delay = 0.00> <Core = "LogicGate">   --->   Core 27 'LogicGate' <Latency = 0> <II = 1> <Delay = 0.80> <FuncUnit> <Opcode : 'and' 'or' 'xor'> <InPorts = 2> <OutPorts = 1>
ST_9 : Operation 69 [1/1] (0.80ns) (out node of the LUT)   --->   "%tmp_107 = or i1 %tmp_48, %exitcond_flatten" [Group_5/sample.c:1987]   --->   Operation 69 'or' 'tmp_107' <Predicate = (!exitcond_flatten9)> <Delay = 0.80> <Core = "LogicGate">   --->   Core 27 'LogicGate' <Latency = 0> <II = 1> <Delay = 0.80> <FuncUnit> <Opcode : 'and' 'or' 'xor'> <InPorts = 2> <OutPorts = 1>
ST_9 : Operation 70 [1/1] (1.49ns)   --->   "%indvar_flatten_op = add i4 %indvar_flatten, 1" [Group_5/sample.c:1987]   --->   Operation 70 'add' 'indvar_flatten_op' <Predicate = (!exitcond_flatten9)> <Delay = 1.49> <Core = "AddSub">   --->   Core 14 'AddSub' <Latency = 0> <II = 1> <Delay = 1.79> <FuncUnit> <Opcode : 'add' 'sub'> <InPorts = 2> <OutPorts = 1>
ST_9 : Operation 71 [1/1] (0.80ns)   --->   "%indvar_flatten_next = select i1 %tmp_107, i4 1, i4 %indvar_flatten_op" [Group_5/sample.c:1987]   --->   Operation 71 'select' 'indvar_flatten_next' <Predicate = (!exitcond_flatten9)> <Delay = 0.80> <Core = "Sel">   --->   Core 26 'Sel' <Latency = 0> <II = 1> <Delay = 0.60> <FuncUnit> <Opcode : 'select'> <InPorts = 3> <OutPorts = 1>

State 10 <SV = 9> <Delay = 3.60>
ST_10 : Operation 72 [1/1] (0.00ns)   --->   "%ii = phi i2 [ 0, %.preheader6.preheader ], [ %ii_mid2, %1 ]" [Group_5/sample.c:1987]   --->   Operation 72 'phi' 'ii' <Predicate = true> <Delay = 0.00>
ST_10 : Operation 73 [1/1] (0.00ns)   --->   "%jj = phi i2 [ 0, %.preheader6.preheader ], [ %jj_1, %1 ]"   --->   Operation 73 'phi' 'jj' <Predicate = true> <Delay = 0.00>
ST_10 : Operation 74 [1/1] (0.00ns)   --->   "%tmp_106 = trunc i2 %ii to i1" [Group_5/sample.c:1987]   --->   Operation 74 'trunc' 'tmp_106' <Predicate = true> <Delay = 0.00>
ST_10 : Operation 75 [1/1] (0.00ns)   --->   "%p_shl2 = call i3 @_ssdm_op_BitConcatenate.i3.i1.i2(i1 %tmp_106, i2 0)" [Group_5/sample.c:1986]   --->   Operation 75 'bitconcatenate' 'p_shl2' <Predicate = (!tmp_107)> <Delay = 0.00>
ST_10 : Operation 76 [1/1] (0.00ns)   --->   "%newIndex1 = call i5 @_ssdm_op_BitConcatenate.i5.i3.i1.i1(i3 0, i1 %tmp_106, i1 false)" [Group_5/sample.c:1987]   --->   Operation 76 'bitconcatenate' 'newIndex1' <Predicate = (!tmp_107)> <Delay = 0.00>
ST_10 : Operation 77 [1/1] (0.00ns)   --->   "%newIndex = call i8 @_ssdm_op_BitConcatenate.i8.i3.i1.i4(i3 0, i1 %tmp_106, i4 0)" [Group_5/sample.c:1987]   --->   Operation 77 'bitconcatenate' 'newIndex' <Predicate = (!tmp_107)> <Delay = 0.00>
ST_10 : Operation 78 [1/1] (0.00ns)   --->   "br i1 %exitcond_flatten9, label %.loopexit, label %.preheader6"   --->   Operation 78 'br' <Predicate = true> <Delay = 0.00>
ST_10 : Operation 79 [1/1] (0.79ns)   --->   "%tmp_56 = icmp eq i2 %jj, -2" [Group_5/sample.c:1987]   --->   Operation 79 'icmp' 'tmp_56' <Predicate = (!exitcond_flatten9)> <Delay = 0.79> <Core = "Cmp">   --->   Core 25 'Cmp' <Latency = 0> <II = 1> <Delay = 0.79> <FuncUnit> <Opcode : 'icmp'> <InPorts = 2> <OutPorts = 1>
ST_10 : Operation 80 [1/1] (0.00ns) (grouped into LUT with out node tmp_41_mid2)   --->   "%tmp_41_mid = and i1 %tmp_56, %not_exitcond_flatten" [Group_5/sample.c:1987]   --->   Operation 80 'and' 'tmp_41_mid' <Predicate = (!exitcond_flatten9)> <Delay = 0.00> <Core = "LogicGate">   --->   Core 27 'LogicGate' <Latency = 0> <II = 1> <Delay = 0.80> <FuncUnit> <Opcode : 'and' 'or' 'xor'> <InPorts = 2> <OutPorts = 1>
ST_10 : Operation 81 [1/1] (0.00ns) (grouped into LUT with out node tmp_41_mid2)   --->   "%tmp_41_mid1 = and i1 %tmp_41_mid, %not_exitcond_flatten_5" [Group_5/sample.c:1987]   --->   Operation 81 'and' 'tmp_41_mid1' <Predicate = (!exitcond_flatten9)> <Delay = 0.00> <Core = "LogicGate">   --->   Core 27 'LogicGate' <Latency = 0> <II = 1> <Delay = 0.80> <FuncUnit> <Opcode : 'and' 'or' 'xor'> <InPorts = 2> <OutPorts = 1>
ST_10 : Operation 82 [1/1] (0.81ns)   --->   "%ii_mid4 = select i1 %tmp_107, i2 0, i2 %ii" [Group_5/sample.c:1987]   --->   Operation 82 'select' 'ii_mid4' <Predicate = (!exitcond_flatten9)> <Delay = 0.81> <Core = "Sel">   --->   Core 26 'Sel' <Latency = 0> <II = 1> <Delay = 0.60> <FuncUnit> <Opcode : 'select'> <InPorts = 3> <OutPorts = 1>
ST_10 : Operation 83 [1/1] (0.00ns) (grouped into LUT with out node arrayNo_mid2)   --->   "%arrayNo_mid3 = select i1 %tmp_107, i3 0, i3 %p_shl2" [Group_5/sample.c:1987]   --->   Operation 83 'select' 'arrayNo_mid3' <Predicate = (!exitcond_flatten9)> <Delay = 0.00> <Core = "Sel">   --->   Core 26 'Sel' <Latency = 0> <II = 1> <Delay = 0.60> <FuncUnit> <Opcode : 'select'> <InPorts = 3> <OutPorts = 1>
ST_10 : Operation 84 [1/1] (0.00ns) (grouped into LUT with out node newIndex11_cast_mid2)   --->   "%newIndex11_cast_mid3 = select i1 %tmp_107, i5 0, i5 %newIndex1" [Group_5/sample.c:1987]   --->   Operation 84 'select' 'newIndex11_cast_mid3' <Predicate = (!exitcond_flatten9)> <Delay = 0.00> <Core = "Sel">   --->   Core 26 'Sel' <Latency = 0> <II = 1> <Delay = 0.60> <FuncUnit> <Opcode : 'select'> <InPorts = 3> <OutPorts = 1>
ST_10 : Operation 85 [1/1] (0.00ns) (grouped into LUT with out node newIndex_cast_mid2)   --->   "%newIndex_cast_mid5 = select i1 %tmp_107, i8 0, i8 %newIndex" [Group_5/sample.c:1987]   --->   Operation 85 'select' 'newIndex_cast_mid5' <Predicate = (!exitcond_flatten9)> <Delay = 0.00> <Core = "Sel">   --->   Core 26 'Sel' <Latency = 0> <II = 1> <Delay = 0.60> <FuncUnit> <Opcode : 'select'> <InPorts = 3> <OutPorts = 1>
ST_10 : Operation 86 [1/1] (0.00ns) (grouped into LUT with out node tmp_41_mid2)   --->   "%not_exitcond_flatten_6 = xor i1 %exitcond_flatten_mid_6, true" [Group_5/sample.c:1987]   --->   Operation 86 'xor' 'not_exitcond_flatten_6' <Predicate = (!exitcond_flatten9)> <Delay = 0.00> <Core = "LogicGate">   --->   Core 27 'LogicGate' <Latency = 0> <II = 1> <Delay = 0.80> <FuncUnit> <Opcode : 'and' 'or' 'xor'> <InPorts = 2> <OutPorts = 1>
ST_10 : Operation 87 [1/1] (0.80ns) (out node of the LUT)   --->   "%tmp_41_mid2 = and i1 %tmp_41_mid1, %not_exitcond_flatten_6" [Group_5/sample.c:1987]   --->   Operation 87 'and' 'tmp_41_mid2' <Predicate = (!exitcond_flatten9)> <Delay = 0.80> <Core = "LogicGate">   --->   Core 27 'LogicGate' <Latency = 0> <II = 1> <Delay = 0.80> <FuncUnit> <Opcode : 'and' 'or' 'xor'> <InPorts = 2> <OutPorts = 1>
ST_10 : Operation 88 [1/1] (1.20ns)   --->   "%ii_1 = add i2 1, %ii_mid4" [Group_5/sample.c:1983]   --->   Operation 88 'add' 'ii_1' <Predicate = (!exitcond_flatten9)> <Delay = 1.20> <Core = "AddSub">   --->   Core 14 'AddSub' <Latency = 0> <II = 1> <Delay = 1.79> <FuncUnit> <Opcode : 'add' 'sub'> <InPorts = 2> <OutPorts = 1>
ST_10 : Operation 89 [1/1] (0.00ns) (grouped into LUT with out node jj_mid2)   --->   "%tmp_52 = or i1 %tmp_41_mid2, %exitcond_flatten_mid_6" [Group_5/sample.c:1987]   --->   Operation 89 'or' 'tmp_52' <Predicate = (!exitcond_flatten9)> <Delay = 0.00> <Core = "LogicGate">   --->   Core 27 'LogicGate' <Latency = 0> <II = 1> <Delay = 0.80> <FuncUnit> <Opcode : 'and' 'or' 'xor'> <InPorts = 2> <OutPorts = 1>
ST_10 : Operation 90 [1/1] (0.00ns) (grouped into LUT with out node jj_mid2)   --->   "%tmp_108 = or i1 %tmp_52, %tmp_47" [Group_5/sample.c:1987]   --->   Operation 90 'or' 'tmp_108' <Predicate = (!exitcond_flatten9)> <Delay = 0.00> <Core = "LogicGate">   --->   Core 27 'LogicGate' <Latency = 0> <II = 1> <Delay = 0.80> <FuncUnit> <Opcode : 'and' 'or' 'xor'> <InPorts = 2> <OutPorts = 1>
ST_10 : Operation 91 [1/1] (0.81ns) (out node of the LUT)   --->   "%jj_mid2 = select i1 %tmp_108, i2 0, i2 %jj" [Group_5/sample.c:1987]   --->   Operation 91 'select' 'jj_mid2' <Predicate = (!exitcond_flatten9)> <Delay = 0.81> <Core = "Sel">   --->   Core 26 'Sel' <Latency = 0> <II = 1> <Delay = 0.60> <FuncUnit> <Opcode : 'select'> <InPorts = 3> <OutPorts = 1>
ST_10 : Operation 92 [1/1] (0.00ns)   --->   "%tmp_109 = trunc i2 %ii_1 to i1" [Group_5/sample.c:1983]   --->   Operation 92 'trunc' 'tmp_109' <Predicate = (!exitcond_flatten9)> <Delay = 0.00>
ST_10 : Operation 93 [1/1] (0.00ns) (grouped into LUT with out node arrayNo_mid2)   --->   "%p_shl2_mid1 = call i3 @_ssdm_op_BitConcatenate.i3.i1.i2(i1 %tmp_109, i2 0)" [Group_5/sample.c:1986]   --->   Operation 93 'bitconcatenate' 'p_shl2_mid1' <Predicate = (!exitcond_flatten9)> <Delay = 0.00>
ST_10 : Operation 94 [1/1] (0.79ns) (out node of the LUT)   --->   "%arrayNo_mid2 = select i1 %tmp_41_mid2, i3 %p_shl2_mid1, i3 %arrayNo_mid3" [Group_5/sample.c:1987]   --->   Operation 94 'select' 'arrayNo_mid2' <Predicate = (!exitcond_flatten9)> <Delay = 0.79> <Core = "Sel">   --->   Core 26 'Sel' <Latency = 0> <II = 1> <Delay = 0.60> <FuncUnit> <Opcode : 'select'> <InPorts = 3> <OutPorts = 1>
ST_10 : Operation 95 [1/1] (0.00ns) (grouped into LUT with out node newIndex11_cast_mid2)   --->   "%newIndex1_mid1 = call i5 @_ssdm_op_BitConcatenate.i5.i3.i1.i1(i3 0, i1 %tmp_109, i1 false)" [Group_5/sample.c:1983]   --->   Operation 95 'bitconcatenate' 'newIndex1_mid1' <Predicate = (!exitcond_flatten9)> <Delay = 0.00>
ST_10 : Operation 96 [1/1] (0.98ns) (out node of the LUT)   --->   "%newIndex11_cast_mid2 = select i1 %tmp_41_mid2, i5 %newIndex1_mid1, i5 %newIndex11_cast_mid3" [Group_5/sample.c:1987]   --->   Operation 96 'select' 'newIndex11_cast_mid2' <Predicate = (!exitcond_flatten9)> <Delay = 0.98> <Core = "Sel">   --->   Core 26 'Sel' <Latency = 0> <II = 1> <Delay = 0.60> <FuncUnit> <Opcode : 'select'> <InPorts = 3> <OutPorts = 1>
ST_10 : Operation 97 [1/1] (0.00ns) (grouped into LUT with out node newIndex_cast_mid2)   --->   "%newIndex_mid1 = call i8 @_ssdm_op_BitConcatenate.i8.i3.i1.i4(i3 0, i1 %tmp_109, i4 0)" [Group_5/sample.c:1983]   --->   Operation 97 'bitconcatenate' 'newIndex_mid1' <Predicate = (!exitcond_flatten9)> <Delay = 0.00>
ST_10 : Operation 98 [1/1] (1.07ns) (out node of the LUT)   --->   "%newIndex_cast_mid2 = select i1 %tmp_41_mid2, i8 %newIndex_mid1, i8 %newIndex_cast_mid5" [Group_5/sample.c:1987]   --->   Operation 98 'select' 'newIndex_cast_mid2' <Predicate = (!exitcond_flatten9)> <Delay = 1.07> <Core = "Sel">   --->   Core 26 'Sel' <Latency = 0> <II = 1> <Delay = 0.60> <FuncUnit> <Opcode : 'select'> <InPorts = 3> <OutPorts = 1>
ST_10 : Operation 99 [1/1] (0.81ns)   --->   "%ii_mid2 = select i1 %tmp_41_mid2, i2 %ii_1, i2 %ii_mid4" [Group_5/sample.c:1987]   --->   Operation 99 'select' 'ii_mid2' <Predicate = (!exitcond_flatten9)> <Delay = 0.81> <Core = "Sel">   --->   Core 26 'Sel' <Latency = 0> <II = 1> <Delay = 0.60> <FuncUnit> <Opcode : 'select'> <InPorts = 3> <OutPorts = 1>
ST_10 : Operation 100 [1/1] (1.20ns)   --->   "%jj_1 = add i2 %jj_mid2, 1" [Group_5/sample.c:1987]   --->   Operation 100 'add' 'jj_1' <Predicate = (!exitcond_flatten9)> <Delay = 1.20> <Core = "AddSub">   --->   Core 14 'AddSub' <Latency = 0> <II = 1> <Delay = 1.79> <FuncUnit> <Opcode : 'add' 'sub'> <InPorts = 2> <OutPorts = 1>

State 11 <SV = 10> <Delay = 1.75>
ST_11 : Operation 101 [1/1] (0.00ns)   --->   "%newIndex11_cast_mid2_1 = zext i5 %newIndex11_cast_mid2 to i64" [Group_5/sample.c:1987]   --->   Operation 101 'zext' 'newIndex11_cast_mid2_1' <Predicate = (!exitcond_flatten9)> <Delay = 0.00>
ST_11 : Operation 102 [1/1] (0.00ns)   --->   "%A_0_addr = getelementptr [16 x float]* %A_0, i64 0, i64 %newIndex11_cast_mid2_1" [Group_5/sample.c:1987]   --->   Operation 102 'getelementptr' 'A_0_addr' <Predicate = (!exitcond_flatten9)> <Delay = 0.00>
ST_11 : Operation 103 [2/2] (1.75ns)   --->   "%A_0_load = load float* %A_0_addr, align 4" [Group_5/sample.c:1987]   --->   Operation 103 'load' 'A_0_load' <Predicate = (!exitcond_flatten9)> <Delay = 1.75> <Core = "RAM">   --->   Core 37 'RAM' <Latency = 1> <II = 1> <Delay = 1.75> <Storage> <Opcode : 'load' 'store'> <Ports = 2> <Width = 32> <Depth = 16> <RAM>
ST_11 : Operation 104 [1/1] (0.00ns)   --->   "%A_1_addr = getelementptr [16 x float]* %A_1, i64 0, i64 %newIndex11_cast_mid2_1" [Group_5/sample.c:1987]   --->   Operation 104 'getelementptr' 'A_1_addr' <Predicate = (!exitcond_flatten9)> <Delay = 0.00>
ST_11 : Operation 105 [2/2] (1.75ns)   --->   "%A_1_load = load float* %A_1_addr, align 4" [Group_5/sample.c:1987]   --->   Operation 105 'load' 'A_1_load' <Predicate = (!exitcond_flatten9)> <Delay = 1.75> <Core = "RAM">   --->   Core 37 'RAM' <Latency = 1> <II = 1> <Delay = 1.75> <Storage> <Opcode : 'load' 'store'> <Ports = 2> <Width = 32> <Depth = 16> <RAM>
ST_11 : Operation 106 [1/1] (0.00ns)   --->   "%A_2_addr = getelementptr [16 x float]* %A_2, i64 0, i64 %newIndex11_cast_mid2_1" [Group_5/sample.c:1987]   --->   Operation 106 'getelementptr' 'A_2_addr' <Predicate = (!exitcond_flatten9)> <Delay = 0.00>
ST_11 : Operation 107 [2/2] (1.75ns)   --->   "%A_2_load = load float* %A_2_addr, align 4" [Group_5/sample.c:1987]   --->   Operation 107 'load' 'A_2_load' <Predicate = (!exitcond_flatten9)> <Delay = 1.75> <Core = "RAM">   --->   Core 37 'RAM' <Latency = 1> <II = 1> <Delay = 1.75> <Storage> <Opcode : 'load' 'store'> <Ports = 2> <Width = 32> <Depth = 16> <RAM>
ST_11 : Operation 108 [1/1] (0.00ns)   --->   "%A_3_addr = getelementptr [16 x float]* %A_3, i64 0, i64 %newIndex11_cast_mid2_1" [Group_5/sample.c:1987]   --->   Operation 108 'getelementptr' 'A_3_addr' <Predicate = (!exitcond_flatten9)> <Delay = 0.00>
ST_11 : Operation 109 [2/2] (1.75ns)   --->   "%A_3_load = load float* %A_3_addr, align 4" [Group_5/sample.c:1987]   --->   Operation 109 'load' 'A_3_load' <Predicate = (!exitcond_flatten9)> <Delay = 1.75> <Core = "RAM">   --->   Core 37 'RAM' <Latency = 1> <II = 1> <Delay = 1.75> <Storage> <Opcode : 'load' 'store'> <Ports = 2> <Width = 32> <Depth = 16> <RAM>
ST_11 : Operation 110 [1/1] (0.00ns)   --->   "%A_4_addr = getelementptr [16 x float]* %A_4, i64 0, i64 %newIndex11_cast_mid2_1" [Group_5/sample.c:1987]   --->   Operation 110 'getelementptr' 'A_4_addr' <Predicate = (!exitcond_flatten9)> <Delay = 0.00>
ST_11 : Operation 111 [2/2] (1.75ns)   --->   "%A_4_load = load float* %A_4_addr, align 4" [Group_5/sample.c:1987]   --->   Operation 111 'load' 'A_4_load' <Predicate = (!exitcond_flatten9)> <Delay = 1.75> <Core = "RAM">   --->   Core 37 'RAM' <Latency = 1> <II = 1> <Delay = 1.75> <Storage> <Opcode : 'load' 'store'> <Ports = 2> <Width = 32> <Depth = 16> <RAM>
ST_11 : Operation 112 [1/1] (0.00ns)   --->   "%A_5_addr = getelementptr [16 x float]* %A_5, i64 0, i64 %newIndex11_cast_mid2_1" [Group_5/sample.c:1987]   --->   Operation 112 'getelementptr' 'A_5_addr' <Predicate = (!exitcond_flatten9)> <Delay = 0.00>
ST_11 : Operation 113 [2/2] (1.75ns)   --->   "%A_5_load = load float* %A_5_addr, align 4" [Group_5/sample.c:1987]   --->   Operation 113 'load' 'A_5_load' <Predicate = (!exitcond_flatten9)> <Delay = 1.75> <Core = "RAM">   --->   Core 37 'RAM' <Latency = 1> <II = 1> <Delay = 1.75> <Storage> <Opcode : 'load' 'store'> <Ports = 2> <Width = 32> <Depth = 16> <RAM>
ST_11 : Operation 114 [1/1] (0.00ns)   --->   "%A_6_addr = getelementptr [16 x float]* %A_6, i64 0, i64 %newIndex11_cast_mid2_1" [Group_5/sample.c:1987]   --->   Operation 114 'getelementptr' 'A_6_addr' <Predicate = (!exitcond_flatten9)> <Delay = 0.00>
ST_11 : Operation 115 [2/2] (1.75ns)   --->   "%A_6_load = load float* %A_6_addr, align 4" [Group_5/sample.c:1987]   --->   Operation 115 'load' 'A_6_load' <Predicate = (!exitcond_flatten9)> <Delay = 1.75> <Core = "RAM">   --->   Core 37 'RAM' <Latency = 1> <II = 1> <Delay = 1.75> <Storage> <Opcode : 'load' 'store'> <Ports = 2> <Width = 32> <Depth = 16> <RAM>
ST_11 : Operation 116 [1/1] (0.00ns)   --->   "%A_7_addr = getelementptr [16 x float]* %A_7, i64 0, i64 %newIndex11_cast_mid2_1" [Group_5/sample.c:1987]   --->   Operation 116 'getelementptr' 'A_7_addr' <Predicate = (!exitcond_flatten9)> <Delay = 0.00>
ST_11 : Operation 117 [2/2] (1.75ns)   --->   "%A_7_load = load float* %A_7_addr, align 4" [Group_5/sample.c:1987]   --->   Operation 117 'load' 'A_7_load' <Predicate = (!exitcond_flatten9)> <Delay = 1.75> <Core = "RAM">   --->   Core 37 'RAM' <Latency = 1> <II = 1> <Delay = 1.75> <Storage> <Opcode : 'load' 'store'> <Ports = 2> <Width = 32> <Depth = 16> <RAM>

State 12 <SV = 11> <Delay = 3.58>
ST_12 : Operation 118 [1/1] (0.00ns)   --->   "%arrayNo_mid2_cast = zext i3 %arrayNo_mid2 to i64" [Group_5/sample.c:1987]   --->   Operation 118 'zext' 'arrayNo_mid2_cast' <Predicate = (!exitcond_flatten9)> <Delay = 0.00>
ST_12 : Operation 119 [1/2] (1.75ns)   --->   "%A_0_load = load float* %A_0_addr, align 4" [Group_5/sample.c:1987]   --->   Operation 119 'load' 'A_0_load' <Predicate = (!exitcond_flatten9)> <Delay = 1.75> <Core = "RAM">   --->   Core 37 'RAM' <Latency = 1> <II = 1> <Delay = 1.75> <Storage> <Opcode : 'load' 'store'> <Ports = 2> <Width = 32> <Depth = 16> <RAM>
ST_12 : Operation 120 [1/2] (1.75ns)   --->   "%A_1_load = load float* %A_1_addr, align 4" [Group_5/sample.c:1987]   --->   Operation 120 'load' 'A_1_load' <Predicate = (!exitcond_flatten9)> <Delay = 1.75> <Core = "RAM">   --->   Core 37 'RAM' <Latency = 1> <II = 1> <Delay = 1.75> <Storage> <Opcode : 'load' 'store'> <Ports = 2> <Width = 32> <Depth = 16> <RAM>
ST_12 : Operation 121 [1/2] (1.75ns)   --->   "%A_2_load = load float* %A_2_addr, align 4" [Group_5/sample.c:1987]   --->   Operation 121 'load' 'A_2_load' <Predicate = (!exitcond_flatten9)> <Delay = 1.75> <Core = "RAM">   --->   Core 37 'RAM' <Latency = 1> <II = 1> <Delay = 1.75> <Storage> <Opcode : 'load' 'store'> <Ports = 2> <Width = 32> <Depth = 16> <RAM>
ST_12 : Operation 122 [1/2] (1.75ns)   --->   "%A_3_load = load float* %A_3_addr, align 4" [Group_5/sample.c:1987]   --->   Operation 122 'load' 'A_3_load' <Predicate = (!exitcond_flatten9)> <Delay = 1.75> <Core = "RAM">   --->   Core 37 'RAM' <Latency = 1> <II = 1> <Delay = 1.75> <Storage> <Opcode : 'load' 'store'> <Ports = 2> <Width = 32> <Depth = 16> <RAM>
ST_12 : Operation 123 [1/2] (1.75ns)   --->   "%A_4_load = load float* %A_4_addr, align 4" [Group_5/sample.c:1987]   --->   Operation 123 'load' 'A_4_load' <Predicate = (!exitcond_flatten9)> <Delay = 1.75> <Core = "RAM">   --->   Core 37 'RAM' <Latency = 1> <II = 1> <Delay = 1.75> <Storage> <Opcode : 'load' 'store'> <Ports = 2> <Width = 32> <Depth = 16> <RAM>
ST_12 : Operation 124 [1/2] (1.75ns)   --->   "%A_5_load = load float* %A_5_addr, align 4" [Group_5/sample.c:1987]   --->   Operation 124 'load' 'A_5_load' <Predicate = (!exitcond_flatten9)> <Delay = 1.75> <Core = "RAM">   --->   Core 37 'RAM' <Latency = 1> <II = 1> <Delay = 1.75> <Storage> <Opcode : 'load' 'store'> <Ports = 2> <Width = 32> <Depth = 16> <RAM>
ST_12 : Operation 125 [1/2] (1.75ns)   --->   "%A_6_load = load float* %A_6_addr, align 4" [Group_5/sample.c:1987]   --->   Operation 125 'load' 'A_6_load' <Predicate = (!exitcond_flatten9)> <Delay = 1.75> <Core = "RAM">   --->   Core 37 'RAM' <Latency = 1> <II = 1> <Delay = 1.75> <Storage> <Opcode : 'load' 'store'> <Ports = 2> <Width = 32> <Depth = 16> <RAM>
ST_12 : Operation 126 [1/2] (1.75ns)   --->   "%A_7_load = load float* %A_7_addr, align 4" [Group_5/sample.c:1987]   --->   Operation 126 'load' 'A_7_load' <Predicate = (!exitcond_flatten9)> <Delay = 1.75> <Core = "RAM">   --->   Core 37 'RAM' <Latency = 1> <II = 1> <Delay = 1.75> <Storage> <Opcode : 'load' 'store'> <Ports = 2> <Width = 32> <Depth = 16> <RAM>
ST_12 : Operation 127 [1/1] (1.83ns)   --->   "%tmp_s = call float @_ssdm_op_Mux.ap_auto.8float.i64(float %A_0_load, float %A_1_load, float %A_2_load, float %A_3_load, float %A_4_load, float %A_5_load, float %A_6_load, float %A_7_load, i64 %arrayNo_mid2_cast)" [Group_5/sample.c:1987]   --->   Operation 127 'mux' 'tmp_s' <Predicate = (!exitcond_flatten9)> <Delay = 1.83> <Core = "MuxnS">   --->   Core 31 'MuxnS' <Latency = 0> <II = 1> <Delay = 1.83> <FuncUnit> <Opcode : 'mux'> <InPorts = 2> <OutPorts = 1>
ST_12 : Operation 128 [1/1] (0.79ns)   --->   "%sel_tmp_i = icmp eq i2 %jj_mid2, 0" [Group_5/sample.c:1987]   --->   Operation 128 'icmp' 'sel_tmp_i' <Predicate = (!exitcond_flatten9)> <Delay = 0.79> <Core = "Cmp">   --->   Core 25 'Cmp' <Latency = 0> <II = 1> <Delay = 0.79> <FuncUnit> <Opcode : 'icmp'> <InPorts = 2> <OutPorts = 1>
ST_12 : Operation 129 [1/1] (0.79ns)   --->   "%sel_tmp2_i = icmp eq i2 %jj_mid2, 1" [Group_5/sample.c:1987]   --->   Operation 129 'icmp' 'sel_tmp2_i' <Predicate = (!exitcond_flatten9)> <Delay = 0.79> <Core = "Cmp">   --->   Core 25 'Cmp' <Latency = 0> <II = 1> <Delay = 0.79> <FuncUnit> <Opcode : 'icmp'> <InPorts = 2> <OutPorts = 1>
ST_12 : Operation 130 [1/1] (0.00ns) (grouped into LUT with out node sel_tmp5_i)   --->   "%sel_tmp1_i = select i1 %sel_tmp2_i, float 0xBFC3145D20000000, float 0xBFCADA8520000000" [Group_5/sample.c:1987]   --->   Operation 130 'select' 'sel_tmp1_i' <Predicate = (!exitcond_flatten9)> <Delay = 0.00> <Core = "Sel">   --->   Core 26 'Sel' <Latency = 0> <II = 1> <Delay = 0.60> <FuncUnit> <Opcode : 'select'> <InPorts = 3> <OutPorts = 1>
ST_12 : Operation 131 [1/1] (0.80ns)   --->   "%tmp_57 = or i1 %sel_tmp2_i, %sel_tmp_i" [Group_5/sample.c:1987]   --->   Operation 131 'or' 'tmp_57' <Predicate = (!exitcond_flatten9)> <Delay = 0.80> <Core = "LogicGate">   --->   Core 27 'LogicGate' <Latency = 0> <II = 1> <Delay = 0.80> <FuncUnit> <Opcode : 'and' 'or' 'xor'> <InPorts = 2> <OutPorts = 1>
ST_12 : Operation 132 [1/1] (0.77ns) (out node of the LUT)   --->   "%sel_tmp5_i = select i1 %tmp_57, float %sel_tmp1_i, float 0x3FC16616E0000000" [Group_5/sample.c:1987]   --->   Operation 132 'select' 'sel_tmp5_i' <Predicate = (!exitcond_flatten9)> <Delay = 0.77> <Core = "Sel">   --->   Core 26 'Sel' <Latency = 0> <II = 1> <Delay = 0.60> <FuncUnit> <Opcode : 'select'> <InPorts = 3> <OutPorts = 1>
ST_12 : Operation 133 [1/1] (1.83ns)   --->   "%tmp_58 = call float @_ssdm_op_Mux.ap_auto.8float.i64(float %A_1_load, float %A_2_load, float %A_3_load, float %A_4_load, float %A_5_load, float %A_6_load, float %A_7_load, float %A_0_load, i64 %arrayNo_mid2_cast)" [Group_5/sample.c:1987]   --->   Operation 133 'mux' 'tmp_58' <Predicate = (!exitcond_flatten9)> <Delay = 1.83> <Core = "MuxnS">   --->   Core 31 'MuxnS' <Latency = 0> <II = 1> <Delay = 1.83> <FuncUnit> <Opcode : 'mux'> <InPorts = 2> <OutPorts = 1>
ST_12 : Operation 134 [1/1] (0.00ns) (grouped into LUT with out node sel_tmp5_i3)   --->   "%sel_tmp1_i3 = select i1 %sel_tmp2_i, float 0x3FA9406060000000, float 0xBFC7F09140000000" [Group_5/sample.c:1987]   --->   Operation 134 'select' 'sel_tmp1_i3' <Predicate = (!exitcond_flatten9)> <Delay = 0.00> <Core = "Sel">   --->   Core 26 'Sel' <Latency = 0> <II = 1> <Delay = 0.60> <FuncUnit> <Opcode : 'select'> <InPorts = 3> <OutPorts = 1>
ST_12 : Operation 135 [1/1] (0.77ns) (out node of the LUT)   --->   "%sel_tmp5_i3 = select i1 %tmp_57, float %sel_tmp1_i3, float 0xBFA18AEDE0000000" [Group_5/sample.c:1987]   --->   Operation 135 'select' 'sel_tmp5_i3' <Predicate = (!exitcond_flatten9)> <Delay = 0.77> <Core = "Sel">   --->   Core 26 'Sel' <Latency = 0> <II = 1> <Delay = 0.60> <FuncUnit> <Opcode : 'select'> <InPorts = 3> <OutPorts = 1>

State 13 <SV = 12> <Delay = 3.65>
ST_13 : Operation 136 [5/5] (3.65ns)   --->   "%tmp_43 = fmul float %tmp_s, %sel_tmp5_i" [Group_5/sample.c:1996]   --->   Operation 136 'fmul' 'tmp_43' <Predicate = (!exitcond_flatten9)> <Delay = 3.65> <Core = "FMul">   --->   Core 100 'FMul' <Latency = 4> <II = 1> <Delay = 3.65> <FuncUnit> <Opcode : 'fmul'> <InPorts = 2> <OutPorts = 1>
ST_13 : Operation 137 [5/5] (3.65ns)   --->   "%tmp_53_1 = fmul float %tmp_58, %sel_tmp5_i3" [Group_5/sample.c:1996]   --->   Operation 137 'fmul' 'tmp_53_1' <Predicate = (!exitcond_flatten9)> <Delay = 3.65> <Core = "FMul">   --->   Core 100 'FMul' <Latency = 4> <II = 1> <Delay = 3.65> <FuncUnit> <Opcode : 'fmul'> <InPorts = 2> <OutPorts = 1>

State 14 <SV = 13> <Delay = 3.65>
ST_14 : Operation 138 [4/5] (3.65ns)   --->   "%tmp_43 = fmul float %tmp_s, %sel_tmp5_i" [Group_5/sample.c:1996]   --->   Operation 138 'fmul' 'tmp_43' <Predicate = (!exitcond_flatten9)> <Delay = 3.65> <Core = "FMul">   --->   Core 100 'FMul' <Latency = 4> <II = 1> <Delay = 3.65> <FuncUnit> <Opcode : 'fmul'> <InPorts = 2> <OutPorts = 1>
ST_14 : Operation 139 [4/5] (3.65ns)   --->   "%tmp_53_1 = fmul float %tmp_58, %sel_tmp5_i3" [Group_5/sample.c:1996]   --->   Operation 139 'fmul' 'tmp_53_1' <Predicate = (!exitcond_flatten9)> <Delay = 3.65> <Core = "FMul">   --->   Core 100 'FMul' <Latency = 4> <II = 1> <Delay = 3.65> <FuncUnit> <Opcode : 'fmul'> <InPorts = 2> <OutPorts = 1>

State 15 <SV = 14> <Delay = 3.65>
ST_15 : Operation 140 [3/5] (3.65ns)   --->   "%tmp_43 = fmul float %tmp_s, %sel_tmp5_i" [Group_5/sample.c:1996]   --->   Operation 140 'fmul' 'tmp_43' <Predicate = (!exitcond_flatten9)> <Delay = 3.65> <Core = "FMul">   --->   Core 100 'FMul' <Latency = 4> <II = 1> <Delay = 3.65> <FuncUnit> <Opcode : 'fmul'> <InPorts = 2> <OutPorts = 1>
ST_15 : Operation 141 [3/5] (3.65ns)   --->   "%tmp_53_1 = fmul float %tmp_58, %sel_tmp5_i3" [Group_5/sample.c:1996]   --->   Operation 141 'fmul' 'tmp_53_1' <Predicate = (!exitcond_flatten9)> <Delay = 3.65> <Core = "FMul">   --->   Core 100 'FMul' <Latency = 4> <II = 1> <Delay = 3.65> <FuncUnit> <Opcode : 'fmul'> <InPorts = 2> <OutPorts = 1>

State 16 <SV = 15> <Delay = 3.65>
ST_16 : Operation 142 [1/1] (0.00ns)   --->   "%jj_cast = zext i2 %jj_mid2 to i64" [Group_5/sample.c:1987]   --->   Operation 142 'zext' 'jj_cast' <Predicate = (!exitcond_flatten9)> <Delay = 0.00>
ST_16 : Operation 143 [1/1] (0.00ns)   --->   "%d_addr = getelementptr [128 x float]* %d, i64 0, i64 %jj_cast" [Group_5/sample.c:1990]   --->   Operation 143 'getelementptr' 'd_addr' <Predicate = (!exitcond_flatten9)> <Delay = 0.00>
ST_16 : Operation 144 [2/2] (2.77ns)   --->   "%sum = load float* %d_addr, align 4" [Group_5/sample.c:1990]   --->   Operation 144 'load' 'sum' <Predicate = (!exitcond_flatten9)> <Delay = 2.77> <Core = "RAM">   --->   Core 37 'RAM' <Latency = 1> <II = 1> <Delay = 1.75> <Storage> <Opcode : 'load' 'store'> <Ports = 2> <Width = 32> <Depth = 16> <RAM>
ST_16 : Operation 145 [2/5] (3.65ns)   --->   "%tmp_43 = fmul float %tmp_s, %sel_tmp5_i" [Group_5/sample.c:1996]   --->   Operation 145 'fmul' 'tmp_43' <Predicate = (!exitcond_flatten9)> <Delay = 3.65> <Core = "FMul">   --->   Core 100 'FMul' <Latency = 4> <II = 1> <Delay = 3.65> <FuncUnit> <Opcode : 'fmul'> <InPorts = 2> <OutPorts = 1>
ST_16 : Operation 146 [2/5] (3.65ns)   --->   "%tmp_53_1 = fmul float %tmp_58, %sel_tmp5_i3" [Group_5/sample.c:1996]   --->   Operation 146 'fmul' 'tmp_53_1' <Predicate = (!exitcond_flatten9)> <Delay = 3.65> <Core = "FMul">   --->   Core 100 'FMul' <Latency = 4> <II = 1> <Delay = 3.65> <FuncUnit> <Opcode : 'fmul'> <InPorts = 2> <OutPorts = 1>
ST_16 : Operation 147 [1/1] (1.00ns)   --->   "switch i2 %jj_mid2, label %branch7 [
    i2 0, label %branch0
    i2 1, label %branch1
  ]" [Group_5/sample.c:1998]   --->   Operation 147 'switch' <Predicate = (!exitcond_flatten9)> <Delay = 1.00>

State 17 <SV = 16> <Delay = 3.65>
ST_17 : Operation 148 [1/2] (2.77ns)   --->   "%sum = load float* %d_addr, align 4" [Group_5/sample.c:1990]   --->   Operation 148 'load' 'sum' <Predicate = (!exitcond_flatten9)> <Delay = 2.77> <Core = "RAM">   --->   Core 37 'RAM' <Latency = 1> <II = 1> <Delay = 1.75> <Storage> <Opcode : 'load' 'store'> <Ports = 2> <Width = 32> <Depth = 16> <RAM>
ST_17 : Operation 149 [1/5] (3.65ns)   --->   "%tmp_43 = fmul float %tmp_s, %sel_tmp5_i" [Group_5/sample.c:1996]   --->   Operation 149 'fmul' 'tmp_43' <Predicate = (!exitcond_flatten9)> <Delay = 3.65> <Core = "FMul">   --->   Core 100 'FMul' <Latency = 4> <II = 1> <Delay = 3.65> <FuncUnit> <Opcode : 'fmul'> <InPorts = 2> <OutPorts = 1>
ST_17 : Operation 150 [1/5] (3.65ns)   --->   "%tmp_53_1 = fmul float %tmp_58, %sel_tmp5_i3" [Group_5/sample.c:1996]   --->   Operation 150 'fmul' 'tmp_53_1' <Predicate = (!exitcond_flatten9)> <Delay = 3.65> <Core = "FMul">   --->   Core 100 'FMul' <Latency = 4> <II = 1> <Delay = 3.65> <FuncUnit> <Opcode : 'fmul'> <InPorts = 2> <OutPorts = 1>

State 18 <SV = 17> <Delay = 3.51>
ST_18 : Operation 151 [9/9] (3.51ns)   --->   "%sum_6 = fadd float %sum, %tmp_43" [Group_5/sample.c:1996]   --->   Operation 151 'fadd' 'sum_6' <Predicate = (!exitcond_flatten9)> <Delay = 3.51> <Core = "FAddSub">   --->   Core 99 'FAddSub' <Latency = 8> <II = 1> <Delay = 3.51> <FuncUnit> <Opcode : 'fadd' 'fsub'> <InPorts = 2> <OutPorts = 1>

State 19 <SV = 18> <Delay = 3.51>
ST_19 : Operation 152 [8/9] (3.51ns)   --->   "%sum_6 = fadd float %sum, %tmp_43" [Group_5/sample.c:1996]   --->   Operation 152 'fadd' 'sum_6' <Predicate = (!exitcond_flatten9)> <Delay = 3.51> <Core = "FAddSub">   --->   Core 99 'FAddSub' <Latency = 8> <II = 1> <Delay = 3.51> <FuncUnit> <Opcode : 'fadd' 'fsub'> <InPorts = 2> <OutPorts = 1>

State 20 <SV = 19> <Delay = 3.51>
ST_20 : Operation 153 [7/9] (3.51ns)   --->   "%sum_6 = fadd float %sum, %tmp_43" [Group_5/sample.c:1996]   --->   Operation 153 'fadd' 'sum_6' <Predicate = (!exitcond_flatten9)> <Delay = 3.51> <Core = "FAddSub">   --->   Core 99 'FAddSub' <Latency = 8> <II = 1> <Delay = 3.51> <FuncUnit> <Opcode : 'fadd' 'fsub'> <InPorts = 2> <OutPorts = 1>

State 21 <SV = 20> <Delay = 3.51>
ST_21 : Operation 154 [6/9] (3.51ns)   --->   "%sum_6 = fadd float %sum, %tmp_43" [Group_5/sample.c:1996]   --->   Operation 154 'fadd' 'sum_6' <Predicate = (!exitcond_flatten9)> <Delay = 3.51> <Core = "FAddSub">   --->   Core 99 'FAddSub' <Latency = 8> <II = 1> <Delay = 3.51> <FuncUnit> <Opcode : 'fadd' 'fsub'> <InPorts = 2> <OutPorts = 1>

State 22 <SV = 21> <Delay = 3.51>
ST_22 : Operation 155 [5/9] (3.51ns)   --->   "%sum_6 = fadd float %sum, %tmp_43" [Group_5/sample.c:1996]   --->   Operation 155 'fadd' 'sum_6' <Predicate = (!exitcond_flatten9)> <Delay = 3.51> <Core = "FAddSub">   --->   Core 99 'FAddSub' <Latency = 8> <II = 1> <Delay = 3.51> <FuncUnit> <Opcode : 'fadd' 'fsub'> <InPorts = 2> <OutPorts = 1>

State 23 <SV = 22> <Delay = 3.51>
ST_23 : Operation 156 [4/9] (3.51ns)   --->   "%sum_6 = fadd float %sum, %tmp_43" [Group_5/sample.c:1996]   --->   Operation 156 'fadd' 'sum_6' <Predicate = (!exitcond_flatten9)> <Delay = 3.51> <Core = "FAddSub">   --->   Core 99 'FAddSub' <Latency = 8> <II = 1> <Delay = 3.51> <FuncUnit> <Opcode : 'fadd' 'fsub'> <InPorts = 2> <OutPorts = 1>

State 24 <SV = 23> <Delay = 3.51>
ST_24 : Operation 157 [3/9] (3.51ns)   --->   "%sum_6 = fadd float %sum, %tmp_43" [Group_5/sample.c:1996]   --->   Operation 157 'fadd' 'sum_6' <Predicate = (!exitcond_flatten9)> <Delay = 3.51> <Core = "FAddSub">   --->   Core 99 'FAddSub' <Latency = 8> <II = 1> <Delay = 3.51> <FuncUnit> <Opcode : 'fadd' 'fsub'> <InPorts = 2> <OutPorts = 1>

State 25 <SV = 24> <Delay = 3.51>
ST_25 : Operation 158 [2/9] (3.51ns)   --->   "%sum_6 = fadd float %sum, %tmp_43" [Group_5/sample.c:1996]   --->   Operation 158 'fadd' 'sum_6' <Predicate = (!exitcond_flatten9)> <Delay = 3.51> <Core = "FAddSub">   --->   Core 99 'FAddSub' <Latency = 8> <II = 1> <Delay = 3.51> <FuncUnit> <Opcode : 'fadd' 'fsub'> <InPorts = 2> <OutPorts = 1>

State 26 <SV = 25> <Delay = 3.51>
ST_26 : Operation 159 [1/9] (3.51ns)   --->   "%sum_6 = fadd float %sum, %tmp_43" [Group_5/sample.c:1996]   --->   Operation 159 'fadd' 'sum_6' <Predicate = (!exitcond_flatten9)> <Delay = 3.51> <Core = "FAddSub">   --->   Core 99 'FAddSub' <Latency = 8> <II = 1> <Delay = 3.51> <FuncUnit> <Opcode : 'fadd' 'fsub'> <InPorts = 2> <OutPorts = 1>

State 27 <SV = 26> <Delay = 3.51>
ST_27 : Operation 160 [9/9] (3.51ns)   --->   "%sum_6_1 = fadd float %sum_6, %tmp_53_1" [Group_5/sample.c:1996]   --->   Operation 160 'fadd' 'sum_6_1' <Predicate = (!exitcond_flatten9)> <Delay = 3.51> <Core = "FAddSub">   --->   Core 99 'FAddSub' <Latency = 8> <II = 1> <Delay = 3.51> <FuncUnit> <Opcode : 'fadd' 'fsub'> <InPorts = 2> <OutPorts = 1>

State 28 <SV = 27> <Delay = 3.51>
ST_28 : Operation 161 [8/9] (3.51ns)   --->   "%sum_6_1 = fadd float %sum_6, %tmp_53_1" [Group_5/sample.c:1996]   --->   Operation 161 'fadd' 'sum_6_1' <Predicate = (!exitcond_flatten9)> <Delay = 3.51> <Core = "FAddSub">   --->   Core 99 'FAddSub' <Latency = 8> <II = 1> <Delay = 3.51> <FuncUnit> <Opcode : 'fadd' 'fsub'> <InPorts = 2> <OutPorts = 1>

State 29 <SV = 28> <Delay = 3.51>
ST_29 : Operation 162 [7/9] (3.51ns)   --->   "%sum_6_1 = fadd float %sum_6, %tmp_53_1" [Group_5/sample.c:1996]   --->   Operation 162 'fadd' 'sum_6_1' <Predicate = (!exitcond_flatten9)> <Delay = 3.51> <Core = "FAddSub">   --->   Core 99 'FAddSub' <Latency = 8> <II = 1> <Delay = 3.51> <FuncUnit> <Opcode : 'fadd' 'fsub'> <InPorts = 2> <OutPorts = 1>

State 30 <SV = 29> <Delay = 3.51>
ST_30 : Operation 163 [6/9] (3.51ns)   --->   "%sum_6_1 = fadd float %sum_6, %tmp_53_1" [Group_5/sample.c:1996]   --->   Operation 163 'fadd' 'sum_6_1' <Predicate = (!exitcond_flatten9)> <Delay = 3.51> <Core = "FAddSub">   --->   Core 99 'FAddSub' <Latency = 8> <II = 1> <Delay = 3.51> <FuncUnit> <Opcode : 'fadd' 'fsub'> <InPorts = 2> <OutPorts = 1>

State 31 <SV = 30> <Delay = 3.51>
ST_31 : Operation 164 [5/9] (3.51ns)   --->   "%sum_6_1 = fadd float %sum_6, %tmp_53_1" [Group_5/sample.c:1996]   --->   Operation 164 'fadd' 'sum_6_1' <Predicate = (!exitcond_flatten9)> <Delay = 3.51> <Core = "FAddSub">   --->   Core 99 'FAddSub' <Latency = 8> <II = 1> <Delay = 3.51> <FuncUnit> <Opcode : 'fadd' 'fsub'> <InPorts = 2> <OutPorts = 1>

State 32 <SV = 31> <Delay = 3.51>
ST_32 : Operation 165 [4/9] (3.51ns)   --->   "%sum_6_1 = fadd float %sum_6, %tmp_53_1" [Group_5/sample.c:1996]   --->   Operation 165 'fadd' 'sum_6_1' <Predicate = (!exitcond_flatten9)> <Delay = 3.51> <Core = "FAddSub">   --->   Core 99 'FAddSub' <Latency = 8> <II = 1> <Delay = 3.51> <FuncUnit> <Opcode : 'fadd' 'fsub'> <InPorts = 2> <OutPorts = 1>

State 33 <SV = 32> <Delay = 3.51>
ST_33 : Operation 166 [3/9] (3.51ns)   --->   "%sum_6_1 = fadd float %sum_6, %tmp_53_1" [Group_5/sample.c:1996]   --->   Operation 166 'fadd' 'sum_6_1' <Predicate = (!exitcond_flatten9)> <Delay = 3.51> <Core = "FAddSub">   --->   Core 99 'FAddSub' <Latency = 8> <II = 1> <Delay = 3.51> <FuncUnit> <Opcode : 'fadd' 'fsub'> <InPorts = 2> <OutPorts = 1>

State 34 <SV = 33> <Delay = 3.51>
ST_34 : Operation 167 [2/9] (3.51ns)   --->   "%sum_6_1 = fadd float %sum_6, %tmp_53_1" [Group_5/sample.c:1996]   --->   Operation 167 'fadd' 'sum_6_1' <Predicate = (!exitcond_flatten9)> <Delay = 3.51> <Core = "FAddSub">   --->   Core 99 'FAddSub' <Latency = 8> <II = 1> <Delay = 3.51> <FuncUnit> <Opcode : 'fadd' 'fsub'> <InPorts = 2> <OutPorts = 1>

State 35 <SV = 34> <Delay = 3.51>
ST_35 : Operation 168 [1/9] (3.51ns)   --->   "%sum_6_1 = fadd float %sum_6, %tmp_53_1" [Group_5/sample.c:1996]   --->   Operation 168 'fadd' 'sum_6_1' <Predicate = (!exitcond_flatten9)> <Delay = 3.51> <Core = "FAddSub">   --->   Core 99 'FAddSub' <Latency = 8> <II = 1> <Delay = 3.51> <FuncUnit> <Opcode : 'fadd' 'fsub'> <InPorts = 2> <OutPorts = 1>

State 36 <SV = 35> <Delay = 1.75>
ST_36 : Operation 169 [1/1] (0.00ns)   --->   "%newIndex_cast_mid2_c = zext i8 %newIndex_cast_mid2 to i64" [Group_5/sample.c:1987]   --->   Operation 169 'zext' 'newIndex_cast_mid2_c' <Predicate = (!exitcond_flatten9)> <Delay = 0.00>
ST_36 : Operation 170 [1/1] (0.00ns)   --->   "%tmp_42 = call i32 (...)* @_ssdm_op_SpecRegionBegin([13 x i8]* @p_str24)" [Group_5/sample.c:1988]   --->   Operation 170 'specregionbegin' 'tmp_42' <Predicate = (!exitcond_flatten9)> <Delay = 0.00>
ST_36 : Operation 171 [1/1] (0.00ns)   --->   "call void (...)* @_ssdm_op_SpecPipeline(i32 1, i32 1, i32 1, i32 0, [1 x i8]* @p_str1) nounwind" [Group_5/sample.c:1991]   --->   Operation 171 'specpipeline' <Predicate = (!exitcond_flatten9)> <Delay = 0.00>
ST_36 : Operation 172 [1/1] (0.00ns)   --->   "%C_1_addr = getelementptr [16 x float]* %C_1, i64 0, i64 %newIndex_cast_mid2_c" [Group_5/sample.c:1998]   --->   Operation 172 'getelementptr' 'C_1_addr' <Predicate = (jj_mid2 == 1)> <Delay = 0.00>
ST_36 : Operation 173 [1/1] (1.75ns)   --->   "store float %sum_6_1, float* %C_1_addr, align 4" [Group_5/sample.c:1998]   --->   Operation 173 'store' <Predicate = (jj_mid2 == 1)> <Delay = 1.75> <Core = "RAM">   --->   Core 37 'RAM' <Latency = 1> <II = 1> <Delay = 1.75> <Storage> <Opcode : 'load' 'store'> <Ports = 2> <Width = 32> <Depth = 16> <RAM>
ST_36 : Operation 174 [1/1] (0.00ns)   --->   "br label %1" [Group_5/sample.c:1998]   --->   Operation 174 'br' <Predicate = (jj_mid2 == 1)> <Delay = 0.00>
ST_36 : Operation 175 [1/1] (0.00ns)   --->   "%C_0_addr = getelementptr [16 x float]* %C_0, i64 0, i64 %newIndex_cast_mid2_c" [Group_5/sample.c:1998]   --->   Operation 175 'getelementptr' 'C_0_addr' <Predicate = (jj_mid2 == 0)> <Delay = 0.00>
ST_36 : Operation 176 [1/1] (1.75ns)   --->   "store float %sum_6_1, float* %C_0_addr, align 4" [Group_5/sample.c:1998]   --->   Operation 176 'store' <Predicate = (jj_mid2 == 0)> <Delay = 1.75> <Core = "RAM">   --->   Core 37 'RAM' <Latency = 1> <II = 1> <Delay = 1.75> <Storage> <Opcode : 'load' 'store'> <Ports = 2> <Width = 32> <Depth = 16> <RAM>
ST_36 : Operation 177 [1/1] (0.00ns)   --->   "br label %1" [Group_5/sample.c:1998]   --->   Operation 177 'br' <Predicate = (jj_mid2 == 0)> <Delay = 0.00>
ST_36 : Operation 178 [1/1] (0.00ns)   --->   "%C_7_addr = getelementptr [16 x float]* %C_7, i64 0, i64 %newIndex_cast_mid2_c" [Group_5/sample.c:1998]   --->   Operation 178 'getelementptr' 'C_7_addr' <Predicate = (jj_mid2 != 0 & jj_mid2 != 1)> <Delay = 0.00>
ST_36 : Operation 179 [1/1] (1.75ns)   --->   "store float %sum_6_1, float* %C_7_addr, align 4" [Group_5/sample.c:1998]   --->   Operation 179 'store' <Predicate = (jj_mid2 != 0 & jj_mid2 != 1)> <Delay = 1.75> <Core = "RAM">   --->   Core 37 'RAM' <Latency = 1> <II = 1> <Delay = 1.75> <Storage> <Opcode : 'load' 'store'> <Ports = 2> <Width = 32> <Depth = 16> <RAM>
ST_36 : Operation 180 [1/1] (0.00ns)   --->   "br label %1" [Group_5/sample.c:1998]   --->   Operation 180 'br' <Predicate = (jj_mid2 != 0 & jj_mid2 != 1)> <Delay = 0.00>
ST_36 : Operation 181 [1/1] (0.00ns)   --->   "%empty = call i32 (...)* @_ssdm_op_SpecRegionEnd([13 x i8]* @p_str24, i32 %tmp_42)" [Group_5/sample.c:1999]   --->   Operation 181 'specregionend' 'empty' <Predicate = (!exitcond_flatten9)> <Delay = 0.00>
ST_36 : Operation 182 [1/1] (0.00ns)   --->   "br label %0" [Group_5/sample.c:1987]   --->   Operation 182 'br' <Predicate = (!exitcond_flatten9)> <Delay = 0.00>

State 37 <SV = 10> <Delay = 0.00>
ST_37 : Operation 183 [1/1] (0.00ns)   --->   "ret void" [Group_5/sample.c:2006]   --->   Operation 183 'ret' <Predicate = true> <Delay = 0.00>


============================================================
+ Verbose Summary: Timing violations
============================================================
Target clock period: 5ns, clock uncertainty: 0.625ns.

 <State 1>: 4.25ns
The critical path consists of the following:
	wire read on port 'outrows' [14]  (0 ns)
	'mul' operation ('bound') [17]  (4.25 ns)

 <State 2>: 4.25ns
The critical path consists of the following:
	'mul' operation ('bound') [17]  (4.25 ns)

 <State 3>: 4.25ns
The critical path consists of the following:
	'mul' operation ('bound') [17]  (4.25 ns)

 <State 4>: 4.25ns
The critical path consists of the following:
	'mul' operation ('bound') [17]  (4.25 ns)

 <State 5>: 4.25ns
The critical path consists of the following:
	'mul' operation ('bound') [17]  (4.25 ns)

 <State 6>: 4.25ns
The critical path consists of the following:
	'mul' operation ('bound') [17]  (4.25 ns)

 <State 7>: 3.27ns
The critical path consists of the following:
	'phi' operation ('indvar_flatten7') with incoming values : ('indvar_flatten_next9') [20]  (0 ns)
	'add' operation ('indvar_flatten_next9') [31]  (3.27 ns)

 <State 8>: 3.65ns
The critical path consists of the following:
	'phi' operation ('indvar_flatten9', Group_5/sample.c:1987) with incoming values : ('indvar_flatten_next7', Group_5/sample.c:1987) [22]  (0 ns)
	'icmp' operation ('exitcond_flatten6', Group_5/sample.c:1987) [40]  (1.24 ns)
	'and' operation ('exitcond_flatten47_m', Group_5/sample.c:1987) [41]  (0.8 ns)
	'or' operation ('tmp_47', Group_5/sample.c:1987) [42]  (0.8 ns)
	'select' operation ('indvar_flatten_next7', Group_5/sample.c:1987) [123]  (0.806 ns)

 <State 9>: 3.62ns
The critical path consists of the following:
	'phi' operation ('indvar_flatten', Group_5/sample.c:1987) with incoming values : ('indvar_flatten_next', Group_5/sample.c:1987) [23]  (0 ns)
	'icmp' operation ('exitcond_flatten5', Group_5/sample.c:1987) [38]  (1.21 ns)
	'and' operation ('exitcond_flatten_mid', Group_5/sample.c:1987) [39]  (0 ns)
	'and' operation ('exitcond_flatten_mid_6', Group_5/sample.c:1987) [46]  (0.8 ns)
	'or' operation ('tmp_48', Group_5/sample.c:1987) [47]  (0 ns)
	'or' operation ('tmp_107', Group_5/sample.c:1987) [48]  (0.8 ns)
	'select' operation ('indvar_flatten_next', Group_5/sample.c:1987) [121]  (0.806 ns)

 <State 10>: 3.61ns
The critical path consists of the following:
	'phi' operation ('jj') with incoming values : ('jj', Group_5/sample.c:1987) [25]  (0 ns)
	'icmp' operation ('tmp_56', Group_5/sample.c:1987) [36]  (0.794 ns)
	'and' operation ('tmp_41_mid', Group_5/sample.c:1987) [37]  (0 ns)
	'and' operation ('tmp_41_mid1', Group_5/sample.c:1987) [45]  (0 ns)
	'and' operation ('tmp_41_mid2', Group_5/sample.c:1987) [54]  (0.8 ns)
	'or' operation ('tmp_52', Group_5/sample.c:1987) [56]  (0 ns)
	'or' operation ('tmp_108', Group_5/sample.c:1987) [57]  (0 ns)
	'select' operation ('jj_mid2', Group_5/sample.c:1987) [58]  (0.813 ns)
	'add' operation ('jj', Group_5/sample.c:1987) [119]  (1.2 ns)

 <State 11>: 1.75ns
The critical path consists of the following:
	'getelementptr' operation ('A_0_addr', Group_5/sample.c:1987) [75]  (0 ns)
	'load' operation ('A_0_load', Group_5/sample.c:1987) on array 'A_0' [76]  (1.75 ns)

 <State 12>: 3.59ns
The critical path consists of the following:
	'load' operation ('A_0_load', Group_5/sample.c:1987) on array 'A_0' [76]  (1.75 ns)
	'mux' operation ('tmp_s', Group_5/sample.c:1987) [91]  (1.83 ns)

 <State 13>: 3.66ns
The critical path consists of the following:
	'fmul' operation ('tmp_43', Group_5/sample.c:1996) [97]  (3.66 ns)

 <State 14>: 3.66ns
The critical path consists of the following:
	'fmul' operation ('tmp_43', Group_5/sample.c:1996) [97]  (3.66 ns)

 <State 15>: 3.66ns
The critical path consists of the following:
	'fmul' operation ('tmp_43', Group_5/sample.c:1996) [97]  (3.66 ns)

 <State 16>: 3.66ns
The critical path consists of the following:
	'fmul' operation ('tmp_43', Group_5/sample.c:1996) [97]  (3.66 ns)

 <State 17>: 3.66ns
The critical path consists of the following:
	'fmul' operation ('tmp_43', Group_5/sample.c:1996) [97]  (3.66 ns)

 <State 18>: 3.51ns
The critical path consists of the following:
	'fadd' operation ('sum_6', Group_5/sample.c:1996) [98]  (3.51 ns)

 <State 19>: 3.51ns
The critical path consists of the following:
	'fadd' operation ('sum_6', Group_5/sample.c:1996) [98]  (3.51 ns)

 <State 20>: 3.51ns
The critical path consists of the following:
	'fadd' operation ('sum_6', Group_5/sample.c:1996) [98]  (3.51 ns)

 <State 21>: 3.51ns
The critical path consists of the following:
	'fadd' operation ('sum_6', Group_5/sample.c:1996) [98]  (3.51 ns)

 <State 22>: 3.51ns
The critical path consists of the following:
	'fadd' operation ('sum_6', Group_5/sample.c:1996) [98]  (3.51 ns)

 <State 23>: 3.51ns
The critical path consists of the following:
	'fadd' operation ('sum_6', Group_5/sample.c:1996) [98]  (3.51 ns)

 <State 24>: 3.51ns
The critical path consists of the following:
	'fadd' operation ('sum_6', Group_5/sample.c:1996) [98]  (3.51 ns)

 <State 25>: 3.51ns
The critical path consists of the following:
	'fadd' operation ('sum_6', Group_5/sample.c:1996) [98]  (3.51 ns)

 <State 26>: 3.51ns
The critical path consists of the following:
	'fadd' operation ('sum_6', Group_5/sample.c:1996) [98]  (3.51 ns)

 <State 27>: 3.51ns
The critical path consists of the following:
	'fadd' operation ('sum_6_1', Group_5/sample.c:1996) [103]  (3.51 ns)

 <State 28>: 3.51ns
The critical path consists of the following:
	'fadd' operation ('sum_6_1', Group_5/sample.c:1996) [103]  (3.51 ns)

 <State 29>: 3.51ns
The critical path consists of the following:
	'fadd' operation ('sum_6_1', Group_5/sample.c:1996) [103]  (3.51 ns)

 <State 30>: 3.51ns
The critical path consists of the following:
	'fadd' operation ('sum_6_1', Group_5/sample.c:1996) [103]  (3.51 ns)

 <State 31>: 3.51ns
The critical path consists of the following:
	'fadd' operation ('sum_6_1', Group_5/sample.c:1996) [103]  (3.51 ns)

 <State 32>: 3.51ns
The critical path consists of the following:
	'fadd' operation ('sum_6_1', Group_5/sample.c:1996) [103]  (3.51 ns)

 <State 33>: 3.51ns
The critical path consists of the following:
	'fadd' operation ('sum_6_1', Group_5/sample.c:1996) [103]  (3.51 ns)

 <State 34>: 3.51ns
The critical path consists of the following:
	'fadd' operation ('sum_6_1', Group_5/sample.c:1996) [103]  (3.51 ns)

 <State 35>: 3.51ns
The critical path consists of the following:
	'fadd' operation ('sum_6_1', Group_5/sample.c:1996) [103]  (3.51 ns)

 <State 36>: 1.75ns
The critical path consists of the following:
	'getelementptr' operation ('C_7_addr', Group_5/sample.c:1998) [114]  (0 ns)
	'store' operation (Group_5/sample.c:1998) of variable 'sum_6_1', Group_5/sample.c:1996 on array 'C_7' [115]  (1.75 ns)

 <State 37>: 0ns
The critical path consists of the following:


============================================================
+ Verbose Summary: Binding
============================================================
N/A
* FSMD analyzer results:
  - Output states:
 - Input state : 
  - Chain level:
	State 1
	State 2
	State 3
	State 4
	State 5
	State 6
	State 7
	State 8
	State 9
	State 10
	State 11
	State 12
	State 13
	State 14
	State 15
	State 16
	State 17
	State 18
	State 19
	State 20
	State 21
	State 22
	State 23
	State 24
	State 25
	State 26
	State 27
	State 28
	State 29
	State 30
	State 31
	State 32
	State 33
	State 34
	State 35
	State 36
	State 37


============================================================
+ Verbose Summary: Datapath Resource usage 
============================================================
N/A
