

================================================================
== Vivado HLS Report for 'k2c_affine_matmul_1'
================================================================
* Date:           Tue Apr 23 18:56:06 2024

* Version:        2018.2 (Build 2258646 on Thu Jun 14 20:25:20 MDT 2018)
* Project:        Group_5
* Solution:       Latency_final
* Product family: artix7
* Target device:  xc7a200tfbg676-2


================================================================
== Performance Estimates
================================================================
+ Timing (ns): 
    * Summary: 
    +--------+-------+----------+------------+
    |  Clock | Target| Estimated| Uncertainty|
    +--------+-------+----------+------------+
    |ap_clk  |   5.00|     4.095|        0.62|
    +--------+-------+----------+------------+

+ Latency (clock cycles): 
    * Summary: 
    +-----+--------+-----+--------+---------+
    |    Latency   |   Interval   | Pipeline|
    | min |   max  | min |   max  |   Type  |
    +-----+--------+-----+--------+---------+
    |    5|  262174|    5|  262174|   none  |
    +-----+--------+-----+--------+---------+

    + Detail: 
        * Instance: 
        N/A

        * Loop: 
        +----------+-----+--------+----------+-----------+-----------+------------+----------+
        |          |    Latency   | Iteration|  Initiation Interval  |    Trip    |          |
        | Loop Name| min |   max  |  Latency |  achieved |   target  |    Count   | Pipelined|
        +----------+-----+--------+----------+-----------+-----------+------------+----------+
        |- Loop 1  |    3|  262172|        30|          1|          1| 0 ~ 262144 |    yes   |
        +----------+-----+--------+----------+-----------+-----------+------------+----------+

============================================================
+ Verbose Summary: Synthesis Manager
============================================================
InlineROM: 1
ExposeGlobal: 0
============================================================
+ Verbose Summary: CDFG Model
============================================================
IsTopModel: 0
ResetActiveHigh: 1
IsCombinational: 0
IsDatapathOnly: 0
HasWiredReturn: 1
HasMFsm: 0
HasVarLatency: 1
IsPipeline: 0
IsRtlPipelined: 0
IsInstanceOverlapped: 0
IsDontTouch: 0
HasImplIP: 0
IsGatedGlobalClock: 0

+ Individual pipeline summary: 
  * Pipeline-0: initiation interval (II) = 1, depth = 30


============================================================
+ Verbose Summary: Schedule
============================================================
* Number of FSM states : 32
* Pipeline : 1
  Pipeline-0 : II = 1, D = 30, States = { 2 3 4 5 6 7 8 9 10 11 12 13 14 15 16 17 18 19 20 21 22 23 24 25 26 27 28 29 30 31 }
* Dataflow Pipeline: 0

* FSM state transitions: 
1 --> 
	2  / true
2 --> 
	3  / true
3 --> 
	4  / true
4 --> 
	5  / true
5 --> 
	32  / (exitcond_flatten6)
	6  / (!exitcond_flatten6)
6 --> 
	7  / true
7 --> 
	8  / true
8 --> 
	9  / true
9 --> 
	10  / true
10 --> 
	11  / true
11 --> 
	12  / true
12 --> 
	13  / true
13 --> 
	14  / true
14 --> 
	15  / true
15 --> 
	16  / true
16 --> 
	17  / true
17 --> 
	18  / true
18 --> 
	19  / true
19 --> 
	20  / true
20 --> 
	21  / true
21 --> 
	22  / true
22 --> 
	23  / true
23 --> 
	24  / true
24 --> 
	25  / true
25 --> 
	26  / true
26 --> 
	27  / true
27 --> 
	28  / true
28 --> 
	29  / true
29 --> 
	30  / true
30 --> 
	31  / true
31 --> 
	2  / true
32 --> 

* FSM state operations: 

State 1 <SV = 0> <Delay = 1.35>
ST_1 : Operation 33 [1/1] (0.00ns)   --->   "%outrows_read = call i8 @_ssdm_op_Read.ap_auto.i8(i8 %outrows)"   --->   Operation 33 'read' 'outrows_read' <Predicate = true> <Delay = 0.00>
ST_1 : Operation 34 [1/1] (0.00ns)   --->   "%tmp_27 = call i7 @_ssdm_op_PartSelect.i7.i8.i32.i32(i8 %outrows_read, i32 1, i32 7)"   --->   Operation 34 'partselect' 'tmp_27' <Predicate = true> <Delay = 0.00>
ST_1 : Operation 35 [1/1] (0.00ns)   --->   "%tmp_28 = call i19 @_ssdm_op_BitConcatenate.i19.i7.i12(i7 %tmp_27, i12 0)"   --->   Operation 35 'bitconcatenate' 'tmp_28' <Predicate = true> <Delay = 0.00>
ST_1 : Operation 36 [1/1] (1.35ns)   --->   "br label %0" [Group_5/sample.c:1977]   --->   Operation 36 'br' <Predicate = true> <Delay = 1.35>

State 2 <SV = 1> <Delay = 2.42>
ST_2 : Operation 37 [1/1] (0.00ns)   --->   "%indvar_flatten4 = phi i19 [ 0, %.preheader6.preheader ], [ %indvar_flatten_next6, %1 ]"   --->   Operation 37 'phi' 'indvar_flatten4' <Predicate = true> <Delay = 0.00>
ST_2 : Operation 38 [1/1] (0.00ns)   --->   "%indvar_flatten5 = phi i14 [ 0, %.preheader6.preheader ], [ %indvar_flatten_next5, %1 ]"   --->   Operation 38 'phi' 'indvar_flatten5' <Predicate = true> <Delay = 0.00>
ST_2 : Operation 39 [1/1] (2.00ns)   --->   "%exitcond_flatten6 = icmp eq i19 %indvar_flatten4, %tmp_28"   --->   Operation 39 'icmp' 'exitcond_flatten6' <Predicate = true> <Delay = 2.00> <Core = "Cmp">   --->   Core 25 'Cmp' <Latency = 0> <II = 1> <Delay = 0.79> <FuncUnit> <Opcode : 'icmp'> <InPorts = 2> <OutPorts = 1>
ST_2 : Operation 40 [1/1] (1.90ns)   --->   "%indvar_flatten_next6 = add i19 1, %indvar_flatten4"   --->   Operation 40 'add' 'indvar_flatten_next6' <Predicate = true> <Delay = 1.90> <Core = "AddSub">   --->   Core 14 'AddSub' <Latency = 0> <II = 1> <Delay = 1.80> <FuncUnit> <Opcode : 'add' 'sub'> <InPorts = 2> <OutPorts = 1>
ST_2 : Operation 41 [1/1] (1.79ns)   --->   "%exitcond_flatten = icmp eq i14 %indvar_flatten5, 4096"   --->   Operation 41 'icmp' 'exitcond_flatten' <Predicate = (!exitcond_flatten6)> <Delay = 1.79> <Core = "Cmp">   --->   Core 25 'Cmp' <Latency = 0> <II = 1> <Delay = 0.79> <FuncUnit> <Opcode : 'icmp'> <InPorts = 2> <OutPorts = 1>
ST_2 : Operation 42 [1/1] (1.80ns)   --->   "%indvar_flatten65_op = add i14 %indvar_flatten5, 1"   --->   Operation 42 'add' 'indvar_flatten65_op' <Predicate = (!exitcond_flatten6)> <Delay = 1.80> <Core = "AddSub">   --->   Core 14 'AddSub' <Latency = 0> <II = 1> <Delay = 1.80> <FuncUnit> <Opcode : 'add' 'sub'> <InPorts = 2> <OutPorts = 1>
ST_2 : Operation 43 [1/1] (0.61ns)   --->   "%indvar_flatten_next5 = select i1 %exitcond_flatten, i14 1, i14 %indvar_flatten65_op"   --->   Operation 43 'select' 'indvar_flatten_next5' <Predicate = (!exitcond_flatten6)> <Delay = 0.61> <Core = "Sel">   --->   Core 26 'Sel' <Latency = 0> <II = 1> <Delay = 0.61> <FuncUnit> <Opcode : 'select'> <InPorts = 3> <OutPorts = 1>

State 3 <SV = 2> <Delay = 4.09>
ST_3 : Operation 44 [1/1] (0.00ns)   --->   "%indvar_flatten6 = phi i10 [ 0, %.preheader6.preheader ], [ %indvar_flatten_next4, %1 ]" [Group_5/sample.c:1987]   --->   Operation 44 'phi' 'indvar_flatten6' <Predicate = true> <Delay = 0.00>
ST_3 : Operation 45 [1/1] (0.80ns)   --->   "%not_exitcond_flatten = xor i1 %exitcond_flatten, true" [Group_5/sample.c:1987]   --->   Operation 45 'xor' 'not_exitcond_flatten' <Predicate = (!exitcond_flatten6)> <Delay = 0.80> <Core = "LogicGate">   --->   Core 27 'LogicGate' <Latency = 0> <II = 1> <Delay = 0.80> <FuncUnit> <Opcode : 'and' 'or' 'xor'> <InPorts = 2> <OutPorts = 1>
ST_3 : Operation 46 [1/1] (1.43ns)   --->   "%exitcond_flatten4 = icmp eq i10 %indvar_flatten6, 256" [Group_5/sample.c:1987]   --->   Operation 46 'icmp' 'exitcond_flatten4' <Predicate = (!exitcond_flatten6)> <Delay = 1.43> <Core = "Cmp">   --->   Core 25 'Cmp' <Latency = 0> <II = 1> <Delay = 0.79> <FuncUnit> <Opcode : 'icmp'> <InPorts = 2> <OutPorts = 1>
ST_3 : Operation 47 [1/1] (0.80ns)   --->   "%exitcond_flatten33_m = and i1 %exitcond_flatten4, %not_exitcond_flatten" [Group_5/sample.c:1987]   --->   Operation 47 'and' 'exitcond_flatten33_m' <Predicate = (!exitcond_flatten6)> <Delay = 0.80> <Core = "LogicGate">   --->   Core 27 'LogicGate' <Latency = 0> <II = 1> <Delay = 0.80> <FuncUnit> <Opcode : 'and' 'or' 'xor'> <InPorts = 2> <OutPorts = 1>
ST_3 : Operation 48 [1/1] (0.80ns)   --->   "%tmp_31 = or i1 %exitcond_flatten33_m, %exitcond_flatten" [Group_5/sample.c:1987]   --->   Operation 48 'or' 'tmp_31' <Predicate = (!exitcond_flatten6)> <Delay = 0.80> <Core = "LogicGate">   --->   Core 27 'LogicGate' <Latency = 0> <II = 1> <Delay = 0.80> <FuncUnit> <Opcode : 'and' 'or' 'xor'> <InPorts = 2> <OutPorts = 1>
ST_3 : Operation 49 [1/1] (1.74ns)   --->   "%indvar_flatten31_op = add i10 %indvar_flatten6, 1" [Group_5/sample.c:1987]   --->   Operation 49 'add' 'indvar_flatten31_op' <Predicate = (!exitcond_flatten6)> <Delay = 1.74> <Core = "AddSub">   --->   Core 14 'AddSub' <Latency = 0> <II = 1> <Delay = 1.80> <FuncUnit> <Opcode : 'add' 'sub'> <InPorts = 2> <OutPorts = 1>
ST_3 : Operation 50 [1/1] (1.06ns)   --->   "%indvar_flatten_next4 = select i1 %tmp_31, i10 1, i10 %indvar_flatten31_op" [Group_5/sample.c:1987]   --->   Operation 50 'select' 'indvar_flatten_next4' <Predicate = (!exitcond_flatten6)> <Delay = 1.06> <Core = "Sel">   --->   Core 26 'Sel' <Latency = 0> <II = 1> <Delay = 0.61> <FuncUnit> <Opcode : 'select'> <InPorts = 3> <OutPorts = 1>

State 4 <SV = 3> <Delay = 3.61>
ST_4 : Operation 51 [1/1] (0.00ns)   --->   "%indvar_flatten = phi i4 [ 0, %.preheader6.preheader ], [ %indvar_flatten_next, %1 ]" [Group_5/sample.c:1987]   --->   Operation 51 'phi' 'indvar_flatten' <Predicate = true> <Delay = 0.00>
ST_4 : Operation 52 [1/1] (1.21ns)   --->   "%exitcond_flatten3 = icmp eq i4 %indvar_flatten, 4" [Group_5/sample.c:1987]   --->   Operation 52 'icmp' 'exitcond_flatten3' <Predicate = (!exitcond_flatten6)> <Delay = 1.21> <Core = "Cmp">   --->   Core 25 'Cmp' <Latency = 0> <II = 1> <Delay = 0.79> <FuncUnit> <Opcode : 'icmp'> <InPorts = 2> <OutPorts = 1>
ST_4 : Operation 53 [1/1] (0.00ns) (grouped into LUT with out node exitcond_flatten_mid_4)   --->   "%exitcond_flatten_mid = and i1 %exitcond_flatten3, %not_exitcond_flatten" [Group_5/sample.c:1987]   --->   Operation 53 'and' 'exitcond_flatten_mid' <Predicate = (!exitcond_flatten6)> <Delay = 0.00> <Core = "LogicGate">   --->   Core 27 'LogicGate' <Latency = 0> <II = 1> <Delay = 0.80> <FuncUnit> <Opcode : 'and' 'or' 'xor'> <InPorts = 2> <OutPorts = 1>
ST_4 : Operation 54 [1/1] (0.00ns) (grouped into LUT with out node not_exitcond_flatten_3)   --->   "%exitcond_flatten33_n = xor i1 %exitcond_flatten4, true" [Group_5/sample.c:1987]   --->   Operation 54 'xor' 'exitcond_flatten33_n' <Predicate = (!exitcond_flatten6)> <Delay = 0.00> <Core = "LogicGate">   --->   Core 27 'LogicGate' <Latency = 0> <II = 1> <Delay = 0.80> <FuncUnit> <Opcode : 'and' 'or' 'xor'> <InPorts = 2> <OutPorts = 1>
ST_4 : Operation 55 [1/1] (0.80ns) (out node of the LUT)   --->   "%not_exitcond_flatten_3 = or i1 %exitcond_flatten, %exitcond_flatten33_n" [Group_5/sample.c:1987]   --->   Operation 55 'or' 'not_exitcond_flatten_3' <Predicate = (!exitcond_flatten6)> <Delay = 0.80> <Core = "LogicGate">   --->   Core 27 'LogicGate' <Latency = 0> <II = 1> <Delay = 0.80> <FuncUnit> <Opcode : 'and' 'or' 'xor'> <InPorts = 2> <OutPorts = 1>
ST_4 : Operation 56 [1/1] (0.80ns) (out node of the LUT)   --->   "%exitcond_flatten_mid_4 = and i1 %exitcond_flatten_mid, %not_exitcond_flatten_3" [Group_5/sample.c:1987]   --->   Operation 56 'and' 'exitcond_flatten_mid_4' <Predicate = (!exitcond_flatten6)> <Delay = 0.80> <Core = "LogicGate">   --->   Core 27 'LogicGate' <Latency = 0> <II = 1> <Delay = 0.80> <FuncUnit> <Opcode : 'and' 'or' 'xor'> <InPorts = 2> <OutPorts = 1>
ST_4 : Operation 57 [1/1] (0.00ns) (grouped into LUT with out node tmp_103)   --->   "%tmp_32 = or i1 %exitcond_flatten_mid_4, %exitcond_flatten33_m" [Group_5/sample.c:1987]   --->   Operation 57 'or' 'tmp_32' <Predicate = (!exitcond_flatten6)> <Delay = 0.00> <Core = "LogicGate">   --->   Core 27 'LogicGate' <Latency = 0> <II = 1> <Delay = 0.80> <FuncUnit> <Opcode : 'and' 'or' 'xor'> <InPorts = 2> <OutPorts = 1>
ST_4 : Operation 58 [1/1] (0.80ns) (out node of the LUT)   --->   "%tmp_103 = or i1 %tmp_32, %exitcond_flatten" [Group_5/sample.c:1987]   --->   Operation 58 'or' 'tmp_103' <Predicate = (!exitcond_flatten6)> <Delay = 0.80> <Core = "LogicGate">   --->   Core 27 'LogicGate' <Latency = 0> <II = 1> <Delay = 0.80> <FuncUnit> <Opcode : 'and' 'or' 'xor'> <InPorts = 2> <OutPorts = 1>
ST_4 : Operation 59 [1/1] (1.49ns)   --->   "%indvar_flatten_op = add i4 %indvar_flatten, 1" [Group_5/sample.c:1987]   --->   Operation 59 'add' 'indvar_flatten_op' <Predicate = (!exitcond_flatten6)> <Delay = 1.49> <Core = "AddSub">   --->   Core 14 'AddSub' <Latency = 0> <II = 1> <Delay = 1.80> <FuncUnit> <Opcode : 'add' 'sub'> <InPorts = 2> <OutPorts = 1>
ST_4 : Operation 60 [1/1] (0.80ns)   --->   "%indvar_flatten_next = select i1 %tmp_103, i4 1, i4 %indvar_flatten_op" [Group_5/sample.c:1987]   --->   Operation 60 'select' 'indvar_flatten_next' <Predicate = (!exitcond_flatten6)> <Delay = 0.80> <Core = "Sel">   --->   Core 26 'Sel' <Latency = 0> <II = 1> <Delay = 0.61> <FuncUnit> <Opcode : 'select'> <InPorts = 3> <OutPorts = 1>

State 5 <SV = 4> <Delay = 3.60>
ST_5 : Operation 61 [1/1] (0.00ns)   --->   "%ii = phi i2 [ 0, %.preheader6.preheader ], [ %ii_mid2, %1 ]" [Group_5/sample.c:1987]   --->   Operation 61 'phi' 'ii' <Predicate = true> <Delay = 0.00>
ST_5 : Operation 62 [1/1] (0.00ns)   --->   "%jj = phi i2 [ 0, %.preheader6.preheader ], [ %jj_1, %1 ]"   --->   Operation 62 'phi' 'jj' <Predicate = true> <Delay = 0.00>
ST_5 : Operation 63 [1/1] (0.00ns)   --->   "%tmp_102 = trunc i2 %ii to i1" [Group_5/sample.c:1987]   --->   Operation 63 'trunc' 'tmp_102' <Predicate = true> <Delay = 0.00>
ST_5 : Operation 64 [1/1] (0.00ns)   --->   "%tmp_38 = call i5 @_ssdm_op_BitConcatenate.i5.i1.i4(i1 %tmp_102, i4 0)" [Group_5/sample.c:1987]   --->   Operation 64 'bitconcatenate' 'tmp_38' <Predicate = (!tmp_103)> <Delay = 0.00>
ST_5 : Operation 65 [1/1] (0.00ns)   --->   "%newIndex = call i6 @_ssdm_op_BitConcatenate.i6.i3.i1.i2(i3 0, i1 %tmp_102, i2 0)" [Group_5/sample.c:1987]   --->   Operation 65 'bitconcatenate' 'newIndex' <Predicate = (!tmp_103)> <Delay = 0.00>
ST_5 : Operation 66 [1/1] (0.00ns)   --->   "br i1 %exitcond_flatten6, label %.loopexit, label %.preheader6"   --->   Operation 66 'br' <Predicate = true> <Delay = 0.00>
ST_5 : Operation 67 [1/1] (0.79ns)   --->   "%tmp_55 = icmp eq i2 %jj, -2" [Group_5/sample.c:1987]   --->   Operation 67 'icmp' 'tmp_55' <Predicate = (!exitcond_flatten6)> <Delay = 0.79> <Core = "Cmp">   --->   Core 25 'Cmp' <Latency = 0> <II = 1> <Delay = 0.79> <FuncUnit> <Opcode : 'icmp'> <InPorts = 2> <OutPorts = 1>
ST_5 : Operation 68 [1/1] (0.00ns) (grouped into LUT with out node tmp_39_mid2)   --->   "%tmp_39_mid = and i1 %tmp_55, %not_exitcond_flatten" [Group_5/sample.c:1987]   --->   Operation 68 'and' 'tmp_39_mid' <Predicate = (!exitcond_flatten6)> <Delay = 0.00> <Core = "LogicGate">   --->   Core 27 'LogicGate' <Latency = 0> <II = 1> <Delay = 0.80> <FuncUnit> <Opcode : 'and' 'or' 'xor'> <InPorts = 2> <OutPorts = 1>
ST_5 : Operation 69 [1/1] (0.00ns) (grouped into LUT with out node tmp_39_mid2)   --->   "%tmp_39_mid1 = and i1 %tmp_39_mid, %not_exitcond_flatten_3" [Group_5/sample.c:1987]   --->   Operation 69 'and' 'tmp_39_mid1' <Predicate = (!exitcond_flatten6)> <Delay = 0.00> <Core = "LogicGate">   --->   Core 27 'LogicGate' <Latency = 0> <II = 1> <Delay = 0.80> <FuncUnit> <Opcode : 'and' 'or' 'xor'> <InPorts = 2> <OutPorts = 1>
ST_5 : Operation 70 [1/1] (0.81ns)   --->   "%ii_mid3 = select i1 %tmp_103, i2 0, i2 %ii" [Group_5/sample.c:1987]   --->   Operation 70 'select' 'ii_mid3' <Predicate = (!exitcond_flatten6)> <Delay = 0.81> <Core = "Sel">   --->   Core 26 'Sel' <Latency = 0> <II = 1> <Delay = 0.61> <FuncUnit> <Opcode : 'select'> <InPorts = 3> <OutPorts = 1>
ST_5 : Operation 71 [1/1] (0.00ns) (grouped into LUT with out node newIndex8_cast_mid2)   --->   "%newIndex8_cast_mid3 = select i1 %tmp_103, i5 0, i5 %tmp_38" [Group_5/sample.c:1987]   --->   Operation 71 'select' 'newIndex8_cast_mid3' <Predicate = (!exitcond_flatten6)> <Delay = 0.00> <Core = "Sel">   --->   Core 26 'Sel' <Latency = 0> <II = 1> <Delay = 0.61> <FuncUnit> <Opcode : 'select'> <InPorts = 3> <OutPorts = 1>
ST_5 : Operation 72 [1/1] (0.00ns) (grouped into LUT with out node newIndex_cast_mid2)   --->   "%newIndex_cast_mid4 = select i1 %tmp_103, i6 0, i6 %newIndex" [Group_5/sample.c:1987]   --->   Operation 72 'select' 'newIndex_cast_mid4' <Predicate = (!exitcond_flatten6)> <Delay = 0.00> <Core = "Sel">   --->   Core 26 'Sel' <Latency = 0> <II = 1> <Delay = 0.61> <FuncUnit> <Opcode : 'select'> <InPorts = 3> <OutPorts = 1>
ST_5 : Operation 73 [1/1] (0.00ns) (grouped into LUT with out node tmp_39_mid2)   --->   "%not_exitcond_flatten_4 = xor i1 %exitcond_flatten_mid_4, true" [Group_5/sample.c:1987]   --->   Operation 73 'xor' 'not_exitcond_flatten_4' <Predicate = (!exitcond_flatten6)> <Delay = 0.00> <Core = "LogicGate">   --->   Core 27 'LogicGate' <Latency = 0> <II = 1> <Delay = 0.80> <FuncUnit> <Opcode : 'and' 'or' 'xor'> <InPorts = 2> <OutPorts = 1>
ST_5 : Operation 74 [1/1] (0.80ns) (out node of the LUT)   --->   "%tmp_39_mid2 = and i1 %tmp_39_mid1, %not_exitcond_flatten_4" [Group_5/sample.c:1987]   --->   Operation 74 'and' 'tmp_39_mid2' <Predicate = (!exitcond_flatten6)> <Delay = 0.80> <Core = "LogicGate">   --->   Core 27 'LogicGate' <Latency = 0> <II = 1> <Delay = 0.80> <FuncUnit> <Opcode : 'and' 'or' 'xor'> <InPorts = 2> <OutPorts = 1>
ST_5 : Operation 75 [1/1] (1.20ns)   --->   "%ii_1 = add i2 1, %ii_mid3" [Group_5/sample.c:1983]   --->   Operation 75 'add' 'ii_1' <Predicate = (!exitcond_flatten6)> <Delay = 1.20> <Core = "AddSub">   --->   Core 14 'AddSub' <Latency = 0> <II = 1> <Delay = 1.80> <FuncUnit> <Opcode : 'add' 'sub'> <InPorts = 2> <OutPorts = 1>
ST_5 : Operation 76 [1/1] (0.00ns) (grouped into LUT with out node jj_mid2)   --->   "%tmp_35 = or i1 %tmp_39_mid2, %exitcond_flatten_mid_4" [Group_5/sample.c:1987]   --->   Operation 76 'or' 'tmp_35' <Predicate = (!exitcond_flatten6)> <Delay = 0.00> <Core = "LogicGate">   --->   Core 27 'LogicGate' <Latency = 0> <II = 1> <Delay = 0.80> <FuncUnit> <Opcode : 'and' 'or' 'xor'> <InPorts = 2> <OutPorts = 1>
ST_5 : Operation 77 [1/1] (0.00ns) (grouped into LUT with out node jj_mid2)   --->   "%tmp_104 = or i1 %tmp_35, %tmp_31" [Group_5/sample.c:1987]   --->   Operation 77 'or' 'tmp_104' <Predicate = (!exitcond_flatten6)> <Delay = 0.00> <Core = "LogicGate">   --->   Core 27 'LogicGate' <Latency = 0> <II = 1> <Delay = 0.80> <FuncUnit> <Opcode : 'and' 'or' 'xor'> <InPorts = 2> <OutPorts = 1>
ST_5 : Operation 78 [1/1] (0.81ns) (out node of the LUT)   --->   "%jj_mid2 = select i1 %tmp_104, i2 0, i2 %jj" [Group_5/sample.c:1987]   --->   Operation 78 'select' 'jj_mid2' <Predicate = (!exitcond_flatten6)> <Delay = 0.81> <Core = "Sel">   --->   Core 26 'Sel' <Latency = 0> <II = 1> <Delay = 0.61> <FuncUnit> <Opcode : 'select'> <InPorts = 3> <OutPorts = 1>
ST_5 : Operation 79 [1/1] (0.00ns)   --->   "%tmp_105 = trunc i2 %ii_1 to i1" [Group_5/sample.c:1983]   --->   Operation 79 'trunc' 'tmp_105' <Predicate = (!exitcond_flatten6)> <Delay = 0.00>
ST_5 : Operation 80 [1/1] (0.00ns) (grouped into LUT with out node newIndex8_cast_mid2)   --->   "%tmp_38_mid1 = call i5 @_ssdm_op_BitConcatenate.i5.i1.i4(i1 %tmp_105, i4 0)" [Group_5/sample.c:1983]   --->   Operation 80 'bitconcatenate' 'tmp_38_mid1' <Predicate = (!exitcond_flatten6)> <Delay = 0.00>
ST_5 : Operation 81 [1/1] (0.98ns) (out node of the LUT)   --->   "%newIndex8_cast_mid2 = select i1 %tmp_39_mid2, i5 %tmp_38_mid1, i5 %newIndex8_cast_mid3" [Group_5/sample.c:1987]   --->   Operation 81 'select' 'newIndex8_cast_mid2' <Predicate = (!exitcond_flatten6)> <Delay = 0.98> <Core = "Sel">   --->   Core 26 'Sel' <Latency = 0> <II = 1> <Delay = 0.61> <FuncUnit> <Opcode : 'select'> <InPorts = 3> <OutPorts = 1>
ST_5 : Operation 82 [1/1] (0.00ns) (grouped into LUT with out node newIndex_cast_mid2)   --->   "%newIndex_mid1 = call i6 @_ssdm_op_BitConcatenate.i6.i3.i1.i2(i3 0, i1 %tmp_105, i2 0)" [Group_5/sample.c:1983]   --->   Operation 82 'bitconcatenate' 'newIndex_mid1' <Predicate = (!exitcond_flatten6)> <Delay = 0.00>
ST_5 : Operation 83 [1/1] (0.58ns) (out node of the LUT)   --->   "%newIndex_cast_mid2 = select i1 %tmp_39_mid2, i6 %newIndex_mid1, i6 %newIndex_cast_mid4" [Group_5/sample.c:1987]   --->   Operation 83 'select' 'newIndex_cast_mid2' <Predicate = (!exitcond_flatten6)> <Delay = 0.58> <Core = "Sel">   --->   Core 26 'Sel' <Latency = 0> <II = 1> <Delay = 0.61> <FuncUnit> <Opcode : 'select'> <InPorts = 3> <OutPorts = 1>
ST_5 : Operation 84 [1/1] (0.81ns)   --->   "%ii_mid2 = select i1 %tmp_39_mid2, i2 %ii_1, i2 %ii_mid3" [Group_5/sample.c:1987]   --->   Operation 84 'select' 'ii_mid2' <Predicate = (!exitcond_flatten6)> <Delay = 0.81> <Core = "Sel">   --->   Core 26 'Sel' <Latency = 0> <II = 1> <Delay = 0.61> <FuncUnit> <Opcode : 'select'> <InPorts = 3> <OutPorts = 1>
ST_5 : Operation 85 [1/1] (1.20ns)   --->   "%jj_1 = add i2 %jj_mid2, 1" [Group_5/sample.c:1987]   --->   Operation 85 'add' 'jj_1' <Predicate = (!exitcond_flatten6)> <Delay = 1.20> <Core = "AddSub">   --->   Core 14 'AddSub' <Latency = 0> <II = 1> <Delay = 1.80> <FuncUnit> <Opcode : 'add' 'sub'> <InPorts = 2> <OutPorts = 1>

State 6 <SV = 5> <Delay = 1.75>
ST_6 : Operation 86 [1/1] (0.00ns)   --->   "%newIndex8_cast_mid2_s = zext i5 %newIndex8_cast_mid2 to i64" [Group_5/sample.c:1987]   --->   Operation 86 'zext' 'newIndex8_cast_mid2_s' <Predicate = (!exitcond_flatten6)> <Delay = 0.00>
ST_6 : Operation 87 [1/1] (0.00ns)   --->   "%A_addr = getelementptr [16 x float]* %A, i64 0, i64 %newIndex8_cast_mid2_s" [Group_5/sample.c:1987]   --->   Operation 87 'getelementptr' 'A_addr' <Predicate = (!exitcond_flatten6)> <Delay = 0.00>
ST_6 : Operation 88 [2/2] (1.75ns)   --->   "%A_load = load float* %A_addr, align 4" [Group_5/sample.c:1987]   --->   Operation 88 'load' 'A_load' <Predicate = (!exitcond_flatten6)> <Delay = 1.75> <Core = "RAM">   --->   Core 37 'RAM' <Latency = 1> <II = 1> <Delay = 1.75> <Storage> <Opcode : 'load' 'store'> <Ports = 2> <Width = 32> <Depth = 4> <RAM>
ST_6 : Operation 89 [1/1] (0.00ns)   --->   "%A8_addr = getelementptr [16 x float]* %A8, i64 0, i64 %newIndex8_cast_mid2_s" [Group_5/sample.c:1987]   --->   Operation 89 'getelementptr' 'A8_addr' <Predicate = (!exitcond_flatten6)> <Delay = 0.00>
ST_6 : Operation 90 [2/2] (1.75ns)   --->   "%A8_load = load float* %A8_addr, align 4" [Group_5/sample.c:1987]   --->   Operation 90 'load' 'A8_load' <Predicate = (!exitcond_flatten6)> <Delay = 1.75> <Core = "RAM">   --->   Core 37 'RAM' <Latency = 1> <II = 1> <Delay = 1.75> <Storage> <Opcode : 'load' 'store'> <Ports = 2> <Width = 32> <Depth = 4> <RAM>

State 7 <SV = 6> <Delay = 2.36>
ST_7 : Operation 91 [1/2] (1.75ns)   --->   "%A_load = load float* %A_addr, align 4" [Group_5/sample.c:1987]   --->   Operation 91 'load' 'A_load' <Predicate = (!exitcond_flatten6)> <Delay = 1.75> <Core = "RAM">   --->   Core 37 'RAM' <Latency = 1> <II = 1> <Delay = 1.75> <Storage> <Opcode : 'load' 'store'> <Ports = 2> <Width = 32> <Depth = 4> <RAM>
ST_7 : Operation 92 [1/1] (0.79ns)   --->   "%sel_tmp_i = icmp eq i2 %jj_mid2, 0" [Group_5/sample.c:1987]   --->   Operation 92 'icmp' 'sel_tmp_i' <Predicate = (!exitcond_flatten6)> <Delay = 0.79> <Core = "Cmp">   --->   Core 25 'Cmp' <Latency = 0> <II = 1> <Delay = 0.79> <FuncUnit> <Opcode : 'icmp'> <InPorts = 2> <OutPorts = 1>
ST_7 : Operation 93 [1/1] (0.79ns)   --->   "%sel_tmp2_i = icmp eq i2 %jj_mid2, 1" [Group_5/sample.c:1987]   --->   Operation 93 'icmp' 'sel_tmp2_i' <Predicate = (!exitcond_flatten6)> <Delay = 0.79> <Core = "Cmp">   --->   Core 25 'Cmp' <Latency = 0> <II = 1> <Delay = 0.79> <FuncUnit> <Opcode : 'icmp'> <InPorts = 2> <OutPorts = 1>
ST_7 : Operation 94 [1/1] (0.00ns) (grouped into LUT with out node sel_tmp5_i)   --->   "%sel_tmp1_i = select i1 %sel_tmp2_i, float 0xBFC1B5A500000000, float 0x3FC4A7A0C0000000" [Group_5/sample.c:1987]   --->   Operation 94 'select' 'sel_tmp1_i' <Predicate = (!exitcond_flatten6)> <Delay = 0.00> <Core = "Sel">   --->   Core 26 'Sel' <Latency = 0> <II = 1> <Delay = 0.61> <FuncUnit> <Opcode : 'select'> <InPorts = 3> <OutPorts = 1>
ST_7 : Operation 95 [1/1] (0.80ns)   --->   "%tmp_s = or i1 %sel_tmp2_i, %sel_tmp_i" [Group_5/sample.c:1987]   --->   Operation 95 'or' 'tmp_s' <Predicate = (!exitcond_flatten6)> <Delay = 0.80> <Core = "LogicGate">   --->   Core 27 'LogicGate' <Latency = 0> <II = 1> <Delay = 0.80> <FuncUnit> <Opcode : 'and' 'or' 'xor'> <InPorts = 2> <OutPorts = 1>
ST_7 : Operation 96 [1/1] (0.77ns) (out node of the LUT)   --->   "%sel_tmp5_i = select i1 %tmp_s, float %sel_tmp1_i, float 0xBFBA9F4B20000000" [Group_5/sample.c:1987]   --->   Operation 96 'select' 'sel_tmp5_i' <Predicate = (!exitcond_flatten6)> <Delay = 0.77> <Core = "Sel">   --->   Core 26 'Sel' <Latency = 0> <II = 1> <Delay = 0.61> <FuncUnit> <Opcode : 'select'> <InPorts = 3> <OutPorts = 1>
ST_7 : Operation 97 [1/2] (1.75ns)   --->   "%A8_load = load float* %A8_addr, align 4" [Group_5/sample.c:1987]   --->   Operation 97 'load' 'A8_load' <Predicate = (!exitcond_flatten6)> <Delay = 1.75> <Core = "RAM">   --->   Core 37 'RAM' <Latency = 1> <II = 1> <Delay = 1.75> <Storage> <Opcode : 'load' 'store'> <Ports = 2> <Width = 32> <Depth = 4> <RAM>
ST_7 : Operation 98 [1/1] (0.00ns) (grouped into LUT with out node sel_tmp5_i2)   --->   "%sel_tmp1_i2 = select i1 %sel_tmp2_i, float 0xBFC3A66B80000000, float 0x3FC1F31280000000" [Group_5/sample.c:1987]   --->   Operation 98 'select' 'sel_tmp1_i2' <Predicate = (!exitcond_flatten6)> <Delay = 0.00> <Core = "Sel">   --->   Core 26 'Sel' <Latency = 0> <II = 1> <Delay = 0.61> <FuncUnit> <Opcode : 'select'> <InPorts = 3> <OutPorts = 1>
ST_7 : Operation 99 [1/1] (0.77ns) (out node of the LUT)   --->   "%sel_tmp5_i2 = select i1 %tmp_s, float %sel_tmp1_i2, float 0xBF86FA37E0000000" [Group_5/sample.c:1987]   --->   Operation 99 'select' 'sel_tmp5_i2' <Predicate = (!exitcond_flatten6)> <Delay = 0.77> <Core = "Sel">   --->   Core 26 'Sel' <Latency = 0> <II = 1> <Delay = 0.61> <FuncUnit> <Opcode : 'select'> <InPorts = 3> <OutPorts = 1>

State 8 <SV = 7> <Delay = 3.65>
ST_8 : Operation 100 [5/5] (3.65ns)   --->   "%tmp_40 = fmul float %A_load, %sel_tmp5_i" [Group_5/sample.c:1996]   --->   Operation 100 'fmul' 'tmp_40' <Predicate = (!exitcond_flatten6)> <Delay = 3.65> <Core = "FMul">   --->   Core 100 'FMul' <Latency = 4> <II = 1> <Delay = 3.65> <FuncUnit> <Opcode : 'fmul'> <InPorts = 2> <OutPorts = 1>
ST_8 : Operation 101 [5/5] (3.65ns)   --->   "%tmp_53_1 = fmul float %A8_load, %sel_tmp5_i2" [Group_5/sample.c:1996]   --->   Operation 101 'fmul' 'tmp_53_1' <Predicate = (!exitcond_flatten6)> <Delay = 3.65> <Core = "FMul">   --->   Core 100 'FMul' <Latency = 4> <II = 1> <Delay = 3.65> <FuncUnit> <Opcode : 'fmul'> <InPorts = 2> <OutPorts = 1>

State 9 <SV = 8> <Delay = 3.65>
ST_9 : Operation 102 [4/5] (3.65ns)   --->   "%tmp_40 = fmul float %A_load, %sel_tmp5_i" [Group_5/sample.c:1996]   --->   Operation 102 'fmul' 'tmp_40' <Predicate = (!exitcond_flatten6)> <Delay = 3.65> <Core = "FMul">   --->   Core 100 'FMul' <Latency = 4> <II = 1> <Delay = 3.65> <FuncUnit> <Opcode : 'fmul'> <InPorts = 2> <OutPorts = 1>
ST_9 : Operation 103 [4/5] (3.65ns)   --->   "%tmp_53_1 = fmul float %A8_load, %sel_tmp5_i2" [Group_5/sample.c:1996]   --->   Operation 103 'fmul' 'tmp_53_1' <Predicate = (!exitcond_flatten6)> <Delay = 3.65> <Core = "FMul">   --->   Core 100 'FMul' <Latency = 4> <II = 1> <Delay = 3.65> <FuncUnit> <Opcode : 'fmul'> <InPorts = 2> <OutPorts = 1>

State 10 <SV = 9> <Delay = 3.65>
ST_10 : Operation 104 [3/5] (3.65ns)   --->   "%tmp_40 = fmul float %A_load, %sel_tmp5_i" [Group_5/sample.c:1996]   --->   Operation 104 'fmul' 'tmp_40' <Predicate = (!exitcond_flatten6)> <Delay = 3.65> <Core = "FMul">   --->   Core 100 'FMul' <Latency = 4> <II = 1> <Delay = 3.65> <FuncUnit> <Opcode : 'fmul'> <InPorts = 2> <OutPorts = 1>
ST_10 : Operation 105 [3/5] (3.65ns)   --->   "%tmp_53_1 = fmul float %A8_load, %sel_tmp5_i2" [Group_5/sample.c:1996]   --->   Operation 105 'fmul' 'tmp_53_1' <Predicate = (!exitcond_flatten6)> <Delay = 3.65> <Core = "FMul">   --->   Core 100 'FMul' <Latency = 4> <II = 1> <Delay = 3.65> <FuncUnit> <Opcode : 'fmul'> <InPorts = 2> <OutPorts = 1>

State 11 <SV = 10> <Delay = 3.65>
ST_11 : Operation 106 [1/1] (0.00ns)   --->   "%jj_cast = zext i2 %jj_mid2 to i64" [Group_5/sample.c:1987]   --->   Operation 106 'zext' 'jj_cast' <Predicate = (!exitcond_flatten6)> <Delay = 0.00>
ST_11 : Operation 107 [1/1] (0.00ns)   --->   "%d_addr = getelementptr [32 x float]* %d, i64 0, i64 %jj_cast" [Group_5/sample.c:1990]   --->   Operation 107 'getelementptr' 'd_addr' <Predicate = (!exitcond_flatten6)> <Delay = 0.00>
ST_11 : Operation 108 [2/2] (2.77ns)   --->   "%sum = load float* %d_addr, align 4" [Group_5/sample.c:1990]   --->   Operation 108 'load' 'sum' <Predicate = (!exitcond_flatten6)> <Delay = 2.77> <Core = "RAM">   --->   Core 37 'RAM' <Latency = 1> <II = 1> <Delay = 1.75> <Storage> <Opcode : 'load' 'store'> <Ports = 2> <Width = 32> <Depth = 4> <RAM>
ST_11 : Operation 109 [2/5] (3.65ns)   --->   "%tmp_40 = fmul float %A_load, %sel_tmp5_i" [Group_5/sample.c:1996]   --->   Operation 109 'fmul' 'tmp_40' <Predicate = (!exitcond_flatten6)> <Delay = 3.65> <Core = "FMul">   --->   Core 100 'FMul' <Latency = 4> <II = 1> <Delay = 3.65> <FuncUnit> <Opcode : 'fmul'> <InPorts = 2> <OutPorts = 1>
ST_11 : Operation 110 [2/5] (3.65ns)   --->   "%tmp_53_1 = fmul float %A8_load, %sel_tmp5_i2" [Group_5/sample.c:1996]   --->   Operation 110 'fmul' 'tmp_53_1' <Predicate = (!exitcond_flatten6)> <Delay = 3.65> <Core = "FMul">   --->   Core 100 'FMul' <Latency = 4> <II = 1> <Delay = 3.65> <FuncUnit> <Opcode : 'fmul'> <InPorts = 2> <OutPorts = 1>
ST_11 : Operation 111 [1/1] (1.00ns)   --->   "switch i2 %jj_mid2, label %branch7 [
    i2 0, label %branch0
    i2 1, label %branch1
  ]" [Group_5/sample.c:1998]   --->   Operation 111 'switch' <Predicate = (!exitcond_flatten6)> <Delay = 1.00>

State 12 <SV = 11> <Delay = 3.65>
ST_12 : Operation 112 [1/2] (2.77ns)   --->   "%sum = load float* %d_addr, align 4" [Group_5/sample.c:1990]   --->   Operation 112 'load' 'sum' <Predicate = (!exitcond_flatten6)> <Delay = 2.77> <Core = "RAM">   --->   Core 37 'RAM' <Latency = 1> <II = 1> <Delay = 1.75> <Storage> <Opcode : 'load' 'store'> <Ports = 2> <Width = 32> <Depth = 4> <RAM>
ST_12 : Operation 113 [1/5] (3.65ns)   --->   "%tmp_40 = fmul float %A_load, %sel_tmp5_i" [Group_5/sample.c:1996]   --->   Operation 113 'fmul' 'tmp_40' <Predicate = (!exitcond_flatten6)> <Delay = 3.65> <Core = "FMul">   --->   Core 100 'FMul' <Latency = 4> <II = 1> <Delay = 3.65> <FuncUnit> <Opcode : 'fmul'> <InPorts = 2> <OutPorts = 1>
ST_12 : Operation 114 [1/5] (3.65ns)   --->   "%tmp_53_1 = fmul float %A8_load, %sel_tmp5_i2" [Group_5/sample.c:1996]   --->   Operation 114 'fmul' 'tmp_53_1' <Predicate = (!exitcond_flatten6)> <Delay = 3.65> <Core = "FMul">   --->   Core 100 'FMul' <Latency = 4> <II = 1> <Delay = 3.65> <FuncUnit> <Opcode : 'fmul'> <InPorts = 2> <OutPorts = 1>

State 13 <SV = 12> <Delay = 3.51>
ST_13 : Operation 115 [9/9] (3.51ns)   --->   "%sum_6 = fadd float %sum, %tmp_40" [Group_5/sample.c:1996]   --->   Operation 115 'fadd' 'sum_6' <Predicate = (!exitcond_flatten6)> <Delay = 3.51> <Core = "FAddSub">   --->   Core 99 'FAddSub' <Latency = 8> <II = 1> <Delay = 3.51> <FuncUnit> <Opcode : 'fadd' 'fsub'> <InPorts = 2> <OutPorts = 1>

State 14 <SV = 13> <Delay = 3.51>
ST_14 : Operation 116 [8/9] (3.51ns)   --->   "%sum_6 = fadd float %sum, %tmp_40" [Group_5/sample.c:1996]   --->   Operation 116 'fadd' 'sum_6' <Predicate = (!exitcond_flatten6)> <Delay = 3.51> <Core = "FAddSub">   --->   Core 99 'FAddSub' <Latency = 8> <II = 1> <Delay = 3.51> <FuncUnit> <Opcode : 'fadd' 'fsub'> <InPorts = 2> <OutPorts = 1>

State 15 <SV = 14> <Delay = 3.51>
ST_15 : Operation 117 [7/9] (3.51ns)   --->   "%sum_6 = fadd float %sum, %tmp_40" [Group_5/sample.c:1996]   --->   Operation 117 'fadd' 'sum_6' <Predicate = (!exitcond_flatten6)> <Delay = 3.51> <Core = "FAddSub">   --->   Core 99 'FAddSub' <Latency = 8> <II = 1> <Delay = 3.51> <FuncUnit> <Opcode : 'fadd' 'fsub'> <InPorts = 2> <OutPorts = 1>

State 16 <SV = 15> <Delay = 3.51>
ST_16 : Operation 118 [6/9] (3.51ns)   --->   "%sum_6 = fadd float %sum, %tmp_40" [Group_5/sample.c:1996]   --->   Operation 118 'fadd' 'sum_6' <Predicate = (!exitcond_flatten6)> <Delay = 3.51> <Core = "FAddSub">   --->   Core 99 'FAddSub' <Latency = 8> <II = 1> <Delay = 3.51> <FuncUnit> <Opcode : 'fadd' 'fsub'> <InPorts = 2> <OutPorts = 1>

State 17 <SV = 16> <Delay = 3.51>
ST_17 : Operation 119 [5/9] (3.51ns)   --->   "%sum_6 = fadd float %sum, %tmp_40" [Group_5/sample.c:1996]   --->   Operation 119 'fadd' 'sum_6' <Predicate = (!exitcond_flatten6)> <Delay = 3.51> <Core = "FAddSub">   --->   Core 99 'FAddSub' <Latency = 8> <II = 1> <Delay = 3.51> <FuncUnit> <Opcode : 'fadd' 'fsub'> <InPorts = 2> <OutPorts = 1>

State 18 <SV = 17> <Delay = 3.51>
ST_18 : Operation 120 [4/9] (3.51ns)   --->   "%sum_6 = fadd float %sum, %tmp_40" [Group_5/sample.c:1996]   --->   Operation 120 'fadd' 'sum_6' <Predicate = (!exitcond_flatten6)> <Delay = 3.51> <Core = "FAddSub">   --->   Core 99 'FAddSub' <Latency = 8> <II = 1> <Delay = 3.51> <FuncUnit> <Opcode : 'fadd' 'fsub'> <InPorts = 2> <OutPorts = 1>

State 19 <SV = 18> <Delay = 3.51>
ST_19 : Operation 121 [3/9] (3.51ns)   --->   "%sum_6 = fadd float %sum, %tmp_40" [Group_5/sample.c:1996]   --->   Operation 121 'fadd' 'sum_6' <Predicate = (!exitcond_flatten6)> <Delay = 3.51> <Core = "FAddSub">   --->   Core 99 'FAddSub' <Latency = 8> <II = 1> <Delay = 3.51> <FuncUnit> <Opcode : 'fadd' 'fsub'> <InPorts = 2> <OutPorts = 1>

State 20 <SV = 19> <Delay = 3.51>
ST_20 : Operation 122 [2/9] (3.51ns)   --->   "%sum_6 = fadd float %sum, %tmp_40" [Group_5/sample.c:1996]   --->   Operation 122 'fadd' 'sum_6' <Predicate = (!exitcond_flatten6)> <Delay = 3.51> <Core = "FAddSub">   --->   Core 99 'FAddSub' <Latency = 8> <II = 1> <Delay = 3.51> <FuncUnit> <Opcode : 'fadd' 'fsub'> <InPorts = 2> <OutPorts = 1>

State 21 <SV = 20> <Delay = 3.51>
ST_21 : Operation 123 [1/9] (3.51ns)   --->   "%sum_6 = fadd float %sum, %tmp_40" [Group_5/sample.c:1996]   --->   Operation 123 'fadd' 'sum_6' <Predicate = (!exitcond_flatten6)> <Delay = 3.51> <Core = "FAddSub">   --->   Core 99 'FAddSub' <Latency = 8> <II = 1> <Delay = 3.51> <FuncUnit> <Opcode : 'fadd' 'fsub'> <InPorts = 2> <OutPorts = 1>

State 22 <SV = 21> <Delay = 3.51>
ST_22 : Operation 124 [9/9] (3.51ns)   --->   "%sum_6_1 = fadd float %sum_6, %tmp_53_1" [Group_5/sample.c:1996]   --->   Operation 124 'fadd' 'sum_6_1' <Predicate = (!exitcond_flatten6)> <Delay = 3.51> <Core = "FAddSub">   --->   Core 99 'FAddSub' <Latency = 8> <II = 1> <Delay = 3.51> <FuncUnit> <Opcode : 'fadd' 'fsub'> <InPorts = 2> <OutPorts = 1>

State 23 <SV = 22> <Delay = 3.51>
ST_23 : Operation 125 [8/9] (3.51ns)   --->   "%sum_6_1 = fadd float %sum_6, %tmp_53_1" [Group_5/sample.c:1996]   --->   Operation 125 'fadd' 'sum_6_1' <Predicate = (!exitcond_flatten6)> <Delay = 3.51> <Core = "FAddSub">   --->   Core 99 'FAddSub' <Latency = 8> <II = 1> <Delay = 3.51> <FuncUnit> <Opcode : 'fadd' 'fsub'> <InPorts = 2> <OutPorts = 1>

State 24 <SV = 23> <Delay = 3.51>
ST_24 : Operation 126 [7/9] (3.51ns)   --->   "%sum_6_1 = fadd float %sum_6, %tmp_53_1" [Group_5/sample.c:1996]   --->   Operation 126 'fadd' 'sum_6_1' <Predicate = (!exitcond_flatten6)> <Delay = 3.51> <Core = "FAddSub">   --->   Core 99 'FAddSub' <Latency = 8> <II = 1> <Delay = 3.51> <FuncUnit> <Opcode : 'fadd' 'fsub'> <InPorts = 2> <OutPorts = 1>

State 25 <SV = 24> <Delay = 3.51>
ST_25 : Operation 127 [6/9] (3.51ns)   --->   "%sum_6_1 = fadd float %sum_6, %tmp_53_1" [Group_5/sample.c:1996]   --->   Operation 127 'fadd' 'sum_6_1' <Predicate = (!exitcond_flatten6)> <Delay = 3.51> <Core = "FAddSub">   --->   Core 99 'FAddSub' <Latency = 8> <II = 1> <Delay = 3.51> <FuncUnit> <Opcode : 'fadd' 'fsub'> <InPorts = 2> <OutPorts = 1>

State 26 <SV = 25> <Delay = 3.51>
ST_26 : Operation 128 [5/9] (3.51ns)   --->   "%sum_6_1 = fadd float %sum_6, %tmp_53_1" [Group_5/sample.c:1996]   --->   Operation 128 'fadd' 'sum_6_1' <Predicate = (!exitcond_flatten6)> <Delay = 3.51> <Core = "FAddSub">   --->   Core 99 'FAddSub' <Latency = 8> <II = 1> <Delay = 3.51> <FuncUnit> <Opcode : 'fadd' 'fsub'> <InPorts = 2> <OutPorts = 1>

State 27 <SV = 26> <Delay = 3.51>
ST_27 : Operation 129 [4/9] (3.51ns)   --->   "%sum_6_1 = fadd float %sum_6, %tmp_53_1" [Group_5/sample.c:1996]   --->   Operation 129 'fadd' 'sum_6_1' <Predicate = (!exitcond_flatten6)> <Delay = 3.51> <Core = "FAddSub">   --->   Core 99 'FAddSub' <Latency = 8> <II = 1> <Delay = 3.51> <FuncUnit> <Opcode : 'fadd' 'fsub'> <InPorts = 2> <OutPorts = 1>

State 28 <SV = 27> <Delay = 3.51>
ST_28 : Operation 130 [3/9] (3.51ns)   --->   "%sum_6_1 = fadd float %sum_6, %tmp_53_1" [Group_5/sample.c:1996]   --->   Operation 130 'fadd' 'sum_6_1' <Predicate = (!exitcond_flatten6)> <Delay = 3.51> <Core = "FAddSub">   --->   Core 99 'FAddSub' <Latency = 8> <II = 1> <Delay = 3.51> <FuncUnit> <Opcode : 'fadd' 'fsub'> <InPorts = 2> <OutPorts = 1>

State 29 <SV = 28> <Delay = 3.51>
ST_29 : Operation 131 [2/9] (3.51ns)   --->   "%sum_6_1 = fadd float %sum_6, %tmp_53_1" [Group_5/sample.c:1996]   --->   Operation 131 'fadd' 'sum_6_1' <Predicate = (!exitcond_flatten6)> <Delay = 3.51> <Core = "FAddSub">   --->   Core 99 'FAddSub' <Latency = 8> <II = 1> <Delay = 3.51> <FuncUnit> <Opcode : 'fadd' 'fsub'> <InPorts = 2> <OutPorts = 1>

State 30 <SV = 29> <Delay = 3.51>
ST_30 : Operation 132 [1/9] (3.51ns)   --->   "%sum_6_1 = fadd float %sum_6, %tmp_53_1" [Group_5/sample.c:1996]   --->   Operation 132 'fadd' 'sum_6_1' <Predicate = (!exitcond_flatten6)> <Delay = 3.51> <Core = "FAddSub">   --->   Core 99 'FAddSub' <Latency = 8> <II = 1> <Delay = 3.51> <FuncUnit> <Opcode : 'fadd' 'fsub'> <InPorts = 2> <OutPorts = 1>

State 31 <SV = 30> <Delay = 1.75>
ST_31 : Operation 133 [1/1] (0.00ns)   --->   "%newIndex_cast_mid2_c = zext i6 %newIndex_cast_mid2 to i64" [Group_5/sample.c:1987]   --->   Operation 133 'zext' 'newIndex_cast_mid2_c' <Predicate = (!exitcond_flatten6)> <Delay = 0.00>
ST_31 : Operation 134 [1/1] (0.00ns)   --->   "%tmp = call i32 (...)* @_ssdm_op_SpecRegionBegin([13 x i8]* @p_str24)" [Group_5/sample.c:1988]   --->   Operation 134 'specregionbegin' 'tmp' <Predicate = (!exitcond_flatten6)> <Delay = 0.00>
ST_31 : Operation 135 [1/1] (0.00ns)   --->   "call void (...)* @_ssdm_op_SpecPipeline(i32 1, i32 1, i32 1, i32 0, [1 x i8]* @p_str1) nounwind" [Group_5/sample.c:1991]   --->   Operation 135 'specpipeline' <Predicate = (!exitcond_flatten6)> <Delay = 0.00>
ST_31 : Operation 136 [1/1] (0.00ns)   --->   "%C1_addr = getelementptr [4 x float]* %C1, i64 0, i64 %newIndex_cast_mid2_c" [Group_5/sample.c:1998]   --->   Operation 136 'getelementptr' 'C1_addr' <Predicate = (jj_mid2 == 1)> <Delay = 0.00>
ST_31 : Operation 137 [1/1] (1.75ns)   --->   "store float %sum_6_1, float* %C1_addr, align 4" [Group_5/sample.c:1998]   --->   Operation 137 'store' <Predicate = (jj_mid2 == 1)> <Delay = 1.75> <Core = "RAM">   --->   Core 37 'RAM' <Latency = 1> <II = 1> <Delay = 1.75> <Storage> <Opcode : 'load' 'store'> <Ports = 2> <Width = 32> <Depth = 4> <RAM>
ST_31 : Operation 138 [1/1] (0.00ns)   --->   "br label %1" [Group_5/sample.c:1998]   --->   Operation 138 'br' <Predicate = (jj_mid2 == 1)> <Delay = 0.00>
ST_31 : Operation 139 [1/1] (0.00ns)   --->   "%C_addr = getelementptr [4 x float]* %C, i64 0, i64 %newIndex_cast_mid2_c" [Group_5/sample.c:1998]   --->   Operation 139 'getelementptr' 'C_addr' <Predicate = (jj_mid2 == 0)> <Delay = 0.00>
ST_31 : Operation 140 [1/1] (1.75ns)   --->   "store float %sum_6_1, float* %C_addr, align 4" [Group_5/sample.c:1998]   --->   Operation 140 'store' <Predicate = (jj_mid2 == 0)> <Delay = 1.75> <Core = "RAM">   --->   Core 37 'RAM' <Latency = 1> <II = 1> <Delay = 1.75> <Storage> <Opcode : 'load' 'store'> <Ports = 2> <Width = 32> <Depth = 4> <RAM>
ST_31 : Operation 141 [1/1] (0.00ns)   --->   "br label %1" [Group_5/sample.c:1998]   --->   Operation 141 'br' <Predicate = (jj_mid2 == 0)> <Delay = 0.00>
ST_31 : Operation 142 [1/1] (0.00ns)   --->   "%C7_addr = getelementptr [4 x float]* %C7, i64 0, i64 %newIndex_cast_mid2_c" [Group_5/sample.c:1998]   --->   Operation 142 'getelementptr' 'C7_addr' <Predicate = (jj_mid2 != 0 & jj_mid2 != 1)> <Delay = 0.00>
ST_31 : Operation 143 [1/1] (1.75ns)   --->   "store float %sum_6_1, float* %C7_addr, align 4" [Group_5/sample.c:1998]   --->   Operation 143 'store' <Predicate = (jj_mid2 != 0 & jj_mid2 != 1)> <Delay = 1.75> <Core = "RAM">   --->   Core 37 'RAM' <Latency = 1> <II = 1> <Delay = 1.75> <Storage> <Opcode : 'load' 'store'> <Ports = 2> <Width = 32> <Depth = 4> <RAM>
ST_31 : Operation 144 [1/1] (0.00ns)   --->   "br label %1" [Group_5/sample.c:1998]   --->   Operation 144 'br' <Predicate = (jj_mid2 != 0 & jj_mid2 != 1)> <Delay = 0.00>
ST_31 : Operation 145 [1/1] (0.00ns)   --->   "%empty = call i32 (...)* @_ssdm_op_SpecRegionEnd([13 x i8]* @p_str24, i32 %tmp)" [Group_5/sample.c:1999]   --->   Operation 145 'specregionend' 'empty' <Predicate = (!exitcond_flatten6)> <Delay = 0.00>
ST_31 : Operation 146 [1/1] (0.00ns)   --->   "br label %0" [Group_5/sample.c:1987]   --->   Operation 146 'br' <Predicate = (!exitcond_flatten6)> <Delay = 0.00>

State 32 <SV = 5> <Delay = 0.00>
ST_32 : Operation 147 [1/1] (0.00ns)   --->   "ret void" [Group_5/sample.c:2006]   --->   Operation 147 'ret' <Predicate = true> <Delay = 0.00>


============================================================
+ Verbose Summary: Timing violations
============================================================
Target clock period: 5ns, clock uncertainty: 0.625ns.

 <State 1>: 1.35ns
The critical path consists of the following:
	multiplexor before 'phi' operation ('indvar_flatten4') with incoming values : ('indvar_flatten_next6') [13]  (1.35 ns)

 <State 2>: 2.43ns
The critical path consists of the following:
	'phi' operation ('indvar_flatten5') with incoming values : ('indvar_flatten_next5') [14]  (0 ns)
	'add' operation ('indvar_flatten65_op') [98]  (1.81 ns)
	'select' operation ('indvar_flatten_next5') [99]  (0.616 ns)

 <State 3>: 4.09ns
The critical path consists of the following:
	'phi' operation ('indvar_flatten6', Group_5/sample.c:1987) with incoming values : ('indvar_flatten_next4', Group_5/sample.c:1987) [15]  (0 ns)
	'icmp' operation ('exitcond_flatten4', Group_5/sample.c:1987) [32]  (1.43 ns)
	'and' operation ('exitcond_flatten33_m', Group_5/sample.c:1987) [33]  (0.8 ns)
	'or' operation ('tmp_31', Group_5/sample.c:1987) [34]  (0.8 ns)
	'select' operation ('indvar_flatten_next4', Group_5/sample.c:1987) [97]  (1.06 ns)

 <State 4>: 3.62ns
The critical path consists of the following:
	'phi' operation ('indvar_flatten', Group_5/sample.c:1987) with incoming values : ('indvar_flatten_next', Group_5/sample.c:1987) [16]  (0 ns)
	'icmp' operation ('exitcond_flatten3', Group_5/sample.c:1987) [30]  (1.21 ns)
	'and' operation ('exitcond_flatten_mid', Group_5/sample.c:1987) [31]  (0 ns)
	'and' operation ('exitcond_flatten_mid_4', Group_5/sample.c:1987) [38]  (0.8 ns)
	'or' operation ('tmp_32', Group_5/sample.c:1987) [39]  (0 ns)
	'or' operation ('tmp_103', Group_5/sample.c:1987) [40]  (0.8 ns)
	'select' operation ('indvar_flatten_next', Group_5/sample.c:1987) [95]  (0.806 ns)

 <State 5>: 3.61ns
The critical path consists of the following:
	'phi' operation ('jj') with incoming values : ('jj', Group_5/sample.c:1987) [18]  (0 ns)
	'icmp' operation ('tmp_55', Group_5/sample.c:1987) [28]  (0.794 ns)
	'and' operation ('tmp_39_mid', Group_5/sample.c:1987) [29]  (0 ns)
	'and' operation ('tmp_39_mid1', Group_5/sample.c:1987) [37]  (0 ns)
	'and' operation ('tmp_39_mid2', Group_5/sample.c:1987) [45]  (0.8 ns)
	'or' operation ('tmp_35', Group_5/sample.c:1987) [47]  (0 ns)
	'or' operation ('tmp_104', Group_5/sample.c:1987) [48]  (0 ns)
	'select' operation ('jj_mid2', Group_5/sample.c:1987) [49]  (0.813 ns)
	'add' operation ('jj', Group_5/sample.c:1987) [93]  (1.2 ns)

 <State 6>: 1.75ns
The critical path consists of the following:
	'getelementptr' operation ('A_addr', Group_5/sample.c:1987) [63]  (0 ns)
	'load' operation ('A_load', Group_5/sample.c:1987) on array 'A' [64]  (1.75 ns)

 <State 7>: 2.37ns
The critical path consists of the following:
	'icmp' operation ('sel_tmp_i', Group_5/sample.c:1987) [65]  (0.794 ns)
	'or' operation ('tmp_s', Group_5/sample.c:1987) [68]  (0.8 ns)
	'select' operation ('sel_tmp5_i2', Group_5/sample.c:1987) [75]  (0.773 ns)

 <State 8>: 3.66ns
The critical path consists of the following:
	'fmul' operation ('tmp_40', Group_5/sample.c:1996) [70]  (3.66 ns)

 <State 9>: 3.66ns
The critical path consists of the following:
	'fmul' operation ('tmp_40', Group_5/sample.c:1996) [70]  (3.66 ns)

 <State 10>: 3.66ns
The critical path consists of the following:
	'fmul' operation ('tmp_40', Group_5/sample.c:1996) [70]  (3.66 ns)

 <State 11>: 3.66ns
The critical path consists of the following:
	'fmul' operation ('tmp_40', Group_5/sample.c:1996) [70]  (3.66 ns)

 <State 12>: 3.66ns
The critical path consists of the following:
	'fmul' operation ('tmp_40', Group_5/sample.c:1996) [70]  (3.66 ns)

 <State 13>: 3.51ns
The critical path consists of the following:
	'fadd' operation ('sum_6', Group_5/sample.c:1996) [71]  (3.51 ns)

 <State 14>: 3.51ns
The critical path consists of the following:
	'fadd' operation ('sum_6', Group_5/sample.c:1996) [71]  (3.51 ns)

 <State 15>: 3.51ns
The critical path consists of the following:
	'fadd' operation ('sum_6', Group_5/sample.c:1996) [71]  (3.51 ns)

 <State 16>: 3.51ns
The critical path consists of the following:
	'fadd' operation ('sum_6', Group_5/sample.c:1996) [71]  (3.51 ns)

 <State 17>: 3.51ns
The critical path consists of the following:
	'fadd' operation ('sum_6', Group_5/sample.c:1996) [71]  (3.51 ns)

 <State 18>: 3.51ns
The critical path consists of the following:
	'fadd' operation ('sum_6', Group_5/sample.c:1996) [71]  (3.51 ns)

 <State 19>: 3.51ns
The critical path consists of the following:
	'fadd' operation ('sum_6', Group_5/sample.c:1996) [71]  (3.51 ns)

 <State 20>: 3.51ns
The critical path consists of the following:
	'fadd' operation ('sum_6', Group_5/sample.c:1996) [71]  (3.51 ns)

 <State 21>: 3.51ns
The critical path consists of the following:
	'fadd' operation ('sum_6', Group_5/sample.c:1996) [71]  (3.51 ns)

 <State 22>: 3.51ns
The critical path consists of the following:
	'fadd' operation ('sum_6_1', Group_5/sample.c:1996) [77]  (3.51 ns)

 <State 23>: 3.51ns
The critical path consists of the following:
	'fadd' operation ('sum_6_1', Group_5/sample.c:1996) [77]  (3.51 ns)

 <State 24>: 3.51ns
The critical path consists of the following:
	'fadd' operation ('sum_6_1', Group_5/sample.c:1996) [77]  (3.51 ns)

 <State 25>: 3.51ns
The critical path consists of the following:
	'fadd' operation ('sum_6_1', Group_5/sample.c:1996) [77]  (3.51 ns)

 <State 26>: 3.51ns
The critical path consists of the following:
	'fadd' operation ('sum_6_1', Group_5/sample.c:1996) [77]  (3.51 ns)

 <State 27>: 3.51ns
The critical path consists of the following:
	'fadd' operation ('sum_6_1', Group_5/sample.c:1996) [77]  (3.51 ns)

 <State 28>: 3.51ns
The critical path consists of the following:
	'fadd' operation ('sum_6_1', Group_5/sample.c:1996) [77]  (3.51 ns)

 <State 29>: 3.51ns
The critical path consists of the following:
	'fadd' operation ('sum_6_1', Group_5/sample.c:1996) [77]  (3.51 ns)

 <State 30>: 3.51ns
The critical path consists of the following:
	'fadd' operation ('sum_6_1', Group_5/sample.c:1996) [77]  (3.51 ns)

 <State 31>: 1.75ns
The critical path consists of the following:
	'getelementptr' operation ('C1_addr', Group_5/sample.c:1998) [80]  (0 ns)
	'store' operation (Group_5/sample.c:1998) of variable 'sum_6_1', Group_5/sample.c:1996 on array 'C1' [81]  (1.75 ns)

 <State 32>: 0ns
The critical path consists of the following:


============================================================
+ Verbose Summary: Binding
============================================================
N/A
* FSMD analyzer results:
  - Output states:
 - Input state : 
  - Chain level:
	State 1
	State 2
	State 3
	State 4
	State 5
	State 6
	State 7
	State 8
	State 9
	State 10
	State 11
	State 12
	State 13
	State 14
	State 15
	State 16
	State 17
	State 18
	State 19
	State 20
	State 21
	State 22
	State 23
	State 24
	State 25
	State 26
	State 27
	State 28
	State 29
	State 30
	State 31
	State 32


============================================================
+ Verbose Summary: Datapath Resource usage 
============================================================
N/A
