

================================================================
== Vivado HLS Report for 'k2c_dot_3'
================================================================
* Date:           Tue Apr 23 22:38:22 2024

* Version:        2018.2 (Build 2258646 on Thu Jun 14 20:25:20 MDT 2018)
* Project:        Group_5
* Solution:       Latency_3
* Product family: artix7
* Target device:  xc7a200tfbg676-2


================================================================
== Performance Estimates
================================================================
+ Timing (ns): 
    * Summary: 
    +--------+-------+----------+------------+
    |  Clock | Target| Estimated| Uncertainty|
    +--------+-------+----------+------------+
    |ap_clk  |   5.00|     4.372|        0.62|
    +--------+-------+----------+------------+

+ Latency (clock cycles): 
    * Summary: 
    +-----+-----+-----+-----+---------+
    |  Latency  |  Interval | Pipeline|
    | min | max | min | max |   Type  |
    +-----+-----+-----+-----+---------+
    |    ?|    ?|    ?|    ?|   none  |
    +-----+-----+-----+-----+---------+

    + Detail: 
        * Instance: 
        +------------------------+-------------+-----+-----+-----+-----+---------+
        |                        |             |  Latency  |  Interval | Pipeline|
        |        Instance        |    Module   | min | max | min | max |   Type  |
        +------------------------+-------------+-----+-----+-----+-----+---------+
        |grp_k2c_idx2sub_fu_977  |k2c_idx2sub  |    ?|    ?|    ?|    ?|   none  |
        |grp_k2c_sub2idx_fu_989  |k2c_sub2idx  |    ?|    ?|    ?|    ?|   none  |
        +------------------------+-------------+-----+-----+-----+-----+---------+

        * Loop: 
        +------------------+-----+-----+----------+-----------+-----------+------+----------+
        |                  |  Latency  | Iteration|  Initiation Interval  | Trip |          |
        |     Loop Name    | min | max |  Latency |  achieved |   target  | Count| Pipelined|
        +------------------+-----+-----+----------+-----------+-----------+------+----------+
        |- Loop 1          |    ?|    ?|         4|          -|          -|     ?|    no    |
        |- Loop 2          |    ?|    ?|         2|          -|          -|     ?|    no    |
        |- Loop 3          |    ?|    ?|         3|          -|          -|     ?|    no    |
        |- Loop 4          |    ?|    ?|         1|          -|          -|     ?|    no    |
        |- Loop 5          |    ?|    ?|         3|          -|          -|     ?|    no    |
        |- Loop 6          |    ?|    ?|         9|          -|          -|     ?|    no    |
        |- Loop 7          |    ?|    ?|         9|          -|          -|     ?|    no    |
        |- Loop 8          |    ?|    ?|         ?|          -|          -|     ?|    no    |
        | + Loop 8.1       |    ?|    ?|         5|          -|          -|     ?|    no    |
        |- Loop 9          |    ?|    ?|         ?|          -|          -|     ?|    no    |
        | + Loop 9.1       |    ?|    ?|         5|          -|          -|     ?|    no    |
        |- Loop 10         |    ?|    ?|         1|          -|          -|     ?|    no    |
        |- Loop 11         |    ?|    ?|         ?|          -|          -|     ?|    no    |
        | + Loop 11.1      |    ?|    ?|         ?|          -|          -|     ?|    no    |
        |  ++ Loop 11.1.1  |    ?|    ?|        18|          -|          -|     ?|    no    |
        +------------------+-----+-----+----------+-----------+-----------+------+----------+



================================================================
== Utilization Estimates
================================================================
* Summary: 
+-----------------+---------+-------+--------+--------+
|       Name      | BRAM_18K| DSP48E|   FF   |   LUT  |
+-----------------+---------+-------+--------+--------+
|DSP              |        -|      -|       -|       -|
|Expression       |        -|      0|       0|    2532|
|FIFO             |        -|      -|       -|       -|
|Instance         |        -|     53|    7460|    4879|
|Memory           |        4|      -|    1152|      45|
|Multiplexer      |        -|      -|       -|    1580|
|Register         |        -|      -|    2454|       -|
+-----------------+---------+-------+--------+--------+
|Total            |        4|     53|   11066|    9036|
+-----------------+---------+-------+--------+--------+
|Available        |      730|    740|  269200|  129000|
+-----------------+---------+-------+--------+--------+
|Utilization (%)  |    ~0   |      7|       4|       7|
+-----------------+---------+-------+--------+--------+

+ Detail: 
    * Instance: 
    +---------------------------+----------------------+---------+-------+------+------+
    |          Instance         |        Module        | BRAM_18K| DSP48E|  FF  |  LUT |
    +---------------------------+----------------------+---------+-------+------+------+
    |grp_k2c_idx2sub_fu_977     |k2c_idx2sub           |        0|      0|  3771|  2654|
    |grp_k2c_sub2idx_fu_989     |k2c_sub2idx           |        0|     32|  1908|  1140|
    |sample_fadd_32ns_ocq_U345  |sample_fadd_32ns_ocq  |        0|      2|   324|   236|
    |sample_fmul_32ns_pcA_U346  |sample_fmul_32ns_pcA  |        0|      3|   151|   144|
    |sample_mul_60ns_6sc4_U349  |sample_mul_60ns_6sc4  |        0|     16|   527|   195|
    |sample_mux_864_32rcU_U348  |sample_mux_864_32rcU  |        0|      0|     0|    41|
    |sample_udiv_64ns_byn_U347  |sample_udiv_64ns_byn  |        0|      0|   779|   469|
    +---------------------------+----------------------+---------+-------+------+------+
    |Total                      |                      |        0|     53|  7460|  4879|
    +---------------------------+----------------------+---------+-------+------+------+

    * DSP48: 
    N/A

    * Memory: 
    +------------------------+----------------------+---------+-----+----+------+-----+------+-------------+
    |         Memory         |        Module        | BRAM_18K|  FF | LUT| Words| Bits| Banks| W*Bits*Banks|
    +------------------------+----------------------+---------+-----+----+------+-----+------+-------------+
    |dense_15_output_shap_U  |k2c_dot_3_dense_1bwn  |        0|  128|   5|     5|   64|     1|          320|
    |dense_16_kernel_shap_U  |k2c_dot_3_dense_1bwn  |        0|  128|   5|     5|   64|     1|          320|
    |permA_U                 |k2c_dot_permA         |        4|    0|   0|     5|   64|     1|          320|
    |permB_U                 |k2c_dot_permB         |        0|  128|   5|     5|   64|     1|          320|
    |freeA_U                 |k2c_dot_permB         |        0|  128|   5|     5|   64|     1|          320|
    |freeB_U                 |k2c_dot_permB         |        0|  128|   5|     5|   64|     1|          320|
    |newshpA_U               |k2c_dot_permB         |        0|  128|   5|     5|   64|     1|          320|
    |newshpB_U               |k2c_dot_permB         |        0|  128|   5|     5|   64|     1|          320|
    |Asub_U                  |k2c_dot_permB         |        0|  128|   5|     5|   64|     1|          320|
    |Bsub_U                  |k2c_dot_permB         |        0|  128|   5|     5|   64|     1|          320|
    +------------------------+----------------------+---------+-----+----+------+-----+------+-------------+
    |Total                   |                      |        4| 1152|  45|    50|  640|    10|         3200|
    +------------------------+----------------------+---------+-----+----+------+-----+------+-------------+

    * FIFO: 
    N/A

    * Expression: 
    +-------------------------+----------+-------+---+----+------------+------------+
    |      Variable Name      | Operation| DSP48E| FF| LUT| Bitwidth P0| Bitwidth P1|
    +-------------------------+----------+-------+---+----+------------+------------+
    |inneridx_fu_1797_p2      |     *    |      0|  0|  33|           7|           7|
    |outrowidx_fu_1792_p2     |     *    |      0|  0|   8|           2|           2|
    |tmp_s_fu_1831_p2         |     *    |      0|  0|  33|           5|           7|
    |count_4_1_fu_1054_p2     |     +    |      0|  0|  71|          64|           1|
    |count_4_fu_1032_p2       |     +    |      0|  0|  71|          64|           1|
    |count_5_1_fu_1110_p2     |     +    |      0|  0|  12|           3|           1|
    |count_5_fu_1082_p2       |     +    |      0|  0|  12|           3|           1|
    |i_12_1_fu_1060_p2        |     +    |      0|  0|  71|          64|           2|
    |i_12_fu_1358_p2          |     +    |      0|  0|  71|          64|           1|
    |i_13_fu_1455_p2          |     +    |      0|  0|  71|          64|           1|
    |i_14_fu_1786_p2          |     +    |      0|  0|  71|           1|          64|
    |i_15_1_fu_1104_p2        |     +    |      0|  0|  71|          64|           2|
    |i_15_fu_1216_p2          |     +    |      0|  0|  12|           3|           1|
    |i_16_fu_1247_p2          |     +    |      0|  0|  12|           1|           3|
    |i_18_1_fu_1200_p2        |     +    |      0|  0|  12|           3|           2|
    |i_19_1_fu_1232_p2        |     +    |      0|  0|  12|           3|           2|
    |i_21_1_fu_1277_p2        |     +    |      0|  0|  12|           3|           2|
    |i_22_1_fu_1315_p2        |     +    |      0|  0|  12|           3|           2|
    |i_23_1_fu_1347_p2        |     +    |      0|  0|  12|           3|           2|
    |i_2_cast_fu_1168_p2      |     +    |      0|  0|  12|           2|           3|
    |i_2_fu_1163_p2           |     +    |      0|  0|  71|           2|          64|
    |j_10_1_fu_1393_p2        |     +    |      0|  0|  12|           3|           2|
    |j_11_1_fu_1491_p2        |     +    |      0|  0|  12|           3|           2|
    |j_9_1_fu_1283_p2         |     +    |      0|  0|  71|          64|           2|
    |j_fu_1849_p2             |     +    |      0|  0|  67|           1|          60|
    |k_1_fu_1815_p2           |     +    |      0|  0|  15|           5|           1|
    |sum1_fu_1821_p2          |     +    |      0|  0|  15|           7|           7|
    |sum2_fu_1865_p2          |     +    |      0|  0|  10|           2|           2|
    |sum3_fu_1860_p2          |     +    |      0|  0|   8|           7|           7|
    |sum_fu_1710_p2           |     +    |      0|  0|  15|           7|           7|
    |tmp1_fu_1855_p2          |     +    |      0|  0|   8|           7|           7|
    |exitcond10_1_fu_1486_p2  |   icmp   |      0|  0|  29|          64|          64|
    |exitcond10_fu_1470_p2    |   icmp   |      0|  0|  29|          64|          64|
    |exitcond11_1_fu_1388_p2  |   icmp   |      0|  0|  29|          64|          64|
    |exitcond11_fu_1844_p2    |   icmp   |      0|  0|  29|          60|          60|
    |exitcond12_1_fu_1342_p2  |   icmp   |      0|  0|  29|          64|          64|
    |exitcond13_1_fu_1310_p2  |   icmp   |      0|  0|  29|          64|          64|
    |exitcond1_1_fu_1045_p2   |   icmp   |      0|  0|  29|          64|          64|
    |exitcond1_fu_1022_p2     |   icmp   |      0|  0|  29|          64|          64|
    |exitcond2_1_fu_1099_p2   |   icmp   |      0|  0|  29|          64|          64|
    |exitcond2_fu_1066_p2     |   icmp   |      0|  0|  29|          64|          64|
    |exitcond3_fu_1353_p2     |   icmp   |      0|  0|  29|          64|          64|
    |exitcond4_fu_1450_p2     |   icmp   |      0|  0|  29|          64|          64|
    |exitcond5_fu_1762_p2     |   icmp   |      0|  0|  29|          64|          64|
    |exitcond6_fu_1294_p2     |   icmp   |      0|  0|  29|          64|          64|
    |exitcond7_fu_1326_p2     |   icmp   |      0|  0|  29|          64|          64|
    |exitcond8_1_fu_1195_p2   |   icmp   |      0|  0|  29|          64|          64|
    |exitcond8_fu_1179_p2     |   icmp   |      0|  0|  29|          64|          64|
    |exitcond9_fu_1372_p2     |   icmp   |      0|  0|  29|          64|          64|
    |exitcond_fu_1810_p2      |   icmp   |      0|  0|  11|           6|           6|
    |tmp_1_fu_1050_p2         |   icmp   |      0|  0|  29|          64|          64|
    |tmp_252_i_fu_1521_p2     |   icmp   |      0|  0|   9|           4|           1|
    |tmp_254_i_fu_1527_p2     |   icmp   |      0|  0|   9|           4|           2|
    |tmp_256_i_fu_1533_p2     |   icmp   |      0|  0|   9|           4|           2|
    |tmp_258_i_fu_1539_p2     |   icmp   |      0|  0|   9|           4|           3|
    |tmp_260_i_fu_1594_p2     |   icmp   |      0|  0|   9|           4|           3|
    |tmp_262_i_fu_1599_p2     |   icmp   |      0|  0|   9|           4|           3|
    |tmp_264_i_fu_1626_p2     |   icmp   |      0|  0|   9|           4|           3|
    |tmp_266_i_fu_1631_p2     |   icmp   |      0|  0|  11|           4|           5|
    |tmp_268_i_fu_1658_p2     |   icmp   |      0|  0|   9|           4|           4|
    |tmp_270_i_fu_1663_p2     |   icmp   |      0|  0|   9|           4|           4|
    |tmp_272_i_fu_1690_p2     |   icmp   |      0|  0|   9|           4|           4|
    |tmp_274_i_fu_1695_p2     |   icmp   |      0|  0|   9|           4|           4|
    |tmp_276_i_fu_1700_p2     |   icmp   |      0|  0|   9|           4|           3|
    |tmp_278_i_fu_1705_p2     |   icmp   |      0|  0|   9|           4|           3|
    |tmp_2_1_fu_1227_p2       |   icmp   |      0|  0|  29|          64|          64|
    |tmp_2_fu_1211_p2         |   icmp   |      0|  0|  29|          64|          64|
    |tmp_3_1_fu_1272_p2       |   icmp   |      0|  0|  29|          64|          64|
    |tmp_3_fu_1242_p2         |   icmp   |      0|  0|  29|          64|          64|
    |tmp_7_fu_1781_p2         |   icmp   |      0|  0|  29|          64|          64|
    |tmp_8_fu_1027_p2         |   icmp   |      0|  0|  29|          64|          64|
    |tmp_fu_1071_p2           |   icmp   |      0|  0|  29|          64|           1|
    |tmp_i_fu_1515_p2         |   icmp   |      0|  0|   9|           4|           1|
    |i_12_s_fu_1039_p2        |    or    |      0|  0|  64|          64|           1|
    |i_15_s_fu_1093_p2        |    or    |      0|  0|  64|          64|           1|
    |i_18_s_fu_1184_p2        |    or    |      0|  0|   3|           3|           1|
    |i_22_s_fu_1299_p2        |    or    |      0|  0|   3|           3|           1|
    |i_23_s_fu_1331_p2        |    or    |      0|  0|   3|           3|           1|
    |j_10_s_fu_1377_p2        |    or    |      0|  0|   3|           3|           1|
    |j_11_s_fu_1475_p2        |    or    |      0|  0|   3|           3|           1|
    |j_9_s_fu_1261_p2         |    or    |      0|  0|   4|           4|           1|
    |tmp_12_fu_1582_p2        |    or    |      0|  0|   2|           1|           1|
    |tmp_13_fu_1612_p2        |    or    |      0|  0|   2|           1|           1|
    |tmp_14_fu_1644_p2        |    or    |      0|  0|   2|           1|           1|
    |tmp_15_fu_1676_p2        |    or    |      0|  0|   2|           1|           1|
    |tmp_16_fu_1722_p2        |    or    |      0|  0|   2|           1|           1|
    |tmp_17_fu_1740_p2        |    or    |      0|  0|   2|           1|           1|
    |tmp_1_25_fu_1563_p2      |    or    |      0|  0|   2|           1|           1|
    |merge_i_fu_1744_p3       |  select  |      0|  0|  32|           1|          32|
    |tmp_253_i_fu_1556_p3     |  select  |      0|  0|  30|           1|          30|
    |tmp_255_i_fu_1567_p3     |  select  |      0|  0|  32|           1|          32|
    |tmp_257_i_fu_1575_p3     |  select  |      0|  0|  30|           1|          30|
    |tmp_259_i_fu_1586_p3     |  select  |      0|  0|  32|           1|          32|
    |tmp_261_i_fu_1604_p3     |  select  |      0|  0|  32|           1|          32|
    |tmp_263_i_fu_1618_p3     |  select  |      0|  0|  32|           1|          32|
    |tmp_265_i_fu_1636_p3     |  select  |      0|  0|  32|           1|          32|
    |tmp_267_i_fu_1650_p3     |  select  |      0|  0|  32|           1|          32|
    |tmp_269_i_fu_1668_p3     |  select  |      0|  0|  32|           1|          30|
    |tmp_271_i_fu_1682_p3     |  select  |      0|  0|  32|           1|          32|
    |tmp_273_i_fu_1715_p3     |  select  |      0|  0|  30|           1|          30|
    |tmp_275_i_fu_1726_p3     |  select  |      0|  0|  32|           1|          32|
    |tmp_277_i_fu_1733_p3     |  select  |      0|  0|  32|           1|          32|
    |tmp_i_24_fu_1549_p3      |  select  |      0|  0|  30|           1|          30|
    |i_11_fu_1767_p2          |    xor   |      0|  0|   2|           1|           2|
    +-------------------------+----------+-------+---+----+------------+------------+
    |Total                    |          |      0|  0|2532|        2430|        2403|
    +-------------------------+----------+-------+---+----+------------+------------+

    * Multiplexer: 
    +----------------------------------+-----+-----------+-----+-----------+
    |               Name               | LUT | Input Size| Bits| Total Bits|
    +----------------------------------+-----+-----------+-----+-----------+
    |Asub_address0                     |   38|          7|    3|         21|
    |Asub_ce0                          |   21|          4|    1|          4|
    |Asub_d0                           |   15|          3|   64|        192|
    |Asub_we0                          |   15|          3|    1|          3|
    |Bsub_address0                     |   38|          7|    3|         21|
    |Bsub_ce0                          |   21|          4|    1|          4|
    |Bsub_d0                           |   15|          3|   64|        192|
    |Bsub_we0                          |   15|          3|    1|          3|
    |C_array_address0                  |   15|          3|    1|          3|
    |C_array_d0                        |   15|          3|   32|         96|
    |ap_NS_fsm                         |  653|        147|    1|        147|
    |ap_phi_mux_count_3_phi_fu_807_p4  |   15|          3|    3|          9|
    |count_1_1_reg_769                 |    9|          2|   64|        128|
    |count_1_reg_757                   |    9|          2|   64|        128|
    |count_2_reg_781                   |    9|          2|    3|          6|
    |count_3_reg_804                   |    9|          2|    3|          6|
    |count_reg_732                     |    9|          2|   64|        128|
    |dense_15_output_shap_address0     |   27|          5|    3|         15|
    |dense_15_output_shap_ce0          |   15|          3|    1|          3|
    |dense_16_kernel_shap_address0     |   21|          4|    3|         12|
    |dense_16_kernel_shap_ce0          |   15|          3|    1|          3|
    |freeA_address0                    |   27|          5|    3|         15|
    |freeA_d0                          |   15|          3|   64|        192|
    |freeB_address0                    |   27|          5|    3|         15|
    |freeB_d0                          |   15|          3|   64|        192|
    |fwork_address0                    |   21|          4|    5|         20|
    |fwork_d0                          |   15|          3|   32|         96|
    |grp_k2c_idx2sub_fu_977_idx        |   15|          3|   64|        192|
    |grp_k2c_idx2sub_fu_977_ndim       |   15|          3|   64|        192|
    |grp_k2c_idx2sub_fu_977_shape_q0   |   15|          3|   64|        192|
    |grp_k2c_sub2idx_fu_989_ndim       |   15|          3|   64|        192|
    |grp_k2c_sub2idx_fu_989_shape_q0   |   15|          3|   64|        192|
    |grp_k2c_sub2idx_fu_989_sub_q0     |   15|          3|   64|        192|
    |i_10_reg_944                      |    9|          2|   64|        128|
    |i_1_reg_792                       |    9|          2|   64|        128|
    |i_3_reg_909                       |    9|          2|   64|        128|
    |i_4_reg_815                       |    9|          2|    3|          6|
    |i_5_reg_827                       |    9|          2|    3|          6|
    |i_6_reg_933                       |    9|          2|    1|          2|
    |i_7_reg_836                       |    9|          2|    3|          6|
    |i_8_reg_861                       |    9|          2|    3|          6|
    |i_9_reg_873                       |    9|          2|    3|          6|
    |i_reg_744                         |    9|          2|   64|        128|
    |i_s_reg_885                       |    9|          2|   64|        128|
    |j_3_reg_848                       |    9|          2|   64|        128|
    |j_4_reg_897                       |    9|          2|    3|          6|
    |j_5_reg_921                       |    9|          2|    3|          6|
    |j_s_reg_966                       |    9|          2|   60|        120|
    |k_reg_955                         |    9|          2|    5|         10|
    |newshpA_address0                  |   21|          4|    3|         12|
    |newshpA_ce0                       |   15|          3|    1|          3|
    |newshpA_d0                        |   15|          3|   64|        192|
    |newshpB_address0                  |   21|          4|    3|         12|
    |newshpB_ce0                       |   15|          3|    1|          3|
    |newshpB_d0                        |   15|          3|   64|        192|
    |permA_address0                    |   27|          5|    3|         15|
    |permA_address1                    |   27|          5|    3|         15|
    |permA_d0                          |   15|          3|   64|        192|
    |permB_address0                    |   41|          8|    3|         24|
    |permB_d0                          |   15|          3|   64|        192|
    +----------------------------------+-----+-----------+-----+-----------+
    |Total                             | 1580|        332| 1680|       4600|
    +----------------------------------+-----+-----------+-----+-----------+

    * Register: 
    +-------------------------------------+-----+----+-----+-----------+
    |                 Name                |  FF | LUT| Bits| Const Bits|
    +-------------------------------------+-----+----+-----+-----------+
    |C_array_addr_1_reg_2523              |    1|   0|    1|          0|
    |C_array_load_reg_2548                |   32|   0|   32|          0|
    |ap_CS_fsm                            |  146|   0|  146|          0|
    |count_1_1_reg_769                    |   64|   0|   64|          0|
    |count_1_reg_757                      |   64|   0|   64|          0|
    |count_2_reg_781                      |    3|   0|    3|          0|
    |count_3_cast_reg_1968                |    3|   0|   64|         61|
    |count_3_reg_804                      |    3|   0|    3|          0|
    |count_reg_732                        |   64|   0|   64|          0|
    |dense_15_output_shap_6_reg_2165      |   64|   0|   64|          0|
    |dense_16_kernel_shap_2_reg_2189      |   64|   0|   64|          0|
    |dense_16_kernel_shap_4_reg_2217      |   64|   0|   64|          0|
    |exitcond10_reg_2341                  |    1|   0|    1|          0|
    |exitcond6_reg_2128                   |    1|   0|    1|          0|
    |exitcond7_reg_2175                   |    1|   0|    1|          0|
    |exitcond8_reg_2048                   |    1|   0|    1|          0|
    |exitcond9_reg_2241                   |    1|   0|    1|          0|
    |free_axesA_reg_2006                  |   64|   0|   64|          0|
    |free_axesB_1_reg_2017                |   60|   0|   64|          4|
    |free_axesB_cast5_reg_2027            |    2|   0|    2|          0|
    |free_axesB_cast6_reg_2022            |    7|   0|    7|          0|
    |free_axesB_reg_2012                  |   60|   0|   60|          0|
    |fwork_addr_2_reg_2500                |    5|   0|    5|          0|
    |fwork_load_1_reg_2538                |   32|   0|   32|          0|
    |fwork_load_reg_2533                  |   32|   0|   32|          0|
    |grp_k2c_idx2sub_fu_977_ap_start_reg  |    1|   0|    1|          0|
    |grp_k2c_sub2idx_fu_989_ap_start_reg  |    1|   0|    1|          0|
    |i_10_reg_944                         |   64|   0|   64|          0|
    |i_12_1_reg_1957                      |   64|   0|   64|          0|
    |i_12_reg_2225                        |   64|   0|   64|          0|
    |i_12_s_reg_1939                      |   63|   0|   64|          1|
    |i_13_reg_2331                        |   64|   0|   64|          0|
    |i_14_reg_2477                        |   64|   0|   64|          0|
    |i_15_1_reg_1981                      |   64|   0|   64|          0|
    |i_15_s_reg_1973                      |   63|   0|   64|          1|
    |i_16_cast_reg_2100                   |    3|   0|   64|         61|
    |i_18_1_reg_2070                      |    3|   0|    3|          0|
    |i_18_cast_reg_2057                   |    2|   0|   64|         62|
    |i_1_reg_792                          |   64|   0|   64|          0|
    |i_21_1_reg_2113                      |    3|   0|    3|          0|
    |i_22_1_reg_2155                      |    3|   0|    3|          0|
    |i_22_cast_reg_2142                   |    2|   0|   64|         62|
    |i_23_1_reg_2207                      |    3|   0|    3|          0|
    |i_23_cast_reg_2194                   |    2|   0|   64|         62|
    |i_2_cast_reg_2038                    |    3|   0|    3|          0|
    |i_2_reg_2032                         |   64|   0|   64|          0|
    |i_3_reg_909                          |   64|   0|   64|          0|
    |i_4_cast_reg_2043                    |    3|   0|   64|         61|
    |i_4_reg_815                          |    3|   0|    3|          0|
    |i_5_reg_827                          |    3|   0|    3|          0|
    |i_6_reg_933                          |    1|   0|    1|          0|
    |i_7_cast_reg_2086                    |    3|   0|   64|         61|
    |i_7_reg_836                          |    3|   0|    3|          0|
    |i_8_cast_reg_2123                    |    3|   0|   64|         61|
    |i_8_reg_861                          |    3|   0|    3|          0|
    |i_9_cast_reg_2170                    |    3|   0|   64|         61|
    |i_9_reg_873                          |    3|   0|    3|          0|
    |i_reg_744                            |   64|   0|   64|          0|
    |i_s_reg_885                          |   64|   0|   64|          0|
    |inneridx_reg_2487                    |    7|   0|    7|          0|
    |j_10_1_reg_2268                      |    3|   0|    3|          0|
    |j_10_cast_reg_2255                   |    2|   0|   64|         62|
    |j_11_1_reg_2368                      |    3|   0|    3|          0|
    |j_11_cast_reg_2355                   |    2|   0|   64|         62|
    |j_3_reg_848                          |   64|   0|   64|          0|
    |j_4_cast_reg_2236                    |    3|   0|   64|         61|
    |j_4_reg_897                          |    3|   0|    3|          0|
    |j_5_cast_reg_2336                    |    3|   0|   64|         61|
    |j_5_reg_921                          |    3|   0|    3|          0|
    |j_9_1_reg_2118                       |   64|   0|   64|          0|
    |j_reg_2513                           |   60|   0|   60|          0|
    |j_s_reg_966                          |   60|   0|   60|          0|
    |k_1_reg_2495                         |    5|   0|    5|          0|
    |k_reg_955                            |    5|   0|    5|          0|
    |outrowidx_reg_2482                   |    2|   0|    2|          0|
    |reg_1005                             |   64|   0|   64|          0|
    |reg_1010                             |   64|   0|   64|          0|
    |reg_1016                             |   64|   0|   64|          0|
    |sum3_reg_2518                        |    7|   0|    7|          0|
    |sum_reg_2456                         |    7|   0|    7|          0|
    |tmp_10_reg_2543                      |   32|   0|   32|          0|
    |tmp_11_reg_2553                      |   32|   0|   32|          0|
    |tmp_18_reg_2001                      |    6|   0|    6|          0|
    |tmp_1_reg_1948                       |    1|   0|    1|          0|
    |tmp_21_reg_2230                      |    7|   0|    7|          0|
    |tmp_22_reg_2273                      |    3|   0|    3|          0|
    |tmp_252_i_reg_2407                   |    1|   0|    1|          0|
    |tmp_254_i_reg_2412                   |    1|   0|    1|          0|
    |tmp_256_i_reg_2418                   |    1|   0|    1|          0|
    |tmp_258_i_reg_2423                   |    1|   0|    1|          0|
    |tmp_26_reg_2373                      |    3|   0|    3|          0|
    |tmp_271_i_reg_2429                   |   27|   0|   32|          5|
    |tmp_272_i_reg_2434                   |    1|   0|    1|          0|
    |tmp_274_i_reg_2439                   |    1|   0|    1|          0|
    |tmp_276_i_reg_2445                   |    1|   0|    1|          0|
    |tmp_278_i_reg_2450                   |    1|   0|    1|          0|
    |tmp_27_reg_2378                      |    1|   0|    1|          0|
    |tmp_3_reg_2091                       |    1|   0|    1|          0|
    |tmp_4_reg_1996                       |    7|   0|    7|          0|
    |tmp_5_reg_2323                       |   32|   0|   32|          0|
    |tmp_6_reg_2461                       |   64|   0|   64|          0|
    |tmp_9_reg_2388                       |    4|   0|    4|          0|
    |tmp_i_reg_2402                       |    1|   0|    1|          0|
    |tmp_s_reg_2505                       |    7|   0|    7|          0|
    +-------------------------------------+-----+----+-----+-----------+
    |Total                                | 2454|   0| 3263|        809|
    +-------------------------------------+-----+----+-----+-----------+



================================================================
== Interface
================================================================
* Summary: 
+-------------------+-----+-----+------------+--------------+--------------+
|     RTL Ports     | Dir | Bits|  Protocol  | Source Object|    C Type    |
+-------------------+-----+-----+------------+--------------+--------------+
|ap_clk             |  in |    1| ap_ctrl_hs |   k2c_dot.3  | return value |
|ap_rst             |  in |    1| ap_ctrl_hs |   k2c_dot.3  | return value |
|ap_start           |  in |    1| ap_ctrl_hs |   k2c_dot.3  | return value |
|ap_done            | out |    1| ap_ctrl_hs |   k2c_dot.3  | return value |
|ap_idle            | out |    1| ap_ctrl_hs |   k2c_dot.3  | return value |
|ap_ready           | out |    1| ap_ctrl_hs |   k2c_dot.3  | return value |
|C_array_address0   | out |    1|  ap_memory |    C_array   |     array    |
|C_array_ce0        | out |    1|  ap_memory |    C_array   |     array    |
|C_array_we0        | out |    1|  ap_memory |    C_array   |     array    |
|C_array_d0         | out |   32|  ap_memory |    C_array   |     array    |
|C_array_q0         |  in |   32|  ap_memory |    C_array   |     array    |
|A_array_address0   | out |    1|  ap_memory |    A_array   |     array    |
|A_array_ce0        | out |    1|  ap_memory |    A_array   |     array    |
|A_array_q0         |  in |   32|  ap_memory |    A_array   |     array    |
|A_array1_address0  | out |    1|  ap_memory |   A_array1   |     array    |
|A_array1_ce0       | out |    1|  ap_memory |   A_array1   |     array    |
|A_array1_q0        |  in |   32|  ap_memory |   A_array1   |     array    |
|A_array2_address0  | out |    1|  ap_memory |   A_array2   |     array    |
|A_array2_ce0       | out |    1|  ap_memory |   A_array2   |     array    |
|A_array2_q0        |  in |   32|  ap_memory |   A_array2   |     array    |
|A_array3_address0  | out |    1|  ap_memory |   A_array3   |     array    |
|A_array3_ce0       | out |    1|  ap_memory |   A_array3   |     array    |
|A_array3_q0        |  in |   32|  ap_memory |   A_array3   |     array    |
|A_array4_address0  | out |    1|  ap_memory |   A_array4   |     array    |
|A_array4_ce0       | out |    1|  ap_memory |   A_array4   |     array    |
|A_array4_q0        |  in |   32|  ap_memory |   A_array4   |     array    |
|A_array5_address0  | out |    1|  ap_memory |   A_array5   |     array    |
|A_array5_ce0       | out |    1|  ap_memory |   A_array5   |     array    |
|A_array5_q0        |  in |   32|  ap_memory |   A_array5   |     array    |
|A_array6_address0  | out |    1|  ap_memory |   A_array6   |     array    |
|A_array6_ce0       | out |    1|  ap_memory |   A_array6   |     array    |
|A_array6_q0        |  in |   32|  ap_memory |   A_array6   |     array    |
|A_array7_address0  | out |    1|  ap_memory |   A_array7   |     array    |
|A_array7_ce0       | out |    1|  ap_memory |   A_array7   |     array    |
|A_array7_q0        |  in |   32|  ap_memory |   A_array7   |     array    |
|A_dim              |  in |   64|   ap_none  |     A_dim    |    scalar    |
|A_numel_read       |  in |   64|   ap_none  | A_numel_read |    scalar    |
|B_dim              |  in |   64|   ap_none  |     B_dim    |    scalar    |
|B_numel_read       |  in |   64|   ap_none  | B_numel_read |    scalar    |
|p_read2            |  in |   64|   ap_none  |    p_read2   |    scalar    |
|fwork_address0     | out |    5|  ap_memory |     fwork    |     array    |
|fwork_ce0          | out |    1|  ap_memory |     fwork    |     array    |
|fwork_we0          | out |    1|  ap_memory |     fwork    |     array    |
|fwork_d0           | out |   32|  ap_memory |     fwork    |     array    |
|fwork_q0           |  in |   32|  ap_memory |     fwork    |     array    |
|fwork_address1     | out |    5|  ap_memory |     fwork    |     array    |
|fwork_ce1          | out |    1|  ap_memory |     fwork    |     array    |
|fwork_q1           |  in |   32|  ap_memory |     fwork    |     array    |
+-------------------+-----+-----+------------+--------------+--------------+

