

================================================================
== Vivado HLS Report for 'k2c_dense_3'
================================================================
* Date:           Tue Apr 23 19:23:01 2024

* Version:        2018.2 (Build 2258646 on Thu Jun 14 20:25:20 MDT 2018)
* Project:        Group_5_Base_line
* Solution:       Base_line
* Product family: artix7
* Target device:  xc7a200tfbg676-2


================================================================
== Performance Estimates
================================================================
+ Timing (ns): 
    * Summary: 
    +--------+-------+----------+------------+
    |  Clock | Target| Estimated| Uncertainty|
    +--------+-------+----------+------------+
    |ap_clk  |   5.00|     4.348|        0.62|
    +--------+-------+----------+------------+

+ Latency (clock cycles): 
    * Summary: 
    +-----+-----+-----+-----+---------+
    |  Latency  |  Interval | Pipeline|
    | min | max | min | max |   Type  |
    +-----+-----+-----+-----+---------+
    |    ?|    ?|    ?|    ?|   none  |
    +-----+-----+-----+-----+---------+

    + Detail: 
        * Instance: 
        +------------------------------+-------------------+-----+-----+-----+-----+---------+
        |                              |                   |  Latency  |  Interval | Pipeline|
        |           Instance           |       Module      | min | max | min | max |   Type  |
        +------------------------------+-------------------+-----+-----+-----+-----+---------+
        |grp_k2c_dot_fu_219            |k2c_dot            |    ?|    ?|    ?|    ?|   none  |
        |grp_k2c_affine_matmul_fu_240  |k2c_affine_matmul  |    ?|    ?|    ?|    ?|   none  |
        +------------------------------+-------------------+-----+-----+-----+-----+---------+

        * Loop: 
        +-------------+------+------+----------+-----------+-----------+------+----------+
        |             |   Latency   | Iteration|  Initiation Interval  | Trip |          |
        |  Loop Name  |  min |  max |  Latency |  achieved |   target  | Count| Pipelined|
        +-------------+------+------+----------+-----------+-----------+------+----------+
        |- Loop 1     |     ?|     ?|         5|          1|          1|     ?|    yes   |
        |- Loop 2     |  1666|  1666|      1666|          -|          -|     1|    no    |
        | + Loop 2.1  |  1664|  1664|        13|          -|          -|   128|    no    |
        |- Loop 3     |   131|   131|         5|          1|          1|   128|    yes   |
        +-------------+------+------+----------+-----------+-----------+------+----------+



================================================================
== Utilization Estimates
================================================================
* Summary: 
+-----------------+---------+-------+--------+--------+
|       Name      | BRAM_18K| DSP48E|   FF   |   LUT  |
+-----------------+---------+-------+--------+--------+
|DSP              |        -|      -|       -|       -|
|Expression       |        -|      -|       0|     460|
|FIFO             |        -|      -|       -|       -|
|Instance         |        0|     82|   12582|    8692|
|Memory           |        -|      -|       -|       -|
|Multiplexer      |        -|      -|       -|     488|
|Register         |        0|      -|     728|      64|
+-----------------+---------+-------+--------+--------+
|Total            |        0|     82|   13310|    9704|
+-----------------+---------+-------+--------+--------+
|Available        |      730|    740|  269200|  129000|
+-----------------+---------+-------+--------+--------+
|Utilization (%)  |        0|     11|       4|       7|
+-----------------+---------+-------+--------+--------+

+ Detail: 
    * Instance: 
    +------------------------------+----------------------+---------+-------+------+------+
    |           Instance           |        Module        | BRAM_18K| DSP48E|  FF  |  LUT |
    +------------------------------+----------------------+---------+-------+------+------+
    |grp_k2c_affine_matmul_fu_240  |k2c_affine_matmul     |        0|     24|  1817|  1239|
    |grp_k2c_dot_fu_219            |k2c_dot               |        0|     40|  9848|  6955|
    |sample0_fadd_32nscud_U57      |sample0_fadd_32nscud  |        0|      2|   324|   236|
    |sample0_fcmp_32nslbW_U58      |sample0_fcmp_32nslbW  |        0|      0|    66|    67|
    |sample0_mul_64s_6bkb_U59      |sample0_mul_64s_6bkb  |        0|     16|   527|   195|
    +------------------------------+----------------------+---------+-------+------+------+
    |Total                         |                      |        0|     82| 12582|  8692|
    +------------------------------+----------------------+---------+-------+------+------+

    * DSP48: 
    N/A

    * Memory: 
    N/A

    * FIFO: 
    N/A

    * Expression: 
    +-------------------------+----------+-------+---+----+------------+------------+
    |      Variable Name      | Operation| DSP48E| FF| LUT| Bitwidth P0| Bitwidth P1|
    +-------------------------+----------+-------+---+----+------------+------------+
    |i_64_fu_412_p2           |     +    |      0|  0|  71|          64|           1|
    |i_65_fu_346_p2           |     +    |      0|  0|  15|           8|           1|
    |j_fu_318_p2              |     +    |      0|  0|  15|           8|           1|
    |tmp_26_fu_278_p2         |     +    |      0|  0|  71|          64|           2|
    |tmp_i_43_fu_324_p2       |     +    |      0|  0|  15|           8|           8|
    |tmp_11_fu_452_p2         |    and   |      0|  0|   2|           1|           1|
    |tmp_16_fu_391_p2         |    and   |      0|  0|   2|           1|           1|
    |exitcond1_fu_407_p2      |   icmp   |      0|  0|  29|          64|          64|
    |exitcond9_fu_340_p2      |   icmp   |      0|  0|  13|           8|           9|
    |exitcond_i_fu_312_p2     |   icmp   |      0|  0|  13|           8|           9|
    |icmp_fu_295_p2           |   icmp   |      0|  0|  29|          63|           1|
    |notlhs4_fu_436_p2        |   icmp   |      0|  0|  11|           8|           2|
    |notlhs_fu_375_p2         |   icmp   |      0|  0|  11|           8|           2|
    |notrhs5_fu_442_p2        |   icmp   |      0|  0|  18|          23|           1|
    |notrhs_fu_381_p2         |   icmp   |      0|  0|  18|          23|           1|
    |tmp_fu_272_p2            |   icmp   |      0|  0|  29|          64|           2|
    |tmp_i_fu_301_p2          |   icmp   |      0|  0|  13|           8|           9|
    |tmp_14_fu_387_p2         |    or    |      0|  0|   2|           1|           1|
    |tmp_7_fu_448_p2          |    or    |      0|  0|   2|           1|           1|
    |outrows1_fu_396_p3       |  select  |      0|  0|  64|           1|          64|
    |ap_enable_pp0            |    xor   |      0|  0|   2|           1|           2|
    |ap_enable_pp1            |    xor   |      0|  0|   2|           1|           2|
    |ap_enable_reg_pp0_iter1  |    xor   |      0|  0|   2|           2|           1|
    |ap_enable_reg_pp1_iter1  |    xor   |      0|  0|   2|           2|           1|
    |i_28_fu_330_p2           |    xor   |      0|  0|   9|           8|           9|
    +-------------------------+----------+-------+---+----+------------+------------+
    |Total                    |          |      0|  0| 460|         448|         196|
    +-------------------------+----------+-------+---+----+------------+------------+

    * Multiplexer: 
    +-------------------------+-----+-----------+-----+-----------+
    |           Name          | LUT | Input Size| Bits| Total Bits|
    +-------------------------+-----+-----------+-----+-----------+
    |ap_NS_fsm                |  129|         28|    1|         28|
    |ap_enable_reg_pp0_iter1  |    9|          2|    1|          2|
    |ap_enable_reg_pp0_iter4  |    9|          2|    1|          2|
    |ap_enable_reg_pp1_iter1  |    9|          2|    1|          2|
    |ap_enable_reg_pp1_iter4  |    9|          2|    1|          2|
    |bias_array_address0      |   15|          3|   14|         42|
    |bias_array_ce0           |   15|          3|    1|          3|
    |i2_reg_196               |    9|          2|    8|         16|
    |i_i_reg_173              |    9|          2|    8|         16|
    |i_reg_207                |    9|          2|   64|        128|
    |input_array_address0     |   15|          3|   14|         42|
    |input_array_ce0          |   15|          3|    1|          3|
    |input_shape_address0     |   15|          3|    3|          9|
    |input_shape_ce0          |   15|          3|    1|          3|
    |j_i_reg_185              |    9|          2|    8|         16|
    |kernel_array_address0    |   15|          3|   14|         42|
    |kernel_array_ce0         |   15|          3|    1|          3|
    |kernel_shape_address0    |   21|          4|    3|         12|
    |kernel_shape_ce0         |   15|          3|    1|          3|
    |output_array_address0    |   38|          7|   14|         98|
    |output_array_address1    |   15|          3|   14|         42|
    |output_array_ce0         |   21|          4|    1|          4|
    |output_array_d0          |   27|          5|   32|        160|
    |output_array_we0         |   21|          4|    1|          4|
    |reg_265                  |    9|          2|   32|         64|
    +-------------------------+-----+-----------+-----+-----------+
    |Total                    |  488|        100|  240|        746|
    +-------------------------+-----+-----------+-----+-----------+

    * Register: 
    +-------------------------------------------+----+----+-----+-----------+
    |                    Name                   | FF | LUT| Bits| Const Bits|
    +-------------------------------------------+----+----+-----+-----------+
    |ap_CS_fsm                                  |  27|   0|   27|          0|
    |ap_enable_reg_pp0_iter0                    |   1|   0|    1|          0|
    |ap_enable_reg_pp0_iter1                    |   1|   0|    1|          0|
    |ap_enable_reg_pp0_iter2                    |   1|   0|    1|          0|
    |ap_enable_reg_pp0_iter3                    |   1|   0|    1|          0|
    |ap_enable_reg_pp0_iter4                    |   1|   0|    1|          0|
    |ap_enable_reg_pp1_iter0                    |   1|   0|    1|          0|
    |ap_enable_reg_pp1_iter1                    |   1|   0|    1|          0|
    |ap_enable_reg_pp1_iter2                    |   1|   0|    1|          0|
    |ap_enable_reg_pp1_iter3                    |   1|   0|    1|          0|
    |ap_enable_reg_pp1_iter4                    |   1|   0|    1|          0|
    |bias_array_load_reg_518                    |  32|   0|   32|          0|
    |grp_k2c_affine_matmul_fu_240_ap_start_reg  |   1|   0|    1|          0|
    |grp_k2c_dot_fu_219_ap_start_reg            |   1|   0|    1|          0|
    |i2_reg_196                                 |   8|   0|    8|          0|
    |i_i_reg_173                                |   8|   0|    8|          0|
    |i_reg_207                                  |  64|   0|   64|          0|
    |icmp_reg_476                               |   1|   0|    1|          0|
    |innerdim_reg_583                           |  64|   0|   64|          0|
    |j_i_reg_185                                |   8|   0|    8|          0|
    |j_reg_498                                  |   8|   0|    8|          0|
    |notlhs4_reg_608                            |   1|   0|    1|          0|
    |notlhs4_reg_608_pp1_iter3_reg              |   1|   0|    1|          0|
    |notlhs_reg_548                             |   1|   0|    1|          0|
    |notlhs_reg_548_pp0_iter3_reg               |   1|   0|    1|          0|
    |notrhs5_reg_613                            |   1|   0|    1|          0|
    |notrhs5_reg_613_pp1_iter3_reg              |   1|   0|    1|          0|
    |notrhs_reg_553                             |   1|   0|    1|          0|
    |notrhs_reg_553_pp0_iter3_reg               |   1|   0|    1|          0|
    |outcols_reg_572                            |  64|   0|   64|          0|
    |output_array_addr_1_reg_602                |  14|   0|   14|          0|
    |output_array_addr_2_reg_523                |   8|   0|   14|          6|
    |output_array_addr_reg_542                  |   8|   0|   14|          6|
    |outrows1_reg_566                           |  64|   0|   64|          0|
    |reg_265                                    |  32|   0|   32|          0|
    |tmp_15_reg_558                             |   1|   0|    1|          0|
    |tmp_26_reg_471                             |  64|   0|   64|          0|
    |tmp_43_i_reg_528                           |  32|   0|   32|          0|
    |tmp_8_reg_618                              |   1|   0|    1|          0|
    |tmp_i_43_reg_508                           |   8|   0|    8|          0|
    |tmp_s_reg_588                              |  64|   0|   64|          0|
    |output_array_addr_1_reg_602                |  64|  32|   14|          0|
    |output_array_addr_reg_542                  |  64|  32|   14|          6|
    +-------------------------------------------+----+----+-----+-----------+
    |Total                                      | 728|  64|  640|         18|
    +-------------------------------------------+----+----+-----+-----------+



================================================================
== Interface
================================================================
* Summary: 
+-----------------------+-----+-----+------------+------------------+--------------+
|       RTL Ports       | Dir | Bits|  Protocol  |   Source Object  |    C Type    |
+-----------------------+-----+-----+------------+------------------+--------------+
|ap_clk                 |  in |    1| ap_ctrl_hs |    k2c_dense.3   | return value |
|ap_rst                 |  in |    1| ap_ctrl_hs |    k2c_dense.3   | return value |
|ap_start               |  in |    1| ap_ctrl_hs |    k2c_dense.3   | return value |
|ap_done                | out |    1| ap_ctrl_hs |    k2c_dense.3   | return value |
|ap_idle                | out |    1| ap_ctrl_hs |    k2c_dense.3   | return value |
|ap_ready               | out |    1| ap_ctrl_hs |    k2c_dense.3   | return value |
|output_array_address0  | out |   14|  ap_memory |   output_array   |     array    |
|output_array_ce0       | out |    1|  ap_memory |   output_array   |     array    |
|output_array_we0       | out |    1|  ap_memory |   output_array   |     array    |
|output_array_d0        | out |   32|  ap_memory |   output_array   |     array    |
|output_array_q0        |  in |   32|  ap_memory |   output_array   |     array    |
|output_array_address1  | out |   14|  ap_memory |   output_array   |     array    |
|output_array_ce1       | out |    1|  ap_memory |   output_array   |     array    |
|output_array_we1       | out |    1|  ap_memory |   output_array   |     array    |
|output_array_d1        | out |   32|  ap_memory |   output_array   |     array    |
|output_array_q1        |  in |   32|  ap_memory |   output_array   |     array    |
|input_array_address0   | out |   14|  ap_memory |    input_array   |     array    |
|input_array_ce0        | out |    1|  ap_memory |    input_array   |     array    |
|input_array_q0         |  in |   32|  ap_memory |    input_array   |     array    |
|input_ndim_read        |  in |   64|   ap_none  |  input_ndim_read |    scalar    |
|input_numel_read       |  in |   64|   ap_none  | input_numel_read |    scalar    |
|input_shape_address0   | out |    3|  ap_memory |    input_shape   |     array    |
|input_shape_ce0        | out |    1|  ap_memory |    input_shape   |     array    |
|input_shape_q0         |  in |   64|  ap_memory |    input_shape   |     array    |
|kernel_array_address0  | out |   14|  ap_memory |   kernel_array   |     array    |
|kernel_array_ce0       | out |    1|  ap_memory |   kernel_array   |     array    |
|kernel_array_q0        |  in |   32|  ap_memory |   kernel_array   |     array    |
|kernel_shape_address0  | out |    3|  ap_memory |   kernel_shape   |     array    |
|kernel_shape_ce0       | out |    1|  ap_memory |   kernel_shape   |     array    |
|kernel_shape_q0        |  in |   64|  ap_memory |   kernel_shape   |     array    |
|bias_array_address0    | out |   14|  ap_memory |    bias_array    |     array    |
|bias_array_ce0         | out |    1|  ap_memory |    bias_array    |     array    |
|bias_array_q0          |  in |   32|  ap_memory |    bias_array    |     array    |
|fwork_address0         | out |   12|  ap_memory |       fwork      |     array    |
|fwork_ce0              | out |    1|  ap_memory |       fwork      |     array    |
|fwork_we0              | out |    1|  ap_memory |       fwork      |     array    |
|fwork_d0               | out |   32|  ap_memory |       fwork      |     array    |
|fwork_q0               |  in |   32|  ap_memory |       fwork      |     array    |
|fwork_address1         | out |   12|  ap_memory |       fwork      |     array    |
|fwork_ce1              | out |    1|  ap_memory |       fwork      |     array    |
|fwork_q1               |  in |   32|  ap_memory |       fwork      |     array    |
+-----------------------+-----+-----+------------+------------------+--------------+

