

================================================================
== Vivado HLS Report for 'k2c_affine_matmul_2'
================================================================
* Date:           Wed Apr 24 12:32:59 2024

* Version:        2018.2 (Build 2258646 on Thu Jun 14 20:25:20 MDT 2018)
* Project:        Group_5
* Solution:       Resource_optimized
* Product family: artix7
* Target device:  xc7a200tfbg676-2


================================================================
== Performance Estimates
================================================================
+ Timing (ns): 
    * Summary: 
    +--------+-------+----------+------------+
    |  Clock | Target| Estimated| Uncertainty|
    +--------+-------+----------+------------+
    |ap_clk  |  10.00|     8.543|        1.25|
    +--------+-------+----------+------------+

+ Latency (clock cycles): 
    * Summary: 
    +------+--------+------+--------+---------+
    |    Latency    |    Interval   | Pipeline|
    |  min |   max  |  min |   max  |   Type  |
    +------+--------+------+--------+---------+
    |  3507|  112193|  3507|  112193|   none  |
    +------+--------+------+--------+---------+

    + Detail: 
        * Instance: 
        N/A

        * Loop: 
        +-----------------+------+--------+----------+-----------+-----------+--------+----------+
        |                 |    Latency    | Iteration|  Initiation Interval  |  Trip  |          |
        |    Loop Name    |  min |   max  |  Latency |  achieved |   target  |  Count | Pipelined|
        +-----------------+------+--------+----------+-----------+-----------+--------+----------+
        |- Loop 1         |  3506|  112192|      3506|          -|          -| 1 ~ 32 |    no    |
        | + Loop 1.1      |  3504|    3504|       219|          -|          -|      16|    no    |
        |  ++ Loop 1.1.1  |   135|     135|        45|          -|          -|       3|    no    |
        |  ++ Loop 1.1.2  |    80|      80|        10|          -|          -|       8|    no    |
        +-----------------+------+--------+----------+-----------+-----------+--------+----------+



================================================================
== Utilization Estimates
================================================================
* Summary: 
+-----------------+---------+-------+--------+--------+
|       Name      | BRAM_18K| DSP48E|   FF   |   LUT  |
+-----------------+---------+-------+--------+--------+
|DSP              |        -|      -|       -|       -|
|Expression       |        -|      -|       0|     378|
|FIFO             |        -|      -|       -|       -|
|Instance         |        -|      8|     461|     461|
|Memory           |        -|      -|       -|       -|
|Multiplexer      |        -|      -|       -|     506|
|Register         |        -|      -|     442|       -|
+-----------------+---------+-------+--------+--------+
|Total            |        0|      8|     903|    1345|
+-----------------+---------+-------+--------+--------+
|Available        |      730|    740|  269200|  129000|
+-----------------+---------+-------+--------+--------+
|Utilization (%)  |        0|      1|   ~0   |       1|
+-----------------+---------+-------+--------+--------+

+ Detail: 
    * Instance: 
    +---------------------------+----------------------+---------+-------+-----+-----+
    |          Instance         |        Module        | BRAM_18K| DSP48E|  FF | LUT |
    +---------------------------+----------------------+---------+-------+-----+-----+
    |sample_fadd_32ns_hbi_U124  |sample_fadd_32ns_hbi  |        0|      2|  205|  203|
    |sample_fmul_32ns_ibs_U125  |sample_fmul_32ns_ibs  |        0|      3|  128|  129|
    |sample_fmul_32ns_ibs_U126  |sample_fmul_32ns_ibs  |        0|      3|  128|  129|
    +---------------------------+----------------------+---------+-------+-----+-----+
    |Total                      |                      |        0|      8|  461|  461|
    +---------------------------+----------------------+---------+-------+-----+-----+

    * DSP48: 
    N/A

    * Memory: 
    N/A

    * FIFO: 
    N/A

    * Expression: 
    +---------------------+----------+-------+---+----+------------+------------+
    |    Variable Name    | Operation| DSP48E| FF| LUT| Bitwidth P0| Bitwidth P1|
    +---------------------+----------+-------+---+----+------------+------------+
    |i_37_fu_396_p2       |     +    |      0|  0|  15|           6|           1|
    |j_1_fu_440_p2        |     +    |      0|  0|  15|           5|           1|
    |k_2_fu_682_p2        |     +    |      0|  0|  15|           5|           4|
    |k_3_fu_737_p2        |     +    |      0|  0|  15|           6|           1|
    |next_mul_fu_420_p2   |     +    |      0|  0|  16|           9|           9|
    |sum10_fu_593_p2      |     +    |      0|  0|  16|           9|           9|
    |sum12_fu_624_p2      |     +    |      0|  0|  16|           9|           9|
    |sum14_fu_655_p2      |     +    |      0|  0|  16|           9|           9|
    |sum16_fu_676_p2      |     +    |      0|  0|  16|           9|           9|
    |sum17_fu_716_p2      |     +    |      0|  0|  15|           7|           7|
    |sum18_fu_726_p2      |     +    |      0|  0|  16|           9|           9|
    |sum1_fu_500_p2       |     +    |      0|  0|  16|           9|           9|
    |sum2_fu_531_p2       |     +    |      0|  0|  16|           9|           9|
    |sum4_fu_562_p2       |     +    |      0|  0|  16|           9|           9|
    |sum8_fu_468_p2       |     +    |      0|  0|  16|           9|           9|
    |sum_fu_743_p2        |     +    |      0|  0|  15|           6|           6|
    |exitcond1_fu_391_p2  |   icmp   |      0|  0|  11|           6|           6|
    |exitcond8_fu_710_p2  |   icmp   |      0|  0|  11|           6|           7|
    |exitcond_fu_434_p2   |   icmp   |      0|  0|  11|           5|           6|
    |tmp_s_fu_450_p2      |   icmp   |      0|  0|  11|           5|           5|
    |sum11_fu_604_p2      |    or    |      0|  0|   7|           7|           3|
    |sum13_fu_635_p2      |    or    |      0|  0|   7|           7|           3|
    |sum15_fu_688_p2      |    or    |      0|  0|   7|           7|           3|
    |sum5_fu_479_p2       |    or    |      0|  0|   7|           7|           1|
    |sum6_fu_573_p2       |    or    |      0|  0|   7|           7|           3|
    |sum7_fu_511_p2       |    or    |      0|  0|   7|           7|           2|
    |sum9_fu_542_p2       |    or    |      0|  0|   7|           7|           2|
    |tmp18_fu_521_p2      |    or    |      0|  0|   5|           5|           2|
    |tmp25_fu_552_p2      |    or    |      0|  0|   5|           5|           2|
    |tmp26_fu_583_p2      |    or    |      0|  0|   5|           5|           3|
    |tmp27_fu_614_p2      |    or    |      0|  0|   5|           5|           3|
    |tmp28_fu_645_p2      |    or    |      0|  0|   5|           5|           3|
    |tmp29_fu_666_p2      |    or    |      0|  0|   5|           5|           3|
    |tmp7_fu_490_p2       |    or    |      0|  0|   5|           5|           1|
    +---------------------+----------+-------+---+----+------------+------------+
    |Total                |          |      0|  0| 378|         231|         168|
    +---------------------+----------+-------+---+----+------------+------------+

    * Multiplexer: 
    +-----------------+-----+-----------+-----+-----------+
    |       Name      | LUT | Input Size| Bits| Total Bits|
    +-----------------+-----+-----------+-----+-----------+
    |A_address0       |   33|          6|    5|         30|
    |A_address1       |   27|          5|    5|         25|
    |B_address0       |   33|          6|    9|         54|
    |B_address1       |   27|          5|    9|         45|
    |ap_NS_fsm        |  257|         60|    1|         60|
    |grp_fu_349_p0    |   27|          5|   32|        160|
    |grp_fu_349_p1    |   21|          4|   32|        128|
    |i_reg_270        |    9|          2|    6|         12|
    |j_reg_281        |    9|          2|    5|         10|
    |k_1_reg_338      |    9|          2|    6|         12|
    |k_reg_314        |    9|          2|    5|         10|
    |phi_mul_reg_292  |    9|          2|    9|         18|
    |reg_363          |    9|          2|   32|         64|
    |reg_369          |    9|          2|   32|         64|
    |temp3_reg_304    |    9|          2|   32|         64|
    |temp_1_reg_326   |    9|          2|   32|         64|
    +-----------------+-----+-----------+-----+-----------+
    |Total            |  506|        109|  252|        820|
    +-----------------+-----+-----------+-----+-----------+

    * Register: 
    +----------------------+----+----+-----+-----------+
    |         Name         | FF | LUT| Bits| Const Bits|
    +----------------------+----+----+-----+-----------+
    |a1_reg_846            |  32|   0|   32|          0|
    |ap_CS_fsm             |  59|   0|   59|          0|
    |b1_reg_851            |  32|   0|   32|          0|
    |i_37_reg_765          |   6|   0|    6|          0|
    |i_reg_270             |   6|   0|    6|          0|
    |inneridx_reg_780      |   2|   0|    7|          5|
    |j_1_reg_798           |   5|   0|    5|          0|
    |j_cast_reg_790        |   5|   0|    6|          1|
    |j_reg_281             |   5|   0|    5|          0|
    |k_1_reg_338           |   6|   0|    6|          0|
    |k_2_reg_916           |   5|   0|    5|          0|
    |k_3_reg_949           |   6|   0|    6|          0|
    |k_reg_314             |   5|   0|    5|          0|
    |next_mul_reg_785      |   9|   0|    9|          0|
    |outrowidx_reg_775     |   2|   0|    6|          4|
    |outrows_cast_reg_757  |   6|   0|    9|          3|
    |phi_mul_reg_292       |   9|   0|    9|          0|
    |reg_363               |  32|   0|   32|          0|
    |reg_369               |  32|   0|   32|          0|
    |reg_375               |  32|   0|   32|          0|
    |reg_381               |  32|   0|   32|          0|
    |sum16_reg_911         |   9|   0|    9|          0|
    |sum3_reg_816          |   7|   0|    7|          0|
    |temp3_reg_304         |  32|   0|   32|          0|
    |temp_1_reg_326        |  32|   0|   32|          0|
    |tmp_42_reg_856        |  32|   0|   32|          0|
    |tmp_reg_770           |   2|   0|    2|          0|
    +----------------------+----+----+-----+-----------+
    |Total                 | 442|   0|  455|         13|
    +----------------------+----+----+-----+-----------+



================================================================
== Interface
================================================================
* Summary: 
+------------+-----+-----+------------+---------------------+--------------+
|  RTL Ports | Dir | Bits|  Protocol  |    Source Object    |    C Type    |
+------------+-----+-----+------------+---------------------+--------------+
|ap_clk      |  in |    1| ap_ctrl_hs | k2c_affine_matmul.2 | return value |
|ap_rst      |  in |    1| ap_ctrl_hs | k2c_affine_matmul.2 | return value |
|ap_start    |  in |    1| ap_ctrl_hs | k2c_affine_matmul.2 | return value |
|ap_done     | out |    1| ap_ctrl_hs | k2c_affine_matmul.2 | return value |
|ap_idle     | out |    1| ap_ctrl_hs | k2c_affine_matmul.2 | return value |
|ap_ready    | out |    1| ap_ctrl_hs | k2c_affine_matmul.2 | return value |
|C_address0  | out |    4|  ap_memory |          C          |     array    |
|C_ce0       | out |    1|  ap_memory |          C          |     array    |
|C_we0       | out |    1|  ap_memory |          C          |     array    |
|C_d0        | out |   32|  ap_memory |          C          |     array    |
|A_address0  | out |    5|  ap_memory |          A          |     array    |
|A_ce0       | out |    1|  ap_memory |          A          |     array    |
|A_q0        |  in |   32|  ap_memory |          A          |     array    |
|A_address1  | out |    5|  ap_memory |          A          |     array    |
|A_ce1       | out |    1|  ap_memory |          A          |     array    |
|A_q1        |  in |   32|  ap_memory |          A          |     array    |
|B_address0  | out |    9|  ap_memory |          B          |     array    |
|B_ce0       | out |    1|  ap_memory |          B          |     array    |
|B_q0        |  in |   32|  ap_memory |          B          |     array    |
|B_address1  | out |    9|  ap_memory |          B          |     array    |
|B_ce1       | out |    1|  ap_memory |          B          |     array    |
|B_q1        |  in |   32|  ap_memory |          B          |     array    |
|d_address0  | out |    4|  ap_memory |          d          |     array    |
|d_ce0       | out |    1|  ap_memory |          d          |     array    |
|d_q0        |  in |   32|  ap_memory |          d          |     array    |
|outrows     |  in |    6|   ap_none  |       outrows       |    scalar    |
+------------+-----+-----+------------+---------------------+--------------+

