

================================================================
== Vivado HLS Report for 'k2c_dot_3'
================================================================
* Date:           Wed Apr 24 12:33:03 2024

* Version:        2018.2 (Build 2258646 on Thu Jun 14 20:25:20 MDT 2018)
* Project:        Group_5
* Solution:       Resource_optimized
* Product family: artix7
* Target device:  xc7a200tfbg676-2


================================================================
== Performance Estimates
================================================================
+ Timing (ns): 
    * Summary: 
    +--------+-------+----------+------------+
    |  Clock | Target| Estimated| Uncertainty|
    +--------+-------+----------+------------+
    |ap_clk  |  10.00|     8.609|        1.25|
    +--------+-------+----------+------------+

+ Latency (clock cycles): 
    * Summary: 
    +-----+-----+-----+-----+---------+
    |  Latency  |  Interval | Pipeline|
    | min | max | min | max |   Type  |
    +-----+-----+-----+-----+---------+
    |    ?|    ?|    ?|    ?|   none  |
    +-----+-----+-----+-----+---------+

    + Detail: 
        * Instance: 
        +------------------------+-------------+-----+-----+-----+-----+---------+
        |                        |             |  Latency  |  Interval | Pipeline|
        |        Instance        |    Module   | min | max | min | max |   Type  |
        +------------------------+-------------+-----+-----+-----+-----+---------+
        |grp_k2c_idx2sub_fu_824  |k2c_idx2sub  |    ?|    ?|    ?|    ?|   none  |
        |grp_k2c_sub2idx_fu_836  |k2c_sub2idx  |    ?|    ?|    ?|    ?|   none  |
        +------------------------+-------------+-----+-----+-----+-----+---------+

        * Loop: 
        +------------------+-----+-----+----------+-----------+-----------+------+----------+
        |                  |  Latency  | Iteration|  Initiation Interval  | Trip |          |
        |     Loop Name    | min | max |  Latency |  achieved |   target  | Count| Pipelined|
        +------------------+-----+-----+----------+-----------+-----------+------+----------+
        |- Loop 1          |    ?|    ?|         3|          -|          -|     ?|    no    |
        |- Loop 2          |    ?|    ?|         2|          -|          -|     ?|    no    |
        |- Loop 3          |    ?|    ?|         3|          -|          -|     ?|    no    |
        |- Loop 4          |    ?|    ?|         1|          -|          -|     ?|    no    |
        |- Loop 5          |    ?|    ?|         3|          -|          -|     ?|    no    |
        |- Loop 6          |    ?|    ?|         5|          -|          -|     ?|    no    |
        |- Loop 7          |    ?|    ?|         5|          -|          -|     ?|    no    |
        |- Loop 8          |    ?|    ?|         ?|          -|          -|     ?|    no    |
        | + Loop 8.1       |    ?|    ?|         5|          -|          -|     ?|    no    |
        |- Loop 9          |    ?|    ?|         ?|          -|          -|     ?|    no    |
        | + Loop 9.1       |    ?|    ?|         5|          -|          -|     ?|    no    |
        |- Loop 10         |    ?|    ?|         1|          -|          -|     ?|    no    |
        |- Loop 11         |    ?|    ?|         ?|          -|          -|     ?|    no    |
        | + Loop 11.1      |    ?|    ?|         ?|          -|          -|     ?|    no    |
        |  ++ Loop 11.1.1  |    ?|    ?|        10|          -|          -|     ?|    no    |
        +------------------+-----+-----+----------+-----------+-----------+------+----------+



================================================================
== Utilization Estimates
================================================================
* Summary: 
+-----------------+---------+-------+--------+--------+
|       Name      | BRAM_18K| DSP48E|   FF   |   LUT  |
+-----------------+---------+-------+--------+--------+
|DSP              |        -|      -|       -|       -|
|Expression       |        -|      0|       0|    1909|
|FIFO             |        -|      -|       -|       -|
|Instance         |        -|     53|    6550|    4720|
|Memory           |        4|      -|    1184|      53|
|Multiplexer      |        -|      -|       -|    1436|
|Register         |        -|      -|    1954|       -|
+-----------------+---------+-------+--------+--------+
|Total            |        4|     53|    9688|    8118|
+-----------------+---------+-------+--------+--------+
|Available        |      730|    740|  269200|  129000|
+-----------------+---------+-------+--------+--------+
|Utilization (%)  |    ~0   |      7|       3|       6|
+-----------------+---------+-------+--------+--------+

+ Detail: 
    * Instance: 
    +---------------------------+----------------------+---------+-------+------+------+
    |          Instance         |        Module        | BRAM_18K| DSP48E|  FF  |  LUT |
    +---------------------------+----------------------+---------+-------+------+------+
    |grp_k2c_idx2sub_fu_824     |k2c_idx2sub           |        0|      0|  3511|  2638|
    |grp_k2c_sub2idx_fu_836     |k2c_sub2idx           |        0|     32|  1566|  1086|
    |sample_fadd_32ns_hbi_U142  |sample_fadd_32ns_hbi  |        0|      2|   205|   203|
    |sample_fmul_32ns_ibs_U143  |sample_fmul_32ns_ibs  |        0|      3|   128|   129|
    |sample_mul_60ns_6kbM_U145  |sample_mul_60ns_6kbM  |        0|     16|   361|   195|
    |sample_udiv_64ns_Ngs_U144  |sample_udiv_64ns_Ngs  |        0|      0|   779|   469|
    +---------------------------+----------------------+---------+-------+------+------+
    |Total                      |                      |        0|     53|  6550|  4720|
    +---------------------------+----------------------+---------+-------+------+------+

    * DSP48: 
    N/A

    * Memory: 
    +------------------------+----------------------+---------+-----+----+------+-----+------+-------------+
    |         Memory         |        Module        | BRAM_18K|  FF | LUT| Words| Bits| Banks| W*Bits*Banks|
    +------------------------+----------------------+---------+-----+----+------+-----+------+-------------+
    |dense_15_output_shap_U  |k2c_dot_3_dense_1KfY  |        0|  128|   5|     5|   64|     1|          320|
    |dense_16_kernel_shap_U  |k2c_dot_3_dense_1KfY  |        0|  128|   5|     5|   64|     1|          320|
    |dense_16_kernel_arra_U  |k2c_dot_3_dense_1Mgi  |        0|   32|   8|    16|   32|     1|          512|
    |permA_U                 |k2c_dot_permA         |        4|    0|   0|     5|   64|     1|          320|
    |permB_U                 |k2c_dot_permB         |        0|  128|   5|     5|   64|     1|          320|
    |freeA_U                 |k2c_dot_permB         |        0|  128|   5|     5|   64|     1|          320|
    |freeB_U                 |k2c_dot_permB         |        0|  128|   5|     5|   64|     1|          320|
    |newshpA_U               |k2c_dot_permB         |        0|  128|   5|     5|   64|     1|          320|
    |newshpB_U               |k2c_dot_permB         |        0|  128|   5|     5|   64|     1|          320|
    |Asub_U                  |k2c_dot_permB         |        0|  128|   5|     5|   64|     1|          320|
    |Bsub_U                  |k2c_dot_permB         |        0|  128|   5|     5|   64|     1|          320|
    +------------------------+----------------------+---------+-----+----+------+-----+------+-------------+
    |Total                   |                      |        4| 1184|  53|    66|  672|    11|         3712|
    +------------------------+----------------------+---------+-----+----+------+-----+------+-------------+

    * FIFO: 
    N/A

    * Expression: 
    +-------------------------+----------+-------+---+----+------------+------------+
    |      Variable Name      | Operation| DSP48E| FF| LUT| Bitwidth P0| Bitwidth P1|
    +-------------------------+----------+-------+---+----+------------+------------+
    |inneridx_fu_1333_p2      |     *    |      0|  0|  33|           7|           7|
    |outrowidx_fu_1328_p2     |     *    |      0|  0|   8|           2|           2|
    |tmp_s_fu_1367_p2         |     *    |      0|  0|  33|           5|           7|
    |count_4_1_fu_887_p2      |     +    |      0|  0|  71|          64|           1|
    |count_4_fu_864_p2        |     +    |      0|  0|  71|          64|           1|
    |count_5_1_fu_937_p2      |     +    |      0|  0|  12|           3|           1|
    |count_5_fu_915_p2        |     +    |      0|  0|  12|           3|           1|
    |i_12_1_fu_893_p2         |     +    |      0|  0|  71|          64|           2|
    |i_12_fu_1191_p2          |     +    |      0|  0|  71|          64|           1|
    |i_13_fu_1237_p2          |     +    |      0|  0|  71|          64|           1|
    |i_14_fu_1322_p2          |     +    |      0|  0|  71|           1|          64|
    |i_15_1_fu_943_p2         |     +    |      0|  0|  71|          64|           2|
    |i_15_fu_1049_p2          |     +    |      0|  0|  12|           3|           1|
    |i_16_fu_1080_p2          |     +    |      0|  0|  12|           1|           3|
    |i_18_1_fu_1033_p2        |     +    |      0|  0|  12|           3|           2|
    |i_19_1_fu_1065_p2        |     +    |      0|  0|  12|           3|           2|
    |i_21_1_fu_1110_p2        |     +    |      0|  0|  12|           3|           2|
    |i_22_1_fu_1148_p2        |     +    |      0|  0|  12|           3|           2|
    |i_23_1_fu_1180_p2        |     +    |      0|  0|  12|           3|           2|
    |i_2_cast_fu_1001_p2      |     +    |      0|  0|  12|           2|           3|
    |i_2_fu_996_p2            |     +    |      0|  0|  71|           2|          64|
    |j_10_1_fu_1226_p2        |     +    |      0|  0|  12|           3|           2|
    |j_11_1_fu_1273_p2        |     +    |      0|  0|  12|           3|           2|
    |j_9_1_fu_1116_p2         |     +    |      0|  0|  71|          64|           2|
    |j_fu_1385_p2             |     +    |      0|  0|  67|           1|          60|
    |k_1_fu_1351_p2           |     +    |      0|  0|  15|           5|           1|
    |sum1_fu_1357_p2          |     +    |      0|  0|  15|           7|           7|
    |sum2_fu_1406_p2          |     +    |      0|  0|  10|           2|           2|
    |sum3_fu_1396_p2          |     +    |      0|  0|   8|           7|           7|
    |sum_fu_1283_p2           |     +    |      0|  0|  15|           7|           7|
    |tmp1_fu_1391_p2          |     +    |      0|  0|   8|           7|           7|
    |exitcond10_1_fu_1268_p2  |   icmp   |      0|  0|  29|          64|          64|
    |exitcond10_fu_1252_p2    |   icmp   |      0|  0|  29|          64|          64|
    |exitcond11_1_fu_1221_p2  |   icmp   |      0|  0|  29|          64|          64|
    |exitcond11_fu_1380_p2    |   icmp   |      0|  0|  29|          60|          60|
    |exitcond12_1_fu_1175_p2  |   icmp   |      0|  0|  29|          64|          64|
    |exitcond13_1_fu_1143_p2  |   icmp   |      0|  0|  29|          64|          64|
    |exitcond1_1_fu_877_p2    |   icmp   |      0|  0|  29|          64|          64|
    |exitcond1_fu_854_p2      |   icmp   |      0|  0|  29|          64|          64|
    |exitcond2_1_fu_932_p2    |   icmp   |      0|  0|  29|          64|          64|
    |exitcond2_fu_899_p2      |   icmp   |      0|  0|  29|          64|          64|
    |exitcond3_fu_1186_p2     |   icmp   |      0|  0|  29|          64|          64|
    |exitcond4_fu_1232_p2     |   icmp   |      0|  0|  29|          64|          64|
    |exitcond5_fu_1298_p2     |   icmp   |      0|  0|  29|          64|          64|
    |exitcond6_fu_1127_p2     |   icmp   |      0|  0|  29|          64|          64|
    |exitcond7_fu_1159_p2     |   icmp   |      0|  0|  29|          64|          64|
    |exitcond8_1_fu_1028_p2   |   icmp   |      0|  0|  29|          64|          64|
    |exitcond8_fu_1012_p2     |   icmp   |      0|  0|  29|          64|          64|
    |exitcond9_fu_1205_p2     |   icmp   |      0|  0|  29|          64|          64|
    |exitcond_fu_1346_p2      |   icmp   |      0|  0|  11|           6|           6|
    |tmp_1_fu_882_p2          |   icmp   |      0|  0|  29|          64|          64|
    |tmp_2_1_fu_1060_p2       |   icmp   |      0|  0|  29|          64|          64|
    |tmp_2_fu_1044_p2         |   icmp   |      0|  0|  29|          64|          64|
    |tmp_3_1_fu_1105_p2       |   icmp   |      0|  0|  29|          64|          64|
    |tmp_3_fu_1075_p2         |   icmp   |      0|  0|  29|          64|          64|
    |tmp_7_fu_1317_p2         |   icmp   |      0|  0|  29|          64|          64|
    |tmp_9_fu_859_p2          |   icmp   |      0|  0|  29|          64|          64|
    |tmp_fu_904_p2            |   icmp   |      0|  0|  29|          64|           1|
    |i_12_s_fu_871_p2         |    or    |      0|  0|  64|          64|           1|
    |i_15_s_fu_926_p2         |    or    |      0|  0|  64|          64|           1|
    |i_18_s_fu_1017_p2        |    or    |      0|  0|   3|           3|           1|
    |i_22_s_fu_1132_p2        |    or    |      0|  0|   3|           3|           1|
    |i_23_s_fu_1164_p2        |    or    |      0|  0|   3|           3|           1|
    |j_10_s_fu_1210_p2        |    or    |      0|  0|   3|           3|           1|
    |j_11_s_fu_1257_p2        |    or    |      0|  0|   3|           3|           1|
    |j_9_s_fu_1094_p2         |    or    |      0|  0|   4|           4|           1|
    |i_11_fu_1303_p2          |    xor   |      0|  0|   2|           1|           2|
    +-------------------------+----------+-------+---+----+------------+------------+
    |Total                    |          |      0|  0|1909|        2348|        1881|
    +-------------------------+----------+-------+---+----+------------+------------+

    * Multiplexer: 
    +----------------------------------+-----+-----------+-----+-----------+
    |               Name               | LUT | Input Size| Bits| Total Bits|
    +----------------------------------+-----+-----------+-----+-----------+
    |Asub_address0                     |   38|          7|    3|         21|
    |Asub_ce0                          |   21|          4|    1|          4|
    |Asub_d0                           |   15|          3|   64|        192|
    |Asub_we0                          |   15|          3|    1|          3|
    |Bsub_address0                     |   38|          7|    3|         21|
    |Bsub_ce0                          |   21|          4|    1|          4|
    |Bsub_d0                           |   15|          3|   64|        192|
    |Bsub_we0                          |   15|          3|    1|          3|
    |C_array_address0                  |   15|          3|    1|          3|
    |C_array_d0                        |   15|          3|   32|         96|
    |ap_NS_fsm                         |  533|        124|    1|        124|
    |ap_phi_mux_count_1_phi_fu_607_p4  |   15|          3|   64|        192|
    |ap_phi_mux_count_3_phi_fu_653_p4  |   15|          3|    3|          9|
    |count_1_1_reg_615                 |    9|          2|   64|        128|
    |count_1_reg_603                   |    9|          2|   64|        128|
    |count_2_reg_627                   |    9|          2|    3|          6|
    |count_reg_578                     |    9|          2|   64|        128|
    |dense_15_output_shap_address0     |   27|          5|    3|         15|
    |dense_15_output_shap_ce0          |   15|          3|    1|          3|
    |dense_16_kernel_shap_address0     |   21|          4|    3|         12|
    |dense_16_kernel_shap_ce0          |   15|          3|    1|          3|
    |freeA_address0                    |   27|          5|    3|         15|
    |freeA_d0                          |   15|          3|   64|        192|
    |freeB_address0                    |   27|          5|    3|         15|
    |freeB_d0                          |   15|          3|   64|        192|
    |fwork_address0                    |   21|          4|    5|         20|
    |fwork_d0                          |   15|          3|   32|         96|
    |grp_k2c_idx2sub_fu_824_idx        |   15|          3|   64|        192|
    |grp_k2c_idx2sub_fu_824_ndim       |   15|          3|   64|        192|
    |grp_k2c_idx2sub_fu_824_shape_q0   |   15|          3|   64|        192|
    |grp_k2c_sub2idx_fu_836_ndim       |   15|          3|   64|        192|
    |grp_k2c_sub2idx_fu_836_shape_q0   |   15|          3|   64|        192|
    |grp_k2c_sub2idx_fu_836_sub_q0     |   15|          3|   64|        192|
    |i_10_reg_791                      |    9|          2|   64|        128|
    |i_1_reg_638                       |    9|          2|   64|        128|
    |i_3_reg_755                       |    9|          2|   64|        128|
    |i_4_reg_660                       |    9|          2|    3|          6|
    |i_5_reg_672                       |    9|          2|    3|          6|
    |i_6_reg_780                       |    9|          2|    1|          2|
    |i_7_reg_681                       |    9|          2|    3|          6|
    |i_8_reg_706                       |    9|          2|    3|          6|
    |i_9_reg_718                       |    9|          2|    3|          6|
    |i_reg_590                         |    9|          2|   64|        128|
    |i_s_reg_730                       |    9|          2|   64|        128|
    |j_3_reg_693                       |    9|          2|   64|        128|
    |j_4_reg_743                       |    9|          2|    3|          6|
    |j_5_reg_768                       |    9|          2|    3|          6|
    |j_s_reg_813                       |    9|          2|   60|        120|
    |k_reg_802                         |    9|          2|    5|         10|
    |newshpA_address0                  |   21|          4|    3|         12|
    |newshpA_ce0                       |   15|          3|    1|          3|
    |newshpB_address0                  |   21|          4|    3|         12|
    |newshpB_ce0                       |   15|          3|    1|          3|
    |permA_address0                    |   27|          5|    3|         15|
    |permA_address1                    |   27|          5|    3|         15|
    |permA_d0                          |   15|          3|   64|        192|
    |permB_address0                    |   41|          8|    3|         24|
    |permB_d0                          |   15|          3|   64|        192|
    +----------------------------------+-----+-----------+-----+-----------+
    |Total                             | 1436|        304| 1613|       4379|
    +----------------------------------+-----+-----------+-----+-----------+

    * Register: 
    +-------------------------------------+-----+----+-----+-----------+
    |                 Name                |  FF | LUT| Bits| Const Bits|
    +-------------------------------------+-----+----+-----+-----------+
    |A_array_load_reg_1809                |   32|   0|   32|          0|
    |C_array_addr_1_reg_1936              |    1|   0|    1|          0|
    |ap_CS_fsm                            |  123|   0|  123|          0|
    |count_1_1_reg_615                    |   64|   0|   64|          0|
    |count_1_reg_603                      |   64|   0|   64|          0|
    |count_2_reg_627                      |    3|   0|    3|          0|
    |count_3_cast_reg_1504                |    3|   0|   64|         61|
    |count_5_1_reg_1517                   |    3|   0|    3|          0|
    |count_reg_578                        |   64|   0|   64|          0|
    |dense_16_kernel_arra_2_reg_1869      |   32|   0|   32|          0|
    |exitcond10_reg_1827                  |    1|   0|    1|          0|
    |exitcond6_reg_1669                   |    1|   0|    1|          0|
    |exitcond7_reg_1711                   |    1|   0|    1|          0|
    |exitcond8_reg_1589                   |    1|   0|    1|          0|
    |exitcond9_reg_1767                   |    1|   0|    1|          0|
    |free_axesA_reg_1547                  |   64|   0|   64|          0|
    |free_axesB_1_reg_1558                |   60|   0|   64|          4|
    |free_axesB_cast5_reg_1568            |    2|   0|    2|          0|
    |free_axesB_cast6_reg_1563            |    7|   0|    7|          0|
    |free_axesB_reg_1553                  |   60|   0|   60|          0|
    |fwork_addr_2_reg_1913                |    5|   0|    5|          0|
    |fwork_load_1_reg_1946                |   32|   0|   32|          0|
    |fwork_load_reg_1941                  |   32|   0|   32|          0|
    |grp_k2c_idx2sub_fu_824_ap_start_reg  |    1|   0|    1|          0|
    |grp_k2c_sub2idx_fu_836_ap_start_reg  |    1|   0|    1|          0|
    |i_10_reg_791                         |   64|   0|   64|          0|
    |i_12_1_reg_1493                      |   64|   0|   64|          0|
    |i_12_reg_1751                        |   64|   0|   64|          0|
    |i_12_s_reg_1476                      |   63|   0|   64|          1|
    |i_13_reg_1817                        |   64|   0|   64|          0|
    |i_14_reg_1890                        |   64|   0|   64|          0|
    |i_15_1_reg_1522                      |   64|   0|   64|          0|
    |i_15_s_reg_1509                      |   63|   0|   64|          1|
    |i_16_cast_reg_1641                   |    3|   0|   64|         61|
    |i_18_1_reg_1611                      |    3|   0|    3|          0|
    |i_18_cast_reg_1598                   |    2|   0|   64|         62|
    |i_1_reg_638                          |   64|   0|   64|          0|
    |i_21_1_reg_1654                      |    3|   0|    3|          0|
    |i_22_1_reg_1696                      |    3|   0|    3|          0|
    |i_22_cast_reg_1683                   |    2|   0|   64|         62|
    |i_23_1_reg_1738                      |    3|   0|    3|          0|
    |i_23_cast_reg_1725                   |    2|   0|   64|         62|
    |i_2_cast_reg_1579                    |    3|   0|    3|          0|
    |i_2_reg_1573                         |   64|   0|   64|          0|
    |i_3_reg_755                          |   64|   0|   64|          0|
    |i_4_cast_reg_1584                    |    3|   0|   64|         61|
    |i_4_reg_660                          |    3|   0|    3|          0|
    |i_5_reg_672                          |    3|   0|    3|          0|
    |i_6_reg_780                          |    1|   0|    1|          0|
    |i_7_cast_reg_1627                    |    3|   0|   64|         61|
    |i_7_reg_681                          |    3|   0|    3|          0|
    |i_8_cast_reg_1664                    |    3|   0|   64|         61|
    |i_8_reg_706                          |    3|   0|    3|          0|
    |i_9_cast_reg_1706                    |    3|   0|   64|         61|
    |i_9_reg_718                          |    3|   0|    3|          0|
    |i_reg_590                            |   64|   0|   64|          0|
    |i_s_reg_730                          |   64|   0|   64|          0|
    |inneridx_reg_1900                    |    7|   0|    7|          0|
    |j_10_1_reg_1794                      |    3|   0|    3|          0|
    |j_10_cast_reg_1781                   |    2|   0|   64|         62|
    |j_11_1_reg_1854                      |    3|   0|    3|          0|
    |j_11_cast_reg_1841                   |    2|   0|   64|         62|
    |j_3_reg_693                          |   64|   0|   64|          0|
    |j_4_cast_reg_1762                    |    3|   0|   64|         61|
    |j_4_reg_743                          |    3|   0|    3|          0|
    |j_5_cast_reg_1822                    |    3|   0|   64|         61|
    |j_5_reg_768                          |    3|   0|    3|          0|
    |j_9_1_reg_1659                       |   64|   0|   64|          0|
    |j_reg_1926                           |   60|   0|   60|          0|
    |j_s_reg_813                          |   60|   0|   60|          0|
    |k_1_reg_1908                         |    5|   0|    5|          0|
    |k_reg_802                            |    5|   0|    5|          0|
    |outrowidx_reg_1895                   |    2|   0|    2|          0|
    |tmp_10_reg_1542                      |    6|   0|    6|          0|
    |tmp_13_reg_1756                      |    7|   0|    7|          0|
    |tmp_1_reg_1484                       |    1|   0|    1|          0|
    |tmp_3_reg_1632                       |    1|   0|    1|          0|
    |tmp_4_reg_1537                       |    7|   0|    7|          0|
    |tmp_5_reg_1951                       |   32|   0|   32|          0|
    |tmp_6_reg_1874                       |   64|   0|   64|          0|
    |tmp_s_reg_1918                       |    7|   0|    7|          0|
    +-------------------------------------+-----+----+-----+-----------+
    |Total                                | 1954|   0| 2758|        804|
    +-------------------------------------+-----+----+-----+-----------+



================================================================
== Interface
================================================================
* Summary: 
+------------------+-----+-----+------------+--------------+--------------+
|     RTL Ports    | Dir | Bits|  Protocol  | Source Object|    C Type    |
+------------------+-----+-----+------------+--------------+--------------+
|ap_clk            |  in |    1| ap_ctrl_hs |   k2c_dot.3  | return value |
|ap_rst            |  in |    1| ap_ctrl_hs |   k2c_dot.3  | return value |
|ap_start          |  in |    1| ap_ctrl_hs |   k2c_dot.3  | return value |
|ap_done           | out |    1| ap_ctrl_hs |   k2c_dot.3  | return value |
|ap_idle           | out |    1| ap_ctrl_hs |   k2c_dot.3  | return value |
|ap_ready          | out |    1| ap_ctrl_hs |   k2c_dot.3  | return value |
|C_array_address0  | out |    1|  ap_memory |    C_array   |     array    |
|C_array_ce0       | out |    1|  ap_memory |    C_array   |     array    |
|C_array_we0       | out |    1|  ap_memory |    C_array   |     array    |
|C_array_d0        | out |   32|  ap_memory |    C_array   |     array    |
|C_array_q0        |  in |   32|  ap_memory |    C_array   |     array    |
|A_array_address0  | out |    4|  ap_memory |    A_array   |     array    |
|A_array_ce0       | out |    1|  ap_memory |    A_array   |     array    |
|A_array_q0        |  in |   32|  ap_memory |    A_array   |     array    |
|A_dim             |  in |   64|   ap_none  |     A_dim    |    scalar    |
|A_numel_read      |  in |   64|   ap_none  | A_numel_read |    scalar    |
|B_dim             |  in |   64|   ap_none  |     B_dim    |    scalar    |
|B_numel_read      |  in |   64|   ap_none  | B_numel_read |    scalar    |
|p_read2           |  in |   64|   ap_none  |    p_read2   |    scalar    |
|fwork_address0    | out |    5|  ap_memory |     fwork    |     array    |
|fwork_ce0         | out |    1|  ap_memory |     fwork    |     array    |
|fwork_we0         | out |    1|  ap_memory |     fwork    |     array    |
|fwork_d0          | out |   32|  ap_memory |     fwork    |     array    |
|fwork_q0          |  in |   32|  ap_memory |     fwork    |     array    |
|fwork_address1    | out |    5|  ap_memory |     fwork    |     array    |
|fwork_ce1         | out |    1|  ap_memory |     fwork    |     array    |
|fwork_q1          |  in |   32|  ap_memory |     fwork    |     array    |
+------------------+-----+-----+------------+--------------+--------------+

