

================================================================
== Vivado HLS Report for 'k2c_dense'
================================================================
* Date:           Wed Apr 24 12:33:08 2024

* Version:        2018.2 (Build 2258646 on Thu Jun 14 20:25:20 MDT 2018)
* Project:        Group_5
* Solution:       Resource_optimized
* Product family: artix7
* Target device:  xc7a200tfbg676-2


================================================================
== Performance Estimates
================================================================
+ Timing (ns): 
    * Summary: 
    +--------+-------+----------+------------+
    |  Clock | Target| Estimated| Uncertainty|
    +--------+-------+----------+------------+
    |ap_clk  |  10.00|     9.597|        1.25|
    +--------+-------+----------+------------+

+ Latency (clock cycles): 
    * Summary: 
    +-----+-----+-----+-----+---------+
    |  Latency  |  Interval | Pipeline|
    | min | max | min | max |   Type  |
    +-----+-----+-----+-----+---------+
    |    ?|    ?|    ?|    ?|   none  |
    +-----+-----+-----+-----+---------+

    + Detail: 
        * Instance: 
        +--------------------------------+---------------------+-----+------+-----+------+---------+
        |                                |                     |   Latency  |  Interval  | Pipeline|
        |            Instance            |        Module       | min |  max | min |  max |   Type  |
        +--------------------------------+---------------------+-----+------+-----+------+---------+
        |grp_k2c_dot_3_fu_166            |k2c_dot_3            |    ?|     ?|    ?|     ?|   none  |
        |grp_k2c_affine_matmul_3_fu_190  |k2c_affine_matmul_3  |  135|  2145|  135|  2145|   none  |
        +--------------------------------+---------------------+-----+------+-----+------+---------+

        * Loop: 
        +-------------+-----+-----+----------+-----------+-----------+--------+----------+
        |             |  Latency  | Iteration|  Initiation Interval  |  Trip  |          |
        |  Loop Name  | min | max |  Latency |  achieved |   target  |  Count | Pipelined|
        +-------------+-----+-----+----------+-----------+-----------+--------+----------+
        |- Loop 1     |   28|  448|        28|          -|          -| 1 ~ 16 |    no    |
        |- Loop 2     |    ?|    ?|         ?|          -|          -|       ?|    no    |
        | + Loop 2.1  |    ?|    ?|         6|          -|          -|       ?|    no    |
        |- Loop 3     |    ?|    ?|        28|          -|          -|       ?|    no    |
        +-------------+-----+-----+----------+-----------+-----------+--------+----------+



================================================================
== Utilization Estimates
================================================================
* Summary: 
+-----------------+---------+-------+--------+--------+
|       Name      | BRAM_18K| DSP48E|   FF   |   LUT  |
+-----------------+---------+-------+--------+--------+
|DSP              |        -|      -|       -|       -|
|Expression       |        -|      -|       0|     468|
|FIFO             |        -|      -|       -|       -|
|Instance         |        4|     70|   12016|   11237|
|Memory           |        0|      -|      64|       8|
|Multiplexer      |        -|      -|       -|     567|
|Register         |        -|      -|     470|       -|
+-----------------+---------+-------+--------+--------+
|Total            |        4|     70|   12550|   12280|
+-----------------+---------+-------+--------+--------+
|Available        |      730|    740|  269200|  129000|
+-----------------+---------+-------+--------+--------+
|Utilization (%)  |    ~0   |      9|       4|       9|
+-----------------+---------+-------+--------+--------+

+ Detail: 
    * Instance: 
    +--------------------------------+----------------------+---------+-------+------+------+
    |            Instance            |        Module        | BRAM_18K| DSP48E|  FF  |  LUT |
    +--------------------------------+----------------------+---------+-------+------+------+
    |grp_k2c_affine_matmul_3_fu_190  |k2c_affine_matmul_3   |        0|      8|  1235|  1214|
    |grp_k2c_dot_3_fu_166            |k2c_dot_3             |        4|     53|  9688|  8118|
    |sample_fadd_32ns_hbi_U164       |sample_fadd_32ns_hbi  |        0|      2|   205|   203|
    |sample_fdiv_32ns_PgM_U165       |sample_fdiv_32ns_PgM  |        0|      0|   564|   798|
    |sample_fexp_32ns_QgW_U166       |sample_fexp_32ns_QgW  |        0|      7|   324|   904|
    +--------------------------------+----------------------+---------+-------+------+------+
    |Total                           |                      |        4|     70| 12016| 11237|
    +--------------------------------+----------------------+---------+-------+------+------+

    * DSP48: 
    N/A

    * Memory: 
    +------------------------+----------------------+---------+----+----+------+-----+------+-------------+
    |         Memory         |        Module        | BRAM_18K| FF | LUT| Words| Bits| Banks| W*Bits*Banks|
    +------------------------+----------------------+---------+----+----+------+-----+------+-------------+
    |dense_16_kernel_arra_U  |k2c_dense_dense_1OgC  |        0|  64|   8|    16|   32|     1|          512|
    +------------------------+----------------------+---------+----+----+------+-----+------+-------------+
    |Total                   |                      |        0|  64|   8|    16|   32|     1|          512|
    +------------------------+----------------------+---------+----+----+------+-----+------+-------------+

    * FIFO: 
    N/A

    * Expression: 
    +----------------------+----------+-------+---+----+------------+------------+
    |     Variable Name    | Operation| DSP48E| FF| LUT| Bitwidth P0| Bitwidth P1|
    +----------------------+----------+-------+---+----+------------+------------+
    |i_35_fu_367_p2        |     +    |      0|  0|  15|           5|           1|
    |i_36_fu_321_p2        |     +    |      0|  0|  71|           1|          64|
    |j_fu_300_p2           |     +    |      0|  0|  71|           1|          64|
    |sum_i_fu_310_p2       |     +    |      0|  0|  10|           2|           2|
    |tmp_16_fu_245_p2      |     +    |      0|  0|  71|          64|           2|
    |exitcond3_fu_331_p2   |   icmp   |      0|  0|  29|          64|          64|
    |exitcond_fu_362_p2    |   icmp   |      0|  0|  11|           5|           5|
    |exitcond_i_fu_295_p2  |   icmp   |      0|  0|  29|          64|           1|
    |icmp_fu_267_p2        |   icmp   |      0|  0|  29|          63|           1|
    |tmp_fu_239_p2         |   icmp   |      0|  0|  29|          64|           2|
    |tmp_i_fu_286_p2       |   icmp   |      0|  0|  29|          64|          64|
    |p_s_fu_273_p3         |  select  |      0|  0|   6|           1|           6|
    |i_fu_336_p2           |    xor   |      0|  0|   2|           1|           2|
    |tmp_24_neg_fu_346_p2  |    xor   |      0|  0|  33|          32|          33|
    |tmp_29_neg_fu_377_p2  |    xor   |      0|  0|  33|          32|          33|
    +----------------------+----------+-------+---+----+------------+------------+
    |Total                 |          |      0|  0| 468|         463|         344|
    +----------------------+----------+-------+---+----+------------+------------+

    * Multiplexer: 
    +-------------------------------+-----+-----------+-----+-----------+
    |              Name             | LUT | Input Size| Bits| Total Bits|
    +-------------------------------+-----+-----------+-----+-----------+
    |ap_NS_fsm                      |  301|         67|    1|         67|
    |dense_15_output_arra_address0  |   15|          3|    4|         12|
    |dense_15_output_arra_ce0       |   15|          3|    1|          3|
    |dense_15_output_arra_ce1       |    9|          2|    1|          2|
    |dense_16_kernel_arra_address0  |   15|          3|    4|         12|
    |dense_16_kernel_arra_ce0       |    9|          2|    1|          2|
    |dense_16_kernel_arra_ce1       |    9|          2|    1|          2|
    |grp_fu_201_p0                  |   15|          3|   32|         96|
    |grp_fu_201_p1                  |   15|          3|   32|         96|
    |grp_fu_214_p1                  |   15|          3|   32|         96|
    |i_1_reg_155                    |    9|          2|    5|         10|
    |i_3_reg_144                    |    9|          2|    1|          2|
    |i_i_reg_121                    |    9|          2|   64|        128|
    |j_i_reg_133                    |    9|          2|   64|        128|
    |output_array_address0          |   44|          9|    1|          9|
    |output_array_ce0               |   21|          4|    1|          4|
    |output_array_d0                |   27|          5|   32|        160|
    |output_array_we0               |   21|          4|    1|          4|
    +-------------------------------+-----+-----------+-----+-----------+
    |Total                          |  567|        121|  278|        833|
    +-------------------------------+-----+-----------+-----+-----------+

    * Register: 
    +---------------------------------------------+----+----+-----+-----------+
    |                     Name                    | FF | LUT| Bits| Const Bits|
    +---------------------------------------------+----+----+-----+-----------+
    |ap_CS_fsm                                    |  66|   0|   66|          0|
    |dense_16_bias_numel                          |   0|   0|   64|         64|
    |dense_16_kernel_nume                         |   0|   0|   64|         64|
    |grp_k2c_affine_matmul_3_fu_190_ap_start_reg  |   1|   0|    1|          0|
    |grp_k2c_dot_3_fu_166_ap_start_reg            |   1|   0|    1|          0|
    |i_1_reg_155                                  |   5|   0|    5|          0|
    |i_35_reg_477                                 |   5|   0|    5|          0|
    |i_3_reg_144                                  |   1|   0|    1|          0|
    |i_i_reg_121                                  |  64|   0|   64|          0|
    |i_reg_464                                    |   1|   0|    1|          0|
    |j_i_reg_133                                  |  64|   0|   64|          0|
    |j_reg_441                                    |  64|   0|   64|          0|
    |output_array_addr_1_reg_482                  |   1|   0|    1|          0|
    |output_array_addr_2_reg_446                  |   1|   0|    1|          0|
    |output_array_addr_reg_459                    |   1|   0|    1|          0|
    |p_s_reg_423                                  |   2|   0|    5|          3|
    |reg_219                                      |  32|   0|   32|          0|
    |reg_224                                      |  32|   0|   32|          0|
    |reg_229                                      |  32|   0|   32|          0|
    |reg_234                                      |  32|   0|   32|          0|
    |tmp_16_reg_413                               |  64|   0|   64|          0|
    |tmp_reg_409                                  |   1|   0|    1|          0|
    +---------------------------------------------+----+----+-----+-----------+
    |Total                                        | 470|   0|  601|        131|
    +---------------------------------------------+----+----+-----+-----------+



================================================================
== Interface
================================================================
* Summary: 
+-------------------------------+-----+-----+------------+----------------------+--------------+
|           RTL Ports           | Dir | Bits|  Protocol  |     Source Object    |    C Type    |
+-------------------------------+-----+-----+------------+----------------------+--------------+
|ap_clk                         |  in |    1| ap_ctrl_hs |       k2c_dense      | return value |
|ap_rst                         |  in |    1| ap_ctrl_hs |       k2c_dense      | return value |
|ap_start                       |  in |    1| ap_ctrl_hs |       k2c_dense      | return value |
|ap_done                        | out |    1| ap_ctrl_hs |       k2c_dense      | return value |
|ap_idle                        | out |    1| ap_ctrl_hs |       k2c_dense      | return value |
|ap_ready                       | out |    1| ap_ctrl_hs |       k2c_dense      | return value |
|output_array_address0          | out |    1|  ap_memory |     output_array     |     array    |
|output_array_ce0               | out |    1|  ap_memory |     output_array     |     array    |
|output_array_we0               | out |    1|  ap_memory |     output_array     |     array    |
|output_array_d0                | out |   32|  ap_memory |     output_array     |     array    |
|output_array_q0                |  in |   32|  ap_memory |     output_array     |     array    |
|output_numel_read              |  in |   64|   ap_none  |   output_numel_read  |    scalar    |
|input_dim                      |  in |   64|   ap_none  |       input_dim      |    scalar    |
|input_numel_read               |  in |   64|   ap_none  |   input_numel_read   |    scalar    |
|kernel_dim                     |  in |   64|   ap_none  |      kernel_dim      |    scalar    |
|fwork_address0                 | out |    5|  ap_memory |         fwork        |     array    |
|fwork_ce0                      | out |    1|  ap_memory |         fwork        |     array    |
|fwork_we0                      | out |    1|  ap_memory |         fwork        |     array    |
|fwork_d0                       | out |   32|  ap_memory |         fwork        |     array    |
|fwork_q0                       |  in |   32|  ap_memory |         fwork        |     array    |
|fwork_address1                 | out |    5|  ap_memory |         fwork        |     array    |
|fwork_ce1                      | out |    1|  ap_memory |         fwork        |     array    |
|fwork_q1                       |  in |   32|  ap_memory |         fwork        |     array    |
|dense_15_output_arra_address0  | out |    4|  ap_memory | dense_15_output_arra |     array    |
|dense_15_output_arra_ce0       | out |    1|  ap_memory | dense_15_output_arra |     array    |
|dense_15_output_arra_q0        |  in |   32|  ap_memory | dense_15_output_arra |     array    |
|dense_15_output_arra_address1  | out |    4|  ap_memory | dense_15_output_arra |     array    |
|dense_15_output_arra_ce1       | out |    1|  ap_memory | dense_15_output_arra |     array    |
|dense_15_output_arra_q1        |  in |   32|  ap_memory | dense_15_output_arra |     array    |
+-------------------------------+-----+-----+------------+----------------------+--------------+

