

================================================================
== Vivado HLS Report for 'k2c_affine_matmul_1'
================================================================
* Date:           Wed Apr 24 12:32:53 2024

* Version:        2018.2 (Build 2258646 on Thu Jun 14 20:25:20 MDT 2018)
* Project:        Group_5
* Solution:       Resource_optimized
* Product family: artix7
* Target device:  xc7a200tfbg676-2


================================================================
== Performance Estimates
================================================================
+ Timing (ns): 
    * Summary: 
    +--------+-------+----------+------------+
    |  Clock | Target| Estimated| Uncertainty|
    +--------+-------+----------+------------+
    |ap_clk  |  10.00|     8.543|        1.25|
    +--------+-------+----------+------------+

+ Latency (clock cycles): 
    * Summary: 
    +-------+---------+-------+---------+---------+
    |     Latency     |     Interval    | Pipeline|
    |  min  |   max   |  min  |   max   |   Type  |
    +-------+---------+-------+---------+---------+
    |  24291|  3109121|  24291|  3109121|   none  |
    +-------+---------+-------+---------+---------+

    + Detail: 
        * Instance: 
        N/A

        * Loop: 
        +-----------------+-------+---------+----------+-----------+-----------+---------+----------+
        |                 |     Latency     | Iteration|  Initiation Interval  |   Trip  |          |
        |    Loop Name    |  min  |   max   |  Latency |  achieved |   target  |  Count  | Pipelined|
        +-----------------+-------+---------+----------+-----------+-----------+---------+----------+
        |- Loop 1         |  24290|  3109120|     24290|          -|          -| 1 ~ 128 |    no    |
        | + Loop 1.1      |  24288|    24288|       759|          -|          -|       32|    no    |
        |  ++ Loop 1.1.1  |    675|      675|        45|          -|          -|       15|    no    |
        |  ++ Loop 1.1.2  |     80|       80|        10|          -|          -|        8|    no    |
        +-----------------+-------+---------+----------+-----------+-----------+---------+----------+



================================================================
== Utilization Estimates
================================================================
* Summary: 
+-----------------+---------+-------+--------+--------+
|       Name      | BRAM_18K| DSP48E|   FF   |   LUT  |
+-----------------+---------+-------+--------+--------+
|DSP              |        -|      -|       -|       -|
|Expression       |        -|      -|       0|     439|
|FIFO             |        -|      -|       -|       -|
|Instance         |        -|      8|     461|     461|
|Memory           |        -|      -|       -|       -|
|Multiplexer      |        -|      -|       -|     506|
|Register         |        -|      -|     470|       -|
+-----------------+---------+-------+--------+--------+
|Total            |        0|      8|     931|    1406|
+-----------------+---------+-------+--------+--------+
|Available        |      730|    740|  269200|  129000|
+-----------------+---------+-------+--------+--------+
|Utilization (%)  |        0|      1|   ~0   |       1|
+-----------------+---------+-------+--------+--------+

+ Detail: 
    * Instance: 
    +--------------------------+----------------------+---------+-------+-----+-----+
    |         Instance         |        Module        | BRAM_18K| DSP48E|  FF | LUT |
    +--------------------------+----------------------+---------+-------+-----+-----+
    |sample_fadd_32ns_hbi_U85  |sample_fadd_32ns_hbi  |        0|      2|  205|  203|
    |sample_fmul_32ns_ibs_U86  |sample_fmul_32ns_ibs  |        0|      3|  128|  129|
    |sample_fmul_32ns_ibs_U87  |sample_fmul_32ns_ibs  |        0|      3|  128|  129|
    +--------------------------+----------------------+---------+-------+-----+-----+
    |Total                     |                      |        0|      8|  461|  461|
    +--------------------------+----------------------+---------+-------+-----+-----+

    * DSP48: 
    N/A

    * Memory: 
    N/A

    * FIFO: 
    N/A

    * Expression: 
    +---------------------+----------+-------+---+----+------------+------------+
    |    Variable Name    | Operation| DSP48E| FF| LUT| Bitwidth P0| Bitwidth P1|
    +---------------------+----------+-------+---+----+------------+------------+
    |i_38_fu_402_p2       |     +    |      0|  0|  15|           8|           1|
    |j_2_fu_448_p2        |     +    |      0|  0|  15|           6|           1|
    |k_2_fu_690_p2        |     +    |      0|  0|  15|           7|           4|
    |k_3_fu_745_p2        |     +    |      0|  0|  15|           8|           1|
    |next_mul_fu_428_p2   |     +    |      0|  0|  19|          12|          12|
    |sum19_fu_724_p2      |     +    |      0|  0|  16|           9|           9|
    |sum20_fu_476_p2      |     +    |      0|  0|  19|          12|          12|
    |sum21_fu_508_p2      |     +    |      0|  0|  19|          12|          12|
    |sum22_fu_539_p2      |     +    |      0|  0|  19|          12|          12|
    |sum23_fu_570_p2      |     +    |      0|  0|  19|          12|          12|
    |sum24_fu_601_p2      |     +    |      0|  0|  19|          12|          12|
    |sum25_fu_632_p2      |     +    |      0|  0|  19|          12|          12|
    |sum26_fu_663_p2      |     +    |      0|  0|  19|          12|          12|
    |sum27_fu_684_p2      |     +    |      0|  0|  19|          12|          12|
    |sum28_fu_734_p2      |     +    |      0|  0|  19|          12|          12|
    |sum_fu_751_p2        |     +    |      0|  0|  15|           7|           7|
    |exitcond1_fu_397_p2  |   icmp   |      0|  0|  11|           8|           8|
    |exitcond8_fu_718_p2  |   icmp   |      0|  0|  13|           8|           9|
    |exitcond_fu_442_p2   |   icmp   |      0|  0|  11|           6|           7|
    |tmp_s_fu_458_p2      |   icmp   |      0|  0|  11|           7|           5|
    |sum11_fu_581_p2      |    or    |      0|  0|   9|           9|           3|
    |sum13_fu_612_p2      |    or    |      0|  0|   9|           9|           3|
    |sum15_fu_643_p2      |    or    |      0|  0|   9|           9|           3|
    |sum17_fu_696_p2      |    or    |      0|  0|   9|           9|           3|
    |sum5_fu_487_p2       |    or    |      0|  0|   9|           9|           1|
    |sum7_fu_519_p2       |    or    |      0|  0|   9|           9|           2|
    |sum9_fu_550_p2       |    or    |      0|  0|   9|           9|           2|
    |tmp18_fu_529_p2      |    or    |      0|  0|   7|           7|           2|
    |tmp29_fu_560_p2      |    or    |      0|  0|   7|           7|           2|
    |tmp32_fu_591_p2      |    or    |      0|  0|   7|           7|           3|
    |tmp33_fu_622_p2      |    or    |      0|  0|   7|           7|           3|
    |tmp34_fu_653_p2      |    or    |      0|  0|   7|           7|           3|
    |tmp35_fu_674_p2      |    or    |      0|  0|   7|           7|           3|
    |tmp7_fu_498_p2       |    or    |      0|  0|   7|           7|           1|
    +---------------------+----------+-------+---+----+------------+------------+
    |Total                |          |      0|  0| 439|         306|         206|
    +---------------------+----------+-------+---+----+------------+------------+

    * Multiplexer: 
    +-----------------+-----+-----------+-----+-----------+
    |       Name      | LUT | Input Size| Bits| Total Bits|
    +-----------------+-----+-----------+-----+-----------+
    |A_address0       |   33|          6|    7|         42|
    |A_address1       |   27|          5|    7|         35|
    |B_address0       |   33|          6|   12|         72|
    |B_address1       |   27|          5|   12|         60|
    |ap_NS_fsm        |  257|         60|    1|         60|
    |grp_fu_355_p0    |   27|          5|   32|        160|
    |grp_fu_355_p1    |   21|          4|   32|        128|
    |i_reg_276        |    9|          2|    8|         16|
    |j_reg_287        |    9|          2|    6|         12|
    |k_1_reg_344      |    9|          2|    8|         16|
    |k_reg_320        |    9|          2|    7|         14|
    |phi_mul_reg_298  |    9|          2|   12|         24|
    |reg_369          |    9|          2|   32|         64|
    |reg_375          |    9|          2|   32|         64|
    |temp3_reg_310    |    9|          2|   32|         64|
    |temp_1_reg_332   |    9|          2|   32|         64|
    +-----------------+-----+-----------+-----+-----------+
    |Total            |  506|        109|  272|        895|
    +-----------------+-----+-----------+-----+-----------+

    * Register: 
    +----------------------+----+----+-----+-----------+
    |         Name         | FF | LUT| Bits| Const Bits|
    +----------------------+----+----+-----+-----------+
    |a1_reg_854            |  32|   0|   32|          0|
    |ap_CS_fsm             |  59|   0|   59|          0|
    |b1_reg_859            |  32|   0|   32|          0|
    |i_38_reg_773          |   8|   0|    8|          0|
    |i_reg_276             |   8|   0|    8|          0|
    |inneridx_reg_788      |   2|   0|    9|          7|
    |j_2_reg_806           |   6|   0|    6|          0|
    |j_cast_reg_798        |   6|   0|    7|          1|
    |j_reg_287             |   6|   0|    6|          0|
    |k_1_reg_344           |   8|   0|    8|          0|
    |k_2_reg_924           |   7|   0|    7|          0|
    |k_3_reg_957           |   8|   0|    8|          0|
    |k_reg_320             |   7|   0|    7|          0|
    |next_mul_reg_793      |  12|   0|   12|          0|
    |outrowidx_reg_783     |   2|   0|    7|          5|
    |outrows_cast_reg_765  |   8|   0|   12|          4|
    |phi_mul_reg_298       |  12|   0|   12|          0|
    |reg_369               |  32|   0|   32|          0|
    |reg_375               |  32|   0|   32|          0|
    |reg_381               |  32|   0|   32|          0|
    |reg_387               |  32|   0|   32|          0|
    |sum27_reg_919         |  12|   0|   12|          0|
    |sum3_reg_824          |   9|   0|    9|          0|
    |temp3_reg_310         |  32|   0|   32|          0|
    |temp_1_reg_332        |  32|   0|   32|          0|
    |tmp_58_reg_864        |  32|   0|   32|          0|
    |tmp_reg_778           |   2|   0|    2|          0|
    +----------------------+----+----+-----+-----------+
    |Total                 | 470|   0|  487|         17|
    +----------------------+----+----+-----+-----------+



================================================================
== Interface
================================================================
* Summary: 
+------------+-----+-----+------------+---------------------+--------------+
|  RTL Ports | Dir | Bits|  Protocol  |    Source Object    |    C Type    |
+------------+-----+-----+------------+---------------------+--------------+
|ap_clk      |  in |    1| ap_ctrl_hs | k2c_affine_matmul.1 | return value |
|ap_rst      |  in |    1| ap_ctrl_hs | k2c_affine_matmul.1 | return value |
|ap_start    |  in |    1| ap_ctrl_hs | k2c_affine_matmul.1 | return value |
|ap_done     | out |    1| ap_ctrl_hs | k2c_affine_matmul.1 | return value |
|ap_idle     | out |    1| ap_ctrl_hs | k2c_affine_matmul.1 | return value |
|ap_ready    | out |    1| ap_ctrl_hs | k2c_affine_matmul.1 | return value |
|C_address0  | out |    5|  ap_memory |          C          |     array    |
|C_ce0       | out |    1|  ap_memory |          C          |     array    |
|C_we0       | out |    1|  ap_memory |          C          |     array    |
|C_d0        | out |   32|  ap_memory |          C          |     array    |
|A_address0  | out |    7|  ap_memory |          A          |     array    |
|A_ce0       | out |    1|  ap_memory |          A          |     array    |
|A_q0        |  in |   32|  ap_memory |          A          |     array    |
|A_address1  | out |    7|  ap_memory |          A          |     array    |
|A_ce1       | out |    1|  ap_memory |          A          |     array    |
|A_q1        |  in |   32|  ap_memory |          A          |     array    |
|B_address0  | out |   12|  ap_memory |          B          |     array    |
|B_ce0       | out |    1|  ap_memory |          B          |     array    |
|B_q0        |  in |   32|  ap_memory |          B          |     array    |
|B_address1  | out |   12|  ap_memory |          B          |     array    |
|B_ce1       | out |    1|  ap_memory |          B          |     array    |
|B_q1        |  in |   32|  ap_memory |          B          |     array    |
|d_address0  | out |    5|  ap_memory |          d          |     array    |
|d_ce0       | out |    1|  ap_memory |          d          |     array    |
|d_q0        |  in |   32|  ap_memory |          d          |     array    |
|outrows     |  in |    8|   ap_none  |       outrows       |    scalar    |
+------------+-----+-----+------------+---------------------+--------------+

