

================================================================
== Vivado HLS Report for 'k2c_dot'
================================================================
* Date:           Wed Apr 24 12:32:43 2024

* Version:        2018.2 (Build 2258646 on Thu Jun 14 20:25:20 MDT 2018)
* Project:        Group_5
* Solution:       Resource_optimized
* Product family: artix7
* Target device:  xc7a200tfbg676-2


================================================================
== Performance Estimates
================================================================
+ Timing (ns): 
    * Summary: 
    +--------+-------+----------+------------+
    |  Clock | Target| Estimated| Uncertainty|
    +--------+-------+----------+------------+
    |ap_clk  |  10.00|     8.609|        1.25|
    +--------+-------+----------+------------+

+ Latency (clock cycles): 
    * Summary: 
    +-----+-----+-----+-----+---------+
    |  Latency  |  Interval | Pipeline|
    | min | max | min | max |   Type  |
    +-----+-----+-----+-----+---------+
    |    ?|    ?|    ?|    ?|   none  |
    +-----+-----+-----+-----+---------+

    + Detail: 
        * Instance: 
        +------------------------+-------------+-----+-----+-----+-----+---------+
        |                        |             |  Latency  |  Interval | Pipeline|
        |        Instance        |    Module   | min | max | min | max |   Type  |
        +------------------------+-------------+-----+-----+-----+-----+---------+
        |grp_k2c_idx2sub_fu_822  |k2c_idx2sub  |    ?|    ?|    ?|    ?|   none  |
        |grp_k2c_sub2idx_fu_834  |k2c_sub2idx  |    ?|    ?|    ?|    ?|   none  |
        +------------------------+-------------+-----+-----+-----+-----+---------+

        * Loop: 
        +------------------+-----+-----+----------+-----------+-----------+------+----------+
        |                  |  Latency  | Iteration|  Initiation Interval  | Trip |          |
        |     Loop Name    | min | max |  Latency |  achieved |   target  | Count| Pipelined|
        +------------------+-----+-----+----------+-----------+-----------+------+----------+
        |- Loop 1          |    ?|    ?|         3|          -|          -|     ?|    no    |
        |- Loop 2          |    ?|    ?|         2|          -|          -|     ?|    no    |
        |- Loop 3          |    ?|    ?|         3|          -|          -|     ?|    no    |
        |- Loop 4          |    ?|    ?|         1|          -|          -|     ?|    no    |
        |- Loop 5          |    ?|    ?|         3|          -|          -|     ?|    no    |
        |- Loop 6          |    ?|    ?|         5|          -|          -|     ?|    no    |
        |- Loop 7          |    ?|    ?|         5|          -|          -|     ?|    no    |
        |- Loop 8          |    ?|    ?|         ?|          -|          -|     ?|    no    |
        | + Loop 8.1       |    ?|    ?|         5|          -|          -|     ?|    no    |
        |- Loop 9          |    ?|    ?|         ?|          -|          -|     ?|    no    |
        | + Loop 9.1       |    ?|    ?|         5|          -|          -|     ?|    no    |
        |- Loop 10         |    ?|    ?|         1|          -|          -|     ?|    no    |
        |- Loop 11         |    ?|    ?|         ?|          -|          -|     ?|    no    |
        | + Loop 11.1      |    ?|    ?|         ?|          -|          -|     ?|    no    |
        |  ++ Loop 11.1.1  |    ?|    ?|        11|          -|          -|     ?|    no    |
        +------------------+-----+-----+----------+-----------+-----------+------+----------+



================================================================
== Utilization Estimates
================================================================
* Summary: 
+-----------------+---------+-------+--------+--------+
|       Name      | BRAM_18K| DSP48E|   FF   |   LUT  |
+-----------------+---------+-------+--------+--------+
|DSP              |        -|      2|       -|       -|
|Expression       |        -|      0|       0|    1988|
|FIFO             |        -|      -|       -|       -|
|Instance         |        -|     69|    6911|    4915|
|Memory           |       20|      -|    1024|      40|
|Multiplexer      |        -|      -|       -|    1439|
|Register         |        -|      -|    2259|       -|
+-----------------+---------+-------+--------+--------+
|Total            |       20|     71|   10194|    8382|
+-----------------+---------+-------+--------+--------+
|Available        |      730|    740|  269200|  129000|
+-----------------+---------+-------+--------+--------+
|Utilization (%)  |        2|      9|       3|       6|
+-----------------+---------+-------+--------+--------+

+ Detail: 
    * Instance: 
    +--------------------------+----------------------+---------+-------+------+------+
    |         Instance         |        Module        | BRAM_18K| DSP48E|  FF  |  LUT |
    +--------------------------+----------------------+---------+-------+------+------+
    |grp_k2c_idx2sub_fu_822    |k2c_idx2sub           |        0|      0|  3511|  2638|
    |grp_k2c_sub2idx_fu_834    |k2c_sub2idx           |        0|     32|  1566|  1086|
    |sample_fadd_32ns_hbi_U17  |sample_fadd_32ns_hbi  |        0|      2|   205|   203|
    |sample_fmul_32ns_ibs_U18  |sample_fmul_32ns_ibs  |        0|      3|   128|   129|
    |sample_mul_60ns_6kbM_U21  |sample_mul_60ns_6kbM  |        0|     16|   361|   195|
    |sample_mul_66ns_6jbC_U20  |sample_mul_66ns_6jbC  |        0|     16|   361|   195|
    |sample_udiv_64ns_cud_U19  |sample_udiv_64ns_cud  |        0|      0|   779|   469|
    +--------------------------+----------------------+---------+-------+------+------+
    |Total                     |                      |        0|     69|  6911|  4915|
    +--------------------------+----------------------+---------+-------+------+------+

    * DSP48: 
    +--------------------------+----------------------+-----------+
    |         Instance         |        Module        | Expression|
    +--------------------------+----------------------+-----------+
    |sample_mul_mul_13lbW_U22  |sample_mul_mul_13lbW  |  i0 * i1  |
    |sample_mul_mul_13lbW_U23  |sample_mul_mul_13lbW  |  i0 * i1  |
    +--------------------------+----------------------+-----------+

    * Memory: 
    +------------------------+----------------------+---------+-----+----+------+-----+------+-------------+
    |         Memory         |        Module        | BRAM_18K|  FF | LUT| Words| Bits| Banks| W*Bits*Banks|
    +------------------------+----------------------+---------+-----+----+------+-----+------+-------------+
    |dense_13_kernel_shap_U  |k2c_dot_dense_13_eOg  |        0|  128|   5|     5|   64|     1|          320|
    |dense_13_fwork_U        |k2c_dot_dense_13_fYi  |        8|    0|   0|  2580|   32|     1|        82560|
    |dense_13_kernel_arra_U  |k2c_dot_dense_13_g8j  |        8|    0|   0|  2560|   32|     1|        81920|
    |permA_U                 |k2c_dot_permA         |        4|    0|   0|     5|   64|     1|          320|
    |permB_U                 |k2c_dot_permB         |        0|  128|   5|     5|   64|     1|          320|
    |freeA_U                 |k2c_dot_permB         |        0|  128|   5|     5|   64|     1|          320|
    |freeB_U                 |k2c_dot_permB         |        0|  128|   5|     5|   64|     1|          320|
    |newshpA_U               |k2c_dot_permB         |        0|  128|   5|     5|   64|     1|          320|
    |newshpB_U               |k2c_dot_permB         |        0|  128|   5|     5|   64|     1|          320|
    |Asub_U                  |k2c_dot_permB         |        0|  128|   5|     5|   64|     1|          320|
    |Bsub_U                  |k2c_dot_permB         |        0|  128|   5|     5|   64|     1|          320|
    +------------------------+----------------------+---------+-----+----+------+-----+------+-------------+
    |Total                   |                      |       20| 1024|  40|  5185|  640|    11|       167360|
    +------------------------+----------------------+---------+-----+----+------+-----+------+-------------+

    * FIFO: 
    N/A

    * Expression: 
    +-------------------------+----------+-------+---+----+------------+------------+
    |      Variable Name      | Operation| DSP48E| FF| LUT| Bitwidth P0| Bitwidth P1|
    +-------------------------+----------+-------+---+----+------------+------------+
    |outrowidx_fu_1332_p2     |     *    |      0|  0|  50|           9|           9|
    |count_4_1_fu_883_p2      |     +    |      0|  0|  71|          64|           1|
    |count_4_fu_860_p2        |     +    |      0|  0|  71|          64|           1|
    |count_5_1_fu_933_p2      |     +    |      0|  0|  12|           3|           1|
    |count_5_fu_911_p2        |     +    |      0|  0|  12|           3|           1|
    |i_12_1_fu_889_p2         |     +    |      0|  0|  71|          64|           2|
    |i_15_1_fu_939_p2         |     +    |      0|  0|  71|          64|           2|
    |i_16_cast_fu_1005_p2     |     +    |      0|  0|  12|           2|           3|
    |i_16_fu_1000_p2          |     +    |      0|  0|  71|           2|          64|
    |i_18_1_fu_1037_p2        |     +    |      0|  0|  12|           3|           2|
    |i_19_1_fu_1069_p2        |     +    |      0|  0|  12|           3|           2|
    |i_19_fu_1053_p2          |     +    |      0|  0|  12|           3|           1|
    |i_21_1_fu_1114_p2        |     +    |      0|  0|  12|           3|           2|
    |i_21_fu_1084_p2          |     +    |      0|  0|  12|           1|           3|
    |i_22_1_fu_1152_p2        |     +    |      0|  0|  12|           3|           2|
    |i_23_1_fu_1184_p2        |     +    |      0|  0|  12|           3|           2|
    |i_24_fu_1195_p2          |     +    |      0|  0|  71|          64|           1|
    |i_25_fu_1241_p2          |     +    |      0|  0|  71|          64|           1|
    |i_26_fu_1307_p2          |     +    |      0|  0|  15|           8|           1|
    |i_27_fu_1326_p2          |     +    |      0|  0|  71|           1|          64|
    |j_10_1_fu_1230_p2        |     +    |      0|  0|  12|           3|           2|
    |j_11_1_fu_1277_p2        |     +    |      0|  0|  12|           3|           2|
    |j_9_1_fu_1120_p2         |     +    |      0|  0|  71|          64|           2|
    |j_fu_1375_p2             |     +    |      0|  0|  67|           1|          60|
    |k_1_fu_1346_p2           |     +    |      0|  0|  71|           1|          64|
    |sum2_fu_1396_p2          |     +    |      0|  0|  16|           9|           9|
    |sum8_fu_1352_p2          |     +    |      0|  0|  20|          13|          13|
    |sum9_fu_1386_p2          |     +    |      0|  0|   8|          13|          13|
    |sum_fu_1287_p2           |     +    |      0|  0|  20|          13|          13|
    |tmp1_fu_1381_p2          |     +    |      0|  0|   8|          13|          13|
    |exitcond10_1_fu_1272_p2  |   icmp   |      0|  0|  29|          64|          64|
    |exitcond10_fu_1256_p2    |   icmp   |      0|  0|  29|          64|          64|
    |exitcond11_1_fu_1225_p2  |   icmp   |      0|  0|  29|          64|          64|
    |exitcond11_fu_1190_p2    |   icmp   |      0|  0|  29|          64|          64|
    |exitcond12_1_fu_1179_p2  |   icmp   |      0|  0|  29|          64|          64|
    |exitcond12_fu_1163_p2    |   icmp   |      0|  0|  29|          64|          64|
    |exitcond13_1_fu_1147_p2  |   icmp   |      0|  0|  29|          64|          64|
    |exitcond13_fu_1131_p2    |   icmp   |      0|  0|  29|          64|          64|
    |exitcond14_fu_1236_p2    |   icmp   |      0|  0|  29|          64|          64|
    |exitcond15_fu_1209_p2    |   icmp   |      0|  0|  29|          64|          64|
    |exitcond1_1_fu_873_p2    |   icmp   |      0|  0|  29|          64|          64|
    |exitcond1_fu_850_p2      |   icmp   |      0|  0|  29|          64|          64|
    |exitcond2_1_fu_928_p2    |   icmp   |      0|  0|  29|          64|          64|
    |exitcond2_fu_895_p2      |   icmp   |      0|  0|  29|          64|          64|
    |exitcond3_fu_1370_p2     |   icmp   |      0|  0|  29|          60|          60|
    |exitcond5_fu_1302_p2     |   icmp   |      0|  0|  29|          64|          64|
    |exitcond8_1_fu_1032_p2   |   icmp   |      0|  0|  29|          64|          64|
    |exitcond8_fu_1016_p2     |   icmp   |      0|  0|  29|          64|          64|
    |exitcond_fu_1341_p2      |   icmp   |      0|  0|  29|          64|          64|
    |tmp_1_fu_878_p2          |   icmp   |      0|  0|  29|          64|          64|
    |tmp_2_1_fu_1064_p2       |   icmp   |      0|  0|  29|          64|          64|
    |tmp_2_fu_1048_p2         |   icmp   |      0|  0|  29|          64|          64|
    |tmp_3_1_fu_1109_p2       |   icmp   |      0|  0|  29|          64|          64|
    |tmp_3_fu_1079_p2         |   icmp   |      0|  0|  29|          64|          64|
    |tmp_5_fu_855_p2          |   icmp   |      0|  0|  29|          64|          64|
    |tmp_7_fu_1321_p2         |   icmp   |      0|  0|  29|          64|          64|
    |tmp_fu_900_p2            |   icmp   |      0|  0|  29|          64|           1|
    |i_12_s_fu_867_p2         |    or    |      0|  0|  64|          64|           1|
    |i_15_s_fu_922_p2         |    or    |      0|  0|  64|          64|           1|
    |i_18_s_fu_1021_p2        |    or    |      0|  0|   3|           3|           1|
    |i_22_s_fu_1136_p2        |    or    |      0|  0|   3|           3|           1|
    |i_23_s_fu_1168_p2        |    or    |      0|  0|   3|           3|           1|
    |j_10_s_fu_1214_p2        |    or    |      0|  0|   3|           3|           1|
    |j_11_s_fu_1261_p2        |    or    |      0|  0|   3|           3|           1|
    |j_9_s_fu_1098_p2         |    or    |      0|  0|   4|           4|           1|
    +-------------------------+----------+-------+---+----+------------+------------+
    |Total                    |          |      0|  0|1988|        2435|        2025|
    +-------------------------+----------+-------+---+----+------------+------------+

    * Multiplexer: 
    +----------------------------------+-----+-----------+-----+-----------+
    |               Name               | LUT | Input Size| Bits| Total Bits|
    +----------------------------------+-----+-----------+-----+-----------+
    |A_shape_address0                  |   27|          5|    3|         15|
    |A_shape_ce0                       |   15|          3|    1|          3|
    |Asub_address0                     |   38|          7|    3|         21|
    |Asub_ce0                          |   21|          4|    1|          4|
    |Asub_d0                           |   15|          3|   64|        192|
    |Asub_we0                          |   15|          3|    1|          3|
    |Bsub_address0                     |   38|          7|    3|         21|
    |Bsub_ce0                          |   21|          4|    1|          4|
    |Bsub_d0                           |   15|          3|   64|        192|
    |Bsub_we0                          |   15|          3|    1|          3|
    |C_array_address0                  |   15|          3|    7|         21|
    |C_array_d0                        |   15|          3|   32|         96|
    |ap_NS_fsm                         |  536|        125|    1|        125|
    |ap_phi_mux_count_1_phi_fu_605_p4  |   15|          3|   64|        192|
    |ap_phi_mux_count_3_phi_fu_651_p4  |   15|          3|    3|          9|
    |count_1_1_reg_613                 |    9|          2|   64|        128|
    |count_1_reg_601                   |    9|          2|   64|        128|
    |count_2_reg_625                   |    9|          2|    3|          6|
    |count_reg_576                     |    9|          2|   64|        128|
    |dense_13_fwork_address0           |   21|          4|   12|         48|
    |dense_13_fwork_d0                 |   15|          3|   32|         96|
    |dense_13_kernel_shap_address0     |   21|          4|    3|         12|
    |dense_13_kernel_shap_ce0          |   15|          3|    1|          3|
    |freeA_address0                    |   27|          5|    3|         15|
    |freeA_d0                          |   15|          3|   64|        192|
    |freeB_address0                    |   27|          5|    3|         15|
    |freeB_d0                          |   15|          3|   64|        192|
    |grp_k2c_idx2sub_fu_822_idx        |   15|          3|   64|        192|
    |grp_k2c_idx2sub_fu_822_ndim       |   15|          3|   64|        192|
    |grp_k2c_idx2sub_fu_822_shape_q0   |   15|          3|   64|        192|
    |grp_k2c_sub2idx_fu_834_ndim       |   15|          3|   64|        192|
    |grp_k2c_sub2idx_fu_834_shape_q0   |   15|          3|   64|        192|
    |grp_k2c_sub2idx_fu_834_sub_q0     |   15|          3|   64|        192|
    |i_10_reg_753                      |    9|          2|   64|        128|
    |i_11_reg_778                      |    9|          2|    8|         16|
    |i_14_reg_789                      |    9|          2|   64|        128|
    |i_1_reg_636                       |    9|          2|   64|        128|
    |i_4_reg_658                       |    9|          2|    3|          6|
    |i_5_reg_670                       |    9|          2|    3|          6|
    |i_7_reg_679                       |    9|          2|    3|          6|
    |i_8_reg_704                       |    9|          2|    3|          6|
    |i_9_reg_716                       |    9|          2|    3|          6|
    |i_reg_588                         |    9|          2|   64|        128|
    |i_s_reg_728                       |    9|          2|   64|        128|
    |j_3_reg_691                       |    9|          2|   64|        128|
    |j_4_reg_741                       |    9|          2|    3|          6|
    |j_5_reg_766                       |    9|          2|    3|          6|
    |j_s_reg_811                       |    9|          2|   60|        120|
    |k_reg_800                         |    9|          2|   64|        128|
    |newshpA_address0                  |   21|          4|    3|         12|
    |newshpA_ce0                       |   15|          3|    1|          3|
    |newshpB_address0                  |   21|          4|    3|         12|
    |newshpB_ce0                       |   15|          3|    1|          3|
    |permA_address0                    |   27|          5|    3|         15|
    |permA_address1                    |   27|          5|    3|         15|
    |permA_d0                          |   15|          3|   64|        192|
    |permB_address0                    |   41|          8|    3|         24|
    |permB_d0                          |   15|          3|   64|        192|
    +----------------------------------+-----+-----------+-----+-----------+
    |Total                             | 1439|        305| 1692|       4558|
    +----------------------------------+-----+-----------+-----+-----------+

    * Register: 
    +-------------------------------------+-----+----+-----+-----------+
    |                 Name                |  FF | LUT| Bits| Const Bits|
    +-------------------------------------+-----+----+-----+-----------+
    |A_array_load_reg_1808                |   32|   0|   32|          0|
    |A_shape_load_reg_1530                |   64|   0|   64|          0|
    |C_array_addr_4_reg_1935              |    7|   0|    7|          0|
    |C_array_load_reg_1955                |   32|   0|   32|          0|
    |ap_CS_fsm                            |  124|   0|  124|          0|
    |count_1_1_reg_613                    |   64|   0|   64|          0|
    |count_1_reg_601                      |   64|   0|   64|          0|
    |count_2_reg_625                      |    3|   0|    3|          0|
    |count_3_cast_reg_1502                |    3|   0|   64|         61|
    |count_5_1_reg_1515                   |    3|   0|    3|          0|
    |count_reg_576                        |   64|   0|   64|          0|
    |dense_13_fwork_addr_2_reg_1912       |   12|   0|   12|          0|
    |dense_13_fwork_load_1_reg_1945       |   32|   0|   32|          0|
    |dense_13_fwork_load_reg_1940         |   32|   0|   32|          0|
    |dense_13_kernel_arra_2_reg_1868      |   32|   0|   32|          0|
    |exitcond10_reg_1826                  |    1|   0|    1|          0|
    |exitcond12_reg_1710                  |    1|   0|    1|          0|
    |exitcond13_reg_1668                  |    1|   0|    1|          0|
    |exitcond15_reg_1766                  |    1|   0|    1|          0|
    |exitcond8_reg_1588                   |    1|   0|    1|          0|
    |free_axesA_reg_1546                  |   64|   0|   64|          0|
    |free_axesB_cast4_reg_1567            |    9|   0|    9|          0|
    |free_axesB_cast5_reg_1562            |   13|   0|   13|          0|
    |free_axesB_reg_1557                  |   60|   0|   64|          4|
    |grp_k2c_idx2sub_fu_822_ap_start_reg  |    1|   0|    1|          0|
    |grp_k2c_sub2idx_fu_834_ap_start_reg  |    1|   0|    1|          0|
    |i_10_reg_753                         |   64|   0|   64|          0|
    |i_11_reg_778                         |    8|   0|    8|          0|
    |i_12_1_reg_1491                      |   64|   0|   64|          0|
    |i_12_s_reg_1474                      |   63|   0|   64|          1|
    |i_14_reg_789                         |   64|   0|   64|          0|
    |i_15_1_reg_1520                      |   64|   0|   64|          0|
    |i_15_s_reg_1507                      |   63|   0|   64|          1|
    |i_16_cast_reg_1578                   |    3|   0|    3|          0|
    |i_16_reg_1572                        |   64|   0|   64|          0|
    |i_18_1_reg_1610                      |    3|   0|    3|          0|
    |i_18_cast_reg_1597                   |    2|   0|   64|         62|
    |i_1_reg_636                          |   64|   0|   64|          0|
    |i_21_1_reg_1653                      |    3|   0|    3|          0|
    |i_21_cast_reg_1640                   |    3|   0|   64|         61|
    |i_22_1_reg_1695                      |    3|   0|    3|          0|
    |i_22_cast_reg_1682                   |    2|   0|   64|         62|
    |i_23_1_reg_1737                      |    3|   0|    3|          0|
    |i_23_cast_reg_1724                   |    2|   0|   64|         62|
    |i_24_reg_1750                        |   64|   0|   64|          0|
    |i_25_reg_1816                        |   64|   0|   64|          0|
    |i_27_reg_1889                        |   64|   0|   64|          0|
    |i_4_cast_reg_1583                    |    3|   0|   64|         61|
    |i_4_reg_658                          |    3|   0|    3|          0|
    |i_5_reg_670                          |    3|   0|    3|          0|
    |i_7_cast_reg_1626                    |    3|   0|   64|         61|
    |i_7_reg_679                          |    3|   0|    3|          0|
    |i_8_cast_reg_1663                    |    3|   0|   64|         61|
    |i_8_reg_704                          |    3|   0|    3|          0|
    |i_9_cast_reg_1705                    |    3|   0|   64|         61|
    |i_9_reg_716                          |    3|   0|    3|          0|
    |i_reg_588                            |   64|   0|   64|          0|
    |i_s_reg_728                          |   64|   0|   64|          0|
    |inneridx_reg_1899                    |   13|   0|   13|          0|
    |j_10_1_reg_1793                      |    3|   0|    3|          0|
    |j_10_cast_reg_1780                   |    2|   0|   64|         62|
    |j_11_1_reg_1853                      |    3|   0|    3|          0|
    |j_11_cast_reg_1840                   |    2|   0|   64|         62|
    |j_3_reg_691                          |   64|   0|   64|          0|
    |j_4_cast_reg_1761                    |    3|   0|   64|         61|
    |j_4_reg_741                          |    3|   0|    3|          0|
    |j_5_cast_reg_1821                    |    3|   0|   64|         61|
    |j_5_reg_766                          |    3|   0|    3|          0|
    |j_9_1_reg_1658                       |   64|   0|   64|          0|
    |j_reg_1925                           |   60|   0|   60|          0|
    |j_s_reg_811                          |   60|   0|   60|          0|
    |k_1_reg_1907                         |   64|   0|   64|          0|
    |k_reg_800                            |   64|   0|   64|          0|
    |outrowidx_reg_1894                   |    9|   0|    9|          0|
    |tmp_1_12_reg_1950                    |   32|   0|   32|          0|
    |tmp_1_reg_1482                       |    1|   0|    1|          0|
    |tmp_39_reg_1536                      |   13|   0|   13|          0|
    |tmp_3_reg_1631                       |    1|   0|    1|          0|
    |tmp_40_reg_1552                      |   60|   0|   60|          0|
    |tmp_43_reg_1755                      |   13|   0|   13|          0|
    |tmp_6_reg_1873                       |   64|   0|   64|          0|
    |tmp_8_reg_1917                       |   13|   0|   13|          0|
    |tmp_s_reg_1960                       |   32|   0|   32|          0|
    +-------------------------------------+-----+----+-----+-----------+
    |Total                                | 2259|   0| 3063|        804|
    +-------------------------------------+-----+----+-----+-----------+



================================================================
== Interface
================================================================
* Summary: 
+------------------+-----+-----+------------+--------------+--------------+
|     RTL Ports    | Dir | Bits|  Protocol  | Source Object|    C Type    |
+------------------+-----+-----+------------+--------------+--------------+
|ap_clk            |  in |    1| ap_ctrl_hs |    k2c_dot   | return value |
|ap_rst            |  in |    1| ap_ctrl_hs |    k2c_dot   | return value |
|ap_start          |  in |    1| ap_ctrl_hs |    k2c_dot   | return value |
|ap_done           | out |    1| ap_ctrl_hs |    k2c_dot   | return value |
|ap_idle           | out |    1| ap_ctrl_hs |    k2c_dot   | return value |
|ap_ready          | out |    1| ap_ctrl_hs |    k2c_dot   | return value |
|C_array_address0  | out |    7|  ap_memory |    C_array   |     array    |
|C_array_ce0       | out |    1|  ap_memory |    C_array   |     array    |
|C_array_we0       | out |    1|  ap_memory |    C_array   |     array    |
|C_array_d0        | out |   32|  ap_memory |    C_array   |     array    |
|C_array_q0        |  in |   32|  ap_memory |    C_array   |     array    |
|A_array_address0  | out |    7|  ap_memory |    A_array   |     array    |
|A_array_ce0       | out |    1|  ap_memory |    A_array   |     array    |
|A_array_q0        |  in |   32|  ap_memory |    A_array   |     array    |
|A_dim             |  in |   64|   ap_none  |     A_dim    |    scalar    |
|A_numel_read      |  in |   64|   ap_none  | A_numel_read |    scalar    |
|A_shape_address0  | out |    3|  ap_memory |    A_shape   |     array    |
|A_shape_ce0       | out |    1|  ap_memory |    A_shape   |     array    |
|A_shape_q0        |  in |   64|  ap_memory |    A_shape   |     array    |
|B_dim             |  in |   64|   ap_none  |     B_dim    |    scalar    |
|B_numel_read      |  in |   64|   ap_none  | B_numel_read |    scalar    |
|axesA_0_read      |  in |   64|   ap_none  | axesA_0_read |    scalar    |
+------------------+-----+-----+------------+--------------+--------------+

