

================================================================
== Vivado HLS Report for 'k2c_dense_3'
================================================================
* Date:           Wed Apr 24 12:32:48 2024

* Version:        2018.2 (Build 2258646 on Thu Jun 14 20:25:20 MDT 2018)
* Project:        Group_5
* Solution:       Resource_optimized
* Product family: artix7
* Target device:  xc7a200tfbg676-2


================================================================
== Performance Estimates
================================================================
+ Timing (ns): 
    * Summary: 
    +--------+-------+----------+------------+
    |  Clock | Target| Estimated| Uncertainty|
    +--------+-------+----------+------------+
    |ap_clk  |  10.00|     8.609|        1.25|
    +--------+-------+----------+------------+

+ Latency (clock cycles): 
    * Summary: 
    +-----+-----+-----+-----+---------+
    |  Latency  |  Interval | Pipeline|
    | min | max | min | max |   Type  |
    +-----+-----+-----+-----+---------+
    |    ?|    ?|    ?|    ?|   none  |
    +-----+-----+-----+-----+---------+

    + Detail: 
        * Instance: 
        +------------------------------+-------------------+-----+-----+-----+-----+---------+
        |                              |                   |  Latency  |  Interval | Pipeline|
        |           Instance           |       Module      | min | max | min | max |   Type  |
        +------------------------------+-------------------+-----+-----+-----+-----+---------+
        |grp_k2c_dot_fu_191            |k2c_dot            |    ?|    ?|    ?|    ?|   none  |
        |grp_k2c_affine_matmul_fu_215  |k2c_affine_matmul  |    ?|    ?|    ?|    ?|   none  |
        +------------------------------+-------------------+-----+-----+-----+-----+---------+

        * Loop: 
        +-------------+-----+-----+----------+-----------+-----------+------+----------+
        |             |  Latency  | Iteration|  Initiation Interval  | Trip |          |
        |  Loop Name  | min | max |  Latency |  achieved |   target  | Count| Pipelined|
        +-------------+-----+-----+----------+-----------+-----------+------+----------+
        |- Loop 1     |    ?|    ?|         3|          -|          -|     ?|    no    |
        |- Loop 2     |    ?|    ?|         ?|          -|          -|     ?|    no    |
        | + Loop 2.1  |    ?|    ?|         8|          -|          -|     ?|    no    |
        |- Loop 3     |    ?|    ?|         3|          -|          -|     ?|    no    |
        +-------------+-----+-----+----------+-----------+-----------+------+----------+



================================================================
== Utilization Estimates
================================================================
* Summary: 
+-----------------+---------+-------+--------+--------+
|       Name      | BRAM_18K| DSP48E|   FF   |   LUT  |
+-----------------+---------+-------+--------+--------+
|DSP              |        -|      -|       -|       -|
|Expression       |        -|      -|       0|     675|
|FIFO             |        -|      -|       -|       -|
|Instance         |       20|     82|   11543|   10201|
|Memory           |        9|      -|       0|       0|
|Multiplexer      |        -|      -|       -|     374|
|Register         |        -|      -|     778|       -|
+-----------------+---------+-------+--------+--------+
|Total            |       29|     82|   12321|   11250|
+-----------------+---------+-------+--------+--------+
|Available        |      730|    740|  269200|  129000|
+-----------------+---------+-------+--------+--------+
|Utilization (%)  |        3|     11|       4|       8|
+-----------------+---------+-------+--------+--------+

+ Detail: 
    * Instance: 
    +------------------------------+----------------------+---------+-------+-------+------+
    |           Instance           |        Module        | BRAM_18K| DSP48E|   FF  |  LUT |
    +------------------------------+----------------------+---------+-------+-------+------+
    |grp_k2c_affine_matmul_fu_215  |k2c_affine_matmul     |        0|      9|   1078|  1549|
    |grp_k2c_dot_fu_191            |k2c_dot               |       20|     71|  10194|  8382|
    |sample_fadd_32ns_hbi_U52      |sample_fadd_32ns_hbi  |        0|      2|    205|   203|
    |sample_fcmp_32ns_pcA_U53      |sample_fcmp_32ns_pcA  |        0|      0|     66|    67|
    +------------------------------+----------------------+---------+-------+-------+------+
    |Total                         |                      |       20|     82|  11543| 10201|
    +------------------------------+----------------------+---------+-------+-------+------+

    * DSP48: 
    N/A

    * Memory: 
    +------------------------+----------------------+---------+---+----+------+-----+------+-------------+
    |         Memory         |        Module        | BRAM_18K| FF| LUT| Words| Bits| Banks| W*Bits*Banks|
    +------------------------+----------------------+---------+---+----+------+-----+------+-------------+
    |dense_13_kernel_arra_U  |k2c_dense_3_densencg  |        8|  0|   0|  2560|   32|     1|        81920|
    |dense_13_bias_array_U   |k2c_dense_3_denseocq  |        1|  0|   0|   128|   32|     1|         4096|
    +------------------------+----------------------+---------+---+----+------+-----+------+-------------+
    |Total                   |                      |        9|  0|   0|  2688|   64|     2|        86016|
    +------------------------+----------------------+---------+---+----+------+-----+------+-------------+

    * FIFO: 
    N/A

    * Expression: 
    +----------------------+----------+-------+---+----+------------+------------+
    |     Variable Name    | Operation| DSP48E| FF| LUT| Bitwidth P0| Bitwidth P1|
    +----------------------+----------+-------+---+----+------------+------------+
    |i_28_fu_332_p2        |     +    |      0|  0|  71|          64|           1|
    |i_29_fu_311_p2        |     +    |      0|  0|  71|           8|          64|
    |i_30_fu_321_p2        |     +    |      0|  0|  71|          64|           1|
    |j_fu_290_p2           |     +    |      0|  0|  71|           1|          64|
    |sum_i_fu_300_p2       |     +    |      0|  0|  16|           9|           9|
    |tmp_s_fu_244_p2       |     +    |      0|  0|  71|          64|           2|
    |tmp_5_fu_424_p2       |    and   |      0|  0|   2|           1|           1|
    |tmp_9_fu_372_p2       |    and   |      0|  0|   2|           1|           1|
    |exitcond1_fu_327_p2   |   icmp   |      0|  0|  29|          64|          64|
    |exitcond4_fu_316_p2   |   icmp   |      0|  0|  29|          64|          64|
    |exitcond_i_fu_285_p2  |   icmp   |      0|  0|  29|          64|           8|
    |icmp_fu_266_p2        |   icmp   |      0|  0|  29|          63|           1|
    |notlhs2_fu_408_p2     |   icmp   |      0|  0|  11|           8|           2|
    |notlhs_fu_356_p2      |   icmp   |      0|  0|  11|           8|           2|
    |notrhs3_fu_414_p2     |   icmp   |      0|  0|  18|          23|           1|
    |notrhs_fu_362_p2      |   icmp   |      0|  0|  18|          23|           1|
    |tmp_fu_238_p2         |   icmp   |      0|  0|  29|          64|           2|
    |tmp_i_fu_276_p2       |   icmp   |      0|  0|  29|          64|          64|
    |tmp_3_fu_420_p2       |    or    |      0|  0|   2|           1|           1|
    |tmp_7_fu_368_p2       |    or    |      0|  0|   2|           1|           1|
    |outrows1_fu_377_p3    |  select  |      0|  0|  64|           1|          64|
    +----------------------+----------+-------+---+----+------------+------------+
    |Total                 |          |      0|  0| 675|         660|         418|
    +----------------------+----------+-------+---+----+------------+------------+

    * Multiplexer: 
    +-------------------------------+----+-----------+-----+-----------+
    |              Name             | LUT| Input Size| Bits| Total Bits|
    +-------------------------------+----+-----------+-----+-----------+
    |ap_NS_fsm                      |  93|         19|    1|         19|
    |dense_13_bias_array_address0   |  15|          3|    7|         21|
    |dense_13_bias_array_ce0        |  15|          3|    1|          3|
    |dense_13_kernel_arra_address0  |  15|          3|   12|         36|
    |dense_13_kernel_arra_ce0       |   9|          2|    1|          2|
    |dense_13_kernel_arra_ce1       |   9|          2|    1|          2|
    |dense_13_output_arra_address0  |  44|          9|    7|         63|
    |dense_13_output_arra_ce0       |  21|          4|    1|          4|
    |dense_13_output_arra_d0        |  27|          5|   32|        160|
    |dense_13_output_arra_we0       |  21|          4|    1|          4|
    |i_2_reg_167                    |   9|          2|   64|        128|
    |i_i_reg_143                    |   9|          2|   64|        128|
    |i_reg_179                      |   9|          2|   64|        128|
    |input_array_address0           |  15|          3|    7|         21|
    |input_array_ce0                |  15|          3|    1|          3|
    |input_array_ce1                |   9|          2|    1|          2|
    |input_shape_address0           |  15|          3|    3|          9|
    |input_shape_ce0                |  15|          3|    1|          3|
    |j_i_reg_155                    |   9|          2|   64|        128|
    +-------------------------------+----+-----------+-----+-----------+
    |Total                          | 374|         76|  333|        864|
    +-------------------------------+----+-----------+-----+-----------+

    * Register: 
    +-------------------------------------------+----+----+-----+-----------+
    |                    Name                   | FF | LUT| Bits| Const Bits|
    +-------------------------------------------+----+----+-----+-----------+
    |ap_CS_fsm                                  |  18|   0|   18|          0|
    |dense_13_bias_array_1_reg_506              |  32|   0|   32|          0|
    |dense_13_bias_numel                        |   0|   0|   64|         64|
    |dense_13_kernel_nume                       |   0|   0|   64|         64|
    |dense_13_output_arra_1_reg_542             |   7|   0|    7|          0|
    |dense_13_output_arra_4_reg_496             |   7|   0|    7|          0|
    |dense_13_output_arra_5_reg_511             |  32|   0|   32|          0|
    |dense_13_output_arra_6_reg_529             |   7|   0|    7|          0|
    |grp_k2c_affine_matmul_fu_215_ap_start_reg  |   1|   0|    1|          0|
    |grp_k2c_dot_fu_191_ap_start_reg            |   1|   0|    1|          0|
    |i_28_reg_537                               |  64|   0|   64|          0|
    |i_2_reg_167                                |  64|   0|   64|          0|
    |i_30_reg_524                               |  64|   0|   64|          0|
    |i_i_reg_143                                |  64|   0|   64|          0|
    |i_reg_179                                  |  64|   0|   64|          0|
    |icmp_reg_469                               |   1|   0|    1|          0|
    |j_i_reg_155                                |  64|   0|   64|          0|
    |j_reg_486                                  |  64|   0|   64|          0|
    |notlhs2_reg_576                            |   1|   0|    1|          0|
    |notlhs_reg_547                             |   1|   0|    1|          0|
    |notrhs3_reg_581                            |   1|   0|    1|          0|
    |notrhs_reg_552                             |   1|   0|    1|          0|
    |outrows1_reg_565                           |  64|   0|   64|          0|
    |tmp_4_reg_586                              |   1|   0|    1|          0|
    |tmp_51_reg_571                             |  57|   0|   64|          7|
    |tmp_8_reg_557                              |   1|   0|    1|          0|
    |tmp_i_13_reg_516                           |  32|   0|   32|          0|
    |tmp_reg_455                                |   1|   0|    1|          0|
    |tmp_s_reg_459                              |  64|   0|   64|          0|
    +-------------------------------------------+----+----+-----+-----------+
    |Total                                      | 778|   0|  913|        135|
    +-------------------------------------------+----+----+-----+-----------+



================================================================
== Interface
================================================================
* Summary: 
+-------------------------------+-----+-----+------------+----------------------+--------------+
|           RTL Ports           | Dir | Bits|  Protocol  |     Source Object    |    C Type    |
+-------------------------------+-----+-----+------------+----------------------+--------------+
|ap_clk                         |  in |    1| ap_ctrl_hs |      k2c_dense.3     | return value |
|ap_rst                         |  in |    1| ap_ctrl_hs |      k2c_dense.3     | return value |
|ap_start                       |  in |    1| ap_ctrl_hs |      k2c_dense.3     | return value |
|ap_done                        | out |    1| ap_ctrl_hs |      k2c_dense.3     | return value |
|ap_idle                        | out |    1| ap_ctrl_hs |      k2c_dense.3     | return value |
|ap_ready                       | out |    1| ap_ctrl_hs |      k2c_dense.3     | return value |
|output_numel_read              |  in |   64|   ap_none  |   output_numel_read  |    scalar    |
|input_array_address0           | out |    7|  ap_memory |      input_array     |     array    |
|input_array_ce0                | out |    1|  ap_memory |      input_array     |     array    |
|input_array_q0                 |  in |   32|  ap_memory |      input_array     |     array    |
|input_array_address1           | out |    7|  ap_memory |      input_array     |     array    |
|input_array_ce1                | out |    1|  ap_memory |      input_array     |     array    |
|input_array_q1                 |  in |   32|  ap_memory |      input_array     |     array    |
|input_dim                      |  in |   64|   ap_none  |       input_dim      |    scalar    |
|input_numel_read               |  in |   64|   ap_none  |   input_numel_read   |    scalar    |
|input_shape_address0           | out |    3|  ap_memory |      input_shape     |     array    |
|input_shape_ce0                | out |    1|  ap_memory |      input_shape     |     array    |
|input_shape_q0                 |  in |   64|  ap_memory |      input_shape     |     array    |
|kernel_dim                     |  in |   64|   ap_none  |      kernel_dim      |    scalar    |
|dense_13_output_arra_address0  | out |    7|  ap_memory | dense_13_output_arra |     array    |
|dense_13_output_arra_ce0       | out |    1|  ap_memory | dense_13_output_arra |     array    |
|dense_13_output_arra_we0       | out |    1|  ap_memory | dense_13_output_arra |     array    |
|dense_13_output_arra_d0        | out |   32|  ap_memory | dense_13_output_arra |     array    |
|dense_13_output_arra_q0        |  in |   32|  ap_memory | dense_13_output_arra |     array    |
+-------------------------------+-----+-----+------------+----------------------+--------------+

