

================================================================
== Vivado HLS Report for 'k2c_dot_1'
================================================================
* Date:           Wed Apr 24 12:32:50 2024

* Version:        2018.2 (Build 2258646 on Thu Jun 14 20:25:20 MDT 2018)
* Project:        Group_5
* Solution:       Resource_optimized
* Product family: artix7
* Target device:  xc7a200tfbg676-2


================================================================
== Performance Estimates
================================================================
+ Timing (ns): 
    * Summary: 
    +--------+-------+----------+------------+
    |  Clock | Target| Estimated| Uncertainty|
    +--------+-------+----------+------------+
    |ap_clk  |  10.00|     8.609|        1.25|
    +--------+-------+----------+------------+

+ Latency (clock cycles): 
    * Summary: 
    +-----+-----+-----+-----+---------+
    |  Latency  |  Interval | Pipeline|
    | min | max | min | max |   Type  |
    +-----+-----+-----+-----+---------+
    |    ?|    ?|    ?|    ?|   none  |
    +-----+-----+-----+-----+---------+

    + Detail: 
        * Instance: 
        +------------------------+-------------+-----+-----+-----+-----+---------+
        |                        |             |  Latency  |  Interval | Pipeline|
        |        Instance        |    Module   | min | max | min | max |   Type  |
        +------------------------+-------------+-----+-----+-----+-----+---------+
        |grp_k2c_idx2sub_fu_824  |k2c_idx2sub  |    ?|    ?|    ?|    ?|   none  |
        |grp_k2c_sub2idx_fu_836  |k2c_sub2idx  |    ?|    ?|    ?|    ?|   none  |
        +------------------------+-------------+-----+-----+-----+-----+---------+

        * Loop: 
        +------------------+-----+-----+----------+-----------+-----------+------+----------+
        |                  |  Latency  | Iteration|  Initiation Interval  | Trip |          |
        |     Loop Name    | min | max |  Latency |  achieved |   target  | Count| Pipelined|
        +------------------+-----+-----+----------+-----------+-----------+------+----------+
        |- Loop 1          |    ?|    ?|         3|          -|          -|     ?|    no    |
        |- Loop 2          |    ?|    ?|         2|          -|          -|     ?|    no    |
        |- Loop 3          |    ?|    ?|         3|          -|          -|     ?|    no    |
        |- Loop 4          |    ?|    ?|         1|          -|          -|     ?|    no    |
        |- Loop 5          |    ?|    ?|         3|          -|          -|     ?|    no    |
        |- Loop 6          |    ?|    ?|         5|          -|          -|     ?|    no    |
        |- Loop 7          |    ?|    ?|         5|          -|          -|     ?|    no    |
        |- Loop 8          |    ?|    ?|         ?|          -|          -|     ?|    no    |
        | + Loop 8.1       |    ?|    ?|         5|          -|          -|     ?|    no    |
        |- Loop 9          |    ?|    ?|         ?|          -|          -|     ?|    no    |
        | + Loop 9.1       |    ?|    ?|         5|          -|          -|     ?|    no    |
        |- Loop 10         |    ?|    ?|         1|          -|          -|     ?|    no    |
        |- Loop 11         |    ?|    ?|         ?|          -|          -|     ?|    no    |
        | + Loop 11.1      |    ?|    ?|         ?|          -|          -|     ?|    no    |
        |  ++ Loop 11.1.1  |    ?|    ?|        11|          -|          -|     ?|    no    |
        +------------------+-----+-----+----------+-----------+-----------+------+----------+



================================================================
== Utilization Estimates
================================================================
* Summary: 
+-----------------+---------+-------+--------+--------+
|       Name      | BRAM_18K| DSP48E|   FF   |   LUT  |
+-----------------+---------+-------+--------+--------+
|DSP              |        -|      2|       -|       -|
|Expression       |        -|      0|       0|    1897|
|FIFO             |        -|      -|       -|       -|
|Instance         |        -|     53|    6550|    4720|
|Memory           |       28|      -|    1152|      45|
|Multiplexer      |        -|      -|       -|    1439|
|Register         |        -|      -|    2078|       -|
+-----------------+---------+-------+--------+--------+
|Total            |       28|     55|    9780|    8101|
+-----------------+---------+-------+--------+--------+
|Available        |      730|    740|  269200|  129000|
+-----------------+---------+-------+--------+--------+
|Utilization (%)  |        3|      7|       3|       6|
+-----------------+---------+-------+--------+--------+

+ Detail: 
    * Instance: 
    +--------------------------+----------------------+---------+-------+------+------+
    |         Instance         |        Module        | BRAM_18K| DSP48E|  FF  |  LUT |
    +--------------------------+----------------------+---------+-------+------+------+
    |grp_k2c_idx2sub_fu_824    |k2c_idx2sub           |        0|      0|  3511|  2638|
    |grp_k2c_sub2idx_fu_836    |k2c_sub2idx           |        0|     32|  1566|  1086|
    |sample_fadd_32ns_hbi_U64  |sample_fadd_32ns_hbi  |        0|      2|   205|   203|
    |sample_fmul_32ns_ibs_U65  |sample_fmul_32ns_ibs  |        0|      3|   128|   129|
    |sample_mul_57ns_6vdy_U67  |sample_mul_57ns_6vdy  |        0|     16|   361|   195|
    |sample_udiv_64ns_udo_U66  |sample_udiv_64ns_udo  |        0|      0|   779|   469|
    +--------------------------+----------------------+---------+-------+------+------+
    |Total                     |                      |        0|     53|  6550|  4720|
    +--------------------------+----------------------+---------+-------+------+------+

    * DSP48: 
    +--------------------------+----------------------+-----------+
    |         Instance         |        Module        | Expression|
    +--------------------------+----------------------+-----------+
    |sample_mul_mul_14wdI_U68  |sample_mul_mul_14wdI  |  i0 * i1  |
    |sample_mul_mul_8nxdS_U69  |sample_mul_mul_8nxdS  |  i0 * i1  |
    +--------------------------+----------------------+-----------+

    * Memory: 
    +------------------------+----------------------+---------+-----+----+------+-----+------+-------------+
    |         Memory         |        Module        | BRAM_18K|  FF | LUT| Words| Bits| Banks| W*Bits*Banks|
    +------------------------+----------------------+---------+-----+----+------+-----+------+-------------+
    |dense_13_output_shap_U  |k2c_dot_1_dense_1qcK  |        0|  128|   5|     5|   64|     1|          320|
    |dense_14_kernel_shap_U  |k2c_dot_1_dense_1rcU  |        0|  128|   5|     5|   64|     1|          320|
    |dense_14_fwork_U        |k2c_dot_1_dense_1sc4  |       16|    0|   0|  4224|   32|     1|       135168|
    |dense_14_kernel_arra_U  |k2c_dot_1_dense_1tde  |        8|    0|   0|  4096|   32|     1|       131072|
    |permA_U                 |k2c_dot_permA         |        4|    0|   0|     5|   64|     1|          320|
    |permB_U                 |k2c_dot_permB         |        0|  128|   5|     5|   64|     1|          320|
    |freeA_U                 |k2c_dot_permB         |        0|  128|   5|     5|   64|     1|          320|
    |freeB_U                 |k2c_dot_permB         |        0|  128|   5|     5|   64|     1|          320|
    |newshpA_U               |k2c_dot_permB         |        0|  128|   5|     5|   64|     1|          320|
    |newshpB_U               |k2c_dot_permB         |        0|  128|   5|     5|   64|     1|          320|
    |Asub_U                  |k2c_dot_permB         |        0|  128|   5|     5|   64|     1|          320|
    |Bsub_U                  |k2c_dot_permB         |        0|  128|   5|     5|   64|     1|          320|
    +------------------------+----------------------+---------+-----+----+------+-----+------+-------------+
    |Total                   |                      |       28| 1152|  45|  8370|  704|    12|       269440|
    +------------------------+----------------------+---------+-----+----+------+-----+------+-------------+

    * FIFO: 
    N/A

    * Expression: 
    +-------------------------+----------+-------+---+----+------------+------------+
    |      Variable Name      | Operation| DSP48E| FF| LUT| Bitwidth P0| Bitwidth P1|
    +-------------------------+----------+-------+---+----+------------+------------+
    |outrowidx_fu_1326_p2     |     *    |      0|  0|  33|           7|           7|
    |count_4_1_fu_885_p2      |     +    |      0|  0|  71|          64|           1|
    |count_4_fu_862_p2        |     +    |      0|  0|  71|          64|           1|
    |count_5_1_fu_935_p2      |     +    |      0|  0|  12|           3|           1|
    |count_5_fu_913_p2        |     +    |      0|  0|  12|           3|           1|
    |i_12_1_fu_891_p2         |     +    |      0|  0|  71|          64|           2|
    |i_15_1_fu_941_p2         |     +    |      0|  0|  71|          64|           2|
    |i_16_cast_fu_999_p2      |     +    |      0|  0|  12|           2|           3|
    |i_16_fu_994_p2           |     +    |      0|  0|  71|           2|          64|
    |i_18_1_fu_1031_p2        |     +    |      0|  0|  12|           3|           2|
    |i_19_1_fu_1063_p2        |     +    |      0|  0|  12|           3|           2|
    |i_19_fu_1047_p2          |     +    |      0|  0|  12|           3|           1|
    |i_21_1_fu_1108_p2        |     +    |      0|  0|  12|           3|           2|
    |i_21_fu_1078_p2          |     +    |      0|  0|  12|           1|           3|
    |i_22_1_fu_1146_p2        |     +    |      0|  0|  12|           3|           2|
    |i_22_fu_1301_p2          |     +    |      0|  0|  15|           6|           1|
    |i_23_1_fu_1178_p2        |     +    |      0|  0|  12|           3|           2|
    |i_23_fu_1189_p2          |     +    |      0|  0|  71|          64|           1|
    |i_24_fu_1235_p2          |     +    |      0|  0|  71|          64|           1|
    |i_25_fu_1320_p2          |     +    |      0|  0|  71|           1|          64|
    |j_10_1_fu_1224_p2        |     +    |      0|  0|  12|           3|           2|
    |j_11_1_fu_1271_p2        |     +    |      0|  0|  12|           3|           2|
    |j_9_1_fu_1114_p2         |     +    |      0|  0|  71|          64|           2|
    |j_fu_1373_p2             |     +    |      0|  0|  64|           1|          57|
    |k_1_fu_1344_p2           |     +    |      0|  0|  15|           8|           1|
    |sum2_fu_1394_p2          |     +    |      0|  0|  15|           7|           7|
    |sum6_fu_1350_p2          |     +    |      0|  0|  21|          14|          14|
    |sum7_fu_1384_p2          |     +    |      0|  0|   8|          14|          14|
    |sum_fu_1281_p2           |     +    |      0|  0|  21|          14|          14|
    |tmp1_fu_1379_p2          |     +    |      0|  0|   8|          14|          14|
    |exitcond10_1_fu_1266_p2  |   icmp   |      0|  0|  29|          64|          64|
    |exitcond10_fu_1230_p2    |   icmp   |      0|  0|  29|          64|          64|
    |exitcond11_1_fu_1219_p2  |   icmp   |      0|  0|  29|          64|          64|
    |exitcond11_fu_1203_p2    |   icmp   |      0|  0|  29|          64|          64|
    |exitcond12_1_fu_1173_p2  |   icmp   |      0|  0|  29|          64|          64|
    |exitcond12_fu_1157_p2    |   icmp   |      0|  0|  29|          64|          64|
    |exitcond13_1_fu_1141_p2  |   icmp   |      0|  0|  29|          64|          64|
    |exitcond13_fu_1125_p2    |   icmp   |      0|  0|  29|          64|          64|
    |exitcond14_fu_1250_p2    |   icmp   |      0|  0|  29|          64|          64|
    |exitcond1_1_fu_875_p2    |   icmp   |      0|  0|  29|          64|          64|
    |exitcond1_fu_852_p2      |   icmp   |      0|  0|  29|          64|          64|
    |exitcond2_1_fu_930_p2    |   icmp   |      0|  0|  29|          64|          64|
    |exitcond2_fu_897_p2      |   icmp   |      0|  0|  29|          64|          64|
    |exitcond3_fu_1368_p2     |   icmp   |      0|  0|  29|          57|          57|
    |exitcond5_fu_1296_p2     |   icmp   |      0|  0|  29|          64|          64|
    |exitcond8_1_fu_1026_p2   |   icmp   |      0|  0|  29|          64|          64|
    |exitcond8_fu_1010_p2     |   icmp   |      0|  0|  29|          64|          64|
    |exitcond9_fu_1184_p2     |   icmp   |      0|  0|  29|          64|          64|
    |exitcond_fu_1339_p2      |   icmp   |      0|  0|  13|           9|           9|
    |tmp_1_fu_880_p2          |   icmp   |      0|  0|  29|          64|          64|
    |tmp_2_1_fu_1058_p2       |   icmp   |      0|  0|  29|          64|          64|
    |tmp_2_fu_1042_p2         |   icmp   |      0|  0|  29|          64|          64|
    |tmp_3_1_fu_1103_p2       |   icmp   |      0|  0|  29|          64|          64|
    |tmp_3_fu_1073_p2         |   icmp   |      0|  0|  29|          64|          64|
    |tmp_7_fu_1315_p2         |   icmp   |      0|  0|  29|          64|          64|
    |tmp_9_fu_857_p2          |   icmp   |      0|  0|  29|          64|          64|
    |tmp_fu_902_p2            |   icmp   |      0|  0|  29|          64|           1|
    |i_12_s_fu_869_p2         |    or    |      0|  0|  64|          64|           1|
    |i_15_s_fu_924_p2         |    or    |      0|  0|  64|          64|           1|
    |i_18_s_fu_1015_p2        |    or    |      0|  0|   3|           3|           1|
    |i_22_s_fu_1130_p2        |    or    |      0|  0|   3|           3|           1|
    |i_23_s_fu_1162_p2        |    or    |      0|  0|   3|           3|           1|
    |j_10_s_fu_1208_p2        |    or    |      0|  0|   3|           3|           1|
    |j_11_s_fu_1255_p2        |    or    |      0|  0|   3|           3|           1|
    |j_9_s_fu_1092_p2         |    or    |      0|  0|   4|           4|           1|
    +-------------------------+----------+-------+---+----+------------+------------+
    |Total                    |          |      0|  0|1897|        2382|        1901|
    +-------------------------+----------+-------+---+----+------------+------------+

    * Multiplexer: 
    +----------------------------------+-----+-----------+-----+-----------+
    |               Name               | LUT | Input Size| Bits| Total Bits|
    +----------------------------------+-----+-----------+-----+-----------+
    |Asub_address0                     |   38|          7|    3|         21|
    |Asub_ce0                          |   21|          4|    1|          4|
    |Asub_d0                           |   15|          3|   64|        192|
    |Asub_we0                          |   15|          3|    1|          3|
    |Bsub_address0                     |   38|          7|    3|         21|
    |Bsub_ce0                          |   21|          4|    1|          4|
    |Bsub_d0                           |   15|          3|   64|        192|
    |Bsub_we0                          |   15|          3|    1|          3|
    |C_array_address0                  |   15|          3|    5|         15|
    |C_array_d0                        |   15|          3|   32|         96|
    |ap_NS_fsm                         |  536|        125|    1|        125|
    |ap_phi_mux_count_1_phi_fu_607_p4  |   15|          3|   64|        192|
    |ap_phi_mux_count_3_phi_fu_653_p4  |   15|          3|    3|          9|
    |count_1_1_reg_615                 |    9|          2|   64|        128|
    |count_1_reg_603                   |    9|          2|   64|        128|
    |count_2_reg_627                   |    9|          2|    3|          6|
    |count_reg_578                     |    9|          2|   64|        128|
    |dense_13_output_shap_address0     |   27|          5|    3|         15|
    |dense_13_output_shap_ce0          |   15|          3|    1|          3|
    |dense_14_fwork_address0           |   21|          4|   13|         52|
    |dense_14_fwork_d0                 |   15|          3|   32|         96|
    |dense_14_kernel_shap_address0     |   21|          4|    3|         12|
    |dense_14_kernel_shap_ce0          |   15|          3|    1|          3|
    |freeA_address0                    |   27|          5|    3|         15|
    |freeA_d0                          |   15|          3|   64|        192|
    |freeB_address0                    |   27|          5|    3|         15|
    |freeB_d0                          |   15|          3|   64|        192|
    |grp_k2c_idx2sub_fu_824_idx        |   15|          3|   64|        192|
    |grp_k2c_idx2sub_fu_824_ndim       |   15|          3|   64|        192|
    |grp_k2c_idx2sub_fu_824_shape_q0   |   15|          3|   64|        192|
    |grp_k2c_sub2idx_fu_836_ndim       |   15|          3|   64|        192|
    |grp_k2c_sub2idx_fu_836_shape_q0   |   15|          3|   64|        192|
    |grp_k2c_sub2idx_fu_836_sub_q0     |   15|          3|   64|        192|
    |i_10_reg_755                      |    9|          2|   64|        128|
    |i_11_reg_780                      |    9|          2|    6|         12|
    |i_14_reg_791                      |    9|          2|   64|        128|
    |i_1_reg_638                       |    9|          2|   64|        128|
    |i_4_reg_660                       |    9|          2|    3|          6|
    |i_5_reg_672                       |    9|          2|    3|          6|
    |i_7_reg_681                       |    9|          2|    3|          6|
    |i_8_reg_706                       |    9|          2|    3|          6|
    |i_9_reg_718                       |    9|          2|    3|          6|
    |i_reg_590                         |    9|          2|   64|        128|
    |i_s_reg_730                       |    9|          2|   64|        128|
    |j_3_reg_693                       |    9|          2|   64|        128|
    |j_4_reg_743                       |    9|          2|    3|          6|
    |j_5_reg_768                       |    9|          2|    3|          6|
    |j_s_reg_813                       |    9|          2|   57|        114|
    |k_reg_802                         |    9|          2|    8|         16|
    |newshpA_address0                  |   21|          4|    3|         12|
    |newshpA_ce0                       |   15|          3|    1|          3|
    |newshpB_address0                  |   21|          4|    3|         12|
    |newshpB_ce0                       |   15|          3|    1|          3|
    |permA_address0                    |   27|          5|    3|         15|
    |permA_address1                    |   27|          5|    3|         15|
    |permA_d0                          |   15|          3|   64|        192|
    |permB_address0                    |   41|          8|    3|         24|
    |permB_d0                          |   15|          3|   64|        192|
    +----------------------------------+-----+-----------+-----+-----------+
    |Total                             | 1439|        305| 1630|       4434|
    +----------------------------------+-----+-----------+-----+-----------+

    * Register: 
    +-------------------------------------+-----+----+-----+-----------+
    |                 Name                |  FF | LUT| Bits| Const Bits|
    +-------------------------------------+-----+----+-----+-----------+
    |A_array_load_reg_1807                |   32|   0|   32|          0|
    |C_array_addr_3_reg_1934              |    5|   0|    5|          0|
    |C_array_load_reg_1954                |   32|   0|   32|          0|
    |ap_CS_fsm                            |  124|   0|  124|          0|
    |count_1_1_reg_615                    |   64|   0|   64|          0|
    |count_1_reg_603                      |   64|   0|   64|          0|
    |count_2_reg_627                      |    3|   0|    3|          0|
    |count_3_cast_reg_1502                |    3|   0|   64|         61|
    |count_5_1_reg_1515                   |    3|   0|    3|          0|
    |count_reg_578                        |   64|   0|   64|          0|
    |dense_14_fwork_addr_2_reg_1911       |   13|   0|   13|          0|
    |dense_14_fwork_load_1_reg_1944       |   32|   0|   32|          0|
    |dense_14_fwork_load_reg_1939         |   32|   0|   32|          0|
    |dense_14_kernel_arra_2_reg_1867      |   32|   0|   32|          0|
    |exitcond11_reg_1765                  |    1|   0|    1|          0|
    |exitcond12_reg_1709                  |    1|   0|    1|          0|
    |exitcond13_reg_1667                  |    1|   0|    1|          0|
    |exitcond14_reg_1825                  |    1|   0|    1|          0|
    |exitcond8_reg_1587                   |    1|   0|    1|          0|
    |free_axesA_reg_1545                  |   64|   0|   64|          0|
    |free_axesB_3_reg_1556                |   57|   0|   64|          7|
    |free_axesB_cast5_reg_1566            |    7|   0|    7|          0|
    |free_axesB_cast6_reg_1561            |   14|   0|   14|          0|
    |free_axesB_reg_1551                  |   57|   0|   57|          0|
    |grp_k2c_idx2sub_fu_824_ap_start_reg  |    1|   0|    1|          0|
    |grp_k2c_sub2idx_fu_836_ap_start_reg  |    1|   0|    1|          0|
    |i_10_reg_755                         |   64|   0|   64|          0|
    |i_11_reg_780                         |    6|   0|    6|          0|
    |i_12_1_reg_1491                      |   64|   0|   64|          0|
    |i_12_s_reg_1474                      |   63|   0|   64|          1|
    |i_14_reg_791                         |   64|   0|   64|          0|
    |i_15_1_reg_1520                      |   64|   0|   64|          0|
    |i_15_s_reg_1507                      |   63|   0|   64|          1|
    |i_16_cast_reg_1577                   |    3|   0|    3|          0|
    |i_16_reg_1571                        |   64|   0|   64|          0|
    |i_18_1_reg_1609                      |    3|   0|    3|          0|
    |i_18_cast_reg_1596                   |    2|   0|   64|         62|
    |i_1_reg_638                          |   64|   0|   64|          0|
    |i_21_1_reg_1652                      |    3|   0|    3|          0|
    |i_21_cast_reg_1639                   |    3|   0|   64|         61|
    |i_22_1_reg_1694                      |    3|   0|    3|          0|
    |i_22_cast_reg_1681                   |    2|   0|   64|         62|
    |i_23_1_reg_1736                      |    3|   0|    3|          0|
    |i_23_cast_reg_1723                   |    2|   0|   64|         62|
    |i_23_reg_1749                        |   64|   0|   64|          0|
    |i_24_reg_1815                        |   64|   0|   64|          0|
    |i_25_reg_1888                        |   64|   0|   64|          0|
    |i_4_cast_reg_1582                    |    3|   0|   64|         61|
    |i_4_reg_660                          |    3|   0|    3|          0|
    |i_5_reg_672                          |    3|   0|    3|          0|
    |i_7_cast_reg_1625                    |    3|   0|   64|         61|
    |i_7_reg_681                          |    3|   0|    3|          0|
    |i_8_cast_reg_1662                    |    3|   0|   64|         61|
    |i_8_reg_706                          |    3|   0|    3|          0|
    |i_9_cast_reg_1704                    |    3|   0|   64|         61|
    |i_9_reg_718                          |    3|   0|    3|          0|
    |i_reg_590                            |   64|   0|   64|          0|
    |i_s_reg_730                          |   64|   0|   64|          0|
    |inneridx_reg_1898                    |   14|   0|   14|          0|
    |j_10_1_reg_1792                      |    3|   0|    3|          0|
    |j_10_cast_reg_1779                   |    2|   0|   64|         62|
    |j_11_1_reg_1852                      |    3|   0|    3|          0|
    |j_11_cast_reg_1839                   |    2|   0|   64|         62|
    |j_3_reg_693                          |   64|   0|   64|          0|
    |j_4_cast_reg_1760                    |    3|   0|   64|         61|
    |j_4_reg_743                          |    3|   0|    3|          0|
    |j_5_cast_reg_1820                    |    3|   0|   64|         61|
    |j_5_reg_768                          |    3|   0|    3|          0|
    |j_9_1_reg_1657                       |   64|   0|   64|          0|
    |j_reg_1924                           |   57|   0|   57|          0|
    |j_s_reg_813                          |   57|   0|   57|          0|
    |k_1_reg_1906                         |    8|   0|    8|          0|
    |k_reg_802                            |    8|   0|    8|          0|
    |outrowidx_reg_1893                   |    7|   0|    7|          0|
    |tmp_1_11_reg_1916                    |   14|   0|   14|          0|
    |tmp_1_reg_1482                       |    1|   0|    1|          0|
    |tmp_29_reg_1535                      |   14|   0|   14|          0|
    |tmp_30_reg_1540                      |    9|   0|    9|          0|
    |tmp_33_reg_1754                      |   14|   0|   14|          0|
    |tmp_3_reg_1630                       |    1|   0|    1|          0|
    |tmp_4_reg_1959                       |   32|   0|   32|          0|
    |tmp_6_reg_1872                       |   64|   0|   64|          0|
    |tmp_s_reg_1949                       |   32|   0|   32|          0|
    +-------------------------------------+-----+----+-----+-----------+
    |Total                                | 2078|   0| 2885|        807|
    +-------------------------------------+-----+----+-----+-----------+



================================================================
== Interface
================================================================
* Summary: 
+------------------+-----+-----+------------+--------------+--------------+
|     RTL Ports    | Dir | Bits|  Protocol  | Source Object|    C Type    |
+------------------+-----+-----+------------+--------------+--------------+
|ap_clk            |  in |    1| ap_ctrl_hs |   k2c_dot.1  | return value |
|ap_rst            |  in |    1| ap_ctrl_hs |   k2c_dot.1  | return value |
|ap_start          |  in |    1| ap_ctrl_hs |   k2c_dot.1  | return value |
|ap_done           | out |    1| ap_ctrl_hs |   k2c_dot.1  | return value |
|ap_idle           | out |    1| ap_ctrl_hs |   k2c_dot.1  | return value |
|ap_ready          | out |    1| ap_ctrl_hs |   k2c_dot.1  | return value |
|C_array_address0  | out |    5|  ap_memory |    C_array   |     array    |
|C_array_ce0       | out |    1|  ap_memory |    C_array   |     array    |
|C_array_we0       | out |    1|  ap_memory |    C_array   |     array    |
|C_array_d0        | out |   32|  ap_memory |    C_array   |     array    |
|C_array_q0        |  in |   32|  ap_memory |    C_array   |     array    |
|A_array_address0  | out |    7|  ap_memory |    A_array   |     array    |
|A_array_ce0       | out |    1|  ap_memory |    A_array   |     array    |
|A_array_q0        |  in |   32|  ap_memory |    A_array   |     array    |
|A_dim             |  in |   64|   ap_none  |     A_dim    |    scalar    |
|A_numel_read      |  in |   64|   ap_none  | A_numel_read |    scalar    |
|B_dim             |  in |   64|   ap_none  |     B_dim    |    scalar    |
|B_numel_read      |  in |   64|   ap_none  | B_numel_read |    scalar    |
|p_read2           |  in |   64|   ap_none  |    p_read2   |    scalar    |
+------------------+-----+-----+------------+--------------+--------------+

