

================================================================
== Vivado HLS Report for 'k2c_dense_3'
================================================================
* Date:           Tue Apr 23 18:56:36 2024

* Version:        2018.2 (Build 2258646 on Thu Jun 14 20:25:20 MDT 2018)
* Project:        Group_5
* Solution:       Latency_final
* Product family: artix7
* Target device:  xc7a200tfbg676-2


================================================================
== Performance Estimates
================================================================
+ Timing (ns): 
    * Summary: 
    +--------+-------+----------+------------+
    |  Clock | Target| Estimated| Uncertainty|
    +--------+-------+----------+------------+
    |ap_clk  |   5.00|     4.348|        0.62|
    +--------+-------+----------+------------+

+ Latency (clock cycles): 
    * Summary: 
    +-----+-----+-----+-----+---------+
    |  Latency  |  Interval | Pipeline|
    | min | max | min | max |   Type  |
    +-----+-----+-----+-----+---------+
    |    ?|    ?|    ?|    ?|   none  |
    +-----+-----+-----+-----+---------+

    + Detail: 
        * Instance: 
        +------------------------------+-------------------+-----+-----+-----+-----+---------+
        |                              |                   |  Latency  |  Interval | Pipeline|
        |           Instance           |       Module      | min | max | min | max |   Type  |
        +------------------------------+-------------------+-----+-----+-----+-----+---------+
        |grp_k2c_dot_fu_364            |k2c_dot            |    ?|    ?|    ?|    ?|   none  |
        |grp_k2c_affine_matmul_fu_430  |k2c_affine_matmul  |    ?|    ?|    ?|    ?|   none  |
        |grp_k2c_bias_add_fu_459       |k2c_bias_add       |    ?|    ?|    ?|    ?|   none  |
        +------------------------------+-------------------+-----+-----+-----+-----+---------+

        * Loop: 
        +----------+-----+-----+----------+-----------+-----------+------+----------+
        |          |  Latency  | Iteration|  Initiation Interval  | Trip |          |
        | Loop Name| min | max |  Latency |  achieved |   target  | Count| Pipelined|
        +----------+-----+-----+----------+-----------+-----------+------+----------+
        |- Loop 1  |    ?|    ?|         6|          -|          -|     ?|    no    |
        |- Loop 2  |    ?|    ?|         5|          -|          -|     ?|    no    |
        +----------+-----+-----+----------+-----------+-----------+------+----------+



================================================================
== Utilization Estimates
================================================================
* Summary: 
+-----------------+---------+-------+--------+--------+
|       Name      | BRAM_18K| DSP48E|   FF   |   LUT  |
+-----------------+---------+-------+--------+--------+
|DSP              |        -|      -|       -|       -|
|Expression       |        -|      -|       0|     459|
|FIFO             |        -|      -|       -|       -|
|Instance         |       21|    115|   15295|   12140|
|Memory           |        1|      -|       0|       0|
|Multiplexer      |        -|      -|       -|    1287|
|Register         |        -|      -|     603|       -|
+-----------------+---------+-------+--------+--------+
|Total            |       22|    115|   15898|   13886|
+-----------------+---------+-------+--------+--------+
|Available        |      730|    740|  269200|  129000|
+-----------------+---------+-------+--------+--------+
|Utilization (%)  |        3|     15|       5|      10|
+-----------------+---------+-------+--------+--------+

+ Detail: 
    * Instance: 
    +------------------------------+----------------------+---------+-------+-------+------+
    |           Instance           |        Module        | BRAM_18K| DSP48E|   FF  |  LUT |
    +------------------------------+----------------------+---------+-------+-------+------+
    |grp_k2c_affine_matmul_fu_430  |k2c_affine_matmul     |        0|     26|   2225|  1761|
    |grp_k2c_bias_add_fu_459       |k2c_bias_add          |        1|      2|    664|   705|
    |grp_k2c_dot_fu_364            |k2c_dot               |       20|     87|  12340|  9525|
    |sample_fcmp_32ns_yd2_U102     |sample_fcmp_32ns_yd2  |        0|      0|     66|    67|
    |sample_mux_864_32rcU_U103     |sample_mux_864_32rcU  |        0|      0|      0|    41|
    |sample_mux_864_32rcU_U104     |sample_mux_864_32rcU  |        0|      0|      0|    41|
    +------------------------------+----------------------+---------+-------+-------+------+
    |Total                         |                      |       21|    115|  15295| 12140|
    +------------------------------+----------------------+---------+-------+-------+------+

    * DSP48: 
    N/A

    * Memory: 
    +-----------------------+----------------------+---------+---+----+------+-----+------+-------------+
    |         Memory        |        Module        | BRAM_18K| FF| LUT| Words| Bits| Banks| W*Bits*Banks|
    +-----------------------+----------------------+---------+---+----+------+-----+------+-------------+
    |dense_13_bias_array_U  |k2c_dense_3_densexdS  |        1|  0|   0|   128|   32|     1|         4096|
    +-----------------------+----------------------+---------+---+----+------+-----+------+-------------+
    |Total                  |                      |        1|  0|   0|   128|   32|     1|         4096|
    +-----------------------+----------------------+---------+---+----+------+-----+------+-------------+

    * FIFO: 
    N/A

    * Expression: 
    +---------------------+----------+-------+---+----+------------+------------+
    |    Variable Name    | Operation| DSP48E| FF| LUT| Bitwidth P0| Bitwidth P1|
    +---------------------+----------+-------+---+----+------------+------------+
    |i_28_fu_532_p2       |     +    |      0|  0|  71|          64|           1|
    |i_29_fu_645_p2       |     +    |      0|  0|  71|          64|           1|
    |tmp_14_fu_494_p2     |     +    |      0|  0|  71|          64|           2|
    |tmp_27_fu_735_p2     |    and   |      0|  0|   2|           1|           1|
    |tmp_32_fu_622_p2     |    and   |      0|  0|   2|           1|           1|
    |exitcond1_fu_640_p2  |   icmp   |      0|  0|  29|          64|          64|
    |exitcond4_fu_527_p2  |   icmp   |      0|  0|  29|          64|          64|
    |icmp_fu_516_p2       |   icmp   |      0|  0|  29|          63|           1|
    |notlhs4_fu_719_p2    |   icmp   |      0|  0|  11|           8|           2|
    |notlhs_fu_606_p2     |   icmp   |      0|  0|  11|           8|           2|
    |notrhs5_fu_725_p2    |   icmp   |      0|  0|  18|          23|           1|
    |notrhs_fu_612_p2     |   icmp   |      0|  0|  18|          23|           1|
    |tmp_fu_488_p2        |   icmp   |      0|  0|  29|          64|           2|
    |tmp_25_fu_731_p2     |    or    |      0|  0|   2|           1|           1|
    |tmp_30_fu_618_p2     |    or    |      0|  0|   2|           1|           1|
    |outrows1_fu_627_p3   |  select  |      0|  0|  64|           1|          64|
    +---------------------+----------+-------+---+----+------------+------------+
    |Total                |          |      0|  0| 459|         514|         209|
    +---------------------+----------+-------+---+----+------------+------------+

    * Multiplexer: 
    +---------------------------------+----+-----------+-----+-----------+
    |               Name              | LUT| Input Size| Bits| Total Bits|
    +---------------------------------+----+-----------+-----+-----------+
    |ap_NS_fsm                        |  89|         18|    1|         18|
    |dense_13_bias_array_address0     |  15|          3|    7|         21|
    |dense_13_bias_array_ce0          |   9|          2|    1|          2|
    |dense_13_output_arra_1_address0  |  38|          7|    4|         28|
    |dense_13_output_arra_1_ce0       |  21|          4|    1|          4|
    |dense_13_output_arra_1_d0        |  21|          4|   32|        128|
    |dense_13_output_arra_1_we0       |  21|          4|    1|          4|
    |dense_13_output_arra_2_address0  |  38|          7|    4|         28|
    |dense_13_output_arra_2_ce0       |  21|          4|    1|          4|
    |dense_13_output_arra_2_d0        |  21|          4|   32|        128|
    |dense_13_output_arra_2_we0       |  21|          4|    1|          4|
    |dense_13_output_arra_3_address0  |  38|          7|    4|         28|
    |dense_13_output_arra_3_ce0       |  21|          4|    1|          4|
    |dense_13_output_arra_3_d0        |  21|          4|   32|        128|
    |dense_13_output_arra_3_we0       |  21|          4|    1|          4|
    |dense_13_output_arra_4_address0  |  38|          7|    4|         28|
    |dense_13_output_arra_4_ce0       |  21|          4|    1|          4|
    |dense_13_output_arra_4_d0        |  21|          4|   32|        128|
    |dense_13_output_arra_4_we0       |  21|          4|    1|          4|
    |dense_13_output_arra_5_address0  |  38|          7|    4|         28|
    |dense_13_output_arra_5_ce0       |  21|          4|    1|          4|
    |dense_13_output_arra_5_d0        |  21|          4|   32|        128|
    |dense_13_output_arra_5_we0       |  21|          4|    1|          4|
    |dense_13_output_arra_6_address0  |  41|          8|    4|         32|
    |dense_13_output_arra_6_ce0       |  27|          5|    1|          5|
    |dense_13_output_arra_6_d0        |  27|          5|   32|        160|
    |dense_13_output_arra_6_we0       |  27|          5|    1|          5|
    |dense_13_output_arra_7_address0  |  41|          8|    4|         32|
    |dense_13_output_arra_7_ce0       |  27|          5|    1|          5|
    |dense_13_output_arra_7_d0        |  27|          5|   32|        160|
    |dense_13_output_arra_7_we0       |  27|          5|    1|          5|
    |dense_13_output_arra_address0    |  41|          8|    4|         32|
    |dense_13_output_arra_ce0         |  27|          5|    1|          5|
    |dense_13_output_arra_d0          |  27|          5|   32|        160|
    |dense_13_output_arra_we0         |  27|          5|    1|          5|
    |grp_fu_483_p0                    |  15|          3|   32|         96|
    |i_2_reg_342                      |   9|          2|   64|        128|
    |i_reg_353                        |   9|          2|   64|        128|
    |input_array10_address0           |  15|          3|    4|         12|
    |input_array10_ce0                |  15|          3|    1|          3|
    |input_array11_address0           |  15|          3|    4|         12|
    |input_array11_ce0                |  15|          3|    1|          3|
    |input_array12_address0           |  15|          3|    4|         12|
    |input_array12_ce0                |  15|          3|    1|          3|
    |input_array13_address0           |  15|          3|    4|         12|
    |input_array13_ce0                |  15|          3|    1|          3|
    |input_array14_address0           |  15|          3|    4|         12|
    |input_array14_ce0                |  15|          3|    1|          3|
    |input_array8_address0            |  15|          3|    4|         12|
    |input_array8_ce0                 |  15|          3|    1|          3|
    |input_array9_address0            |  15|          3|    4|         12|
    |input_array9_ce0                 |  15|          3|    1|          3|
    |input_array_address0             |  15|          3|    4|         12|
    |input_array_ce0                  |  15|          3|    1|          3|
    |input_shape_address0             |  15|          3|    3|          9|
    |input_shape_ce0                  |  15|          3|    1|          3|
    +---------------------------------+----+-----------+-----+-----------+
    |Total                            |1287|        248|  517|       1951|
    +---------------------------------+----+-----------+-----+-----------+

    * Register: 
    +-------------------------------------------+----+----+-----+-----------+
    |                    Name                   | FF | LUT| Bits| Const Bits|
    +-------------------------------------------+----+----+-----+-----------+
    |ap_CS_fsm                                  |  17|   0|   17|          0|
    |dense_13_bias_numel                        |   0|   0|   64|         64|
    |dense_13_kernel_nume                       |   0|   0|   64|         64|
    |dense_13_output_arra_10_reg_901            |   4|   0|    4|          0|
    |dense_13_output_arra_11_reg_906            |   4|   0|    4|          0|
    |dense_13_output_arra_12_reg_911            |   4|   0|    4|          0|
    |dense_13_output_arra_13_reg_916            |   4|   0|    4|          0|
    |dense_13_output_arra_14_reg_921            |   4|   0|    4|          0|
    |dense_13_output_arra_15_reg_926            |   4|   0|    4|          0|
    |dense_13_output_arra_24_reg_803            |   4|   0|    4|          0|
    |dense_13_output_arra_25_reg_808            |   4|   0|    4|          0|
    |dense_13_output_arra_26_reg_813            |   4|   0|    4|          0|
    |dense_13_output_arra_27_reg_818            |   4|   0|    4|          0|
    |dense_13_output_arra_28_reg_823            |   4|   0|    4|          0|
    |dense_13_output_arra_29_reg_828            |   4|   0|    4|          0|
    |dense_13_output_arra_30_reg_833            |   4|   0|    4|          0|
    |dense_13_output_arra_31_reg_838            |   4|   0|    4|          0|
    |dense_13_output_arra_8_reg_891             |   4|   0|    4|          0|
    |dense_13_output_arra_9_reg_896             |   4|   0|    4|          0|
    |grp_k2c_affine_matmul_fu_430_ap_start_reg  |   1|   0|    1|          0|
    |grp_k2c_bias_add_fu_459_ap_start_reg       |   1|   0|    1|          0|
    |grp_k2c_dot_fu_364_ap_start_reg            |   1|   0|    1|          0|
    |i_28_reg_793                               |  64|   0|   64|          0|
    |i_29_reg_881                               |  64|   0|   64|          0|
    |i_2_reg_342                                |  64|   0|   64|          0|
    |i_reg_353                                  |  64|   0|   64|          0|
    |icmp_reg_780                               |   1|   0|    1|          0|
    |notlhs4_reg_937                            |   1|   0|    1|          0|
    |notlhs_reg_849                             |   1|   0|    1|          0|
    |notrhs5_reg_942                            |   1|   0|    1|          0|
    |notrhs_reg_854                             |   1|   0|    1|          0|
    |outrows1_reg_867                           |  64|   0|   64|          0|
    |tmp_14_reg_770                             |  64|   0|   64|          0|
    |tmp_26_reg_947                             |   1|   0|    1|          0|
    |tmp_28_reg_843                             |  32|   0|   32|          0|
    |tmp_31_reg_859                             |   1|   0|    1|          0|
    |tmp_68_reg_873                             |  57|   0|   64|          7|
    |tmp_69_reg_886                             |   3|   0|    3|          0|
    |tmp_71_reg_798                             |   3|   0|    3|          0|
    |tmp_reg_766                                |   1|   0|    1|          0|
    |tmp_s_reg_931                              |  32|   0|   32|          0|
    +-------------------------------------------+----+----+-----+-----------+
    |Total                                      | 603|   0|  738|        135|
    +-------------------------------------------+----+----+-----+-----------+



================================================================
== Interface
================================================================
* Summary: 
+---------------------------------+-----+-----+------------+------------------------+--------------+
|            RTL Ports            | Dir | Bits|  Protocol  |      Source Object     |    C Type    |
+---------------------------------+-----+-----+------------+------------------------+--------------+
|ap_clk                           |  in |    1| ap_ctrl_hs |       k2c_dense.3      | return value |
|ap_rst                           |  in |    1| ap_ctrl_hs |       k2c_dense.3      | return value |
|ap_start                         |  in |    1| ap_ctrl_hs |       k2c_dense.3      | return value |
|ap_done                          | out |    1| ap_ctrl_hs |       k2c_dense.3      | return value |
|ap_idle                          | out |    1| ap_ctrl_hs |       k2c_dense.3      | return value |
|ap_ready                         | out |    1| ap_ctrl_hs |       k2c_dense.3      | return value |
|output_numel_read                |  in |   64|   ap_none  |    output_numel_read   |    scalar    |
|input_array_address0             | out |    4|  ap_memory |       input_array      |     array    |
|input_array_ce0                  | out |    1|  ap_memory |       input_array      |     array    |
|input_array_q0                   |  in |   32|  ap_memory |       input_array      |     array    |
|input_array8_address0            | out |    4|  ap_memory |      input_array8      |     array    |
|input_array8_ce0                 | out |    1|  ap_memory |      input_array8      |     array    |
|input_array8_q0                  |  in |   32|  ap_memory |      input_array8      |     array    |
|input_array9_address0            | out |    4|  ap_memory |      input_array9      |     array    |
|input_array9_ce0                 | out |    1|  ap_memory |      input_array9      |     array    |
|input_array9_q0                  |  in |   32|  ap_memory |      input_array9      |     array    |
|input_array10_address0           | out |    4|  ap_memory |      input_array10     |     array    |
|input_array10_ce0                | out |    1|  ap_memory |      input_array10     |     array    |
|input_array10_q0                 |  in |   32|  ap_memory |      input_array10     |     array    |
|input_array11_address0           | out |    4|  ap_memory |      input_array11     |     array    |
|input_array11_ce0                | out |    1|  ap_memory |      input_array11     |     array    |
|input_array11_q0                 |  in |   32|  ap_memory |      input_array11     |     array    |
|input_array12_address0           | out |    4|  ap_memory |      input_array12     |     array    |
|input_array12_ce0                | out |    1|  ap_memory |      input_array12     |     array    |
|input_array12_q0                 |  in |   32|  ap_memory |      input_array12     |     array    |
|input_array13_address0           | out |    4|  ap_memory |      input_array13     |     array    |
|input_array13_ce0                | out |    1|  ap_memory |      input_array13     |     array    |
|input_array13_q0                 |  in |   32|  ap_memory |      input_array13     |     array    |
|input_array14_address0           | out |    4|  ap_memory |      input_array14     |     array    |
|input_array14_ce0                | out |    1|  ap_memory |      input_array14     |     array    |
|input_array14_q0                 |  in |   32|  ap_memory |      input_array14     |     array    |
|input_dim                        |  in |   64|   ap_none  |        input_dim       |    scalar    |
|input_numel_read                 |  in |   64|   ap_none  |    input_numel_read    |    scalar    |
|input_shape_address0             | out |    3|  ap_memory |       input_shape      |     array    |
|input_shape_ce0                  | out |    1|  ap_memory |       input_shape      |     array    |
|input_shape_q0                   |  in |   64|  ap_memory |       input_shape      |     array    |
|kernel_dim                       |  in |   64|   ap_none  |       kernel_dim       |    scalar    |
|dense_13_output_arra_7_address0  | out |    4|  ap_memory | dense_13_output_arra_7 |     array    |
|dense_13_output_arra_7_ce0       | out |    1|  ap_memory | dense_13_output_arra_7 |     array    |
|dense_13_output_arra_7_we0       | out |    1|  ap_memory | dense_13_output_arra_7 |     array    |
|dense_13_output_arra_7_d0        | out |   32|  ap_memory | dense_13_output_arra_7 |     array    |
|dense_13_output_arra_7_q0        |  in |   32|  ap_memory | dense_13_output_arra_7 |     array    |
|dense_13_output_arra_6_address0  | out |    4|  ap_memory | dense_13_output_arra_6 |     array    |
|dense_13_output_arra_6_ce0       | out |    1|  ap_memory | dense_13_output_arra_6 |     array    |
|dense_13_output_arra_6_we0       | out |    1|  ap_memory | dense_13_output_arra_6 |     array    |
|dense_13_output_arra_6_d0        | out |   32|  ap_memory | dense_13_output_arra_6 |     array    |
|dense_13_output_arra_6_q0        |  in |   32|  ap_memory | dense_13_output_arra_6 |     array    |
|dense_13_output_arra_address0    | out |    4|  ap_memory |  dense_13_output_arra  |     array    |
|dense_13_output_arra_ce0         | out |    1|  ap_memory |  dense_13_output_arra  |     array    |
|dense_13_output_arra_we0         | out |    1|  ap_memory |  dense_13_output_arra  |     array    |
|dense_13_output_arra_d0          | out |   32|  ap_memory |  dense_13_output_arra  |     array    |
|dense_13_output_arra_q0          |  in |   32|  ap_memory |  dense_13_output_arra  |     array    |
|dense_13_output_arra_5_address0  | out |    4|  ap_memory | dense_13_output_arra_5 |     array    |
|dense_13_output_arra_5_ce0       | out |    1|  ap_memory | dense_13_output_arra_5 |     array    |
|dense_13_output_arra_5_we0       | out |    1|  ap_memory | dense_13_output_arra_5 |     array    |
|dense_13_output_arra_5_d0        | out |   32|  ap_memory | dense_13_output_arra_5 |     array    |
|dense_13_output_arra_5_q0        |  in |   32|  ap_memory | dense_13_output_arra_5 |     array    |
|dense_13_output_arra_4_address0  | out |    4|  ap_memory | dense_13_output_arra_4 |     array    |
|dense_13_output_arra_4_ce0       | out |    1|  ap_memory | dense_13_output_arra_4 |     array    |
|dense_13_output_arra_4_we0       | out |    1|  ap_memory | dense_13_output_arra_4 |     array    |
|dense_13_output_arra_4_d0        | out |   32|  ap_memory | dense_13_output_arra_4 |     array    |
|dense_13_output_arra_4_q0        |  in |   32|  ap_memory | dense_13_output_arra_4 |     array    |
|dense_13_output_arra_3_address0  | out |    4|  ap_memory | dense_13_output_arra_3 |     array    |
|dense_13_output_arra_3_ce0       | out |    1|  ap_memory | dense_13_output_arra_3 |     array    |
|dense_13_output_arra_3_we0       | out |    1|  ap_memory | dense_13_output_arra_3 |     array    |
|dense_13_output_arra_3_d0        | out |   32|  ap_memory | dense_13_output_arra_3 |     array    |
|dense_13_output_arra_3_q0        |  in |   32|  ap_memory | dense_13_output_arra_3 |     array    |
|dense_13_output_arra_2_address0  | out |    4|  ap_memory | dense_13_output_arra_2 |     array    |
|dense_13_output_arra_2_ce0       | out |    1|  ap_memory | dense_13_output_arra_2 |     array    |
|dense_13_output_arra_2_we0       | out |    1|  ap_memory | dense_13_output_arra_2 |     array    |
|dense_13_output_arra_2_d0        | out |   32|  ap_memory | dense_13_output_arra_2 |     array    |
|dense_13_output_arra_2_q0        |  in |   32|  ap_memory | dense_13_output_arra_2 |     array    |
|dense_13_output_arra_1_address0  | out |    4|  ap_memory | dense_13_output_arra_1 |     array    |
|dense_13_output_arra_1_ce0       | out |    1|  ap_memory | dense_13_output_arra_1 |     array    |
|dense_13_output_arra_1_we0       | out |    1|  ap_memory | dense_13_output_arra_1 |     array    |
|dense_13_output_arra_1_d0        | out |   32|  ap_memory | dense_13_output_arra_1 |     array    |
|dense_13_output_arra_1_q0        |  in |   32|  ap_memory | dense_13_output_arra_1 |     array    |
+---------------------------------+-----+-----+------------+------------------------+--------------+

