

================================================================
== Vivado HLS Report for 'k2c_idx2sub'
================================================================
* Date:           Tue Apr 23 22:52:22 2024

* Version:        2018.2 (Build 2258646 on Thu Jun 14 20:25:20 MDT 2018)
* Project:        Group_5
* Solution:       Latency_2
* Product family: artix7
* Target device:  xc7a200tfbg676-2


================================================================
== Performance Estimates
================================================================
+ Timing (ns): 
    * Summary: 
    +--------+-------+----------+------------+
    |  Clock | Target| Estimated| Uncertainty|
    +--------+-------+----------+------------+
    |ap_clk  |   5.00|     4.203|        0.62|
    +--------+-------+----------+------------+

+ Latency (clock cycles): 
    * Summary: 
    +-----+-----+-----+-----+---------+
    |  Latency  |  Interval | Pipeline|
    | min | max | min | max |   Type  |
    +-----+-----+-----+-----+---------+
    |    ?|    ?|    ?|    ?|   none  |
    +-----+-----+-----+-----+---------+

    + Detail: 
        * Instance: 
        N/A

        * Loop: 
        +----------+-----+-----+----------+-----------+-----------+------+----------+
        |          |  Latency  | Iteration|  Initiation Interval  | Trip |          |
        | Loop Name| min | max |  Latency |  achieved |   target  | Count| Pipelined|
        +----------+-----+-----+----------+-----------+-----------+------+----------+
        |- Loop 1  |    ?|    ?|       141|          -|          -|     ?|    no    |
        +----------+-----+-----+----------+-----------+-----------+------+----------+



================================================================
== Utilization Estimates
================================================================
* Summary: 
+-----------------+---------+-------+--------+--------+
|       Name      | BRAM_18K| DSP48E|   FF   |   LUT  |
+-----------------+---------+-------+--------+--------+
|DSP              |        -|      -|       -|       -|
|Expression       |        -|      -|       0|      78|
|FIFO             |        -|      -|       -|       -|
|Instance         |        -|      -|    3116|    1876|
|Memory           |        -|      -|       -|       -|
|Multiplexer      |        -|      -|       -|     700|
|Register         |        -|      -|     655|       -|
+-----------------+---------+-------+--------+--------+
|Total            |        0|      0|    3771|    2654|
+-----------------+---------+-------+--------+--------+
|Available        |      730|    740|  269200|  129000|
+-----------------+---------+-------+--------+--------+
|Utilization (%)  |        0|      0|       1|       2|
+-----------------+---------+-------+--------+--------+

+ Detail: 
    * Instance: 
    +-------------------------+----------------------+---------+-------+-----+-----+
    |         Instance        |        Module        | BRAM_18K| DSP48E|  FF | LUT |
    +-------------------------+----------------------+---------+-------+-----+-----+
    |sample_udiv_64ns_cud_U2  |sample_udiv_64ns_cud  |        0|      0|  779|  469|
    |sample_udiv_64ns_cud_U4  |sample_udiv_64ns_cud  |        0|      0|  779|  469|
    |sample_urem_64ns_bkb_U1  |sample_urem_64ns_bkb  |        0|      0|  779|  469|
    |sample_urem_64ns_bkb_U3  |sample_urem_64ns_bkb  |        0|      0|  779|  469|
    +-------------------------+----------------------+---------+-------+-----+-----+
    |Total                    |                      |        0|      0| 3116| 1876|
    +-------------------------+----------------------+---------+-------+-----+-----+

    * DSP48: 
    N/A

    * Memory: 
    N/A

    * FIFO: 
    N/A

    * Expression: 
    +---------------+----------+-------+---+----+------------+------------+
    | Variable Name | Operation| DSP48E| FF| LUT| Bitwidth P0| Bitwidth P1|
    +---------------+----------+-------+---+----+------------+------------+
    |i_1_fu_133_p2  |     +    |      0|  0|  39|          32|           3|
    |i_fu_102_p2    |     +    |      0|  0|  39|          32|           2|
    +---------------+----------+-------+---+----+------------+------------+
    |Total          |          |      0|  0|  78|          64|           5|
    +---------------+----------+-------+---+----+------------+------------+

    * Multiplexer: 
    +----------------+-----+-----------+-----+-----------+
    |      Name      | LUT | Input Size| Bits| Total Bits|
    +----------------+-----+-----------+-----+-----------+
    |ap_NS_fsm       |  637|        143|    1|        143|
    |i_0_in_reg_84   |    9|          2|   32|         64|
    |idx2_reg_74     |    9|          2|   64|        128|
    |shape_address0  |   15|          3|    3|          9|
    |sub_address0    |   15|          3|    3|          9|
    |sub_d0          |   15|          3|   64|        192|
    +----------------+-----+-----------+-----+-----------+
    |Total           |  700|        156|  167|        545|
    +----------------+-----+-----------+-----+-----------+

    * Register: 
    +------------------+-----+----+-----+-----------+
    |       Name       |  FF | LUT| Bits| Const Bits|
    +------------------+-----+----+-----+-----------+
    |ap_CS_fsm         |  142|   0|  142|          0|
    |i_0_in_reg_84     |   32|   0|   32|          0|
    |i_1_reg_197       |   32|   0|   32|          0|
    |idx2_1_1_reg_220  |   64|   0|   64|          0|
    |idx2_1_reg_191    |   64|   0|   64|          0|
    |idx2_reg_74       |   64|   0|   64|          0|
    |reg_94            |   64|   0|   64|          0|
    |tmp_1_reg_172     |    1|   0|    1|          0|
    |tmp_6_1_reg_205   |   32|   0|   64|         32|
    |tmp_6_reg_176     |   32|   0|   64|         32|
    |tmp_7_1_reg_215   |   64|   0|   64|          0|
    |tmp_7_reg_186     |   64|   0|   64|          0|
    +------------------+-----+----+-----+-----------+
    |Total             |  655|   0|  719|         64|
    +------------------+-----+----+-----+-----------+



================================================================
== Interface
================================================================
* Summary: 
+----------------+-----+-----+------------+--------------+--------------+
|    RTL Ports   | Dir | Bits|  Protocol  | Source Object|    C Type    |
+----------------+-----+-----+------------+--------------+--------------+
|ap_clk          |  in |    1| ap_ctrl_hs |  k2c_idx2sub | return value |
|ap_rst          |  in |    1| ap_ctrl_hs |  k2c_idx2sub | return value |
|ap_start        |  in |    1| ap_ctrl_hs |  k2c_idx2sub | return value |
|ap_done         | out |    1| ap_ctrl_hs |  k2c_idx2sub | return value |
|ap_idle         | out |    1| ap_ctrl_hs |  k2c_idx2sub | return value |
|ap_ready        | out |    1| ap_ctrl_hs |  k2c_idx2sub | return value |
|idx             |  in |   64|   ap_none  |      idx     |    scalar    |
|sub_address0    | out |    3|  ap_memory |      sub     |     array    |
|sub_ce0         | out |    1|  ap_memory |      sub     |     array    |
|sub_we0         | out |    1|  ap_memory |      sub     |     array    |
|sub_d0          | out |   64|  ap_memory |      sub     |     array    |
|shape_address0  | out |    3|  ap_memory |     shape    |     array    |
|shape_ce0       | out |    1|  ap_memory |     shape    |     array    |
|shape_q0        |  in |   64|  ap_memory |     shape    |     array    |
|ndim            |  in |   64|   ap_none  |     ndim     |    scalar    |
+----------------+-----+-----+------------+--------------+--------------+

